[DEBUG] 2021-10-29 16:21:04.029 [main] GenericDao - Searching for book with user = 1
[DEBUG] 2021-10-29 16:21:04.929 [main] GenericDao - Searching for book with user = 1
[DEBUG] 2021-10-29 16:24:57.320 [main] GenericDao - Searching for book with user = 1
[DEBUG] 2021-10-29 16:27:04.932 [main] GenericDao - Searching for book with user = 1
[DEBUG] 2021-10-29 16:28:55.208 [main] GenericDao - Searching for book with user = 1
[DEBUG] 2021-10-29 16:31:00.532 [main] GenericDao - Searching for book with user = 1
[DEBUG] 2021-10-29 16:36:06.362 [main] GenericDao - Searching for book with user = 1
[DEBUG] 2021-10-29 16:36:59.954 [main] GenericDao - Searching for book with user = 1
[DEBUG] 2021-10-29 18:19:04.767 [main] GenericDao - Searching for book with user = 1
[DEBUG] 2021-10-29 18:19:50.548 [main] GenericDao - Searching for book with user = 1
[DEBUG] 2021-10-29 18:23:00.345 [main] GenericDao - Searching for book with user = 1
[DEBUG] 2021-10-29 18:24:04.268 [main] GenericDao - Searching for book with user = 1
[DEBUG] 2021-10-29 18:24:44.414 [main] GenericDao - Searching for book with user = 1
[DEBUG] 2021-10-29 18:28:35.025 [main] GenericDao - Searching for book with user = 1
[DEBUG] 2021-10-29 18:29:44.358 [main] GenericDao - Searching for book with user = 1
[DEBUG] 2021-10-29 18:32:03.996 [main] GenericDao - Searching for book with user = 1
[DEBUG] 2021-10-29 19:18:49.412 [main] GenericDao - Searching for book with user = 1
[DEBUG] 2021-10-29 20:52:42.251 [main] GenericDao - Searching for book with user = 1
[DEBUG] 2021-10-29 21:02:07.852 [main] GenericDao - Searching for book with user = 1
[DEBUG] 2021-10-29 21:13:47.797 [main] GenericDao - Searching for book with user = 1
[DEBUG] 2021-10-29 21:15:21.655 [main] GenericDao - Searching for book with user = 2
[DEBUG] 2021-10-29 21:16:07.234 [main] GenericDao - Searching for book with user = 1
[DEBUG] 2021-10-29 21:18:12.541 [main] GenericDao - Searching for book with user = 1
[DEBUG] 2021-10-29 21:18:55.170 [main] GenericDao - Searching for book with user = 1
[DEBUG] 2021-10-29 21:24:21.146 [main] GenericDao - Searching for book with user = 1
[DEBUG] 2021-10-30 17:32:01.477 [main] GenericDao - Searching for book with user = 1
[DEBUG] 2021-10-30 17:33:57.277 [main] GenericDao - Searching for book with user = 1
[DEBUG] 2021-10-30 17:39:17.182 [main] GenericDao - Searching for book with user = 1
[DEBUG] 2021-10-30 17:49:35.081 [main] GenericDao - Searching for book with user = 1
[DEBUG] 2021-11-01 14:50:54.084 [main] GenericDao - Searching for book with genre = 1
[DEBUG] 2021-11-01 14:56:14.778 [main] GenericDao - Searching for book with genre = 1
[DEBUG] 2021-11-01 14:57:06.854 [main] GenericDao - Searching for book with genre = 1
[DEBUG] 2021-11-01 14:58:05.514 [main] GenericDao - Searching for book with genre = 1
[DEBUG] 2021-11-01 15:02:24.104 [main] GenericDao - Searching for book with genre = 1
[DEBUG] 2021-11-01 15:03:28.092 [main] GenericDao - Searching for book with genre = 1
[DEBUG] 2021-11-04 15:41:27.666 [main] GenericDao - Searching for book with genre = 1
[DEBUG] 2021-11-04 16:09:51.358 [main] GenericDao - Searching for book with genre = 1
[DEBUG] 2021-11-05 11:34:25.260 [http-nio-8080-exec-4] GenericDao - Searching for book with userName = ljakel
[DEBUG] 2021-11-05 11:34:26.419 [http-nio-8080-exec-4] GenericDao - Searching for book with user = 1
[DEBUG] 2021-11-05 11:34:27.733 [http-nio-8080-exec-4] SearchBooks - current user book list: [[!!!com.leeannjakel.entity.Book@14668afa=>java.lang.StackOverflowError:null!!!], [!!!com.leeannjakel.entity.Book@21e85ed3=>java.lang.StackOverflowError:null!!!], [!!!com.leeannjakel.entity.Book@32b4f4c7=>java.lang.StackOverflowError:null!!!], [!!!com.leeannjakel.entity.Book@3d9ddad9=>java.lang.StackOverflowError:null!!!], [!!!com.leeannjakel.entity.Book@1d8ca6ca=>java.lang.StackOverflowError:null!!!], [!!!com.leeannjakel.entity.Book@7e716d6e=>java.lang.StackOverflowError:null!!!], [!!!com.leeannjakel.entity.Book@6b76bcab=>java.lang.StackOverflowError:null!!!], [!!!com.leeannjakel.entity.Book@386ee80e=>java.lang.StackOverflowError:null!!!], [!!!com.leeannjakel.entity.Book@402ca33f=>java.lang.StackOverflowError:null!!!], [!!!com.leeannjakel.entity.Book@35c3bc49=>java.lang.StackOverflowError:null!!!], [!!!com.leeannjakel.entity.Book@6b8ecdbe=>java.lang.StackOverflowError:null!!!], [!!!com.leeannjakel.entity.Book@24ef6659=>java.lang.StackOverflowError:null!!!], [!!!com.leeannjakel.entity.Book@17f1ca0=>java.lang.StackOverflowError:null!!!], [!!!com.leeannjakel.entity.Book@2976c932=>java.lang.StackOverflowError:null!!!], [!!!com.leeannjakel.entity.Book@1269fc34=>java.lang.StackOverflowError:null!!!], [!!!com.leeannjakel.entity.Book@dc98812=>java.lang.StackOverflowError:null!!!], [!!!com.leeannjakel.entity.Book@79a1ffde=>java.lang.StackOverflowError:null!!!], [!!!com.leeannjakel.entity.Book@412c6a3c=>java.lang.StackOverflowError:null!!!], [!!!com.leeannjakel.entity.Book@1c79a671=>java.lang.StackOverflowError:null!!!], [!!!com.leeannjakel.entity.Book@5db134f4=>java.lang.StackOverflowError:null!!!], [!!!com.leeannjakel.entity.Book@2b186f93=>java.lang.StackOverflowError:null!!!], [!!!com.leeannjakel.entity.Book@9c78d46=>java.lang.StackOverflowError:null!!!], [!!!com.leeannjakel.entity.Book@585ce821=>java.lang.StackOverflowError:null!!!], [!!!com.leeannjakel.entity.Book@c9e714a=>java.lang.StackOverflowError:null!!!], [!!!com.leeannjakel.entity.Book@6492e3bd=>java.lang.StackOverflowError:null!!!], [!!!com.leeannjakel.entity.Book@510affd4=>java.lang.StackOverflowError:null!!!], [!!!com.leeannjakel.entity.Book@6e280834=>java.lang.StackOverflowError:null!!!]]
[DEBUG] 2021-11-09 13:03:02.595 [http-nio-8080-exec-3] BookSuggestionsPage - Suggestions page
[DEBUG] 2021-11-09 13:03:18.197 [http-nio-8080-exec-3] GenericDao - Searching for book with userName = ljakel
[DEBUG] 2021-11-09 13:03:20.364 [http-nio-8080-exec-3] GenericDao - Searching for book with user = 1
[DEBUG] 2021-11-09 13:11:32.113 [http-nio-8080-exec-8] BookSuggestionsPage - Suggestions page
[DEBUG] 2021-11-09 13:11:57.683 [http-nio-8080-exec-8] GenericDao - Searching for book with userName = ljakel
[DEBUG] 2021-11-09 13:12:01.101 [http-nio-8080-exec-8] BookSuggestionsPage - user: 1
[DEBUG] 2021-11-09 13:12:01.179 [http-nio-8080-exec-8] GenericDao - Searching for book with user = 1
[DEBUG] 2021-11-09 13:16:13.410 [http-nio-8080-exec-7] BookSuggestionsPage - Suggestions page
[DEBUG] 2021-11-09 13:16:29.396 [http-nio-8080-exec-7] GenericDao - Searching for book with userName = ljakel
[DEBUG] 2021-11-09 13:16:30.299 [http-nio-8080-exec-7] GenericDao - Searching for book with user = 1
[DEBUG] 2021-11-09 13:16:31.406 [http-nio-8080-exec-7] BookSuggestionsPage - for loop1
[DEBUG] 2021-11-09 13:16:31.407 [http-nio-8080-exec-7] BookSuggestionsPage - for loop1
[DEBUG] 2021-11-09 13:16:31.407 [http-nio-8080-exec-7] BookSuggestionsPage - for loop1
[DEBUG] 2021-11-09 13:16:31.407 [http-nio-8080-exec-7] BookSuggestionsPage - for loop1
[DEBUG] 2021-11-09 13:16:31.408 [http-nio-8080-exec-7] BookSuggestionsPage - for loop1
[DEBUG] 2021-11-09 13:16:31.408 [http-nio-8080-exec-7] BookSuggestionsPage - for loop1
[DEBUG] 2021-11-09 13:16:31.408 [http-nio-8080-exec-7] BookSuggestionsPage - for loop1
[DEBUG] 2021-11-09 13:16:31.408 [http-nio-8080-exec-7] BookSuggestionsPage - for loop1
[DEBUG] 2021-11-09 13:16:31.408 [http-nio-8080-exec-7] BookSuggestionsPage - for loop1
[DEBUG] 2021-11-09 13:16:31.408 [http-nio-8080-exec-7] BookSuggestionsPage - for loop1
[DEBUG] 2021-11-09 13:16:31.408 [http-nio-8080-exec-7] BookSuggestionsPage - for loop1
[DEBUG] 2021-11-09 13:16:31.408 [http-nio-8080-exec-7] BookSuggestionsPage - for loop1
[DEBUG] 2021-11-09 13:16:31.408 [http-nio-8080-exec-7] BookSuggestionsPage - for loop1
[DEBUG] 2021-11-09 13:16:31.408 [http-nio-8080-exec-7] BookSuggestionsPage - for loop1
[DEBUG] 2021-11-09 13:16:31.408 [http-nio-8080-exec-7] BookSuggestionsPage - for loop1
[DEBUG] 2021-11-09 13:16:31.408 [http-nio-8080-exec-7] BookSuggestionsPage - for loop1
[DEBUG] 2021-11-09 13:16:31.408 [http-nio-8080-exec-7] BookSuggestionsPage - for loop1
[DEBUG] 2021-11-09 13:16:31.408 [http-nio-8080-exec-7] BookSuggestionsPage - for loop1
[DEBUG] 2021-11-09 13:16:31.408 [http-nio-8080-exec-7] BookSuggestionsPage - for loop1
[DEBUG] 2021-11-09 13:16:31.408 [http-nio-8080-exec-7] BookSuggestionsPage - for loop1
[DEBUG] 2021-11-09 13:16:31.408 [http-nio-8080-exec-7] BookSuggestionsPage - for loop1
[DEBUG] 2021-11-09 13:16:31.408 [http-nio-8080-exec-7] BookSuggestionsPage - for loop1
[DEBUG] 2021-11-09 13:16:31.408 [http-nio-8080-exec-7] BookSuggestionsPage - for loop1
[DEBUG] 2021-11-09 13:16:31.408 [http-nio-8080-exec-7] BookSuggestionsPage - for loop1
[DEBUG] 2021-11-09 13:16:31.408 [http-nio-8080-exec-7] BookSuggestionsPage - for loop1
[DEBUG] 2021-11-09 13:16:31.408 [http-nio-8080-exec-7] BookSuggestionsPage - for loop1
[DEBUG] 2021-11-09 13:16:31.408 [http-nio-8080-exec-7] BookSuggestionsPage - for loop1
[DEBUG] 2021-11-09 13:16:31.408 [http-nio-8080-exec-7] BookSuggestionsPage - for loop2
[DEBUG] 2021-11-09 13:16:31.408 [http-nio-8080-exec-7] BookSuggestionsPage - for loop2
[DEBUG] 2021-11-09 13:16:31.408 [http-nio-8080-exec-7] BookSuggestionsPage - for loop2
[DEBUG] 2021-11-09 13:22:20.546 [http-nio-8080-exec-9] BookSuggestionsPage - Suggestions page
[DEBUG] 2021-11-09 13:22:32.609 [http-nio-8080-exec-9] GenericDao - Searching for book with userName = ljakel
[DEBUG] 2021-11-09 13:22:34.075 [http-nio-8080-exec-9] GenericDao - Searching for book with user = 1
[DEBUG] 2021-11-09 13:22:35.069 [http-nio-8080-exec-9] BookSuggestionsPage - {Action=1, Romance=1, Young Adult=25}
[DEBUG] 2021-11-09 13:22:35.096 [http-nio-8080-exec-9] BookSuggestionsPage - Max:Young Adult=25
[DEBUG] 2021-11-09 13:27:28.819 [http-nio-8080-exec-8] BookSuggestionsPage - Suggestions page
[DEBUG] 2021-11-09 13:27:40.041 [http-nio-8080-exec-8] GenericDao - Searching for book with userName = ljakel
[DEBUG] 2021-11-09 13:27:41.136 [http-nio-8080-exec-8] GenericDao - Searching for book with user = 1
[DEBUG] 2021-11-09 13:27:42.498 [http-nio-8080-exec-8] BookSuggestionsPage - {Action=1, Romance=1, Young Adult=25}
[DEBUG] 2021-11-09 13:27:42.500 [http-nio-8080-exec-8] BookSuggestionsPage - Max:Young Adult
[DEBUG] 2021-11-09 13:30:59.529 [http-nio-8080-exec-7] BookSuggestionsPage - Suggestions page
[DEBUG] 2021-11-09 13:31:11.339 [http-nio-8080-exec-7] GenericDao - Searching for book with userName = ljakel
[DEBUG] 2021-11-09 13:31:12.083 [http-nio-8080-exec-7] GenericDao - Searching for book with user = 1
[DEBUG] 2021-11-09 13:31:12.746 [http-nio-8080-exec-7] BookSuggestionsPage - {Action=1, Romance=1, Young Adult=25}
[DEBUG] 2021-11-09 13:31:12.768 [http-nio-8080-exec-7] BookSuggestionsPage - Max:Young Adult
[DEBUG] 2021-11-09 13:42:10.551 [http-nio-8080-exec-7] BookSuggestionsPage - Suggestions page
[DEBUG] 2021-11-09 13:42:22.018 [http-nio-8080-exec-7] GenericDao - Searching for book with userName = ljakel
[DEBUG] 2021-11-09 13:42:22.801 [http-nio-8080-exec-7] GenericDao - Searching for book with user = 1
[DEBUG] 2021-11-09 13:42:23.440 [http-nio-8080-exec-7] BookSuggestionsPage - {Action=1, Romance=1, Young Adult=25}
[DEBUG] 2021-11-09 13:42:23.442 [http-nio-8080-exec-7] BookSuggestionsPage - Max:Young Adult
[DEBUG] 2021-11-09 13:42:23.442 [http-nio-8080-exec-7] BookSuggestionsPage - 2ndMax:Action
[DEBUG] 2021-11-09 13:45:14.863 [http-nio-8080-exec-7] BookSuggestionsPage - Suggestions page
[DEBUG] 2021-11-09 13:45:25.158 [http-nio-8080-exec-7] GenericDao - Searching for book with userName = ljakel
[DEBUG] 2021-11-09 13:45:26.693 [http-nio-8080-exec-7] GenericDao - Searching for book with user = 1
[DEBUG] 2021-11-09 13:45:27.695 [http-nio-8080-exec-7] BookSuggestionsPage - {Action=1, Romance=1, Young Adult=25}
[DEBUG] 2021-11-09 13:45:27.707 [http-nio-8080-exec-7] BookSuggestionsPage - Max:Young Adult
[DEBUG] 2021-11-09 13:45:27.707 [http-nio-8080-exec-7] BookSuggestionsPage - 2ndMax:Romance
[DEBUG] 2021-11-09 13:45:27.707 [http-nio-8080-exec-7] BookSuggestionsPage - 3RdMax:Action
[DEBUG] 2021-11-09 13:45:27.707 [http-nio-8080-exec-7] BookSuggestionsPage - Genre list: 3
[DEBUG] 2021-11-09 13:45:27.707 [http-nio-8080-exec-7] GenericDao - Searching for book with name = Young Adult
[DEBUG] 2021-11-09 14:23:16.856 [http-nio-8080-exec-7] BookSuggestionsPage - Suggestions page
[DEBUG] 2021-11-09 14:23:29.553 [http-nio-8080-exec-7] GenericDao - Searching for book with userName = ljakel
[DEBUG] 2021-11-09 14:23:30.358 [http-nio-8080-exec-7] GenericDao - Searching for book with user = 1
[DEBUG] 2021-11-09 14:23:31.635 [http-nio-8080-exec-7] BookSuggestionsPage - {Action=1, Romance=1, Young Adult=25}
[DEBUG] 2021-11-09 14:23:31.652 [http-nio-8080-exec-7] BookSuggestionsPage - Max:Young Adult
[DEBUG] 2021-11-09 14:23:31.652 [http-nio-8080-exec-7] BookSuggestionsPage - 2ndMax:Romance
[DEBUG] 2021-11-09 14:23:31.652 [http-nio-8080-exec-7] BookSuggestionsPage - 3RdMax:Action
[DEBUG] 2021-11-09 14:23:31.652 [http-nio-8080-exec-7] BookSuggestionsPage - Genre list: [Young Adult, Romance, Action]
[DEBUG] 2021-11-09 14:23:31.657 [http-nio-8080-exec-7] GenericDao - Searching for book with genre = Young Adult
[DEBUG] 2021-11-09 16:19:50.269 [http-nio-8080-exec-9] BookSuggestionsPage - Suggestions page
[DEBUG] 2021-11-09 16:20:01.329 [http-nio-8080-exec-9] GenericDao - Searching for book with userName = ljakel
[DEBUG] 2021-11-09 16:20:03.075 [http-nio-8080-exec-9] GenericDao - Searching for book with user = 1
[DEBUG] 2021-11-09 16:20:03.756 [http-nio-8080-exec-9] BookSuggestionsPage - {Action=1, Romance=1, Young Adult=25}
[DEBUG] 2021-11-09 16:20:03.760 [http-nio-8080-exec-9] BookSuggestionsPage - Max:Young Adult
[DEBUG] 2021-11-09 16:20:03.760 [http-nio-8080-exec-9] BookSuggestionsPage - 2ndMax:Romance
[DEBUG] 2021-11-09 16:20:03.760 [http-nio-8080-exec-9] BookSuggestionsPage - 3RdMax:Action
[DEBUG] 2021-11-09 16:20:03.760 [http-nio-8080-exec-9] BookSuggestionsPage - Genre list: [Young Adult, Romance, Action]
[DEBUG] 2021-11-09 16:20:03.761 [http-nio-8080-exec-9] GenericDao - Searching for book with genre = Young Adult
[DEBUG] 2021-11-09 16:23:11.074 [http-nio-8080-exec-8] BookSuggestionsPage - Suggestions page
[DEBUG] 2021-11-09 16:23:22.580 [http-nio-8080-exec-8] GenericDao - Searching for book with userName = ljakel
[DEBUG] 2021-11-09 16:23:23.395 [http-nio-8080-exec-8] GenericDao - Searching for book with user = 1
[DEBUG] 2021-11-09 16:23:24.163 [http-nio-8080-exec-8] BookSuggestionsPage - {Action=1, Romance=1, Young Adult=25}
[DEBUG] 2021-11-09 16:23:24.171 [http-nio-8080-exec-8] BookSuggestionsPage - Max:Young Adult
[DEBUG] 2021-11-09 16:23:24.171 [http-nio-8080-exec-8] BookSuggestionsPage - 2ndMax:Romance
[DEBUG] 2021-11-09 16:23:24.171 [http-nio-8080-exec-8] BookSuggestionsPage - 3RdMax:Action
[DEBUG] 2021-11-09 16:23:24.171 [http-nio-8080-exec-8] BookSuggestionsPage - Genre list: [Young Adult, Romance, Action]
[DEBUG] 2021-11-09 16:23:24.171 [http-nio-8080-exec-8] BookSuggestionsPage - forloop
[DEBUG] 2021-11-09 16:23:24.172 [http-nio-8080-exec-8] GenericDao - Searching for book with genre = Young Adult
[DEBUG] 2021-11-09 16:29:09.159 [http-nio-8080-exec-7] BookSuggestionsPage - Suggestions page
[DEBUG] 2021-11-09 16:29:21.542 [http-nio-8080-exec-7] GenericDao - Searching for book with userName = ljakel
[DEBUG] 2021-11-09 16:29:22.257 [http-nio-8080-exec-7] GenericDao - Searching for book with user = 1
[DEBUG] 2021-11-09 16:29:23.003 [http-nio-8080-exec-7] BookSuggestionsPage - {Action=1, Romance=1, Young Adult=25}
[DEBUG] 2021-11-09 16:29:23.019 [http-nio-8080-exec-7] BookSuggestionsPage - Max:Young Adult
[DEBUG] 2021-11-09 16:29:23.019 [http-nio-8080-exec-7] BookSuggestionsPage - 2ndMax:Romance
[DEBUG] 2021-11-09 16:29:23.019 [http-nio-8080-exec-7] BookSuggestionsPage - 3RdMax:Action
[DEBUG] 2021-11-09 16:29:23.019 [http-nio-8080-exec-7] BookSuggestionsPage - Genre list: [Young Adult, Romance, Action]
[DEBUG] 2021-11-09 16:29:23.020 [http-nio-8080-exec-7] GenericDao - Searching for book with genre = Young Adult
[DEBUG] 2021-11-09 16:35:32.226 [http-nio-8080-exec-7] BookSuggestionsPage - Suggestions page
[DEBUG] 2021-11-09 16:35:43.147 [http-nio-8080-exec-7] GenericDao - Searching for book with userName = ljakel
[DEBUG] 2021-11-09 16:35:44.663 [http-nio-8080-exec-7] GenericDao - Searching for book with user = 1
[DEBUG] 2021-11-09 16:35:45.395 [http-nio-8080-exec-7] BookSuggestionsPage - {Action=1, Romance=1, Young Adult=25}
[DEBUG] 2021-11-09 16:35:45.403 [http-nio-8080-exec-7] BookSuggestionsPage - Max:Young Adult
[DEBUG] 2021-11-09 16:35:45.403 [http-nio-8080-exec-7] BookSuggestionsPage - 2ndMax:Romance
[DEBUG] 2021-11-09 16:35:45.403 [http-nio-8080-exec-7] BookSuggestionsPage - 3RdMax:Action
[DEBUG] 2021-11-09 16:35:45.403 [http-nio-8080-exec-7] BookSuggestionsPage - Genre list: [Young Adult, Romance, Action]
[DEBUG] 2021-11-09 16:35:45.404 [http-nio-8080-exec-7] GenericDao - Searching for book with name = Young Adult
[DEBUG] 2021-11-09 16:35:45.746 [http-nio-8080-exec-7] BookSuggestionsPage - current Genre: Young Adult
[DEBUG] 2021-11-09 16:35:45.746 [http-nio-8080-exec-7] GenericDao - Searching for book with genre = 1
[DEBUG] 2021-11-09 16:35:46.080 [http-nio-8080-exec-7] BookSuggestionsPage - retrievedBooks:[[!!!com.leeannjakel.entity.BookSuggestions@31ca53ac=>java.lang.StackOverflowError:null!!!], [!!!com.leeannjakel.entity.BookSuggestions@11a45b1e=>java.lang.StackOverflowError:null!!!], [!!!com.leeannjakel.entity.BookSuggestions@365089e6=>java.lang.StackOverflowError:null!!!], [!!!com.leeannjakel.entity.BookSuggestions@3c0e9b7b=>java.lang.StackOverflowError:null!!!], [!!!com.leeannjakel.entity.BookSuggestions@5fbaf865=>java.lang.StackOverflowError:null!!!], [!!!com.leeannjakel.entity.BookSuggestions@6c753427=>java.lang.StackOverflowError:null!!!], [!!!com.leeannjakel.entity.BookSuggestions@5ed89ff6=>java.lang.StackOverflowError:null!!!], [!!!com.leeannjakel.entity.BookSuggestions@16451215=>java.lang.StackOverflowError:null!!!], [!!!com.leeannjakel.entity.BookSuggestions@1e34a968=>java.lang.StackOverflowError:null!!!]]
[DEBUG] 2021-11-09 16:35:46.278 [http-nio-8080-exec-7] BookSuggestionsPage - 9
[DEBUG] 2021-11-09 16:35:46.278 [http-nio-8080-exec-7] BookSuggestionsPage - for loop
[DEBUG] 2021-11-09 16:35:46.278 [http-nio-8080-exec-7] BookSuggestionsPage - for loop
[DEBUG] 2021-11-09 16:35:46.278 [http-nio-8080-exec-7] BookSuggestionsPage - for loop
[DEBUG] 2021-11-09 16:43:11.018 [http-nio-8080-exec-8] BookSuggestionsPage - Suggestions page
[DEBUG] 2021-11-09 16:43:22.459 [http-nio-8080-exec-8] GenericDao - Searching for book with userName = ljakel
[DEBUG] 2021-11-09 16:43:23.911 [http-nio-8080-exec-8] GenericDao - Searching for book with user = 1
[DEBUG] 2021-11-09 16:43:24.627 [http-nio-8080-exec-8] BookSuggestionsPage - {Action=1, Romance=1, Young Adult=25}
[DEBUG] 2021-11-09 16:43:24.630 [http-nio-8080-exec-8] BookSuggestionsPage - Max:Young Adult
[DEBUG] 2021-11-09 16:43:24.630 [http-nio-8080-exec-8] BookSuggestionsPage - 2ndMax:Romance
[DEBUG] 2021-11-09 16:43:24.630 [http-nio-8080-exec-8] BookSuggestionsPage - 3RdMax:Action
[DEBUG] 2021-11-09 16:43:24.630 [http-nio-8080-exec-8] BookSuggestionsPage - Genre list: [Young Adult, Romance, Action]
[DEBUG] 2021-11-09 16:43:24.632 [http-nio-8080-exec-8] GenericDao - Searching for book with name = Young Adult
[DEBUG] 2021-11-09 16:43:24.975 [http-nio-8080-exec-8] GenericDao - Searching for book with genre = 1
[DEBUG] 2021-11-09 16:43:25.254 [http-nio-8080-exec-8] BookSuggestionsPage - position: 6
[DEBUG] 2021-11-09 16:43:25.254 [http-nio-8080-exec-8] BookSuggestionsPage - Suggestion list: [12]
[DEBUG] 2021-11-09 16:43:25.254 [http-nio-8080-exec-8] BookSuggestionsPage - position: 3
[DEBUG] 2021-11-09 16:43:25.254 [http-nio-8080-exec-8] BookSuggestionsPage - Suggestion list: [12, 9]
[DEBUG] 2021-11-09 16:43:25.255 [http-nio-8080-exec-8] BookSuggestionsPage - position: 4
[DEBUG] 2021-11-09 16:43:25.255 [http-nio-8080-exec-8] BookSuggestionsPage - Suggestion list: [12, 9, 10]
[DEBUG] 2021-11-09 16:43:25.255 [http-nio-8080-exec-8] GenericDao - Searching for book with name = Romance
[DEBUG] 2021-11-09 16:43:25.381 [http-nio-8080-exec-8] GenericDao - Searching for book with genre = 5
[DEBUG] 2021-11-09 16:43:25.522 [http-nio-8080-exec-8] BookSuggestionsPage - position: 2
[DEBUG] 2021-11-09 16:43:25.522 [http-nio-8080-exec-8] BookSuggestionsPage - Suggestion list: [12, 9, 10, 3]
[DEBUG] 2021-11-09 16:43:25.523 [http-nio-8080-exec-8] BookSuggestionsPage - position: 3
[DEBUG] 2021-11-09 16:43:25.523 [http-nio-8080-exec-8] BookSuggestionsPage - Suggestion list: [12, 9, 10, 3, 4]
[DEBUG] 2021-11-09 16:43:25.523 [http-nio-8080-exec-8] BookSuggestionsPage - position: 5
[DEBUG] 2021-11-09 16:47:00.774 [http-nio-8080-exec-5] BookSuggestionsPage - Suggestions page
[DEBUG] 2021-11-09 16:47:12.276 [http-nio-8080-exec-5] GenericDao - Searching for book with userName = ljakel
[DEBUG] 2021-11-09 16:47:13.098 [http-nio-8080-exec-5] GenericDao - Searching for book with user = 1
[DEBUG] 2021-11-09 16:47:13.761 [http-nio-8080-exec-5] BookSuggestionsPage - {Action=1, Romance=1, Young Adult=25}
[DEBUG] 2021-11-09 16:47:13.764 [http-nio-8080-exec-5] BookSuggestionsPage - Max:Young Adult
[DEBUG] 2021-11-09 16:47:13.765 [http-nio-8080-exec-5] BookSuggestionsPage - 2ndMax:Romance
[DEBUG] 2021-11-09 16:47:13.765 [http-nio-8080-exec-5] BookSuggestionsPage - 3RdMax:Action
[DEBUG] 2021-11-09 16:47:13.765 [http-nio-8080-exec-5] BookSuggestionsPage - Genre list: [Young Adult, Romance, Action]
[DEBUG] 2021-11-09 16:47:13.766 [http-nio-8080-exec-5] GenericDao - Searching for book with name = Young Adult
[DEBUG] 2021-11-09 16:47:14.107 [http-nio-8080-exec-5] GenericDao - Searching for book with genre = 1
[DEBUG] 2021-11-09 16:47:14.385 [http-nio-8080-exec-5] BookSuggestionsPage - position: 1
[DEBUG] 2021-11-09 16:47:14.385 [http-nio-8080-exec-5] BookSuggestionsPage - Suggestion list: [7]
[DEBUG] 2021-11-09 16:47:14.385 [http-nio-8080-exec-5] BookSuggestionsPage - position: 5
[DEBUG] 2021-11-09 16:47:14.385 [http-nio-8080-exec-5] BookSuggestionsPage - Suggestion list: [7, 11]
[DEBUG] 2021-11-09 16:47:14.385 [http-nio-8080-exec-5] BookSuggestionsPage - position: 2
[DEBUG] 2021-11-09 16:47:14.389 [http-nio-8080-exec-5] BookSuggestionsPage - Suggestion list: [7, 11, 8]
[DEBUG] 2021-11-09 16:47:14.389 [http-nio-8080-exec-5] BookSuggestionsPage - position: 7
[DEBUG] 2021-11-09 16:47:14.389 [http-nio-8080-exec-5] BookSuggestionsPage - Suggestion list: [7, 11, 8, 13]
[DEBUG] 2021-11-09 16:47:14.390 [http-nio-8080-exec-5] GenericDao - Searching for book with name = Romance
[DEBUG] 2021-11-09 16:47:14.508 [http-nio-8080-exec-5] GenericDao - Searching for book with genre = 5
[DEBUG] 2021-11-09 16:47:14.633 [http-nio-8080-exec-5] BookSuggestionsPage - position: 4
[DEBUG] 2021-11-09 16:47:14.633 [http-nio-8080-exec-5] BookSuggestionsPage - Suggestion list: [7, 11, 8, 13, 5]
[DEBUG] 2021-11-09 16:47:14.633 [http-nio-8080-exec-5] BookSuggestionsPage - position: 1
[DEBUG] 2021-11-09 16:47:14.633 [http-nio-8080-exec-5] BookSuggestionsPage - Suggestion list: [7, 11, 8, 13, 5, 2]
[DEBUG] 2021-11-09 16:47:14.633 [http-nio-8080-exec-5] BookSuggestionsPage - position: 5
[DEBUG] 2021-11-09 16:55:49.077 [http-nio-8080-exec-6] BookSuggestionsPage - Suggestions page
[DEBUG] 2021-11-09 16:56:07.831 [http-nio-8080-exec-6] GenericDao - Searching for book with userName = ljakel
[DEBUG] 2021-11-09 16:56:08.707 [http-nio-8080-exec-6] GenericDao - Searching for book with user = 1
[DEBUG] 2021-11-09 16:56:10.030 [http-nio-8080-exec-6] BookSuggestionsPage - {Action=1, Romance=1, Young Adult=25}
[DEBUG] 2021-11-09 16:56:10.035 [http-nio-8080-exec-6] BookSuggestionsPage - Max:Young Adult
[DEBUG] 2021-11-09 16:56:10.036 [http-nio-8080-exec-6] BookSuggestionsPage - 2ndMax:Romance
[DEBUG] 2021-11-09 16:56:10.036 [http-nio-8080-exec-6] BookSuggestionsPage - 3RdMax:Action
[DEBUG] 2021-11-09 16:56:10.036 [http-nio-8080-exec-6] BookSuggestionsPage - Genre list: [Young Adult, Romance, Action]
[DEBUG] 2021-11-09 16:56:10.036 [http-nio-8080-exec-6] GenericDao - Searching for book with name = Young Adult
[DEBUG] 2021-11-09 16:56:10.429 [http-nio-8080-exec-6] GenericDao - Searching for book with genre = 1
[DEBUG] 2021-11-09 16:56:10.765 [http-nio-8080-exec-6] BookSuggestionsPage - position: 4
[DEBUG] 2021-11-09 16:56:10.765 [http-nio-8080-exec-6] BookSuggestionsPage - Suggestion list: [10]
[DEBUG] 2021-11-09 16:56:10.765 [http-nio-8080-exec-6] BookSuggestionsPage - position: 7
[DEBUG] 2021-11-09 16:56:10.765 [http-nio-8080-exec-6] BookSuggestionsPage - Suggestion list: [10, 13]
[DEBUG] 2021-11-09 16:56:10.765 [http-nio-8080-exec-6] BookSuggestionsPage - position: 6
[DEBUG] 2021-11-09 16:56:10.765 [http-nio-8080-exec-6] BookSuggestionsPage - Suggestion list: [10, 13, 12]
[DEBUG] 2021-11-09 16:56:10.765 [http-nio-8080-exec-6] GenericDao - Searching for book with name = Romance
[DEBUG] 2021-11-09 16:56:10.901 [http-nio-8080-exec-6] GenericDao - Searching for book with genre = 5
[DEBUG] 2021-11-09 16:56:11.035 [http-nio-8080-exec-6] BookSuggestionsPage - position: 2
[DEBUG] 2021-11-09 16:56:11.036 [http-nio-8080-exec-6] BookSuggestionsPage - Suggestion list: [10, 13, 12, 3]
[DEBUG] 2021-11-09 16:56:11.036 [http-nio-8080-exec-6] BookSuggestionsPage - position: 1
[DEBUG] 2021-11-09 16:56:11.036 [http-nio-8080-exec-6] BookSuggestionsPage - Suggestion list: [10, 13, 12, 3, 2]
[DEBUG] 2021-11-09 16:56:11.036 [http-nio-8080-exec-6] BookSuggestionsPage - position: 2
[DEBUG] 2021-11-09 16:56:11.036 [http-nio-8080-exec-6] BookSuggestionsPage - Suggestion list: [10, 13, 12, 3, 2, 3]
[DEBUG] 2021-11-09 16:56:11.036 [http-nio-8080-exec-6] GenericDao - Searching for book with name = Action
[DEBUG] 2021-11-09 16:56:11.326 [http-nio-8080-exec-6] GenericDao - Searching for book with genre = 6
[DEBUG] 2021-11-09 16:56:11.349 [http-nio-8080-exec-6] BookSuggestionsPage - position: 1
[DEBUG] 2021-11-09 17:03:14.842 [http-nio-8080-exec-9] BookSuggestionsPage - Suggestions page
[DEBUG] 2021-11-09 17:03:33.547 [http-nio-8080-exec-9] GenericDao - Searching for book with userName = ljakel
[DEBUG] 2021-11-09 17:03:35.714 [http-nio-8080-exec-9] GenericDao - Searching for book with user = 1
[DEBUG] 2021-11-09 17:03:37.083 [http-nio-8080-exec-9] BookSuggestionsPage - {Mystery=1, Romance=1, Young Adult=26}
[DEBUG] 2021-11-09 17:03:37.100 [http-nio-8080-exec-9] BookSuggestionsPage - Max:Young Adult
[DEBUG] 2021-11-09 17:03:37.101 [http-nio-8080-exec-9] BookSuggestionsPage - 2ndMax:Romance
[DEBUG] 2021-11-09 17:03:37.101 [http-nio-8080-exec-9] BookSuggestionsPage - 3RdMax:Mystery
[DEBUG] 2021-11-09 17:03:37.101 [http-nio-8080-exec-9] BookSuggestionsPage - Genre list: [Young Adult, Romance, Mystery]
[DEBUG] 2021-11-09 17:03:37.101 [http-nio-8080-exec-9] GenericDao - Searching for book with name = Young Adult
[DEBUG] 2021-11-09 17:03:37.497 [http-nio-8080-exec-9] GenericDao - Searching for book with genre = 1
[DEBUG] 2021-11-09 17:03:37.771 [http-nio-8080-exec-9] BookSuggestionsPage - position: 4
[DEBUG] 2021-11-09 17:03:37.772 [http-nio-8080-exec-9] BookSuggestionsPage - Suggestion list: [10]
[DEBUG] 2021-11-09 17:03:37.772 [http-nio-8080-exec-9] BookSuggestionsPage - position: 8
[DEBUG] 2021-11-09 17:03:37.772 [http-nio-8080-exec-9] BookSuggestionsPage - Suggestion list: [10, 14]
[DEBUG] 2021-11-09 17:03:37.777 [http-nio-8080-exec-9] BookSuggestionsPage - position: 1
[DEBUG] 2021-11-09 17:03:37.778 [http-nio-8080-exec-9] BookSuggestionsPage - Suggestion list: [10, 14, 7]
[DEBUG] 2021-11-09 17:03:37.778 [http-nio-8080-exec-9] GenericDao - Searching for book with name = Romance
[DEBUG] 2021-11-09 17:03:37.918 [http-nio-8080-exec-9] GenericDao - Searching for book with genre = 5
[DEBUG] 2021-11-09 17:03:38.080 [http-nio-8080-exec-9] BookSuggestionsPage - position: 2
[DEBUG] 2021-11-09 17:03:38.080 [http-nio-8080-exec-9] BookSuggestionsPage - Suggestion list: [10, 14, 7, 3]
[DEBUG] 2021-11-09 17:03:38.080 [http-nio-8080-exec-9] BookSuggestionsPage - position: 2
[DEBUG] 2021-11-09 17:03:38.080 [http-nio-8080-exec-9] BookSuggestionsPage - Suggestion list: [10, 14, 7, 3, 3]
[DEBUG] 2021-11-09 17:03:38.080 [http-nio-8080-exec-9] BookSuggestionsPage - position: 2
[DEBUG] 2021-11-09 17:03:38.080 [http-nio-8080-exec-9] BookSuggestionsPage - Suggestion list: [10, 14, 7, 3, 3, 3]
[DEBUG] 2021-11-09 17:03:38.081 [http-nio-8080-exec-9] GenericDao - Searching for book with name = Mystery
[DEBUG] 2021-11-09 17:03:38.209 [http-nio-8080-exec-9] GenericDao - Searching for book with genre = 4
[DEBUG] 2021-11-09 17:03:38.316 [http-nio-8080-exec-9] BookSuggestionsPage - position: 1
[DEBUG] 2021-11-09 17:03:38.316 [http-nio-8080-exec-9] BookSuggestionsPage - Suggestion list: [10, 14, 7, 3, 3, 3, 24]
[DEBUG] 2021-11-09 17:03:38.316 [http-nio-8080-exec-9] BookSuggestionsPage - position: 3
[DEBUG] 2021-11-09 17:03:38.316 [http-nio-8080-exec-9] BookSuggestionsPage - Suggestion list: [10, 14, 7, 3, 3, 3, 24, 26]
[DEBUG] 2021-11-09 17:03:38.316 [http-nio-8080-exec-9] BookSuggestionsPage - position: 1
[DEBUG] 2021-11-09 17:03:38.316 [http-nio-8080-exec-9] BookSuggestionsPage - Suggestion list: [10, 14, 7, 3, 3, 3, 24, 26, 24]
[DEBUG] 2021-11-09 17:10:32.940 [http-nio-8080-exec-7] BookSuggestionsPage - Suggestions page
[DEBUG] 2021-11-09 17:10:42.705 [http-nio-8080-exec-7] GenericDao - Searching for book with userName = ljakel
[DEBUG] 2021-11-09 17:10:44.261 [http-nio-8080-exec-7] GenericDao - Searching for book with user = 1
[DEBUG] 2021-11-09 17:10:45.013 [http-nio-8080-exec-7] BookSuggestionsPage - {Mystery=1, Romance=1, Young Adult=26}
[DEBUG] 2021-11-09 17:10:45.018 [http-nio-8080-exec-7] BookSuggestionsPage - Max:Young Adult
[DEBUG] 2021-11-09 17:10:45.018 [http-nio-8080-exec-7] BookSuggestionsPage - 2ndMax:Romance
[DEBUG] 2021-11-09 17:10:45.018 [http-nio-8080-exec-7] BookSuggestionsPage - 3RdMax:Mystery
[DEBUG] 2021-11-09 17:10:45.018 [http-nio-8080-exec-7] BookSuggestionsPage - Genre list: [Young Adult, Romance, Mystery]
[DEBUG] 2021-11-09 17:10:45.019 [http-nio-8080-exec-7] GenericDao - Searching for book with name = Young Adult
[DEBUG] 2021-11-09 17:10:45.320 [http-nio-8080-exec-7] GenericDao - Searching for book with genre = 1
[DEBUG] 2021-11-09 17:10:45.563 [http-nio-8080-exec-7] GenericDao - Searching for book with name = Romance
[DEBUG] 2021-11-09 17:10:45.699 [http-nio-8080-exec-7] GenericDao - Searching for book with genre = 5
[DEBUG] 2021-11-09 17:10:45.821 [http-nio-8080-exec-7] GenericDao - Searching for book with name = Mystery
[DEBUG] 2021-11-09 17:10:45.920 [http-nio-8080-exec-7] GenericDao - Searching for book with genre = 4
[DEBUG] 2021-11-09 17:10:46.019 [http-nio-8080-exec-7] BookSuggestionsPage - Suggestion list: [9, 13, 9, 2, 4, 5, 26, 26, 25]
[DEBUG] 2021-11-09 17:10:46.019 [http-nio-8080-exec-7] BookSuggestionsPage - [9, 13, 9, 2, 4, 5, 26, 26, 25]
[DEBUG] 2021-11-09 19:09:17.856 [http-nio-8080-exec-9] BookSuggestionsPage - Suggestions page
[DEBUG] 2021-11-09 19:09:30.978 [http-nio-8080-exec-9] GenericDao - Searching for book with userName = ljakel
[DEBUG] 2021-11-09 19:09:32.229 [http-nio-8080-exec-9] GenericDao - Searching for book with user = 1
[DEBUG] 2021-11-09 19:09:33.043 [http-nio-8080-exec-9] BookSuggestionsPage - {Mystery=1, Romance=1, Young Adult=26}
[DEBUG] 2021-11-09 19:09:33.046 [http-nio-8080-exec-9] BookSuggestionsPage - Max:Young Adult
[DEBUG] 2021-11-09 19:09:33.046 [http-nio-8080-exec-9] BookSuggestionsPage - 2ndMax:Romance
[DEBUG] 2021-11-09 19:09:33.046 [http-nio-8080-exec-9] BookSuggestionsPage - 3RdMax:Mystery
[DEBUG] 2021-11-09 19:09:33.046 [http-nio-8080-exec-9] BookSuggestionsPage - Genre list: [Young Adult, Romance, Mystery]
[DEBUG] 2021-11-09 19:09:33.047 [http-nio-8080-exec-9] GenericDao - Searching for book with name = Young Adult
[DEBUG] 2021-11-09 19:09:33.295 [http-nio-8080-exec-9] GenericDao - Searching for book with genre = 1
[DEBUG] 2021-11-09 19:09:33.539 [http-nio-8080-exec-9] GenericDao - Searching for book with name = Romance
[DEBUG] 2021-11-09 19:09:33.658 [http-nio-8080-exec-9] GenericDao - Searching for book with genre = 5
[DEBUG] 2021-11-09 19:09:33.788 [http-nio-8080-exec-9] GenericDao - Searching for book with name = Mystery
[DEBUG] 2021-11-09 19:09:33.903 [http-nio-8080-exec-9] GenericDao - Searching for book with genre = 4
[DEBUG] 2021-11-09 19:09:33.991 [http-nio-8080-exec-9] BookSuggestionsPage - Suggestion list: [10, 14, 13, 3, 5, 3, 24, 26, 26]
[DEBUG] 2021-11-09 19:09:33.991 [http-nio-8080-exec-9] BookSuggestionsPage - [10, 14, 13, 3, 5, 3, 24, 26, 26]
[DEBUG] 2021-11-09 19:26:49.489 [http-nio-8080-exec-8] BookSuggestionsPage - Suggestions page
[DEBUG] 2021-11-09 19:27:00.732 [http-nio-8080-exec-8] GenericDao - Searching for book with userName = ljakel
[DEBUG] 2021-11-09 19:27:01.810 [http-nio-8080-exec-8] GenericDao - Searching for book with user = 1
[DEBUG] 2021-11-09 19:27:02.574 [http-nio-8080-exec-8] BookSuggestionsPage - {Mystery=1, Romance=1, Young Adult=26}
[DEBUG] 2021-11-09 19:27:02.582 [http-nio-8080-exec-8] BookSuggestionsPage - Max:Young Adult
[DEBUG] 2021-11-09 19:27:02.583 [http-nio-8080-exec-8] BookSuggestionsPage - 2ndMax:Romance
[DEBUG] 2021-11-09 19:27:02.587 [http-nio-8080-exec-8] BookSuggestionsPage - 3RdMax:Mystery
[DEBUG] 2021-11-09 19:27:02.587 [http-nio-8080-exec-8] BookSuggestionsPage - Genre list: [Young Adult, Romance, Mystery]
[DEBUG] 2021-11-09 19:27:02.587 [http-nio-8080-exec-8] GenericDao - Searching for book with name = Young Adult
[DEBUG] 2021-11-09 19:27:02.851 [http-nio-8080-exec-8] GenericDao - Searching for book with genre = 1
[DEBUG] 2021-11-09 19:27:03.049 [http-nio-8080-exec-8] GenericDao - Searching for book with name = Romance
[DEBUG] 2021-11-09 19:27:03.176 [http-nio-8080-exec-8] GenericDao - Searching for book with genre = 5
[DEBUG] 2021-11-09 19:27:03.297 [http-nio-8080-exec-8] GenericDao - Searching for book with name = Mystery
[DEBUG] 2021-11-09 19:27:03.415 [http-nio-8080-exec-8] GenericDao - Searching for book with genre = 4
[DEBUG] 2021-11-09 19:27:03.498 [http-nio-8080-exec-8] GenericDao - Searching for book with id = 11
[DEBUG] 2021-11-09 19:27:03.692 [http-nio-8080-exec-8] GenericDao - Searching for book with id = 9
[DEBUG] 2021-11-09 19:27:03.893 [http-nio-8080-exec-8] GenericDao - Searching for book with id = 13
[DEBUG] 2021-11-09 19:27:04.103 [http-nio-8080-exec-8] GenericDao - Searching for book with id = 5
[DEBUG] 2021-11-09 19:27:04.229 [http-nio-8080-exec-8] GenericDao - Searching for book with id = 4
[DEBUG] 2021-11-09 19:27:04.350 [http-nio-8080-exec-8] GenericDao - Searching for book with id = 2
[DEBUG] 2021-11-09 19:27:04.461 [http-nio-8080-exec-8] BookSuggestionsPage - Suggestion list: [11, 9, 13, 5, 4, 2, 24, 24, 26]
[DEBUG] 2021-11-09 19:32:57.394 [http-nio-8080-exec-7] BookSuggestionsPage - Suggestions page
[DEBUG] 2021-11-09 19:33:08.124 [http-nio-8080-exec-7] GenericDao - Searching for book with userName = ljakel
[DEBUG] 2021-11-09 19:33:09.203 [http-nio-8080-exec-7] GenericDao - Searching for book with user = 1
[DEBUG] 2021-11-09 19:33:09.992 [http-nio-8080-exec-7] BookSuggestionsPage - {Mystery=1, Romance=1, Young Adult=26}
[DEBUG] 2021-11-09 19:33:09.996 [http-nio-8080-exec-7] BookSuggestionsPage - Max:Young Adult
[DEBUG] 2021-11-09 19:33:10.005 [http-nio-8080-exec-7] BookSuggestionsPage - 2ndMax:Romance
[DEBUG] 2021-11-09 19:33:10.005 [http-nio-8080-exec-7] BookSuggestionsPage - 3RdMax:Mystery
[DEBUG] 2021-11-09 19:33:10.005 [http-nio-8080-exec-7] BookSuggestionsPage - Genre list: [Young Adult, Romance, Mystery]
[DEBUG] 2021-11-09 19:33:10.006 [http-nio-8080-exec-7] GenericDao - Searching for book with name = Young Adult
[DEBUG] 2021-11-09 19:33:10.286 [http-nio-8080-exec-7] GenericDao - Searching for book with genre = 1
[DEBUG] 2021-11-09 19:33:10.521 [http-nio-8080-exec-7] GenericDao - Searching for book with name = Romance
[DEBUG] 2021-11-09 19:33:10.668 [http-nio-8080-exec-7] GenericDao - Searching for book with genre = 5
[DEBUG] 2021-11-09 19:33:10.793 [http-nio-8080-exec-7] GenericDao - Searching for book with name = Mystery
[DEBUG] 2021-11-09 19:33:10.899 [http-nio-8080-exec-7] GenericDao - Searching for book with genre = 4
[DEBUG] 2021-11-09 19:33:10.984 [http-nio-8080-exec-7] GenericDao - Searching for book with id = 13
[DEBUG] 2021-11-09 19:33:11.196 [http-nio-8080-exec-7] BookSuggestionsPage - Current Book: [!!!com.leeannjakel.entity.BookSuggestions@1b4e5836=>java.lang.StackOverflowError:null!!!]
[DEBUG] 2021-11-09 19:33:11.343 [http-nio-8080-exec-7] GenericDao - Searching for book with id = 8
[DEBUG] 2021-11-09 19:33:11.544 [http-nio-8080-exec-7] BookSuggestionsPage - Current Book: [!!!com.leeannjakel.entity.BookSuggestions@3c427490=>java.lang.StackOverflowError:null!!!]
[DEBUG] 2021-11-09 19:33:11.551 [http-nio-8080-exec-7] GenericDao - Searching for book with id = 9
[DEBUG] 2021-11-09 19:33:11.759 [http-nio-8080-exec-7] BookSuggestionsPage - Current Book: [!!!com.leeannjakel.entity.BookSuggestions@62f7b6df=>java.lang.StackOverflowError:null!!!]
[DEBUG] 2021-11-09 19:33:11.766 [http-nio-8080-exec-7] GenericDao - Searching for book with id = 4
[DEBUG] 2021-11-09 19:33:11.888 [http-nio-8080-exec-7] BookSuggestionsPage - Current Book: [!!!com.leeannjakel.entity.BookSuggestions@207831d5=>java.lang.StackOverflowError:null!!!]
[DEBUG] 2021-11-09 19:33:11.908 [http-nio-8080-exec-7] GenericDao - Searching for book with id = 4
[DEBUG] 2021-11-09 19:33:12.003 [http-nio-8080-exec-7] BookSuggestionsPage - Current Book: [!!!com.leeannjakel.entity.BookSuggestions@42865d9=>java.lang.StackOverflowError:null!!!]
[DEBUG] 2021-11-09 19:33:12.007 [http-nio-8080-exec-7] GenericDao - Searching for book with id = 2
[DEBUG] 2021-11-09 19:33:12.115 [http-nio-8080-exec-7] BookSuggestionsPage - Current Book: [!!!com.leeannjakel.entity.BookSuggestions@62e63a9a=>java.lang.StackOverflowError:null!!!]
[DEBUG] 2021-11-09 19:33:12.124 [http-nio-8080-exec-7] BookSuggestionsPage - Suggestion list: [13, 8, 9, 4, 4, 2, 26, 26, 26]
[DEBUG] 2021-11-09 19:36:26.954 [http-nio-8080-exec-7] BookSuggestionsPage - Suggestions page
[DEBUG] 2021-11-09 19:36:37.140 [http-nio-8080-exec-7] GenericDao - Searching for book with userName = ljakel
[DEBUG] 2021-11-09 19:36:38.091 [http-nio-8080-exec-7] GenericDao - Searching for book with user = 1
[DEBUG] 2021-11-09 19:36:38.960 [http-nio-8080-exec-7] BookSuggestionsPage - {Mystery=1, Romance=1, Young Adult=26}
[DEBUG] 2021-11-09 19:36:38.965 [http-nio-8080-exec-7] BookSuggestionsPage - Max:Young Adult
[DEBUG] 2021-11-09 19:36:38.965 [http-nio-8080-exec-7] BookSuggestionsPage - 2ndMax:Romance
[DEBUG] 2021-11-09 19:36:38.965 [http-nio-8080-exec-7] BookSuggestionsPage - 3RdMax:Mystery
[DEBUG] 2021-11-09 19:36:38.965 [http-nio-8080-exec-7] BookSuggestionsPage - Genre list: [Young Adult, Romance, Mystery]
[DEBUG] 2021-11-09 19:36:38.966 [http-nio-8080-exec-7] GenericDao - Searching for book with name = Young Adult
[DEBUG] 2021-11-09 19:36:39.267 [http-nio-8080-exec-7] GenericDao - Searching for book with genre = 1
[DEBUG] 2021-11-09 19:36:39.527 [http-nio-8080-exec-7] GenericDao - Searching for book with name = Romance
[DEBUG] 2021-11-09 19:36:39.656 [http-nio-8080-exec-7] GenericDao - Searching for book with genre = 5
[DEBUG] 2021-11-09 19:36:39.794 [http-nio-8080-exec-7] GenericDao - Searching for book with name = Mystery
[DEBUG] 2021-11-09 19:36:39.907 [http-nio-8080-exec-7] GenericDao - Searching for book with genre = 4
[DEBUG] 2021-11-09 19:36:40.019 [http-nio-8080-exec-7] GenericDao - Searching for book with id = 14
[DEBUG] 2021-11-09 19:36:40.208 [http-nio-8080-exec-7] BookSuggestionsPage - Current Book: The Selection
[DEBUG] 2021-11-09 19:36:40.208 [http-nio-8080-exec-7] GenericDao - Searching for book with id = 11
[DEBUG] 2021-11-09 19:36:40.420 [http-nio-8080-exec-7] BookSuggestionsPage - Current Book: Red Queen
[DEBUG] 2021-11-09 19:36:40.421 [http-nio-8080-exec-7] GenericDao - Searching for book with id = 8
[DEBUG] 2021-11-09 19:36:40.612 [http-nio-8080-exec-7] BookSuggestionsPage - Current Book: A Court of Thorns and Roses
[DEBUG] 2021-11-09 19:36:40.612 [http-nio-8080-exec-7] GenericDao - Searching for book with id = 2
[DEBUG] 2021-11-09 19:36:40.742 [http-nio-8080-exec-7] BookSuggestionsPage - Current Book: The Love Hypothesis
[DEBUG] 2021-11-09 19:36:40.742 [http-nio-8080-exec-7] GenericDao - Searching for book with id = 3
[DEBUG] 2021-11-09 19:36:40.860 [http-nio-8080-exec-7] BookSuggestionsPage - Current Book: Big Bad Cowboys
[DEBUG] 2021-11-09 19:36:40.860 [http-nio-8080-exec-7] GenericDao - Searching for book with id = 2
[DEBUG] 2021-11-09 19:36:40.982 [http-nio-8080-exec-7] BookSuggestionsPage - Current Book: The Love Hypothesis
[DEBUG] 2021-11-09 19:36:40.982 [http-nio-8080-exec-7] BookSuggestionsPage - Suggestion list: [14, 11, 8, 2, 3, 2, 24, 24, 24]
[DEBUG] 2021-11-09 19:40:54.418 [http-nio-8080-exec-7] BookSuggestionsPage - Suggestions page
[DEBUG] 2021-11-09 19:41:15.779 [http-nio-8080-exec-7] GenericDao - Searching for book with userName = ljakel
[DEBUG] 2021-11-09 19:41:16.543 [http-nio-8080-exec-7] GenericDao - Searching for book with user = 1
[DEBUG] 2021-11-09 19:41:17.364 [http-nio-8080-exec-7] BookSuggestionsPage - {Mystery=1, Romance=1, Young Adult=26}
[DEBUG] 2021-11-09 19:41:17.372 [http-nio-8080-exec-7] BookSuggestionsPage - Max:Young Adult
[DEBUG] 2021-11-09 19:41:17.372 [http-nio-8080-exec-7] BookSuggestionsPage - 2ndMax:Romance
[DEBUG] 2021-11-09 19:41:17.372 [http-nio-8080-exec-7] BookSuggestionsPage - 3RdMax:Mystery
[DEBUG] 2021-11-09 19:41:17.372 [http-nio-8080-exec-7] BookSuggestionsPage - Genre list: [Young Adult, Romance, Mystery]
[DEBUG] 2021-11-09 19:41:17.373 [http-nio-8080-exec-7] GenericDao - Searching for book with name = Young Adult
[DEBUG] 2021-11-09 19:41:17.684 [http-nio-8080-exec-7] GenericDao - Searching for book with genre = 1
[DEBUG] 2021-11-09 19:41:17.940 [http-nio-8080-exec-7] GenericDao - Searching for book with name = Romance
[DEBUG] 2021-11-09 19:41:18.076 [http-nio-8080-exec-7] GenericDao - Searching for book with genre = 5
[DEBUG] 2021-11-09 19:41:18.198 [http-nio-8080-exec-7] GenericDao - Searching for book with name = Mystery
[DEBUG] 2021-11-09 19:41:18.372 [http-nio-8080-exec-7] GenericDao - Searching for book with genre = 4
[DEBUG] 2021-11-09 19:41:18.467 [http-nio-8080-exec-7] GenericDao - Searching for book with id = 8
[DEBUG] 2021-11-09 19:41:18.907 [http-nio-8080-exec-7] BookSuggestionsPage - Current Book: A Court of Thorns and Roses
[DEBUG] 2021-11-09 19:41:18.907 [http-nio-8080-exec-7] GenericDao - Searching for book with id = 12
[DEBUG] 2021-11-09 19:41:19.334 [http-nio-8080-exec-7] BookSuggestionsPage - Current Book: Clockwork Angel
[DEBUG] 2021-11-09 19:41:19.335 [http-nio-8080-exec-7] GenericDao - Searching for book with id = 10
[DEBUG] 2021-11-09 19:41:19.645 [http-nio-8080-exec-7] BookSuggestionsPage - Current Book: Shadow and Bone
[DEBUG] 2021-11-09 19:41:19.645 [http-nio-8080-exec-7] GenericDao - Searching for book with id = 3
[DEBUG] 2021-11-09 19:41:19.777 [http-nio-8080-exec-7] BookSuggestionsPage - Current Book: Big Bad Cowboys
[DEBUG] 2021-11-09 19:41:19.778 [http-nio-8080-exec-7] GenericDao - Searching for book with id = 3
[DEBUG] 2021-11-09 19:41:19.873 [http-nio-8080-exec-7] BookSuggestionsPage - Current Book: Big Bad Cowboys
[DEBUG] 2021-11-09 19:41:19.874 [http-nio-8080-exec-7] GenericDao - Searching for book with id = 2
[DEBUG] 2021-11-09 19:41:19.988 [http-nio-8080-exec-7] BookSuggestionsPage - Current Book: The Love Hypothesis
[DEBUG] 2021-11-09 19:41:19.988 [http-nio-8080-exec-7] BookSuggestionsPage - Suggestion list: [[!!!com.leeannjakel.entity.BookSuggestions@645e9119=>java.lang.StackOverflowError:null!!!], [!!!com.leeannjakel.entity.BookSuggestions@45b1b4d4=>java.lang.StackOverflowError:null!!!], [!!!com.leeannjakel.entity.BookSuggestions@1e3cc680=>java.lang.StackOverflowError:null!!!], [!!!com.leeannjakel.entity.BookSuggestions@4d610772=>java.lang.StackOverflowError:null!!!], [!!!com.leeannjakel.entity.BookSuggestions@5b5ef89e=>java.lang.StackOverflowError:null!!!], [!!!com.leeannjakel.entity.BookSuggestions@25baf833=>java.lang.StackOverflowError:null!!!]]
[DEBUG] 2021-11-09 19:44:38.465 [http-nio-8080-exec-7] BookSuggestionsPage - Suggestions page
[DEBUG] 2021-11-09 19:44:48.341 [http-nio-8080-exec-7] GenericDao - Searching for book with userName = ljakel
[DEBUG] 2021-11-09 19:44:49.675 [http-nio-8080-exec-7] GenericDao - Searching for book with user = 1
[DEBUG] 2021-11-09 19:44:50.792 [http-nio-8080-exec-7] BookSuggestionsPage - {Mystery=1, Romance=1, Young Adult=26}
[DEBUG] 2021-11-09 19:44:50.800 [http-nio-8080-exec-7] BookSuggestionsPage - Max:Young Adult
[DEBUG] 2021-11-09 19:44:50.800 [http-nio-8080-exec-7] BookSuggestionsPage - 2ndMax:Romance
[DEBUG] 2021-11-09 19:44:50.800 [http-nio-8080-exec-7] BookSuggestionsPage - 3RdMax:Mystery
[DEBUG] 2021-11-09 19:44:50.801 [http-nio-8080-exec-7] BookSuggestionsPage - Genre list: [Young Adult, Romance, Mystery]
[DEBUG] 2021-11-09 19:44:50.801 [http-nio-8080-exec-7] GenericDao - Searching for book with name = Young Adult
[DEBUG] 2021-11-09 19:44:51.112 [http-nio-8080-exec-7] GenericDao - Searching for book with genre = 1
[DEBUG] 2021-11-09 19:44:51.381 [http-nio-8080-exec-7] GenericDao - Searching for book with name = Romance
[DEBUG] 2021-11-09 19:44:51.507 [http-nio-8080-exec-7] GenericDao - Searching for book with genre = 5
[DEBUG] 2021-11-09 19:44:51.639 [http-nio-8080-exec-7] GenericDao - Searching for book with name = Mystery
[DEBUG] 2021-11-09 19:44:51.748 [http-nio-8080-exec-7] GenericDao - Searching for book with genre = 4
[DEBUG] 2021-11-09 19:44:51.847 [http-nio-8080-exec-7] GenericDao - Searching for book with id = 12
[DEBUG] 2021-11-09 19:44:52.134 [http-nio-8080-exec-7] BookSuggestionsPage - Current Book: Clockwork Angel
[DEBUG] 2021-11-09 19:44:52.135 [http-nio-8080-exec-7] GenericDao - Searching for book with id = 12
[DEBUG] 2021-11-09 19:44:52.344 [http-nio-8080-exec-7] BookSuggestionsPage - Current Book: Clockwork Angel
[DEBUG] 2021-11-09 19:44:52.347 [http-nio-8080-exec-7] GenericDao - Searching for book with id = 14
[DEBUG] 2021-11-09 19:44:52.561 [http-nio-8080-exec-7] BookSuggestionsPage - Current Book: The Selection
[DEBUG] 2021-11-09 19:44:52.561 [http-nio-8080-exec-7] GenericDao - Searching for book with id = 2
[DEBUG] 2021-11-09 19:44:52.683 [http-nio-8080-exec-7] BookSuggestionsPage - Current Book: The Love Hypothesis
[DEBUG] 2021-11-09 19:44:52.683 [http-nio-8080-exec-7] GenericDao - Searching for book with id = 3
[DEBUG] 2021-11-09 19:44:52.792 [http-nio-8080-exec-7] BookSuggestionsPage - Current Book: Big Bad Cowboys
[DEBUG] 2021-11-09 19:44:52.793 [http-nio-8080-exec-7] GenericDao - Searching for book with id = 5
[DEBUG] 2021-11-09 19:44:52.918 [http-nio-8080-exec-7] BookSuggestionsPage - Current Book: The Time Traveler's Wife
[DEBUG] 2021-11-09 19:44:52.918 [http-nio-8080-exec-7] GenericDao - Searching for book with id = 25
[DEBUG] 2021-11-09 19:44:53.022 [http-nio-8080-exec-7] BookSuggestionsPage - Current Book: Our House
[DEBUG] 2021-11-09 19:44:53.022 [http-nio-8080-exec-7] GenericDao - Searching for book with id = 26
[DEBUG] 2021-11-09 19:44:53.103 [http-nio-8080-exec-7] BookSuggestionsPage - Current Book: The Heist
[DEBUG] 2021-11-09 19:44:53.104 [http-nio-8080-exec-7] GenericDao - Searching for book with id = 24
[DEBUG] 2021-11-09 19:44:53.230 [http-nio-8080-exec-7] BookSuggestionsPage - Current Book: Disappearing  Earth
[DEBUG] 2021-11-09 19:44:53.230 [http-nio-8080-exec-7] BookSuggestionsPage - Suggestion list: Clockwork Angel
[DEBUG] 2021-11-09 19:52:45.940 [http-nio-8080-exec-9] BookSuggestionsPage - Suggestions page
[DEBUG] 2021-11-09 19:52:57.520 [http-nio-8080-exec-9] GenericDao - Searching for book with userName = ljakel
[DEBUG] 2021-11-09 19:52:58.359 [http-nio-8080-exec-9] GenericDao - Searching for book with user = 1
[DEBUG] 2021-11-09 19:52:59.225 [http-nio-8080-exec-9] BookSuggestionsPage - {Mystery=1, Romance=1, Young Adult=26}
[DEBUG] 2021-11-09 19:52:59.228 [http-nio-8080-exec-9] BookSuggestionsPage - Max:Young Adult
[DEBUG] 2021-11-09 19:52:59.228 [http-nio-8080-exec-9] BookSuggestionsPage - 2ndMax:Romance
[DEBUG] 2021-11-09 19:52:59.228 [http-nio-8080-exec-9] BookSuggestionsPage - 3RdMax:Mystery
[DEBUG] 2021-11-09 19:52:59.228 [http-nio-8080-exec-9] BookSuggestionsPage - Genre list: [Young Adult, Romance, Mystery]
[DEBUG] 2021-11-09 19:52:59.228 [http-nio-8080-exec-9] GenericDao - Searching for book with name = Young Adult
[DEBUG] 2021-11-09 19:52:59.606 [http-nio-8080-exec-9] GenericDao - Searching for book with genre = 1
[DEBUG] 2021-11-09 19:52:59.849 [http-nio-8080-exec-9] GenericDao - Searching for book with name = Romance
[DEBUG] 2021-11-09 19:53:00.027 [http-nio-8080-exec-9] GenericDao - Searching for book with genre = 5
[DEBUG] 2021-11-09 19:53:00.156 [http-nio-8080-exec-9] GenericDao - Searching for book with name = Mystery
[DEBUG] 2021-11-09 19:53:00.281 [http-nio-8080-exec-9] GenericDao - Searching for book with genre = 4
[DEBUG] 2021-11-09 19:53:00.372 [http-nio-8080-exec-9] GenericDao - Searching for book with id = 13
[DEBUG] 2021-11-09 19:53:00.593 [http-nio-8080-exec-9] BookSuggestionsPage - Current Book: Chain of Gold
[DEBUG] 2021-11-09 20:01:21.360 [http-nio-8080-exec-6] BookSuggestionsPage - Suggestions page
[DEBUG] 2021-11-09 20:01:33.868 [http-nio-8080-exec-6] GenericDao - Searching for book with userName = ljakel
[DEBUG] 2021-11-09 20:01:35.140 [http-nio-8080-exec-6] GenericDao - Searching for book with user = 1
[DEBUG] 2021-11-09 20:01:36.003 [http-nio-8080-exec-6] BookSuggestionsPage - {Mystery=1, Romance=1, Young Adult=26}
[DEBUG] 2021-11-09 20:01:36.011 [http-nio-8080-exec-6] BookSuggestionsPage - Max:Young Adult
[DEBUG] 2021-11-09 20:01:36.012 [http-nio-8080-exec-6] BookSuggestionsPage - 2ndMax:Romance
[DEBUG] 2021-11-09 20:01:36.012 [http-nio-8080-exec-6] BookSuggestionsPage - 3RdMax:Mystery
[DEBUG] 2021-11-09 20:01:36.012 [http-nio-8080-exec-6] BookSuggestionsPage - Genre list: [Young Adult, Romance, Mystery]
[DEBUG] 2021-11-09 20:01:36.013 [http-nio-8080-exec-6] GenericDao - Searching for book with name = Young Adult
[DEBUG] 2021-11-09 20:01:36.364 [http-nio-8080-exec-6] GenericDao - Searching for book with genre = 1
[DEBUG] 2021-11-09 20:01:36.652 [http-nio-8080-exec-6] GenericDao - Searching for book with name = Romance
[DEBUG] 2021-11-09 20:01:36.802 [http-nio-8080-exec-6] GenericDao - Searching for book with genre = 5
[DEBUG] 2021-11-09 20:01:36.937 [http-nio-8080-exec-6] GenericDao - Searching for book with name = Mystery
[DEBUG] 2021-11-09 20:01:37.085 [http-nio-8080-exec-6] GenericDao - Searching for book with genre = 4
[DEBUG] 2021-11-09 20:01:37.185 [http-nio-8080-exec-6] GenericDao - Searching for book with id = 14
[DEBUG] 2021-11-09 20:01:37.527 [http-nio-8080-exec-6] BookSuggestionsPage - Current Book: The Selection
[DEBUG] 2021-11-09 20:01:37.528 [http-nio-8080-exec-6] GenericDao - Searching for book with id = 10
[DEBUG] 2021-11-09 20:01:37.873 [http-nio-8080-exec-6] BookSuggestionsPage - Current Book: Shadow and Bone
[DEBUG] 2021-11-09 20:01:37.874 [http-nio-8080-exec-6] GenericDao - Searching for book with id = 10
[DEBUG] 2021-11-09 20:01:38.204 [http-nio-8080-exec-6] BookSuggestionsPage - Current Book: Shadow and Bone
[DEBUG] 2021-11-09 20:01:38.204 [http-nio-8080-exec-6] GenericDao - Searching for book with id = 3
[DEBUG] 2021-11-09 20:01:38.424 [http-nio-8080-exec-6] BookSuggestionsPage - Current Book: Big Bad Cowboys
[DEBUG] 2021-11-09 20:01:38.426 [http-nio-8080-exec-6] GenericDao - Searching for book with id = 3
[DEBUG] 2021-11-09 20:01:38.532 [http-nio-8080-exec-6] BookSuggestionsPage - Current Book: Big Bad Cowboys
[DEBUG] 2021-11-09 20:01:38.533 [http-nio-8080-exec-6] GenericDao - Searching for book with id = 3
[DEBUG] 2021-11-09 20:01:38.637 [http-nio-8080-exec-6] BookSuggestionsPage - Current Book: Big Bad Cowboys
[DEBUG] 2021-11-09 20:01:38.637 [http-nio-8080-exec-6] GenericDao - Searching for book with id = 24
[DEBUG] 2021-11-09 20:01:38.761 [http-nio-8080-exec-6] BookSuggestionsPage - Current Book: Disappearing  Earth
[DEBUG] 2021-11-09 20:01:38.761 [http-nio-8080-exec-6] GenericDao - Searching for book with id = 26
[DEBUG] 2021-11-09 20:01:38.842 [http-nio-8080-exec-6] BookSuggestionsPage - Current Book: The Heist
[DEBUG] 2021-11-09 20:01:38.843 [http-nio-8080-exec-6] GenericDao - Searching for book with id = 25
[DEBUG] 2021-11-09 20:01:38.953 [http-nio-8080-exec-6] BookSuggestionsPage - Current Book: Our House
[DEBUG] 2021-11-09 20:01:38.953 [http-nio-8080-exec-6] BookSuggestionsPage - Suggestion list: The Selection
