[DEBUG] 2021-03-01 12:34:59.671 [main] IntegratorServiceImpl - Adding Integrator [org.hibernate.cfg.beanvalidation.BeanValidationIntegrator].
[DEBUG] 2021-03-01 12:34:59.719 [main] IntegratorServiceImpl - Adding Integrator [org.hibernate.secure.spi.JaccIntegrator].
[DEBUG] 2021-03-01 12:34:59.744 [main] IntegratorServiceImpl - Adding Integrator [org.hibernate.cache.internal.CollectionCacheInvalidator].
[INFO ] 2021-03-01 12:35:00.122 [main] Version - HHH000412: Hibernate Core {5.4.4.Final}
[DEBUG] 2021-03-01 12:35:00.136 [main] Environment - HHH000206: hibernate.properties not found
[DEBUG] 2021-03-01 12:35:00.930 [main] LocalXmlResourceResolver - Interpreting public/system identifier : [-//Hibernate/Hibernate Configuration DTD//EN] - [http://www.hibernate.org/dtd/hibernate-configuration-3.0.dtd]
[DEBUG] 2021-03-01 12:35:00.938 [main] LocalXmlResourceResolver - Recognized hibernate-configuration identifier; attempting to resolve on classpath under org/hibernate/
[DEBUG] 2021-03-01 12:35:00.952 [main] JaxbCfgProcessor - cfg.xml document did not define namespaces; wrapping in custom event reader to introduce namespace information
[DEBUG] 2021-03-01 12:35:02.060 [main] ServiceBinding - Overriding existing service binding [org.hibernate.secure.spi.JaccService]
[DEBUG] 2021-03-01 12:35:02.108 [main] RegionFactoryInitiator - Cannot default RegionFactory based on registered strategies as `[]` RegionFactory strategies were registered
[DEBUG] 2021-03-01 12:35:02.109 [main] RegionFactoryInitiator - Cache region factory : org.hibernate.cache.internal.NoCachingRegionFactory
[INFO ] 2021-03-01 12:35:02.150 [main] Version - HCANN000001: Hibernate Commons Annotations {5.1.0.Final}
[DEBUG] 2021-03-01 12:35:02.229 [main] BasicTypeRegistry - Adding type registration boolean -> org.hibernate.type.BooleanType@16fe9c29
[DEBUG] 2021-03-01 12:35:02.231 [main] BasicTypeRegistry - Adding type registration boolean -> org.hibernate.type.BooleanType@16fe9c29
[DEBUG] 2021-03-01 12:35:02.231 [main] BasicTypeRegistry - Adding type registration java.lang.Boolean -> org.hibernate.type.BooleanType@16fe9c29
[DEBUG] 2021-03-01 12:35:02.232 [main] BasicTypeRegistry - Adding type registration numeric_boolean -> org.hibernate.type.NumericBooleanType@1eea9d2d
[DEBUG] 2021-03-01 12:35:02.233 [main] BasicTypeRegistry - Adding type registration true_false -> org.hibernate.type.TrueFalseType@7808fb9
[DEBUG] 2021-03-01 12:35:02.241 [main] BasicTypeRegistry - Adding type registration yes_no -> org.hibernate.type.YesNoType@6e6fce47
[DEBUG] 2021-03-01 12:35:02.243 [main] BasicTypeRegistry - Adding type registration byte -> org.hibernate.type.ByteType@34b9fc7d
[DEBUG] 2021-03-01 12:35:02.245 [main] BasicTypeRegistry - Adding type registration byte -> org.hibernate.type.ByteType@34b9fc7d
[DEBUG] 2021-03-01 12:35:02.245 [main] BasicTypeRegistry - Adding type registration java.lang.Byte -> org.hibernate.type.ByteType@34b9fc7d
[DEBUG] 2021-03-01 12:35:02.247 [main] BasicTypeRegistry - Adding type registration character -> org.hibernate.type.CharacterType@588ffeb
[DEBUG] 2021-03-01 12:35:02.249 [main] BasicTypeRegistry - Adding type registration char -> org.hibernate.type.CharacterType@588ffeb
[DEBUG] 2021-03-01 12:35:02.249 [main] BasicTypeRegistry - Adding type registration java.lang.Character -> org.hibernate.type.CharacterType@588ffeb
[DEBUG] 2021-03-01 12:35:02.250 [main] BasicTypeRegistry - Adding type registration short -> org.hibernate.type.ShortType@34cf5a97
[DEBUG] 2021-03-01 12:35:02.251 [main] BasicTypeRegistry - Adding type registration short -> org.hibernate.type.ShortType@34cf5a97
[DEBUG] 2021-03-01 12:35:02.251 [main] BasicTypeRegistry - Adding type registration java.lang.Short -> org.hibernate.type.ShortType@34cf5a97
[DEBUG] 2021-03-01 12:35:02.252 [main] BasicTypeRegistry - Adding type registration integer -> org.hibernate.type.IntegerType@6443b128
[DEBUG] 2021-03-01 12:35:02.252 [main] BasicTypeRegistry - Adding type registration int -> org.hibernate.type.IntegerType@6443b128
[DEBUG] 2021-03-01 12:35:02.252 [main] BasicTypeRegistry - Adding type registration java.lang.Integer -> org.hibernate.type.IntegerType@6443b128
[DEBUG] 2021-03-01 12:35:02.253 [main] BasicTypeRegistry - Adding type registration long -> org.hibernate.type.LongType@61d01788
[DEBUG] 2021-03-01 12:35:02.260 [main] BasicTypeRegistry - Adding type registration long -> org.hibernate.type.LongType@61d01788
[DEBUG] 2021-03-01 12:35:02.261 [main] BasicTypeRegistry - Adding type registration java.lang.Long -> org.hibernate.type.LongType@61d01788
[DEBUG] 2021-03-01 12:35:02.262 [main] BasicTypeRegistry - Adding type registration float -> org.hibernate.type.FloatType@6ad6fa53
[DEBUG] 2021-03-01 12:35:02.262 [main] BasicTypeRegistry - Adding type registration float -> org.hibernate.type.FloatType@6ad6fa53
[DEBUG] 2021-03-01 12:35:02.262 [main] BasicTypeRegistry - Adding type registration java.lang.Float -> org.hibernate.type.FloatType@6ad6fa53
[DEBUG] 2021-03-01 12:35:02.263 [main] BasicTypeRegistry - Adding type registration double -> org.hibernate.type.DoubleType@30af7377
[DEBUG] 2021-03-01 12:35:02.263 [main] BasicTypeRegistry - Adding type registration double -> org.hibernate.type.DoubleType@30af7377
[DEBUG] 2021-03-01 12:35:02.264 [main] BasicTypeRegistry - Adding type registration java.lang.Double -> org.hibernate.type.DoubleType@30af7377
[DEBUG] 2021-03-01 12:35:02.270 [main] BasicTypeRegistry - Adding type registration big_decimal -> org.hibernate.type.BigDecimalType@5c20ffa8
[DEBUG] 2021-03-01 12:35:02.270 [main] BasicTypeRegistry - Adding type registration java.math.BigDecimal -> org.hibernate.type.BigDecimalType@5c20ffa8
[DEBUG] 2021-03-01 12:35:02.271 [main] BasicTypeRegistry - Adding type registration big_integer -> org.hibernate.type.BigIntegerType@6bcbf05b
[DEBUG] 2021-03-01 12:35:02.271 [main] BasicTypeRegistry - Adding type registration java.math.BigInteger -> org.hibernate.type.BigIntegerType@6bcbf05b
[DEBUG] 2021-03-01 12:35:02.272 [main] BasicTypeRegistry - Adding type registration string -> org.hibernate.type.StringType@59942b48
[DEBUG] 2021-03-01 12:35:02.272 [main] BasicTypeRegistry - Adding type registration java.lang.String -> org.hibernate.type.StringType@59942b48
[DEBUG] 2021-03-01 12:35:02.273 [main] BasicTypeRegistry - Adding type registration nstring -> org.hibernate.type.StringNVarcharType@6090f3ca
[DEBUG] 2021-03-01 12:35:02.276 [main] BasicTypeRegistry - Adding type registration ncharacter -> org.hibernate.type.CharacterNCharType@6872f9c8
[DEBUG] 2021-03-01 12:35:02.276 [main] BasicTypeRegistry - Adding type registration url -> org.hibernate.type.UrlType@52a36910
[DEBUG] 2021-03-01 12:35:02.277 [main] BasicTypeRegistry - Adding type registration java.net.URL -> org.hibernate.type.UrlType@52a36910
[DEBUG] 2021-03-01 12:35:02.282 [main] BasicTypeRegistry - Adding type registration Duration -> org.hibernate.type.DurationType@22fba58c
[DEBUG] 2021-03-01 12:35:02.282 [main] BasicTypeRegistry - Adding type registration java.time.Duration -> org.hibernate.type.DurationType@22fba58c
[DEBUG] 2021-03-01 12:35:02.286 [main] BasicTypeRegistry - Adding type registration Instant -> org.hibernate.type.InstantType@f973499
[DEBUG] 2021-03-01 12:35:02.289 [main] BasicTypeRegistry - Adding type registration java.time.Instant -> org.hibernate.type.InstantType@f973499
[DEBUG] 2021-03-01 12:35:02.291 [main] BasicTypeRegistry - Adding type registration LocalDateTime -> org.hibernate.type.LocalDateTimeType@703feacd
[DEBUG] 2021-03-01 12:35:02.291 [main] BasicTypeRegistry - Adding type registration java.time.LocalDateTime -> org.hibernate.type.LocalDateTimeType@703feacd
[DEBUG] 2021-03-01 12:35:02.292 [main] BasicTypeRegistry - Adding type registration LocalDate -> org.hibernate.type.LocalDateType@102d92c4
[DEBUG] 2021-03-01 12:35:02.292 [main] BasicTypeRegistry - Adding type registration java.time.LocalDate -> org.hibernate.type.LocalDateType@102d92c4
[DEBUG] 2021-03-01 12:35:02.301 [main] BasicTypeRegistry - Adding type registration LocalTime -> org.hibernate.type.LocalTimeType@abbc908
[DEBUG] 2021-03-01 12:35:02.301 [main] BasicTypeRegistry - Adding type registration java.time.LocalTime -> org.hibernate.type.LocalTimeType@abbc908
[DEBUG] 2021-03-01 12:35:02.303 [main] BasicTypeRegistry - Adding type registration OffsetDateTime -> org.hibernate.type.OffsetDateTimeType@5f84abe8
[DEBUG] 2021-03-01 12:35:02.306 [main] BasicTypeRegistry - Adding type registration java.time.OffsetDateTime -> org.hibernate.type.OffsetDateTimeType@5f84abe8
[DEBUG] 2021-03-01 12:35:02.307 [main] BasicTypeRegistry - Adding type registration OffsetTime -> org.hibernate.type.OffsetTimeType@78411116
[DEBUG] 2021-03-01 12:35:02.311 [main] BasicTypeRegistry - Adding type registration java.time.OffsetTime -> org.hibernate.type.OffsetTimeType@78411116
[DEBUG] 2021-03-01 12:35:02.313 [main] BasicTypeRegistry - Adding type registration ZonedDateTime -> org.hibernate.type.ZonedDateTimeType@2d195ee4
[DEBUG] 2021-03-01 12:35:02.313 [main] BasicTypeRegistry - Adding type registration java.time.ZonedDateTime -> org.hibernate.type.ZonedDateTimeType@2d195ee4
[DEBUG] 2021-03-01 12:35:02.314 [main] BasicTypeRegistry - Adding type registration date -> org.hibernate.type.DateType@1280851e
[DEBUG] 2021-03-01 12:35:02.315 [main] BasicTypeRegistry - Adding type registration java.sql.Date -> org.hibernate.type.DateType@1280851e
[DEBUG] 2021-03-01 12:35:02.316 [main] BasicTypeRegistry - Adding type registration time -> org.hibernate.type.TimeType@749f539e
[DEBUG] 2021-03-01 12:35:02.316 [main] BasicTypeRegistry - Adding type registration java.sql.Time -> org.hibernate.type.TimeType@749f539e
[DEBUG] 2021-03-01 12:35:02.324 [main] BasicTypeRegistry - Adding type registration timestamp -> org.hibernate.type.TimestampType@6a969fb8
[DEBUG] 2021-03-01 12:35:02.324 [main] BasicTypeRegistry - Adding type registration java.sql.Timestamp -> org.hibernate.type.TimestampType@6a969fb8
[DEBUG] 2021-03-01 12:35:02.324 [main] BasicTypeRegistry - Adding type registration java.util.Date -> org.hibernate.type.TimestampType@6a969fb8
[DEBUG] 2021-03-01 12:35:02.333 [main] BasicTypeRegistry - Adding type registration dbtimestamp -> org.hibernate.type.DbTimestampType@b558294
[DEBUG] 2021-03-01 12:35:02.334 [main] BasicTypeRegistry - Adding type registration calendar -> org.hibernate.type.CalendarType@5f14a673
[DEBUG] 2021-03-01 12:35:02.334 [main] BasicTypeRegistry - Adding type registration java.util.Calendar -> org.hibernate.type.CalendarType@5f14a673
[DEBUG] 2021-03-01 12:35:02.334 [main] BasicTypeRegistry - Adding type registration java.util.GregorianCalendar -> org.hibernate.type.CalendarType@5f14a673
[DEBUG] 2021-03-01 12:35:02.335 [main] BasicTypeRegistry - Adding type registration calendar_date -> org.hibernate.type.CalendarDateType@5467eea4
[DEBUG] 2021-03-01 12:35:02.337 [main] BasicTypeRegistry - Adding type registration locale -> org.hibernate.type.LocaleType@21719a0
[DEBUG] 2021-03-01 12:35:02.338 [main] BasicTypeRegistry - Adding type registration java.util.Locale -> org.hibernate.type.LocaleType@21719a0
[DEBUG] 2021-03-01 12:35:02.339 [main] BasicTypeRegistry - Adding type registration currency -> org.hibernate.type.CurrencyType@12a160c2
[DEBUG] 2021-03-01 12:35:02.339 [main] BasicTypeRegistry - Adding type registration java.util.Currency -> org.hibernate.type.CurrencyType@12a160c2
[DEBUG] 2021-03-01 12:35:02.341 [main] BasicTypeRegistry - Adding type registration timezone -> org.hibernate.type.TimeZoneType@7923f5b3
[DEBUG] 2021-03-01 12:35:02.341 [main] BasicTypeRegistry - Adding type registration java.util.TimeZone -> org.hibernate.type.TimeZoneType@7923f5b3
[DEBUG] 2021-03-01 12:35:02.343 [main] BasicTypeRegistry - Adding type registration class -> org.hibernate.type.ClassType@340b7ef6
[DEBUG] 2021-03-01 12:35:02.343 [main] BasicTypeRegistry - Adding type registration java.lang.Class -> org.hibernate.type.ClassType@340b7ef6
[DEBUG] 2021-03-01 12:35:02.346 [main] BasicTypeRegistry - Adding type registration uuid-binary -> org.hibernate.type.UUIDBinaryType@7b208b45
[DEBUG] 2021-03-01 12:35:02.353 [main] BasicTypeRegistry - Adding type registration java.util.UUID -> org.hibernate.type.UUIDBinaryType@7b208b45
[DEBUG] 2021-03-01 12:35:02.354 [main] BasicTypeRegistry - Adding type registration uuid-char -> org.hibernate.type.UUIDCharType@3e83c18
[DEBUG] 2021-03-01 12:35:02.355 [main] BasicTypeRegistry - Adding type registration binary -> org.hibernate.type.BinaryType@51751e5f
[DEBUG] 2021-03-01 12:35:02.356 [main] BasicTypeRegistry - Adding type registration byte[] -> org.hibernate.type.BinaryType@51751e5f
[DEBUG] 2021-03-01 12:35:02.356 [main] BasicTypeRegistry - Adding type registration [B -> org.hibernate.type.BinaryType@51751e5f
[DEBUG] 2021-03-01 12:35:02.357 [main] BasicTypeRegistry - Adding type registration wrapper-binary -> org.hibernate.type.WrapperBinaryType@1bcb79c2
[DEBUG] 2021-03-01 12:35:02.357 [main] BasicTypeRegistry - Adding type registration Byte[] -> org.hibernate.type.WrapperBinaryType@1bcb79c2
[DEBUG] 2021-03-01 12:35:02.358 [main] BasicTypeRegistry - Adding type registration [Ljava.lang.Byte; -> org.hibernate.type.WrapperBinaryType@1bcb79c2
[DEBUG] 2021-03-01 12:35:02.358 [main] BasicTypeRegistry - Adding type registration row_version -> org.hibernate.type.RowVersionType@4078695f
[DEBUG] 2021-03-01 12:35:02.359 [main] BasicTypeRegistry - Adding type registration image -> org.hibernate.type.ImageType@42c2f48c
[DEBUG] 2021-03-01 12:35:02.360 [main] BasicTypeRegistry - Adding type registration characters -> org.hibernate.type.CharArrayType@14151bc5
[DEBUG] 2021-03-01 12:35:02.360 [main] BasicTypeRegistry - Adding type registration char[] -> org.hibernate.type.CharArrayType@14151bc5
[DEBUG] 2021-03-01 12:35:02.360 [main] BasicTypeRegistry - Adding type registration [C -> org.hibernate.type.CharArrayType@14151bc5
[DEBUG] 2021-03-01 12:35:02.362 [main] BasicTypeRegistry - Adding type registration wrapper-characters -> org.hibernate.type.CharacterArrayType@982bb90
[DEBUG] 2021-03-01 12:35:02.365 [main] BasicTypeRegistry - Adding type registration [Ljava.lang.Character; -> org.hibernate.type.CharacterArrayType@982bb90
[DEBUG] 2021-03-01 12:35:02.365 [main] BasicTypeRegistry - Adding type registration Character[] -> org.hibernate.type.CharacterArrayType@982bb90
[DEBUG] 2021-03-01 12:35:02.365 [main] BasicTypeRegistry - Adding type registration text -> org.hibernate.type.TextType@57fae983
[DEBUG] 2021-03-01 12:35:02.366 [main] BasicTypeRegistry - Adding type registration ntext -> org.hibernate.type.NTextType@44c5a16f
[DEBUG] 2021-03-01 12:35:02.367 [main] BasicTypeRegistry - Adding type registration blob -> org.hibernate.type.BlobType@3df978b9
[DEBUG] 2021-03-01 12:35:02.373 [main] BasicTypeRegistry - Adding type registration java.sql.Blob -> org.hibernate.type.BlobType@3df978b9
[DEBUG] 2021-03-01 12:35:02.374 [main] BasicTypeRegistry - Adding type registration materialized_blob -> org.hibernate.type.MaterializedBlobType@1763992e
[DEBUG] 2021-03-01 12:35:02.375 [main] BasicTypeRegistry - Adding type registration clob -> org.hibernate.type.ClobType@5b022357
[DEBUG] 2021-03-01 12:35:02.376 [main] BasicTypeRegistry - Adding type registration java.sql.Clob -> org.hibernate.type.ClobType@5b022357
[DEBUG] 2021-03-01 12:35:02.378 [main] BasicTypeRegistry - Adding type registration nclob -> org.hibernate.type.NClobType@f14e5bf
[DEBUG] 2021-03-01 12:35:02.381 [main] BasicTypeRegistry - Adding type registration java.sql.NClob -> org.hibernate.type.NClobType@f14e5bf
[DEBUG] 2021-03-01 12:35:02.382 [main] BasicTypeRegistry - Adding type registration materialized_clob -> org.hibernate.type.MaterializedClobType@6f952d6c
[DEBUG] 2021-03-01 12:35:02.383 [main] BasicTypeRegistry - Adding type registration materialized_nclob -> org.hibernate.type.MaterializedNClobType@4c98a6d5
[DEBUG] 2021-03-01 12:35:02.384 [main] BasicTypeRegistry - Adding type registration serializable -> org.hibernate.type.SerializableType@7b2a3ff8
[DEBUG] 2021-03-01 12:35:02.431 [main] BasicTypeRegistry - Adding type registration object -> org.hibernate.type.ObjectType@74fe5966
[DEBUG] 2021-03-01 12:35:02.431 [main] BasicTypeRegistry - Adding type registration java.lang.Object -> org.hibernate.type.ObjectType@74fe5966
[DEBUG] 2021-03-01 12:35:02.431 [main] BasicTypeRegistry - Adding type registration imm_date -> org.hibernate.type.AdaptedImmutableType@4c27d39d
[DEBUG] 2021-03-01 12:35:02.436 [main] BasicTypeRegistry - Adding type registration imm_time -> org.hibernate.type.AdaptedImmutableType@40ee0a22
[DEBUG] 2021-03-01 12:35:02.436 [main] BasicTypeRegistry - Adding type registration imm_timestamp -> org.hibernate.type.AdaptedImmutableType@7bde1f3a
[DEBUG] 2021-03-01 12:35:02.436 [main] BasicTypeRegistry - Adding type registration imm_dbtimestamp -> org.hibernate.type.AdaptedImmutableType@15923407
[DEBUG] 2021-03-01 12:35:02.436 [main] BasicTypeRegistry - Adding type registration imm_calendar -> org.hibernate.type.AdaptedImmutableType@67dba613
[DEBUG] 2021-03-01 12:35:02.436 [main] BasicTypeRegistry - Adding type registration imm_calendar_date -> org.hibernate.type.AdaptedImmutableType@57540fd0
[DEBUG] 2021-03-01 12:35:02.436 [main] BasicTypeRegistry - Adding type registration imm_binary -> org.hibernate.type.AdaptedImmutableType@5cf8edcf
[DEBUG] 2021-03-01 12:35:02.436 [main] BasicTypeRegistry - Adding type registration imm_serializable -> org.hibernate.type.AdaptedImmutableType@58cec85b
[DEBUG] 2021-03-01 12:35:02.499 [main] DefaultIdentifierGeneratorFactory - Registering IdentifierGenerator strategy [uuid2] -> [org.hibernate.id.UUIDGenerator]
[DEBUG] 2021-03-01 12:35:02.500 [main] DefaultIdentifierGeneratorFactory - Registering IdentifierGenerator strategy [guid] -> [org.hibernate.id.GUIDGenerator]
[DEBUG] 2021-03-01 12:35:02.502 [main] DefaultIdentifierGeneratorFactory - Registering IdentifierGenerator strategy [uuid] -> [org.hibernate.id.UUIDHexGenerator]
[DEBUG] 2021-03-01 12:35:02.502 [main] DefaultIdentifierGeneratorFactory - Registering IdentifierGenerator strategy [uuid.hex] -> [org.hibernate.id.UUIDHexGenerator]
[DEBUG] 2021-03-01 12:35:02.504 [main] DefaultIdentifierGeneratorFactory - Registering IdentifierGenerator strategy [assigned] -> [org.hibernate.id.Assigned]
[DEBUG] 2021-03-01 12:35:02.506 [main] DefaultIdentifierGeneratorFactory - Registering IdentifierGenerator strategy [identity] -> [org.hibernate.id.IdentityGenerator]
[DEBUG] 2021-03-01 12:35:02.506 [main] DefaultIdentifierGeneratorFactory - Registering IdentifierGenerator strategy [select] -> [org.hibernate.id.SelectGenerator]
[DEBUG] 2021-03-01 12:35:02.507 [main] DefaultIdentifierGeneratorFactory - Registering IdentifierGenerator strategy [sequence] -> [org.hibernate.id.enhanced.SequenceStyleGenerator]
[DEBUG] 2021-03-01 12:35:02.511 [main] DefaultIdentifierGeneratorFactory - Registering IdentifierGenerator strategy [seqhilo] -> [org.hibernate.id.SequenceHiLoGenerator]
[DEBUG] 2021-03-01 12:35:02.512 [main] DefaultIdentifierGeneratorFactory - Registering IdentifierGenerator strategy [increment] -> [org.hibernate.id.IncrementGenerator]
[DEBUG] 2021-03-01 12:35:02.512 [main] DefaultIdentifierGeneratorFactory - Registering IdentifierGenerator strategy [foreign] -> [org.hibernate.id.ForeignGenerator]
[DEBUG] 2021-03-01 12:35:02.512 [main] DefaultIdentifierGeneratorFactory - Registering IdentifierGenerator strategy [sequence-identity] -> [org.hibernate.id.SequenceIdentityGenerator]
[DEBUG] 2021-03-01 12:35:02.513 [main] DefaultIdentifierGeneratorFactory - Registering IdentifierGenerator strategy [enhanced-sequence] -> [org.hibernate.id.enhanced.SequenceStyleGenerator]
[DEBUG] 2021-03-01 12:35:02.513 [main] DefaultIdentifierGeneratorFactory - Registering IdentifierGenerator strategy [enhanced-table] -> [org.hibernate.id.enhanced.TableGenerator]
[INFO ] 2021-03-01 12:35:02.519 [main] C3P0ConnectionProvider - HHH010002: C3P0 using driver: com.mysql.cj.jdbc.Driver at URL: jdbc:mysql://localhost:3306/test_BookCollection
[INFO ] 2021-03-01 12:35:02.520 [main] C3P0ConnectionProvider - HHH10001001: Connection properties: {password=****, user=root}
[INFO ] 2021-03-01 12:35:02.520 [main] C3P0ConnectionProvider - HHH10001003: Autocommit mode: false
[INFO ] 2021-03-01 12:35:02.807 [main] C3P0ConnectionProvider - HHH10001007: JDBC isolation level: <unknown>
[DEBUG] 2021-03-01 12:35:03.752 [main] JdbcEnvironmentInitiator - Database ->
       name : MySQL
    version : 8.0.22
      major : 8
      minor : 0
[DEBUG] 2021-03-01 12:35:03.752 [main] JdbcEnvironmentInitiator - Driver ->
       name : MySQL Connector/J
    version : mysql-connector-java-8.0.22 (Revision: d64b664fa93e81296a377de031b8123a67e6def2)
      major : 8
      minor : 0
[DEBUG] 2021-03-01 12:35:03.753 [main] JdbcEnvironmentInitiator - JDBC version : 4.2
[INFO ] 2021-03-01 12:35:03.846 [main] Dialect - HHH000400: Using dialect: org.hibernate.dialect.MySQL8Dialect
[DEBUG] 2021-03-01 12:35:03.910 [main] IdentifierHelperBuilder - JDBC driver metadata reported database stores quoted identifiers in more than one case
[DEBUG] 2021-03-01 12:35:04.009 [main] IdentifierHelperBuilder - IdentifierCaseStrategy for both quoted and unquoted identifiers was set to the same strategy [MIXED]; that will likely lead to problems in schema update and validation if using quoted identifiers
[DEBUG] 2021-03-01 12:35:04.157 [main] Namespace - Created database namespace [logicalName=Name{catalog=null, schema=null}, physicalName=Name{catalog=null, schema=null}]
[DEBUG] 2021-03-01 12:35:04.162 [main] TypeConfiguration$Scope - Scoping TypeConfiguration [org.hibernate.type.spi.TypeConfiguration@28501a4b] to MetadataBuildingContext [org.hibernate.boot.internal.MetadataBuildingContextRootImpl@5b051a5c]
[DEBUG] 2021-03-01 12:35:04.272 [main] AnnotationBinder - Binding entity from annotated class: entity.Author
[DEBUG] 2021-03-01 12:35:04.320 [main] Ejb3Column - Binding column: Ejb3DiscriminatorColumn{logicalColumnName'DTYPE', discriminatorTypeName='string'}
[DEBUG] 2021-03-01 12:35:04.341 [main] EntityBinder - Import with entity name Author
[DEBUG] 2021-03-01 12:35:04.350 [main] EntityBinder - Bind entity entity.Author on table author
[DEBUG] 2021-03-01 12:35:04.406 [main] Ejb3Column - Binding column: Ejb3Column{table=org.hibernate.mapping.Table(author), mappingColumn=id, insertable=true, updatable=true, unique=false}
[DEBUG] 2021-03-01 12:35:04.409 [main] PropertyBinder - MetadataSourceProcessor property id with lazy=false
[DEBUG] 2021-03-01 12:35:04.417 [main] AbstractPropertyHolder - Attempting to locate auto-apply AttributeConverter for property [entity.Author:id]
[DEBUG] 2021-03-01 12:35:04.419 [main] SimpleValueBinder - building SimpleValue for id
[DEBUG] 2021-03-01 12:35:04.426 [main] PropertyBinder - Building property id
[DEBUG] 2021-03-01 12:35:04.436 [main] BinderHelper - #makeIdGenerator(org.hibernate.mapping.SimpleValue([org.hibernate.mapping.Column(id)]), id, org.hibernate.id.enhanced.SequenceStyleGenerator, native, ...)
[DEBUG] 2021-03-01 12:35:04.437 [main] Ejb3Column - Binding column: Ejb3Column{table=org.hibernate.mapping.Table(author), mappingColumn=first_name, insertable=true, updatable=true, unique=false}
[DEBUG] 2021-03-01 12:35:04.437 [main] PropertyBinder - MetadataSourceProcessor property firstName with lazy=false
[DEBUG] 2021-03-01 12:35:04.437 [main] AbstractPropertyHolder - Attempting to locate auto-apply AttributeConverter for property [entity.Author:firstName]
[DEBUG] 2021-03-01 12:35:04.439 [main] SimpleValueBinder - building SimpleValue for firstName
[DEBUG] 2021-03-01 12:35:04.439 [main] PropertyBinder - Building property firstName
[DEBUG] 2021-03-01 12:35:04.439 [main] Ejb3Column - Binding column: Ejb3Column{table=org.hibernate.mapping.Table(author), mappingColumn=last_name, insertable=true, updatable=true, unique=false}
[DEBUG] 2021-03-01 12:35:04.439 [main] PropertyBinder - MetadataSourceProcessor property lastName with lazy=false
[DEBUG] 2021-03-01 12:35:04.439 [main] AbstractPropertyHolder - Attempting to locate auto-apply AttributeConverter for property [entity.Author:lastName]
[DEBUG] 2021-03-01 12:35:04.439 [main] SimpleValueBinder - building SimpleValue for lastName
[DEBUG] 2021-03-01 12:35:04.440 [main] PropertyBinder - Building property lastName
[DEBUG] 2021-03-01 12:35:04.442 [main] AnnotationBinder - Binding entity from annotated class: entity.Book
[DEBUG] 2021-03-01 12:35:04.447 [main] Ejb3Column - Binding column: Ejb3DiscriminatorColumn{logicalColumnName'DTYPE', discriminatorTypeName='string'}
[DEBUG] 2021-03-01 12:35:04.448 [main] EntityBinder - Import with entity name Book
[DEBUG] 2021-03-01 12:35:04.449 [main] EntityBinder - Bind entity entity.Book on table book
[DEBUG] 2021-03-01 12:35:04.459 [main] Ejb3Column - Binding column: Ejb3Column{table=org.hibernate.mapping.Table(book), mappingColumn=id, insertable=true, updatable=true, unique=false}
[DEBUG] 2021-03-01 12:35:04.466 [main] PropertyBinder - MetadataSourceProcessor property id with lazy=false
[DEBUG] 2021-03-01 12:35:04.466 [main] AbstractPropertyHolder - Attempting to locate auto-apply AttributeConverter for property [entity.Book:id]
[DEBUG] 2021-03-01 12:35:04.466 [main] SimpleValueBinder - building SimpleValue for id
[DEBUG] 2021-03-01 12:35:04.467 [main] PropertyBinder - Building property id
[DEBUG] 2021-03-01 12:35:04.470 [main] BinderHelper - #makeIdGenerator(org.hibernate.mapping.SimpleValue([org.hibernate.mapping.Column(id)]), id, org.hibernate.id.enhanced.SequenceStyleGenerator, native, ...)
[DEBUG] 2021-03-01 12:35:04.472 [main] Ejb3Column - Binding column: Ejb3JoinColumn{logicalColumnName='null', referencedColumn='null', mappedBy='null'}
[DEBUG] 2021-03-01 12:35:04.472 [main] Ejb3Column - Binding column: Ejb3Column{table=org.hibernate.mapping.Table(book), mappingColumn=author, insertable=true, updatable=true, unique=false}
[DEBUG] 2021-03-01 12:35:04.500 [main] PropertyBinder - Building property author
[DEBUG] 2021-03-01 12:35:04.514 [main] Ejb3Column - Binding column: Ejb3JoinColumn{logicalColumnName='null', referencedColumn='null', mappedBy='null'}
[DEBUG] 2021-03-01 12:35:04.515 [main] Ejb3Column - Binding column: Ejb3Column{table=org.hibernate.mapping.Table(book), mappingColumn=genre, insertable=true, updatable=true, unique=false}
[DEBUG] 2021-03-01 12:35:04.515 [main] PropertyBinder - Building property genre
[DEBUG] 2021-03-01 12:35:04.515 [main] Ejb3Column - Binding column: Ejb3Column{table=org.hibernate.mapping.Table(book), mappingColumn=isbn, insertable=true, updatable=true, unique=false}
[DEBUG] 2021-03-01 12:35:04.515 [main] PropertyBinder - MetadataSourceProcessor property isbn with lazy=false
[DEBUG] 2021-03-01 12:35:04.515 [main] AbstractPropertyHolder - Attempting to locate auto-apply AttributeConverter for property [entity.Book:isbn]
[DEBUG] 2021-03-01 12:35:04.515 [main] SimpleValueBinder - building SimpleValue for isbn
[DEBUG] 2021-03-01 12:35:04.515 [main] PropertyBinder - Building property isbn
[DEBUG] 2021-03-01 12:35:04.515 [main] Ejb3Column - Binding column: Ejb3Column{table=org.hibernate.mapping.Table(book), mappingColumn=title, insertable=true, updatable=true, unique=false}
[DEBUG] 2021-03-01 12:35:04.524 [main] PropertyBinder - MetadataSourceProcessor property title with lazy=false
[DEBUG] 2021-03-01 12:35:04.524 [main] AbstractPropertyHolder - Attempting to locate auto-apply AttributeConverter for property [entity.Book:title]
[DEBUG] 2021-03-01 12:35:04.524 [main] SimpleValueBinder - building SimpleValue for title
[DEBUG] 2021-03-01 12:35:04.524 [main] PropertyBinder - Building property title
[DEBUG] 2021-03-01 12:35:04.526 [main] Ejb3Column - Binding column: Ejb3JoinColumn{logicalColumnName='null', referencedColumn='null', mappedBy='null'}
[DEBUG] 2021-03-01 12:35:04.526 [main] Ejb3Column - Binding column: Ejb3Column{table=org.hibernate.mapping.Table(book), mappingColumn=user, insertable=true, updatable=true, unique=false}
[DEBUG] 2021-03-01 12:35:04.529 [main] PropertyBinder - Building property user
[DEBUG] 2021-03-01 12:35:04.529 [main] AnnotationBinder - Binding entity from annotated class: entity.Genre
[DEBUG] 2021-03-01 12:35:04.530 [main] Ejb3Column - Binding column: Ejb3DiscriminatorColumn{logicalColumnName'DTYPE', discriminatorTypeName='string'}
[DEBUG] 2021-03-01 12:35:04.530 [main] EntityBinder - Import with entity name Genre
[DEBUG] 2021-03-01 12:35:04.530 [main] EntityBinder - Bind entity entity.Genre on table genre
[DEBUG] 2021-03-01 12:35:04.537 [main] Ejb3Column - Binding column: Ejb3Column{table=org.hibernate.mapping.Table(genre), mappingColumn=id, insertable=true, updatable=true, unique=false}
[DEBUG] 2021-03-01 12:35:04.537 [main] PropertyBinder - MetadataSourceProcessor property id with lazy=false
[DEBUG] 2021-03-01 12:35:04.537 [main] AbstractPropertyHolder - Attempting to locate auto-apply AttributeConverter for property [entity.Genre:id]
[DEBUG] 2021-03-01 12:35:04.537 [main] SimpleValueBinder - building SimpleValue for id
[DEBUG] 2021-03-01 12:35:04.561 [main] PropertyBinder - Building property id
[DEBUG] 2021-03-01 12:35:04.561 [main] BinderHelper - #makeIdGenerator(org.hibernate.mapping.SimpleValue([org.hibernate.mapping.Column(id)]), id, org.hibernate.id.enhanced.SequenceStyleGenerator, native, ...)
[DEBUG] 2021-03-01 12:35:04.561 [main] Ejb3Column - Binding column: Ejb3Column{table=org.hibernate.mapping.Table(genre), mappingColumn=name, insertable=true, updatable=true, unique=false}
[DEBUG] 2021-03-01 12:35:04.561 [main] PropertyBinder - MetadataSourceProcessor property name with lazy=false
[DEBUG] 2021-03-01 12:35:04.562 [main] AbstractPropertyHolder - Attempting to locate auto-apply AttributeConverter for property [entity.Genre:name]
[DEBUG] 2021-03-01 12:35:04.562 [main] SimpleValueBinder - building SimpleValue for name
[DEBUG] 2021-03-01 12:35:04.562 [main] PropertyBinder - Building property name
[DEBUG] 2021-03-01 12:35:04.562 [main] AnnotationBinder - Binding entity from annotated class: entity.User
[DEBUG] 2021-03-01 12:35:04.562 [main] Ejb3Column - Binding column: Ejb3DiscriminatorColumn{logicalColumnName'DTYPE', discriminatorTypeName='string'}
[DEBUG] 2021-03-01 12:35:04.562 [main] EntityBinder - Import with entity name User
[DEBUG] 2021-03-01 12:35:04.562 [main] EntityBinder - Bind entity entity.User on table user
[DEBUG] 2021-03-01 12:35:04.563 [main] Ejb3Column - Binding column: Ejb3Column{table=org.hibernate.mapping.Table(user), mappingColumn=id, insertable=true, updatable=true, unique=false}
[DEBUG] 2021-03-01 12:35:04.563 [main] PropertyBinder - MetadataSourceProcessor property id with lazy=false
[DEBUG] 2021-03-01 12:35:04.563 [main] AbstractPropertyHolder - Attempting to locate auto-apply AttributeConverter for property [entity.User:id]
[DEBUG] 2021-03-01 12:35:04.563 [main] SimpleValueBinder - building SimpleValue for id
[DEBUG] 2021-03-01 12:35:04.564 [main] PropertyBinder - Building property id
[DEBUG] 2021-03-01 12:35:04.564 [main] BinderHelper - #makeIdGenerator(org.hibernate.mapping.SimpleValue([org.hibernate.mapping.Column(id)]), id, org.hibernate.id.enhanced.SequenceStyleGenerator, native, ...)
[DEBUG] 2021-03-01 12:35:04.564 [main] Ejb3Column - Binding column: Ejb3Column{table=org.hibernate.mapping.Table(user), mappingColumn=email, insertable=true, updatable=true, unique=false}
[DEBUG] 2021-03-01 12:35:04.564 [main] PropertyBinder - MetadataSourceProcessor property email with lazy=false
[DEBUG] 2021-03-01 12:35:04.564 [main] AbstractPropertyHolder - Attempting to locate auto-apply AttributeConverter for property [entity.User:email]
[DEBUG] 2021-03-01 12:35:04.564 [main] SimpleValueBinder - building SimpleValue for email
[DEBUG] 2021-03-01 12:35:04.564 [main] PropertyBinder - Building property email
[DEBUG] 2021-03-01 12:35:04.564 [main] Ejb3Column - Binding column: Ejb3Column{table=org.hibernate.mapping.Table(user), mappingColumn=first_name, insertable=true, updatable=true, unique=false}
[DEBUG] 2021-03-01 12:35:04.568 [main] PropertyBinder - MetadataSourceProcessor property firstName with lazy=false
[DEBUG] 2021-03-01 12:35:04.568 [main] AbstractPropertyHolder - Attempting to locate auto-apply AttributeConverter for property [entity.User:firstName]
[DEBUG] 2021-03-01 12:35:04.568 [main] SimpleValueBinder - building SimpleValue for firstName
[DEBUG] 2021-03-01 12:35:04.568 [main] PropertyBinder - Building property firstName
[DEBUG] 2021-03-01 12:35:04.569 [main] Ejb3Column - Binding column: Ejb3Column{table=org.hibernate.mapping.Table(user), mappingColumn=last_name, insertable=true, updatable=true, unique=false}
[DEBUG] 2021-03-01 12:35:04.570 [main] PropertyBinder - MetadataSourceProcessor property lastName with lazy=false
[DEBUG] 2021-03-01 12:35:04.570 [main] AbstractPropertyHolder - Attempting to locate auto-apply AttributeConverter for property [entity.User:lastName]
[DEBUG] 2021-03-01 12:35:04.570 [main] SimpleValueBinder - building SimpleValue for lastName
[DEBUG] 2021-03-01 12:35:04.570 [main] PropertyBinder - Building property lastName
[DEBUG] 2021-03-01 12:35:04.570 [main] Ejb3Column - Binding column: Ejb3Column{table=org.hibernate.mapping.Table(user), mappingColumn=password, insertable=true, updatable=true, unique=false}
[DEBUG] 2021-03-01 12:35:04.577 [main] PropertyBinder - MetadataSourceProcessor property password with lazy=false
[DEBUG] 2021-03-01 12:35:04.577 [main] AbstractPropertyHolder - Attempting to locate auto-apply AttributeConverter for property [entity.User:password]
[DEBUG] 2021-03-01 12:35:04.579 [main] SimpleValueBinder - building SimpleValue for password
[DEBUG] 2021-03-01 12:35:04.579 [main] PropertyBinder - Building property password
[DEBUG] 2021-03-01 12:35:04.585 [main] Ejb3Column - Binding column: Ejb3Column{table=org.hibernate.mapping.Table(user), mappingColumn=username, insertable=true, updatable=true, unique=false}
[DEBUG] 2021-03-01 12:35:04.585 [main] PropertyBinder - MetadataSourceProcessor property userName with lazy=false
[DEBUG] 2021-03-01 12:35:04.585 [main] AbstractPropertyHolder - Attempting to locate auto-apply AttributeConverter for property [entity.User:userName]
[DEBUG] 2021-03-01 12:35:04.585 [main] SimpleValueBinder - building SimpleValue for userName
[DEBUG] 2021-03-01 12:35:04.585 [main] PropertyBinder - Building property userName
[DEBUG] 2021-03-01 12:35:04.593 [main] SimpleValueBinder - Starting fillSimpleValue for id
[DEBUG] 2021-03-01 12:35:04.593 [main] SimpleValueBinder - Starting fillSimpleValue for firstName
[DEBUG] 2021-03-01 12:35:04.597 [main] SimpleValueBinder - Starting fillSimpleValue for lastName
[DEBUG] 2021-03-01 12:35:04.599 [main] SimpleValueBinder - Starting fillSimpleValue for id
[DEBUG] 2021-03-01 12:35:04.601 [main] SimpleValueBinder - Starting fillSimpleValue for isbn
[DEBUG] 2021-03-01 12:35:04.602 [main] SimpleValueBinder - Starting fillSimpleValue for title
[DEBUG] 2021-03-01 12:35:04.602 [main] SimpleValueBinder - Starting fillSimpleValue for id
[DEBUG] 2021-03-01 12:35:04.603 [main] SimpleValueBinder - Starting fillSimpleValue for name
[DEBUG] 2021-03-01 12:35:04.603 [main] SimpleValueBinder - Starting fillSimpleValue for id
[DEBUG] 2021-03-01 12:35:04.603 [main] SimpleValueBinder - Starting fillSimpleValue for email
[DEBUG] 2021-03-01 12:35:04.603 [main] SimpleValueBinder - Starting fillSimpleValue for firstName
[DEBUG] 2021-03-01 12:35:04.603 [main] SimpleValueBinder - Starting fillSimpleValue for lastName
[DEBUG] 2021-03-01 12:35:04.603 [main] SimpleValueBinder - Starting fillSimpleValue for password
[DEBUG] 2021-03-01 12:35:04.603 [main] SimpleValueBinder - Starting fillSimpleValue for userName
[DEBUG] 2021-03-01 12:35:04.633 [main] PrimaryKey - Forcing column [id] to be non-null as it is part of the primary key for table [author]
[DEBUG] 2021-03-01 12:35:04.643 [main] PrimaryKey - Forcing column [id] to be non-null as it is part of the primary key for table [book]
[DEBUG] 2021-03-01 12:35:04.643 [main] PrimaryKey - Forcing column [id] to be non-null as it is part of the primary key for table [genre]
[DEBUG] 2021-03-01 12:35:04.643 [main] PrimaryKey - Forcing column [id] to be non-null as it is part of the primary key for table [user]
[DEBUG] 2021-03-01 12:35:04.643 [main] InFlightMetadataCollectorImpl - Resolving reference to class: entity.Author
[DEBUG] 2021-03-01 12:35:04.645 [main] InFlightMetadataCollectorImpl - Resolving reference to class: entity.Genre
[DEBUG] 2021-03-01 12:35:04.646 [main] InFlightMetadataCollectorImpl - Resolving reference to class: entity.User
[DEBUG] 2021-03-01 12:35:04.647 [main] InFlightMetadataCollectorImpl - Resolving reference to class: entity.Author
[DEBUG] 2021-03-01 12:35:04.647 [main] InFlightMetadataCollectorImpl - Resolving reference to class: entity.Genre
[DEBUG] 2021-03-01 12:35:04.647 [main] InFlightMetadataCollectorImpl - Resolving reference to class: entity.User
[DEBUG] 2021-03-01 12:35:04.727 [main] SessionFactoryImpl - Building session factory
[DEBUG] 2021-03-01 12:35:04.736 [main] Settings - SessionFactory name : null
[DEBUG] 2021-03-01 12:35:04.736 [main] Settings - Automatic flush during beforeCompletion(): enabled
[DEBUG] 2021-03-01 12:35:04.736 [main] Settings - Automatic session close at end of transaction: disabled
[DEBUG] 2021-03-01 12:35:04.736 [main] Settings - Statistics: disabled
[DEBUG] 2021-03-01 12:35:04.741 [main] Settings - Deleted entity synthetic identifier rollback: disabled
[DEBUG] 2021-03-01 12:35:04.741 [main] Settings - Default entity-mode: pojo
[DEBUG] 2021-03-01 12:35:04.741 [main] Settings - Check Nullability in Core (should be disabled when Bean Validation is on): enabled
[DEBUG] 2021-03-01 12:35:04.741 [main] Settings - Allow initialization of lazy state outside session : disabled
[DEBUG] 2021-03-01 12:35:04.742 [main] Settings - Using BatchFetchStyle : LEGACY
[DEBUG] 2021-03-01 12:35:04.742 [main] Settings - Default batch fetch size: -1
[DEBUG] 2021-03-01 12:35:04.742 [main] Settings - Maximum outer join fetch depth: 2
[DEBUG] 2021-03-01 12:35:04.742 [main] Settings - Default null ordering: NONE
[DEBUG] 2021-03-01 12:35:04.742 [main] Settings - Order SQL updates by primary key: disabled
[DEBUG] 2021-03-01 12:35:04.742 [main] Settings - Order SQL inserts for batching: disabled
[DEBUG] 2021-03-01 12:35:04.742 [main] Settings - multi-tenancy strategy : NONE
[DEBUG] 2021-03-01 12:35:04.743 [main] Settings - JTA Track by Thread: enabled
[DEBUG] 2021-03-01 12:35:04.743 [main] Settings - Query language substitutions: {}
[DEBUG] 2021-03-01 12:35:04.743 [main] Settings - Named query checking : enabled
[DEBUG] 2021-03-01 12:35:04.743 [main] Settings - Second-level cache: disabled
[DEBUG] 2021-03-01 12:35:04.743 [main] Settings - Second-level query cache: disabled
[DEBUG] 2021-03-01 12:35:04.743 [main] Settings - Second-level query cache factory: null
[DEBUG] 2021-03-01 12:35:04.743 [main] Settings - Second-level cache region prefix: null
[DEBUG] 2021-03-01 12:35:04.743 [main] Settings - Optimize second-level cache for minimal puts: disabled
[DEBUG] 2021-03-01 12:35:04.743 [main] Settings - Structured second-level cache entries: disabled
[DEBUG] 2021-03-01 12:35:04.743 [main] Settings - Second-level cache direct-reference entries: disabled
[DEBUG] 2021-03-01 12:35:04.743 [main] Settings - Automatic eviction of collection cache: disabled
[DEBUG] 2021-03-01 12:35:04.743 [main] Settings - JDBC batch size: 15
[DEBUG] 2021-03-01 12:35:04.743 [main] Settings - JDBC batch updates for versioned data: enabled
[DEBUG] 2021-03-01 12:35:04.743 [main] Settings - Scrollable result sets: enabled
[DEBUG] 2021-03-01 12:35:04.743 [main] Settings - Wrap result sets: disabled
[DEBUG] 2021-03-01 12:35:04.743 [main] Settings - JDBC3 getGeneratedKeys(): enabled
[DEBUG] 2021-03-01 12:35:04.743 [main] Settings - JDBC result set fetch size: null
[DEBUG] 2021-03-01 12:35:04.743 [main] Settings - Connection release mode: AFTER_TRANSACTION
[DEBUG] 2021-03-01 12:35:04.744 [main] Settings - Generate SQL with comments: disabled
[DEBUG] 2021-03-01 12:35:04.744 [main] Settings - JPA compliance - query : 
[DEBUG] 2021-03-01 12:35:04.744 [main] Settings - JPA compliance - closed-handling : 
[DEBUG] 2021-03-01 12:35:04.744 [main] Settings - JPA compliance - lists : 
[DEBUG] 2021-03-01 12:35:04.744 [main] Settings - JPA compliance - transactions : 
[INFO ] 2021-03-01 12:35:05.009 [main] beans - HHH10005002: No explicit CDI BeanManager reference was passed to Hibernate, but CDI is available on the Hibernate ClassLoader.
[DEBUG] 2021-03-01 12:35:05.102 [main] SessionFactoryImpl - Session factory constructed with filter configurations : {}
[DEBUG] 2021-03-01 12:35:05.106 [main] SessionFactoryImpl - Instantiating session factory with properties: {sun.desktop=gnome, awt.toolkit=sun.awt.X11.XToolkit, java.specification.version=11, sun.cpu.isalist=, hibernate.c3p0.idle_test_period=3000, sun.jnu.encoding=UTF-8, hibernate.c3p0.min_size=5, java.class.path=/home/student/intellij/lib/idea_rt.jar:/home/student/intellij/plugins/junit/lib/junit5-rt.jar:/home/student/intellij/plugins/junit/lib/junit-rt.jar:/home/student/IdeaProjects/BookCollection/target/test-classes:/home/student/IdeaProjects/BookCollection/target/classes:/home/student/.m2/repository/junit/junit/4.12/junit-4.12.jar:/home/student/.m2/repository/org/hamcrest/hamcrest-core/1.3/hamcrest-core-1.3.jar:/home/student/.m2/repository/javax/javaee-web-api/7.0/javaee-web-api-7.0.jar:/home/student/.m2/repository/mysql/mysql-connector-java/8.0.22/mysql-connector-java-8.0.22.jar:/home/student/.m2/repository/com/google/protobuf/protobuf-java/3.11.4/protobuf-java-3.11.4.jar:/home/student/.m2/repository/javax/servlet/jsp/jstl/jstl-api/1.2/jstl-api-1.2.jar:/home/student/.m2/repository/javax/servlet/servlet-api/2.5/servlet-api-2.5.jar:/home/student/.m2/repository/javax/servlet/jsp/jsp-api/2.1/jsp-api-2.1.jar:/home/student/.m2/repository/javax/servlet/jstl/1.2/jstl-1.2.jar:/home/student/.m2/repository/taglibs/standard/1.1.2/standard-1.1.2.jar:/home/student/.m2/repository/org/apache/logging/log4j/log4j-api/2.10.0/log4j-api-2.10.0.jar:/home/student/.m2/repository/org/apache/logging/log4j/log4j-core/2.10.0/log4j-core-2.10.0.jar:/home/student/.m2/repository/org/junit/platform/junit-platform-runner/1.0.0/junit-platform-runner-1.0.0.jar:/home/student/.m2/repository/org/apiguardian/apiguardian-api/1.0.0/apiguardian-api-1.0.0.jar:/home/student/.m2/repository/org/junit/platform/junit-platform-launcher/1.0.0/junit-platform-launcher-1.0.0.jar:/home/student/.m2/repository/org/junit/platform/junit-platform-suite-api/1.0.0/junit-platform-suite-api-1.0.0.jar:/home/student/.m2/repository/org/junit/platform/junit-platform-commons/1.0.0/junit-platform-commons-1.0.0.jar:/home/student/.m2/repository/org/junit/vintage/junit-vintage-engine/4.12.0/junit-vintage-engine-4.12.0.jar:/home/student/.m2/repository/org/junit/platform/junit-platform-engine/1.0.0/junit-platform-engine-1.0.0.jar:/home/student/.m2/repository/org/opentest4j/opentest4j/1.0.0/opentest4j-1.0.0.jar:/home/student/.m2/repository/org/junit/jupiter/junit-jupiter-engine/5.0.0/junit-jupiter-engine-5.0.0.jar:/home/student/.m2/repository/org/junit/jupiter/junit-jupiter-api/5.0.0/junit-jupiter-api-5.0.0.jar:/home/student/.m2/repository/org/hibernate/hibernate-core/5.4.4.Final/hibernate-core-5.4.4.Final.jar:/home/student/.m2/repository/org/jboss/logging/jboss-logging/3.3.2.Final/jboss-logging-3.3.2.Final.jar:/home/student/.m2/repository/javax/persistence/javax.persistence-api/2.2/javax.persistence-api-2.2.jar:/home/student/.m2/repository/org/javassist/javassist/3.24.0-GA/javassist-3.24.0-GA.jar:/home/student/.m2/repository/net/bytebuddy/byte-buddy/1.9.11/byte-buddy-1.9.11.jar:/home/student/.m2/repository/antlr/antlr/2.7.7/antlr-2.7.7.jar:/home/student/.m2/repository/org/jboss/spec/javax/transaction/jboss-transaction-api_1.2_spec/1.1.1.Final/jboss-transaction-api_1.2_spec-1.1.1.Final.jar:/home/student/.m2/repository/org/jboss/jandex/2.0.5.Final/jandex-2.0.5.Final.jar:/home/student/.m2/repository/com/fasterxml/classmate/1.3.4/classmate-1.3.4.jar:/home/student/.m2/repository/javax/activation/javax.activation-api/1.2.0/javax.activation-api-1.2.0.jar:/home/student/.m2/repository/org/dom4j/dom4j/2.1.1/dom4j-2.1.1.jar:/home/student/.m2/repository/org/hibernate/common/hibernate-commons-annotations/5.1.0.Final/hibernate-commons-annotations-5.1.0.Final.jar:/home/student/.m2/repository/javax/xml/bind/jaxb-api/2.3.1/jaxb-api-2.3.1.jar:/home/student/.m2/repository/org/glassfish/jaxb/jaxb-runtime/2.3.1/jaxb-runtime-2.3.1.jar:/home/student/.m2/repository/org/glassfish/jaxb/txw2/2.3.1/txw2-2.3.1.jar:/home/student/.m2/repository/com/sun/istack/istack-commons-runtime/3.0.7/istack-commons-runtime-3.0.7.jar:/home/student/.m2/repository/org/jvnet/staxex/stax-ex/1.8/stax-ex-1.8.jar:/home/student/.m2/repository/com/sun/xml/fastinfoset/FastInfoset/1.2.15/FastInfoset-1.2.15.jar:/home/student/.m2/repository/org/hibernate/hibernate-c3p0/5.4.4.Final/hibernate-c3p0-5.4.4.Final.jar:/home/student/.m2/repository/com/mchange/c3p0/0.9.5.3/c3p0-0.9.5.3.jar:/home/student/.m2/repository/com/mchange/mchange-commons-java/0.2.15/mchange-commons-java-0.2.15.jar, java.vm.vendor=Ubuntu, sun.arch.data.model=64, idea.test.cyclic.buffer.size=1048576, java.vendor.url=https://ubuntu.com/, user.timezone=America/Chicago, os.name=Linux, java.vm.specification.version=11, sun.java.launcher=SUN_STANDARD, user.country=US, sun.boot.library.path=/usr/lib/jvm/java-11-openjdk-amd64/lib, sun.java.command=com.intellij.rt.junit.JUnitStarter -ideVersion5 -junit5 test.persistence.BookDaoTest,getAllBooksSuccess, jdk.debug=release, sun.cpu.endian=little, user.home=/home/student, hibernate.c3p0.max_statements=50, user.language=en, java.specification.vendor=Oracle Corporation, java.version.date=2021-01-19, java.home=/usr/lib/jvm/java-11-openjdk-amd64, file.separator=/, java.vm.compressedOopsMode=32-bit, line.separator=
, hibernate.c3p0.timeout=300, java.specification.name=Java Platform API Specification, java.vm.specification.vendor=Oracle Corporation, java.awt.graphicsenv=sun.awt.X11GraphicsEnvironment, connection.password=student, sun.management.compiler=HotSpot 64-Bit Tiered Compilers, hibernate.c3p0.max_size=20, java.runtime.version=11.0.10+9-Ubuntu-0ubuntu1.20.04, user.name=student, path.separator=:, hibernate.connection.username=****, os.version=5.4.0-66-generic, java.runtime.name=OpenJDK Runtime Environment, hibernate.connection.url=jdbc:mysql://localhost:3306/test_BookCollection, file.encoding=UTF-8, java.vm.name=OpenJDK 64-Bit Server VM, hibernate.connection.driver_class=com.mysql.cj.jdbc.Driver, java.vendor.url.bug=https://bugs.launchpad.net/ubuntu/+source/openjdk-lts, java.io.tmpdir=/tmp, java.version=11.0.10, user.dir=/home/student/IdeaProjects/BookCollection, os.arch=amd64, connection.username=root, java.vm.specification.name=Java Virtual Machine Specification, java.awt.printerjob=sun.print.PSPrinterJob, hibernate.connection.password=****, sun.os.patch.level=unknown, connection.driver_class=com.mysql.cj.jdbc.Driver, hibernate.boot.CfgXmlAccessService.key=org.hibernate.boot.cfgxml.spi.LoadedConfig@303f1234, java.library.path=/usr/java/packages/lib:/usr/lib/x86_64-linux-gnu/jni:/lib/x86_64-linux-gnu:/usr/lib/x86_64-linux-gnu:/usr/lib/jni:/lib:/usr/lib, java.vendor=Ubuntu, java.vm.info=mixed mode, sharing, java.vm.version=11.0.10+9-Ubuntu-0ubuntu1.20.04, hibernate.bytecode.use_reflection_optimizer=false, sun.io.unicode.encoding=UnicodeLittle, connection.url=jdbc:mysql://localhost:3306/test_BookCollection, java.class.version=55.0}
[DEBUG] 2021-03-01 12:35:05.277 [main] TypeSafeActivator - Unable to acquire Bean Validation ValidatorFactory, skipping activation
[DEBUG] 2021-03-01 12:35:05.286 [main] JaccIntegrator - Skipping JACC integration as it was not enabled
[DEBUG] 2021-03-01 12:35:05.287 [main] SessionFactoryImpl - Instantiated session factory
[DEBUG] 2021-03-01 12:35:05.287 [main] TypeConfiguration$Scope - Scoping TypeConfiguration [org.hibernate.type.spi.TypeConfiguration@28501a4b] to SessionFactoryImpl [org.hibernate.internal.SessionFactoryImpl@7e72a6cc]
[DEBUG] 2021-03-01 12:35:05.624 [main] ClassLoaderAccessImpl - Not known whether passed class name [entity.User] is safe
[DEBUG] 2021-03-01 12:35:05.628 [main] ClassLoaderAccessImpl - No temp ClassLoader provided; using live ClassLoader for loading potentially unsafe class : entity.User
[DEBUG] 2021-03-01 12:35:05.701 [main] ClassLoaderAccessImpl - Not known whether passed class name [entity.User] is safe
[DEBUG] 2021-03-01 12:35:05.701 [main] ClassLoaderAccessImpl - No temp ClassLoader provided; using live ClassLoader for loading potentially unsafe class : entity.User
[DEBUG] 2021-03-01 12:35:06.916 [main] ClassLoaderAccessImpl - Not known whether passed class name [entity.Genre] is safe
[DEBUG] 2021-03-01 12:35:06.921 [main] ClassLoaderAccessImpl - No temp ClassLoader provided; using live ClassLoader for loading potentially unsafe class : entity.Genre
[DEBUG] 2021-03-01 12:35:06.922 [main] ClassLoaderAccessImpl - Not known whether passed class name [entity.Genre] is safe
[DEBUG] 2021-03-01 12:35:06.922 [main] ClassLoaderAccessImpl - No temp ClassLoader provided; using live ClassLoader for loading potentially unsafe class : entity.Genre
[DEBUG] 2021-03-01 12:35:06.962 [main] ClassLoaderAccessImpl - Not known whether passed class name [entity.Author] is safe
[DEBUG] 2021-03-01 12:35:06.962 [main] ClassLoaderAccessImpl - No temp ClassLoader provided; using live ClassLoader for loading potentially unsafe class : entity.Author
[DEBUG] 2021-03-01 12:35:06.962 [main] ClassLoaderAccessImpl - Not known whether passed class name [entity.Author] is safe
[DEBUG] 2021-03-01 12:35:06.962 [main] ClassLoaderAccessImpl - No temp ClassLoader provided; using live ClassLoader for loading potentially unsafe class : entity.Author
[DEBUG] 2021-03-01 12:35:07.033 [main] ClassLoaderAccessImpl - Not known whether passed class name [entity.Book] is safe
[DEBUG] 2021-03-01 12:35:07.034 [main] ClassLoaderAccessImpl - No temp ClassLoader provided; using live ClassLoader for loading potentially unsafe class : entity.Book
[DEBUG] 2021-03-01 12:35:07.038 [main] ClassLoaderAccessImpl - Not known whether passed class name [entity.Book] is safe
[DEBUG] 2021-03-01 12:35:07.039 [main] ClassLoaderAccessImpl - No temp ClassLoader provided; using live ClassLoader for loading potentially unsafe class : entity.Book
[DEBUG] 2021-03-01 12:35:07.144 [main] AbstractEntityPersister - Static SQL for entity: entity.User
[DEBUG] 2021-03-01 12:35:07.150 [main] AbstractEntityPersister -  Version select: select id from user where id =?
[DEBUG] 2021-03-01 12:35:07.151 [main] AbstractEntityPersister -  Snapshot select: select user_.id, user_.email as email2_3_, user_.first_name as first_na3_3_, user_.last_name as last_nam4_3_, user_.password as password5_3_, user_.username as username6_3_ from user user_ where user_.id=?
[DEBUG] 2021-03-01 12:35:07.151 [main] AbstractEntityPersister -  Insert 0: insert into user (email, first_name, last_name, password, username, id) values (?, ?, ?, ?, ?, ?)
[DEBUG] 2021-03-01 12:35:07.152 [main] AbstractEntityPersister -  Update 0: update user set email=?, first_name=?, last_name=?, password=?, username=? where id=?
[DEBUG] 2021-03-01 12:35:07.152 [main] AbstractEntityPersister -  Delete 0: delete from user where id=?
[DEBUG] 2021-03-01 12:35:07.152 [main] AbstractEntityPersister -  Identity insert: insert into user (email, first_name, last_name, password, username) values (?, ?, ?, ?, ?)
[DEBUG] 2021-03-01 12:35:07.209 [main] QuerySpacesImpl - Adding QuerySpace : uid = <gen:0> -> org.hibernate.loader.plan.build.internal.spaces.EntityQuerySpaceImpl@39941489]
[DEBUG] 2021-03-01 12:35:07.216 [main] MetamodelGraphWalker - Visiting attribute path : email
[DEBUG] 2021-03-01 12:35:07.217 [main] MetamodelGraphWalker - Visiting attribute path : firstName
[DEBUG] 2021-03-01 12:35:07.217 [main] MetamodelGraphWalker - Visiting attribute path : lastName
[DEBUG] 2021-03-01 12:35:07.217 [main] MetamodelGraphWalker - Visiting attribute path : password
[DEBUG] 2021-03-01 12:35:07.217 [main] MetamodelGraphWalker - Visiting attribute path : userName
[DEBUG] 2021-03-01 12:35:07.217 [main] FetchStyleLoadPlanBuildingAssociationVisitationStrategy - Building LoadPlan...
[DEBUG] 2021-03-01 12:35:07.256 [main] LoadQueryJoinAndFetchProcessor - processing queryspace <gen:0>
[DEBUG] 2021-03-01 12:35:07.277 [main] LoadPlanTreePrinter - LoadPlan(entity=entity.User)
    - Returns
       - EntityReturnImpl(entity=entity.User, querySpaceUid=<gen:0>, path=entity.User)
    - QuerySpaces
       - EntityQuerySpaceImpl(uid=<gen:0>, entity=entity.User)
          - SQL table alias mapping - user0_
          - alias suffix - 0_
          - suffixed key columns - {id1_3_0_}

[DEBUG] 2021-03-01 12:35:07.287 [main] EntityLoader - Static select for entity entity.User [NONE]: select user0_.id as id1_3_0_, user0_.email as email2_3_0_, user0_.first_name as first_na3_3_0_, user0_.last_name as last_nam4_3_0_, user0_.password as password5_3_0_, user0_.username as username6_3_0_ from user user0_ where user0_.id=?
[DEBUG] 2021-03-01 12:35:07.293 [main] QuerySpacesImpl - Adding QuerySpace : uid = <gen:0> -> org.hibernate.loader.plan.build.internal.spaces.EntityQuerySpaceImpl@6dce59e]
[DEBUG] 2021-03-01 12:35:07.293 [main] MetamodelGraphWalker - Visiting attribute path : email
[DEBUG] 2021-03-01 12:35:07.293 [main] MetamodelGraphWalker - Visiting attribute path : firstName
[DEBUG] 2021-03-01 12:35:07.293 [main] MetamodelGraphWalker - Visiting attribute path : lastName
[DEBUG] 2021-03-01 12:35:07.293 [main] MetamodelGraphWalker - Visiting attribute path : password
[DEBUG] 2021-03-01 12:35:07.293 [main] MetamodelGraphWalker - Visiting attribute path : userName
[DEBUG] 2021-03-01 12:35:07.293 [main] FetchStyleLoadPlanBuildingAssociationVisitationStrategy - Building LoadPlan...
[DEBUG] 2021-03-01 12:35:07.294 [main] LoadQueryJoinAndFetchProcessor - processing queryspace <gen:0>
[DEBUG] 2021-03-01 12:35:07.296 [main] LoadPlanTreePrinter - LoadPlan(entity=entity.User)
    - Returns
       - EntityReturnImpl(entity=entity.User, querySpaceUid=<gen:0>, path=entity.User)
    - QuerySpaces
       - EntityQuerySpaceImpl(uid=<gen:0>, entity=entity.User)
          - SQL table alias mapping - user0_
          - alias suffix - 0_
          - suffixed key columns - {id1_3_0_}

[DEBUG] 2021-03-01 12:35:07.296 [main] EntityLoader - Static select for entity entity.User [READ]: select user0_.id as id1_3_0_, user0_.email as email2_3_0_, user0_.first_name as first_na3_3_0_, user0_.last_name as last_nam4_3_0_, user0_.password as password5_3_0_, user0_.username as username6_3_0_ from user user0_ where user0_.id=?
[DEBUG] 2021-03-01 12:35:07.334 [main] Loader - Static select for action ACTION_MERGE on entity entity.User: select user0_.id as id1_3_0_, user0_.email as email2_3_0_, user0_.first_name as first_na3_3_0_, user0_.last_name as last_nam4_3_0_, user0_.password as password5_3_0_, user0_.username as username6_3_0_ from user user0_ where user0_.id=?
[DEBUG] 2021-03-01 12:35:07.335 [main] Loader - Static select for action ACTION_REFRESH on entity entity.User: select user0_.id as id1_3_0_, user0_.email as email2_3_0_, user0_.first_name as first_na3_3_0_, user0_.last_name as last_nam4_3_0_, user0_.password as password5_3_0_, user0_.username as username6_3_0_ from user user0_ where user0_.id=?
[DEBUG] 2021-03-01 12:35:07.336 [main] AbstractEntityPersister - Static SQL for entity: entity.Genre
[DEBUG] 2021-03-01 12:35:07.336 [main] AbstractEntityPersister -  Version select: select id from genre where id =?
[DEBUG] 2021-03-01 12:35:07.336 [main] AbstractEntityPersister -  Snapshot select: select genre_.id, genre_.name as name2_2_ from genre genre_ where genre_.id=?
[DEBUG] 2021-03-01 12:35:07.336 [main] AbstractEntityPersister -  Insert 0: insert into genre (name, id) values (?, ?)
[DEBUG] 2021-03-01 12:35:07.336 [main] AbstractEntityPersister -  Update 0: update genre set name=? where id=?
[DEBUG] 2021-03-01 12:35:07.336 [main] AbstractEntityPersister -  Delete 0: delete from genre where id=?
[DEBUG] 2021-03-01 12:35:07.336 [main] AbstractEntityPersister -  Identity insert: insert into genre (name) values (?)
[DEBUG] 2021-03-01 12:35:07.336 [main] QuerySpacesImpl - Adding QuerySpace : uid = <gen:0> -> org.hibernate.loader.plan.build.internal.spaces.EntityQuerySpaceImpl@577536e0]
[DEBUG] 2021-03-01 12:35:07.336 [main] MetamodelGraphWalker - Visiting attribute path : name
[DEBUG] 2021-03-01 12:35:07.336 [main] FetchStyleLoadPlanBuildingAssociationVisitationStrategy - Building LoadPlan...
[DEBUG] 2021-03-01 12:35:07.336 [main] LoadQueryJoinAndFetchProcessor - processing queryspace <gen:0>
[DEBUG] 2021-03-01 12:35:07.337 [main] LoadPlanTreePrinter - LoadPlan(entity=entity.Genre)
    - Returns
       - EntityReturnImpl(entity=entity.Genre, querySpaceUid=<gen:0>, path=entity.Genre)
    - QuerySpaces
       - EntityQuerySpaceImpl(uid=<gen:0>, entity=entity.Genre)
          - SQL table alias mapping - genre0_
          - alias suffix - 0_
          - suffixed key columns - {id1_2_0_}

[DEBUG] 2021-03-01 12:35:07.337 [main] EntityLoader - Static select for entity entity.Genre [NONE]: select genre0_.id as id1_2_0_, genre0_.name as name2_2_0_ from genre genre0_ where genre0_.id=?
[DEBUG] 2021-03-01 12:35:07.345 [main] QuerySpacesImpl - Adding QuerySpace : uid = <gen:0> -> org.hibernate.loader.plan.build.internal.spaces.EntityQuerySpaceImpl@52d3fafd]
[DEBUG] 2021-03-01 12:35:07.346 [main] MetamodelGraphWalker - Visiting attribute path : name
[DEBUG] 2021-03-01 12:35:07.346 [main] FetchStyleLoadPlanBuildingAssociationVisitationStrategy - Building LoadPlan...
[DEBUG] 2021-03-01 12:35:07.347 [main] LoadQueryJoinAndFetchProcessor - processing queryspace <gen:0>
[DEBUG] 2021-03-01 12:35:07.351 [main] LoadPlanTreePrinter - LoadPlan(entity=entity.Genre)
    - Returns
       - EntityReturnImpl(entity=entity.Genre, querySpaceUid=<gen:0>, path=entity.Genre)
    - QuerySpaces
       - EntityQuerySpaceImpl(uid=<gen:0>, entity=entity.Genre)
          - SQL table alias mapping - genre0_
          - alias suffix - 0_
          - suffixed key columns - {id1_2_0_}

[DEBUG] 2021-03-01 12:35:07.351 [main] EntityLoader - Static select for entity entity.Genre [READ]: select genre0_.id as id1_2_0_, genre0_.name as name2_2_0_ from genre genre0_ where genre0_.id=?
[DEBUG] 2021-03-01 12:35:07.352 [main] Loader - Static select for action ACTION_MERGE on entity entity.Genre: select genre0_.id as id1_2_0_, genre0_.name as name2_2_0_ from genre genre0_ where genre0_.id=?
[DEBUG] 2021-03-01 12:35:07.352 [main] Loader - Static select for action ACTION_REFRESH on entity entity.Genre: select genre0_.id as id1_2_0_, genre0_.name as name2_2_0_ from genre genre0_ where genre0_.id=?
[DEBUG] 2021-03-01 12:35:07.357 [main] AbstractEntityPersister - Static SQL for entity: entity.Author
[DEBUG] 2021-03-01 12:35:07.357 [main] AbstractEntityPersister -  Version select: select id from author where id =?
[DEBUG] 2021-03-01 12:35:07.357 [main] AbstractEntityPersister -  Snapshot select: select author_.id, author_.first_name as first_na2_0_, author_.last_name as last_nam3_0_ from author author_ where author_.id=?
[DEBUG] 2021-03-01 12:35:07.357 [main] AbstractEntityPersister -  Insert 0: insert into author (first_name, last_name, id) values (?, ?, ?)
[DEBUG] 2021-03-01 12:35:07.357 [main] AbstractEntityPersister -  Update 0: update author set first_name=?, last_name=? where id=?
[DEBUG] 2021-03-01 12:35:07.357 [main] AbstractEntityPersister -  Delete 0: delete from author where id=?
[DEBUG] 2021-03-01 12:35:07.357 [main] AbstractEntityPersister -  Identity insert: insert into author (first_name, last_name) values (?, ?)
[DEBUG] 2021-03-01 12:35:07.357 [main] QuerySpacesImpl - Adding QuerySpace : uid = <gen:0> -> org.hibernate.loader.plan.build.internal.spaces.EntityQuerySpaceImpl@1376883]
[DEBUG] 2021-03-01 12:35:07.357 [main] MetamodelGraphWalker - Visiting attribute path : firstName
[DEBUG] 2021-03-01 12:35:07.357 [main] MetamodelGraphWalker - Visiting attribute path : lastName
[DEBUG] 2021-03-01 12:35:07.357 [main] FetchStyleLoadPlanBuildingAssociationVisitationStrategy - Building LoadPlan...
[DEBUG] 2021-03-01 12:35:07.357 [main] LoadQueryJoinAndFetchProcessor - processing queryspace <gen:0>
[DEBUG] 2021-03-01 12:35:07.358 [main] LoadPlanTreePrinter - LoadPlan(entity=entity.Author)
    - Returns
       - EntityReturnImpl(entity=entity.Author, querySpaceUid=<gen:0>, path=entity.Author)
    - QuerySpaces
       - EntityQuerySpaceImpl(uid=<gen:0>, entity=entity.Author)
          - SQL table alias mapping - author0_
          - alias suffix - 0_
          - suffixed key columns - {id1_0_0_}

[DEBUG] 2021-03-01 12:35:07.358 [main] EntityLoader - Static select for entity entity.Author [NONE]: select author0_.id as id1_0_0_, author0_.first_name as first_na2_0_0_, author0_.last_name as last_nam3_0_0_ from author author0_ where author0_.id=?
[DEBUG] 2021-03-01 12:35:07.358 [main] QuerySpacesImpl - Adding QuerySpace : uid = <gen:0> -> org.hibernate.loader.plan.build.internal.spaces.EntityQuerySpaceImpl@523a7801]
[DEBUG] 2021-03-01 12:35:07.358 [main] MetamodelGraphWalker - Visiting attribute path : firstName
[DEBUG] 2021-03-01 12:35:07.358 [main] MetamodelGraphWalker - Visiting attribute path : lastName
[DEBUG] 2021-03-01 12:35:07.358 [main] FetchStyleLoadPlanBuildingAssociationVisitationStrategy - Building LoadPlan...
[DEBUG] 2021-03-01 12:35:07.358 [main] LoadQueryJoinAndFetchProcessor - processing queryspace <gen:0>
[DEBUG] 2021-03-01 12:35:07.358 [main] LoadPlanTreePrinter - LoadPlan(entity=entity.Author)
    - Returns
       - EntityReturnImpl(entity=entity.Author, querySpaceUid=<gen:0>, path=entity.Author)
    - QuerySpaces
       - EntityQuerySpaceImpl(uid=<gen:0>, entity=entity.Author)
          - SQL table alias mapping - author0_
          - alias suffix - 0_
          - suffixed key columns - {id1_0_0_}

[DEBUG] 2021-03-01 12:35:07.358 [main] EntityLoader - Static select for entity entity.Author [READ]: select author0_.id as id1_0_0_, author0_.first_name as first_na2_0_0_, author0_.last_name as last_nam3_0_0_ from author author0_ where author0_.id=?
[DEBUG] 2021-03-01 12:35:07.359 [main] Loader - Static select for action ACTION_MERGE on entity entity.Author: select author0_.id as id1_0_0_, author0_.first_name as first_na2_0_0_, author0_.last_name as last_nam3_0_0_ from author author0_ where author0_.id=?
[DEBUG] 2021-03-01 12:35:07.359 [main] Loader - Static select for action ACTION_REFRESH on entity entity.Author: select author0_.id as id1_0_0_, author0_.first_name as first_na2_0_0_, author0_.last_name as last_nam3_0_0_ from author author0_ where author0_.id=?
[DEBUG] 2021-03-01 12:35:07.359 [main] AbstractEntityPersister - Static SQL for entity: entity.Book
[DEBUG] 2021-03-01 12:35:07.359 [main] AbstractEntityPersister -  Version select: select id from book where id =?
[DEBUG] 2021-03-01 12:35:07.359 [main] AbstractEntityPersister -  Snapshot select: select book_.id, book_.author_id as author_i4_1_, book_.genre_id as genre_id5_1_, book_.isbn as isbn2_1_, book_.title as title3_1_, book_.user_id as user_id6_1_ from book book_ where book_.id=?
[DEBUG] 2021-03-01 12:35:07.359 [main] AbstractEntityPersister -  Insert 0: insert into book (author_id, genre_id, isbn, title, user_id, id) values (?, ?, ?, ?, ?, ?)
[DEBUG] 2021-03-01 12:35:07.359 [main] AbstractEntityPersister -  Update 0: update book set author_id=?, genre_id=?, isbn=?, title=?, user_id=? where id=?
[DEBUG] 2021-03-01 12:35:07.359 [main] AbstractEntityPersister -  Delete 0: delete from book where id=?
[DEBUG] 2021-03-01 12:35:07.359 [main] AbstractEntityPersister -  Identity insert: insert into book (author_id, genre_id, isbn, title, user_id) values (?, ?, ?, ?, ?)
[DEBUG] 2021-03-01 12:35:07.359 [main] QuerySpacesImpl - Adding QuerySpace : uid = <gen:0> -> org.hibernate.loader.plan.build.internal.spaces.EntityQuerySpaceImpl@4bc6da03]
[DEBUG] 2021-03-01 12:35:07.369 [main] MetamodelGraphWalker - Visiting attribute path : author
[DEBUG] 2021-03-01 12:35:07.378 [main] QuerySpacesImpl - Adding QuerySpace : uid = <gen:1> -> org.hibernate.loader.plan.build.internal.spaces.EntityQuerySpaceImpl@8f40022]
[DEBUG] 2021-03-01 12:35:07.379 [main] MetamodelGraphWalker - Visiting attribute path : author.firstName
[DEBUG] 2021-03-01 12:35:07.379 [main] MetamodelGraphWalker - Visiting attribute path : author.lastName
[DEBUG] 2021-03-01 12:35:07.379 [main] MetamodelGraphWalker - Visiting attribute path : genre
[DEBUG] 2021-03-01 12:35:07.380 [main] QuerySpacesImpl - Adding QuerySpace : uid = <gen:2> -> org.hibernate.loader.plan.build.internal.spaces.EntityQuerySpaceImpl@151732fb]
[DEBUG] 2021-03-01 12:35:07.380 [main] MetamodelGraphWalker - Visiting attribute path : genre.name
[DEBUG] 2021-03-01 12:35:07.380 [main] MetamodelGraphWalker - Visiting attribute path : isbn
[DEBUG] 2021-03-01 12:35:07.380 [main] MetamodelGraphWalker - Visiting attribute path : title
[DEBUG] 2021-03-01 12:35:07.380 [main] MetamodelGraphWalker - Visiting attribute path : user
[DEBUG] 2021-03-01 12:35:07.380 [main] QuerySpacesImpl - Adding QuerySpace : uid = <gen:3> -> org.hibernate.loader.plan.build.internal.spaces.EntityQuerySpaceImpl@40ed1802]
[DEBUG] 2021-03-01 12:35:07.380 [main] MetamodelGraphWalker - Visiting attribute path : user.email
[DEBUG] 2021-03-01 12:35:07.380 [main] MetamodelGraphWalker - Visiting attribute path : user.firstName
[DEBUG] 2021-03-01 12:35:07.389 [main] MetamodelGraphWalker - Visiting attribute path : user.lastName
[DEBUG] 2021-03-01 12:35:07.390 [main] MetamodelGraphWalker - Visiting attribute path : user.password
[DEBUG] 2021-03-01 12:35:07.390 [main] MetamodelGraphWalker - Visiting attribute path : user.userName
[DEBUG] 2021-03-01 12:35:07.391 [main] FetchStyleLoadPlanBuildingAssociationVisitationStrategy - Building LoadPlan...
[DEBUG] 2021-03-01 12:35:07.391 [main] LoadQueryJoinAndFetchProcessor - processing queryspace <gen:0>
[DEBUG] 2021-03-01 12:35:07.402 [main] LoadPlanTreePrinter - LoadPlan(entity=entity.Book)
    - Returns
       - EntityReturnImpl(entity=entity.Book, querySpaceUid=<gen:0>, path=entity.Book)
          - EntityAttributeFetchImpl(entity=entity.Author, querySpaceUid=<gen:1>, path=entity.Book.author)
          - EntityAttributeFetchImpl(entity=entity.Genre, querySpaceUid=<gen:2>, path=entity.Book.genre)
          - EntityAttributeFetchImpl(entity=entity.User, querySpaceUid=<gen:3>, path=entity.Book.user)
    - QuerySpaces
       - EntityQuerySpaceImpl(uid=<gen:0>, entity=entity.Book)
          - SQL table alias mapping - book0_
          - alias suffix - 0_
          - suffixed key columns - {id1_1_0_}
          - JOIN (JoinDefinedByMetadata(author)) : <gen:0> -> <gen:1>
             - EntityQuerySpaceImpl(uid=<gen:1>, entity=entity.Author)
                - SQL table alias mapping - author1_
                - alias suffix - 1_
                - suffixed key columns - {id1_0_1_}
          - JOIN (JoinDefinedByMetadata(genre)) : <gen:0> -> <gen:2>
             - EntityQuerySpaceImpl(uid=<gen:2>, entity=entity.Genre)
                - SQL table alias mapping - genre2_
                - alias suffix - 2_
                - suffixed key columns - {id1_2_2_}
          - JOIN (JoinDefinedByMetadata(user)) : <gen:0> -> <gen:3>
             - EntityQuerySpaceImpl(uid=<gen:3>, entity=entity.User)
                - SQL table alias mapping - user3_
                - alias suffix - 3_
                - suffixed key columns - {id1_3_3_}

[DEBUG] 2021-03-01 12:35:07.402 [main] EntityLoader - Static select for entity entity.Book [NONE]: select book0_.id as id1_1_0_, book0_.author_id as author_i4_1_0_, book0_.genre_id as genre_id5_1_0_, book0_.isbn as isbn2_1_0_, book0_.title as title3_1_0_, book0_.user_id as user_id6_1_0_, author1_.id as id1_0_1_, author1_.first_name as first_na2_0_1_, author1_.last_name as last_nam3_0_1_, genre2_.id as id1_2_2_, genre2_.name as name2_2_2_, user3_.id as id1_3_3_, user3_.email as email2_3_3_, user3_.first_name as first_na3_3_3_, user3_.last_name as last_nam4_3_3_, user3_.password as password5_3_3_, user3_.username as username6_3_3_ from book book0_ left outer join author author1_ on book0_.author_id=author1_.id left outer join genre genre2_ on book0_.genre_id=genre2_.id left outer join user user3_ on book0_.user_id=user3_.id where book0_.id=?
[DEBUG] 2021-03-01 12:35:07.403 [main] QuerySpacesImpl - Adding QuerySpace : uid = <gen:0> -> org.hibernate.loader.plan.build.internal.spaces.EntityQuerySpaceImpl@29079032]
[DEBUG] 2021-03-01 12:35:07.404 [main] MetamodelGraphWalker - Visiting attribute path : author
[DEBUG] 2021-03-01 12:35:07.404 [main] QuerySpacesImpl - Adding QuerySpace : uid = <gen:1> -> org.hibernate.loader.plan.build.internal.spaces.EntityQuerySpaceImpl@776015fc]
[DEBUG] 2021-03-01 12:35:07.404 [main] MetamodelGraphWalker - Visiting attribute path : author.firstName
[DEBUG] 2021-03-01 12:35:07.404 [main] MetamodelGraphWalker - Visiting attribute path : author.lastName
[DEBUG] 2021-03-01 12:35:07.404 [main] MetamodelGraphWalker - Visiting attribute path : genre
[DEBUG] 2021-03-01 12:35:07.405 [main] QuerySpacesImpl - Adding QuerySpace : uid = <gen:2> -> org.hibernate.loader.plan.build.internal.spaces.EntityQuerySpaceImpl@6ad179b4]
[DEBUG] 2021-03-01 12:35:07.405 [main] MetamodelGraphWalker - Visiting attribute path : genre.name
[DEBUG] 2021-03-01 12:35:07.405 [main] MetamodelGraphWalker - Visiting attribute path : isbn
[DEBUG] 2021-03-01 12:35:07.405 [main] MetamodelGraphWalker - Visiting attribute path : title
[DEBUG] 2021-03-01 12:35:07.405 [main] MetamodelGraphWalker - Visiting attribute path : user
[DEBUG] 2021-03-01 12:35:07.405 [main] QuerySpacesImpl - Adding QuerySpace : uid = <gen:3> -> org.hibernate.loader.plan.build.internal.spaces.EntityQuerySpaceImpl@59c500f7]
[DEBUG] 2021-03-01 12:35:07.405 [main] MetamodelGraphWalker - Visiting attribute path : user.email
[DEBUG] 2021-03-01 12:35:07.405 [main] MetamodelGraphWalker - Visiting attribute path : user.firstName
[DEBUG] 2021-03-01 12:35:07.405 [main] MetamodelGraphWalker - Visiting attribute path : user.lastName
[DEBUG] 2021-03-01 12:35:07.405 [main] MetamodelGraphWalker - Visiting attribute path : user.password
[DEBUG] 2021-03-01 12:35:07.405 [main] MetamodelGraphWalker - Visiting attribute path : user.userName
[DEBUG] 2021-03-01 12:35:07.405 [main] FetchStyleLoadPlanBuildingAssociationVisitationStrategy - Building LoadPlan...
[DEBUG] 2021-03-01 12:35:07.413 [main] LoadQueryJoinAndFetchProcessor - processing queryspace <gen:0>
[DEBUG] 2021-03-01 12:35:07.416 [main] LoadPlanTreePrinter - LoadPlan(entity=entity.Book)
    - Returns
       - EntityReturnImpl(entity=entity.Book, querySpaceUid=<gen:0>, path=entity.Book)
          - EntityAttributeFetchImpl(entity=entity.Author, querySpaceUid=<gen:1>, path=entity.Book.author)
          - EntityAttributeFetchImpl(entity=entity.Genre, querySpaceUid=<gen:2>, path=entity.Book.genre)
          - EntityAttributeFetchImpl(entity=entity.User, querySpaceUid=<gen:3>, path=entity.Book.user)
    - QuerySpaces
       - EntityQuerySpaceImpl(uid=<gen:0>, entity=entity.Book)
          - SQL table alias mapping - book0_
          - alias suffix - 0_
          - suffixed key columns - {id1_1_0_}
          - JOIN (JoinDefinedByMetadata(author)) : <gen:0> -> <gen:1>
             - EntityQuerySpaceImpl(uid=<gen:1>, entity=entity.Author)
                - SQL table alias mapping - author1_
                - alias suffix - 1_
                - suffixed key columns - {id1_0_1_}
          - JOIN (JoinDefinedByMetadata(genre)) : <gen:0> -> <gen:2>
             - EntityQuerySpaceImpl(uid=<gen:2>, entity=entity.Genre)
                - SQL table alias mapping - genre2_
                - alias suffix - 2_
                - suffixed key columns - {id1_2_2_}
          - JOIN (JoinDefinedByMetadata(user)) : <gen:0> -> <gen:3>
             - EntityQuerySpaceImpl(uid=<gen:3>, entity=entity.User)
                - SQL table alias mapping - user3_
                - alias suffix - 3_
                - suffixed key columns - {id1_3_3_}

[DEBUG] 2021-03-01 12:35:07.417 [main] EntityLoader - Static select for entity entity.Book [READ]: select book0_.id as id1_1_0_, book0_.author_id as author_i4_1_0_, book0_.genre_id as genre_id5_1_0_, book0_.isbn as isbn2_1_0_, book0_.title as title3_1_0_, book0_.user_id as user_id6_1_0_, author1_.id as id1_0_1_, author1_.first_name as first_na2_0_1_, author1_.last_name as last_nam3_0_1_, genre2_.id as id1_2_2_, genre2_.name as name2_2_2_, user3_.id as id1_3_3_, user3_.email as email2_3_3_, user3_.first_name as first_na3_3_3_, user3_.last_name as last_nam4_3_3_, user3_.password as password5_3_3_, user3_.username as username6_3_3_ from book book0_ left outer join author author1_ on book0_.author_id=author1_.id left outer join genre genre2_ on book0_.genre_id=genre2_.id left outer join user user3_ on book0_.user_id=user3_.id where book0_.id=?
[DEBUG] 2021-03-01 12:35:07.419 [main] Loader - Static select for action ACTION_MERGE on entity entity.Book: select book0_.id as id1_1_0_, book0_.author_id as author_i4_1_0_, book0_.genre_id as genre_id5_1_0_, book0_.isbn as isbn2_1_0_, book0_.title as title3_1_0_, book0_.user_id as user_id6_1_0_ from book book0_ where book0_.id=?
[DEBUG] 2021-03-01 12:35:07.420 [main] Loader - Static select for action ACTION_REFRESH on entity entity.Book: select book0_.id as id1_1_0_, book0_.author_id as author_i4_1_0_, book0_.genre_id as genre_id5_1_0_, book0_.isbn as isbn2_1_0_, book0_.title as title3_1_0_, book0_.user_id as user_id6_1_0_ from book book0_ where book0_.id=?
[DEBUG] 2021-03-01 12:35:07.495 [main] SchemaManagementToolCoordinator - No actions specified; doing nothing
[DEBUG] 2021-03-01 12:35:07.495 [main] JtaPlatformInitiator - No JtaPlatform was specified, checking resolver
[DEBUG] 2021-03-01 12:35:07.496 [main] JtaPlatformResolverInitiator - No JtaPlatformResolver was specified, using default [org.hibernate.engine.transaction.jta.platform.internal.StandardJtaPlatformResolver]
[DEBUG] 2021-03-01 12:35:07.516 [main] StandardJtaPlatformResolver - Could not resolve JtaPlatform, using default [org.hibernate.engine.transaction.jta.platform.internal.NoJtaPlatform]
[INFO ] 2021-03-01 12:35:07.516 [main] JtaPlatformInitiator - HHH000490: Using JtaPlatform implementation: [org.hibernate.engine.transaction.jta.platform.internal.NoJtaPlatform]
[DEBUG] 2021-03-01 12:35:07.517 [main] NamedQueryRepository - Checking 0 named HQL queries
[DEBUG] 2021-03-01 12:35:07.521 [main] NamedQueryRepository - Checking 0 named SQL queries
[DEBUG] 2021-03-01 12:35:07.533 [main] SessionFactoryRegistry - Initializing SessionFactoryRegistry : org.hibernate.internal.SessionFactoryRegistry@1283ca23
[DEBUG] 2021-03-01 12:35:07.535 [main] SessionFactoryRegistry - Registering SessionFactory: 55f41578-1ca4-415f-8523-c4efee8f5ede (<unnamed>)
[DEBUG] 2021-03-01 12:35:07.535 [main] SessionFactoryRegistry - Not binding SessionFactory to JNDI, no JNDI name configured
[DEBUG] 2021-03-01 12:35:07.816 [main] StatisticsInitiator - Statistics initialized [enabled=false]
[DEBUG] 2021-03-01 12:35:07.843 [main] CriteriaQueryImpl - Rendered criteria query -> select generatedAlias0 from Book as generatedAlias0
[DEBUG] 2021-03-01 12:35:07.870 [main] QueryTranslatorFactoryInitiator - QueryTranslatorFactory: org.hibernate.hql.internal.ast.ASTQueryTranslatorFactory@474749b8
[DEBUG] 2021-03-01 12:35:07.902 [main] QueryTranslatorImpl - parse() - HQL: select generatedAlias0 from entity.Book as generatedAlias0
[DEBUG] 2021-03-01 12:35:07.910 [main] ErrorTracker - throwQueryException() : no errors
[DEBUG] 2021-03-01 12:35:07.935 [main] QueryTranslatorImpl - --- HQL AST ---
 \-[QUERY] Node: 'query'
    \-[SELECT_FROM] Node: 'SELECT_FROM'
       +-[FROM] Node: 'from'
       |  \-[RANGE] Node: 'RANGE'
       |     +-[DOT] Node: '.'
       |     |  +-[IDENT] Node: 'entity'
       |     |  \-[IDENT] Node: 'Book'
       |     \-[ALIAS] Node: 'generatedAlias0'
       \-[SELECT] Node: 'select'
          \-[IDENT] Node: 'generatedAlias0'

[DEBUG] 2021-03-01 12:35:07.975 [main] HqlSqlBaseWalker - select << begin [level=1, statement=select]
[DEBUG] 2021-03-01 12:35:08.005 [main] FromElement - FromClause{level=1} : entity.Book (generatedAlias0) -> book0_
[DEBUG] 2021-03-01 12:35:08.007 [main] FromReferenceNode - Resolved : generatedAlias0 -> book0_.id
[DEBUG] 2021-03-01 12:35:08.009 [main] HqlSqlBaseWalker - select : finishing up [level=1, statement=select]
[DEBUG] 2021-03-01 12:35:08.009 [main] HqlSqlWalker - processQuery() :  ( SELECT ( {select clause} book0_.id ) ( FromClause{level=1} book book0_ ) )
[DEBUG] 2021-03-01 12:35:08.027 [main] JoinProcessor - Using FROM fragment [book book0_]
[DEBUG] 2021-03-01 12:35:08.028 [main] HqlSqlBaseWalker - select >> end [level=1, statement=select]
[DEBUG] 2021-03-01 12:35:08.028 [main] QueryTranslatorImpl - --- SQL AST ---
 \-[SELECT] QueryNode: 'SELECT'  querySpaces (book)
    +-[SELECT_CLAUSE] SelectClause: '{select clause}'
    |  +-[ALIAS_REF] IdentNode: 'book0_.id as id1_1_' {alias=generatedAlias0, className=entity.Book, tableAlias=book0_}
    |  \-[SQL_TOKEN] SqlFragment: 'book0_.author_id as author_i4_1_, book0_.genre_id as genre_id5_1_, book0_.isbn as isbn2_1_, book0_.title as title3_1_, book0_.user_id as user_id6_1_'
    \-[FROM] FromClause: 'from' FromClause{level=1, fromElementCounter=1, fromElements=1, fromElementByClassAlias=[generatedAlias0], fromElementByTableAlias=[book0_], fromElementsByPath=[], collectionJoinFromElementsByPath=[], impliedElements=[]}
       \-[FROM_FRAGMENT] FromElement: 'book book0_' FromElement{explicit,not a collection join,not a fetch join,fetch non-lazy properties,classAlias=generatedAlias0,role=null,tableName=book,tableAlias=book0_,origin=null,columns={,className=entity.Book}}

[DEBUG] 2021-03-01 12:35:08.028 [main] ErrorTracker - throwQueryException() : no errors
[DEBUG] 2021-03-01 12:35:08.039 [main] QueryTranslatorImpl - HQL: select generatedAlias0 from entity.Book as generatedAlias0
[DEBUG] 2021-03-01 12:35:08.039 [main] QueryTranslatorImpl - SQL: select book0_.id as id1_1_, book0_.author_id as author_i4_1_, book0_.genre_id as genre_id5_1_, book0_.isbn as isbn2_1_, book0_.title as title3_1_, book0_.user_id as user_id6_1_ from book book0_
[DEBUG] 2021-03-01 12:35:08.039 [main] ErrorTracker - throwQueryException() : no errors
[DEBUG] 2021-03-01 12:35:08.073 [main] SQL - select book0_.id as id1_1_, book0_.author_id as author_i4_1_, book0_.genre_id as genre_id5_1_, book0_.isbn as isbn2_1_, book0_.title as title3_1_, book0_.user_id as user_id6_1_ from book book0_
[DEBUG] 2021-03-01 12:35:08.108 [main] Loader - Result set row: 0
[DEBUG] 2021-03-01 12:35:08.111 [main] Loader - Result row: EntityKey[entity.Book#1]
[DEBUG] 2021-03-01 12:35:08.128 [main] TwoPhaseLoad - Resolving attributes for [entity.Book#1]
[DEBUG] 2021-03-01 12:35:08.129 [main] TwoPhaseLoad - Processing attribute `author` : value = 1
[DEBUG] 2021-03-01 12:35:08.129 [main] TwoPhaseLoad - Attribute (`author`)  - enhanced for lazy-loading? - false
[DEBUG] 2021-03-01 12:35:08.136 [main] SQL - select author0_.id as id1_0_0_, author0_.first_name as first_na2_0_0_, author0_.last_name as last_nam3_0_0_ from author author0_ where author0_.id=?
[DEBUG] 2021-03-01 12:35:08.147 [main] ResultSetProcessorImpl - Starting ResultSet row #0
[DEBUG] 2021-03-01 12:35:08.148 [main] EntityReferenceInitializerImpl - On call to EntityIdentifierReaderImpl#resolve, EntityKey was already known; should only happen on root returns with an optional identifier specified
[DEBUG] 2021-03-01 12:35:08.149 [main] TwoPhaseLoad - Resolving attributes for [entity.Author#1]
[DEBUG] 2021-03-01 12:35:08.149 [main] TwoPhaseLoad - Processing attribute `firstName` : value = Sarah J.
[DEBUG] 2021-03-01 12:35:08.149 [main] TwoPhaseLoad - Attribute (`firstName`)  - enhanced for lazy-loading? - false
[DEBUG] 2021-03-01 12:35:08.150 [main] TwoPhaseLoad - Processing attribute `lastName` : value = Maas
[DEBUG] 2021-03-01 12:35:08.150 [main] TwoPhaseLoad - Attribute (`lastName`)  - enhanced for lazy-loading? - false
[DEBUG] 2021-03-01 12:35:08.150 [main] TwoPhaseLoad - Done materializing entity [entity.Author#1]
[DEBUG] 2021-03-01 12:35:08.151 [main] ResourceRegistryStandardImpl - HHH000387: ResultSet's statement was not registered
[DEBUG] 2021-03-01 12:35:08.154 [main] AbstractLoadPlanBasedEntityLoader - Done entity load : entity.Author#1
[DEBUG] 2021-03-01 12:35:08.154 [main] TwoPhaseLoad - Processing attribute `genre` : value = 1
[DEBUG] 2021-03-01 12:35:08.154 [main] TwoPhaseLoad - Attribute (`genre`)  - enhanced for lazy-loading? - false
[DEBUG] 2021-03-01 12:35:08.154 [main] SQL - select genre0_.id as id1_2_0_, genre0_.name as name2_2_0_ from genre genre0_ where genre0_.id=?
[DEBUG] 2021-03-01 12:35:08.161 [main] ResultSetProcessorImpl - Starting ResultSet row #0
[DEBUG] 2021-03-01 12:35:08.161 [main] EntityReferenceInitializerImpl - On call to EntityIdentifierReaderImpl#resolve, EntityKey was already known; should only happen on root returns with an optional identifier specified
[DEBUG] 2021-03-01 12:35:08.163 [main] TwoPhaseLoad - Resolving attributes for [entity.Genre#1]
[DEBUG] 2021-03-01 12:35:08.163 [main] TwoPhaseLoad - Processing attribute `name` : value = Young Adult
[DEBUG] 2021-03-01 12:35:08.164 [main] TwoPhaseLoad - Attribute (`name`)  - enhanced for lazy-loading? - false
[DEBUG] 2021-03-01 12:35:08.167 [main] TwoPhaseLoad - Done materializing entity [entity.Genre#1]
[DEBUG] 2021-03-01 12:35:08.167 [main] ResourceRegistryStandardImpl - HHH000387: ResultSet's statement was not registered
[DEBUG] 2021-03-01 12:35:08.167 [main] AbstractLoadPlanBasedEntityLoader - Done entity load : entity.Genre#1
[DEBUG] 2021-03-01 12:35:08.167 [main] TwoPhaseLoad - Processing attribute `isbn` : value = 978-1408857861
[DEBUG] 2021-03-01 12:35:08.167 [main] TwoPhaseLoad - Attribute (`isbn`)  - enhanced for lazy-loading? - false
[DEBUG] 2021-03-01 12:35:08.170 [main] TwoPhaseLoad - Processing attribute `title` : value = A Court Of Thorns and Roses
[DEBUG] 2021-03-01 12:35:08.170 [main] TwoPhaseLoad - Attribute (`title`)  - enhanced for lazy-loading? - false
[DEBUG] 2021-03-01 12:35:08.170 [main] TwoPhaseLoad - Processing attribute `user` : value = 1
[DEBUG] 2021-03-01 12:35:08.171 [main] TwoPhaseLoad - Attribute (`user`)  - enhanced for lazy-loading? - false
[DEBUG] 2021-03-01 12:35:08.171 [main] SQL - select user0_.id as id1_3_0_, user0_.email as email2_3_0_, user0_.first_name as first_na3_3_0_, user0_.last_name as last_nam4_3_0_, user0_.password as password5_3_0_, user0_.username as username6_3_0_ from user user0_ where user0_.id=?
[DEBUG] 2021-03-01 12:35:08.174 [main] ResultSetProcessorImpl - Starting ResultSet row #0
[DEBUG] 2021-03-01 12:35:08.175 [main] EntityReferenceInitializerImpl - On call to EntityIdentifierReaderImpl#resolve, EntityKey was already known; should only happen on root returns with an optional identifier specified
[DEBUG] 2021-03-01 12:35:08.178 [main] TwoPhaseLoad - Resolving attributes for [entity.User#1]
[DEBUG] 2021-03-01 12:35:08.178 [main] TwoPhaseLoad - Processing attribute `email` : value = email@something.com
[DEBUG] 2021-03-01 12:35:08.178 [main] TwoPhaseLoad - Attribute (`email`)  - enhanced for lazy-loading? - false
[DEBUG] 2021-03-01 12:35:08.178 [main] TwoPhaseLoad - Processing attribute `firstName` : value = LeeAnn
[DEBUG] 2021-03-01 12:35:08.178 [main] TwoPhaseLoad - Attribute (`firstName`)  - enhanced for lazy-loading? - false
[DEBUG] 2021-03-01 12:35:08.178 [main] TwoPhaseLoad - Processing attribute `lastName` : value = Jakel
[DEBUG] 2021-03-01 12:35:08.179 [main] TwoPhaseLoad - Attribute (`lastName`)  - enhanced for lazy-loading? - false
[DEBUG] 2021-03-01 12:35:08.179 [main] TwoPhaseLoad - Processing attribute `password` : value = password
[DEBUG] 2021-03-01 12:35:08.179 [main] TwoPhaseLoad - Attribute (`password`)  - enhanced for lazy-loading? - false
[DEBUG] 2021-03-01 12:35:08.179 [main] TwoPhaseLoad - Processing attribute `userName` : value = ljakel
[DEBUG] 2021-03-01 12:35:08.179 [main] TwoPhaseLoad - Attribute (`userName`)  - enhanced for lazy-loading? - false
[DEBUG] 2021-03-01 12:35:08.179 [main] TwoPhaseLoad - Done materializing entity [entity.User#1]
[DEBUG] 2021-03-01 12:35:08.179 [main] ResourceRegistryStandardImpl - HHH000387: ResultSet's statement was not registered
[DEBUG] 2021-03-01 12:35:08.179 [main] AbstractLoadPlanBasedEntityLoader - Done entity load : entity.User#1
[DEBUG] 2021-03-01 12:35:08.179 [main] TwoPhaseLoad - Done materializing entity [entity.Book#1]
[DEBUG] 2021-03-01 12:35:08.180 [main] LogicalConnectionManagedImpl - Initiating JDBC connection release from afterTransaction
