[DEBUG] 2021-03-22 13:07:53.483 [main] IntegratorServiceImpl - Adding Integrator [org.hibernate.cfg.beanvalidation.BeanValidationIntegrator].
[DEBUG] 2021-03-22 13:07:53.580 [main] IntegratorServiceImpl - Adding Integrator [org.hibernate.secure.spi.JaccIntegrator].
[DEBUG] 2021-03-22 13:07:53.637 [main] IntegratorServiceImpl - Adding Integrator [org.hibernate.cache.internal.CollectionCacheInvalidator].
[INFO ] 2021-03-22 13:07:54.283 [main] Version - HHH000412: Hibernate Core {5.4.4.Final}
[DEBUG] 2021-03-22 13:07:54.296 [main] Environment - HHH000206: hibernate.properties not found
[DEBUG] 2021-03-22 13:07:55.650 [main] LocalXmlResourceResolver - Interpreting public/system identifier : [-//Hibernate/Hibernate Configuration DTD//EN] - [http://www.hibernate.org/dtd/hibernate-configuration-3.0.dtd]
[DEBUG] 2021-03-22 13:07:55.661 [main] LocalXmlResourceResolver - Recognized hibernate-configuration identifier; attempting to resolve on classpath under org/hibernate/
[DEBUG] 2021-03-22 13:07:55.695 [main] JaxbCfgProcessor - cfg.xml document did not define namespaces; wrapping in custom event reader to introduce namespace information
[DEBUG] 2021-03-22 13:07:56.678 [main] ServiceBinding - Overriding existing service binding [org.hibernate.secure.spi.JaccService]
[DEBUG] 2021-03-22 13:07:56.760 [main] RegionFactoryInitiator - Cannot default RegionFactory based on registered strategies as `[]` RegionFactory strategies were registered
[DEBUG] 2021-03-22 13:07:56.762 [main] RegionFactoryInitiator - Cache region factory : org.hibernate.cache.internal.NoCachingRegionFactory
[INFO ] 2021-03-22 13:07:56.873 [main] Version - HCANN000001: Hibernate Commons Annotations {5.1.0.Final}
[DEBUG] 2021-03-22 13:07:57.003 [main] BasicTypeRegistry - Adding type registration boolean -> org.hibernate.type.BooleanType@7a2b1eb4
[DEBUG] 2021-03-22 13:07:57.009 [main] BasicTypeRegistry - Adding type registration boolean -> org.hibernate.type.BooleanType@7a2b1eb4
[DEBUG] 2021-03-22 13:07:57.010 [main] BasicTypeRegistry - Adding type registration java.lang.Boolean -> org.hibernate.type.BooleanType@7a2b1eb4
[DEBUG] 2021-03-22 13:07:57.011 [main] BasicTypeRegistry - Adding type registration numeric_boolean -> org.hibernate.type.NumericBooleanType@23f3dbf0
[DEBUG] 2021-03-22 13:07:57.012 [main] BasicTypeRegistry - Adding type registration true_false -> org.hibernate.type.TrueFalseType@37303f12
[DEBUG] 2021-03-22 13:07:57.013 [main] BasicTypeRegistry - Adding type registration yes_no -> org.hibernate.type.YesNoType@165e389b
[DEBUG] 2021-03-22 13:07:57.014 [main] BasicTypeRegistry - Adding type registration byte -> org.hibernate.type.ByteType@7a34f66a
[DEBUG] 2021-03-22 13:07:57.020 [main] BasicTypeRegistry - Adding type registration byte -> org.hibernate.type.ByteType@7a34f66a
[DEBUG] 2021-03-22 13:07:57.020 [main] BasicTypeRegistry - Adding type registration java.lang.Byte -> org.hibernate.type.ByteType@7a34f66a
[DEBUG] 2021-03-22 13:07:57.023 [main] BasicTypeRegistry - Adding type registration character -> org.hibernate.type.CharacterType@2459319c
[DEBUG] 2021-03-22 13:07:57.028 [main] BasicTypeRegistry - Adding type registration char -> org.hibernate.type.CharacterType@2459319c
[DEBUG] 2021-03-22 13:07:57.029 [main] BasicTypeRegistry - Adding type registration java.lang.Character -> org.hibernate.type.CharacterType@2459319c
[DEBUG] 2021-03-22 13:07:57.031 [main] BasicTypeRegistry - Adding type registration short -> org.hibernate.type.ShortType@7808f638
[DEBUG] 2021-03-22 13:07:57.031 [main] BasicTypeRegistry - Adding type registration short -> org.hibernate.type.ShortType@7808f638
[DEBUG] 2021-03-22 13:07:57.031 [main] BasicTypeRegistry - Adding type registration java.lang.Short -> org.hibernate.type.ShortType@7808f638
[DEBUG] 2021-03-22 13:07:57.033 [main] BasicTypeRegistry - Adding type registration integer -> org.hibernate.type.IntegerType@3db663d0
[DEBUG] 2021-03-22 13:07:57.041 [main] BasicTypeRegistry - Adding type registration int -> org.hibernate.type.IntegerType@3db663d0
[DEBUG] 2021-03-22 13:07:57.043 [main] BasicTypeRegistry - Adding type registration java.lang.Integer -> org.hibernate.type.IntegerType@3db663d0
[DEBUG] 2021-03-22 13:07:57.045 [main] BasicTypeRegistry - Adding type registration long -> org.hibernate.type.LongType@5524b72f
[DEBUG] 2021-03-22 13:07:57.046 [main] BasicTypeRegistry - Adding type registration long -> org.hibernate.type.LongType@5524b72f
[DEBUG] 2021-03-22 13:07:57.046 [main] BasicTypeRegistry - Adding type registration java.lang.Long -> org.hibernate.type.LongType@5524b72f
[DEBUG] 2021-03-22 13:07:57.047 [main] BasicTypeRegistry - Adding type registration float -> org.hibernate.type.FloatType@4e6f2bb5
[DEBUG] 2021-03-22 13:07:57.048 [main] BasicTypeRegistry - Adding type registration float -> org.hibernate.type.FloatType@4e6f2bb5
[DEBUG] 2021-03-22 13:07:57.048 [main] BasicTypeRegistry - Adding type registration java.lang.Float -> org.hibernate.type.FloatType@4e6f2bb5
[DEBUG] 2021-03-22 13:07:57.054 [main] BasicTypeRegistry - Adding type registration double -> org.hibernate.type.DoubleType@6cd166b8
[DEBUG] 2021-03-22 13:07:57.054 [main] BasicTypeRegistry - Adding type registration double -> org.hibernate.type.DoubleType@6cd166b8
[DEBUG] 2021-03-22 13:07:57.056 [main] BasicTypeRegistry - Adding type registration java.lang.Double -> org.hibernate.type.DoubleType@6cd166b8
[DEBUG] 2021-03-22 13:07:57.057 [main] BasicTypeRegistry - Adding type registration big_decimal -> org.hibernate.type.BigDecimalType@3abfe845
[DEBUG] 2021-03-22 13:07:57.057 [main] BasicTypeRegistry - Adding type registration java.math.BigDecimal -> org.hibernate.type.BigDecimalType@3abfe845
[DEBUG] 2021-03-22 13:07:57.058 [main] BasicTypeRegistry - Adding type registration big_integer -> org.hibernate.type.BigIntegerType@24b4d544
[DEBUG] 2021-03-22 13:07:57.058 [main] BasicTypeRegistry - Adding type registration java.math.BigInteger -> org.hibernate.type.BigIntegerType@24b4d544
[DEBUG] 2021-03-22 13:07:57.059 [main] BasicTypeRegistry - Adding type registration string -> org.hibernate.type.StringType@3a230001
[DEBUG] 2021-03-22 13:07:57.060 [main] BasicTypeRegistry - Adding type registration java.lang.String -> org.hibernate.type.StringType@3a230001
[DEBUG] 2021-03-22 13:07:57.060 [main] BasicTypeRegistry - Adding type registration nstring -> org.hibernate.type.StringNVarcharType@249e0271
[DEBUG] 2021-03-22 13:07:57.064 [main] BasicTypeRegistry - Adding type registration ncharacter -> org.hibernate.type.CharacterNCharType@78525ef9
[DEBUG] 2021-03-22 13:07:57.066 [main] BasicTypeRegistry - Adding type registration url -> org.hibernate.type.UrlType@350a94ce
[DEBUG] 2021-03-22 13:07:57.066 [main] BasicTypeRegistry - Adding type registration java.net.URL -> org.hibernate.type.UrlType@350a94ce
[DEBUG] 2021-03-22 13:07:57.071 [main] BasicTypeRegistry - Adding type registration Duration -> org.hibernate.type.DurationType@5fbdc49b
[DEBUG] 2021-03-22 13:07:57.073 [main] BasicTypeRegistry - Adding type registration java.time.Duration -> org.hibernate.type.DurationType@5fbdc49b
[DEBUG] 2021-03-22 13:07:57.087 [main] BasicTypeRegistry - Adding type registration Instant -> org.hibernate.type.InstantType@4339e0de
[DEBUG] 2021-03-22 13:07:57.094 [main] BasicTypeRegistry - Adding type registration java.time.Instant -> org.hibernate.type.InstantType@4339e0de
[DEBUG] 2021-03-22 13:07:57.097 [main] BasicTypeRegistry - Adding type registration LocalDateTime -> org.hibernate.type.LocalDateTimeType@27b2faa6
[DEBUG] 2021-03-22 13:07:57.097 [main] BasicTypeRegistry - Adding type registration java.time.LocalDateTime -> org.hibernate.type.LocalDateTimeType@27b2faa6
[DEBUG] 2021-03-22 13:07:57.105 [main] BasicTypeRegistry - Adding type registration LocalDate -> org.hibernate.type.LocalDateType@75a118e6
[DEBUG] 2021-03-22 13:07:57.106 [main] BasicTypeRegistry - Adding type registration java.time.LocalDate -> org.hibernate.type.LocalDateType@75a118e6
[DEBUG] 2021-03-22 13:07:57.109 [main] BasicTypeRegistry - Adding type registration LocalTime -> org.hibernate.type.LocalTimeType@6bda1d19
[DEBUG] 2021-03-22 13:07:57.112 [main] BasicTypeRegistry - Adding type registration java.time.LocalTime -> org.hibernate.type.LocalTimeType@6bda1d19
[DEBUG] 2021-03-22 13:07:57.115 [main] BasicTypeRegistry - Adding type registration OffsetDateTime -> org.hibernate.type.OffsetDateTimeType@6794ac0b
[DEBUG] 2021-03-22 13:07:57.115 [main] BasicTypeRegistry - Adding type registration java.time.OffsetDateTime -> org.hibernate.type.OffsetDateTimeType@6794ac0b
[DEBUG] 2021-03-22 13:07:57.121 [main] BasicTypeRegistry - Adding type registration OffsetTime -> org.hibernate.type.OffsetTimeType@46a953cf
[DEBUG] 2021-03-22 13:07:57.122 [main] BasicTypeRegistry - Adding type registration java.time.OffsetTime -> org.hibernate.type.OffsetTimeType@46a953cf
[DEBUG] 2021-03-22 13:07:57.124 [main] BasicTypeRegistry - Adding type registration ZonedDateTime -> org.hibernate.type.ZonedDateTimeType@680a66dd
[DEBUG] 2021-03-22 13:07:57.126 [main] BasicTypeRegistry - Adding type registration java.time.ZonedDateTime -> org.hibernate.type.ZonedDateTimeType@680a66dd
[DEBUG] 2021-03-22 13:07:57.128 [main] BasicTypeRegistry - Adding type registration date -> org.hibernate.type.DateType@7942a854
[DEBUG] 2021-03-22 13:07:57.133 [main] BasicTypeRegistry - Adding type registration java.sql.Date -> org.hibernate.type.DateType@7942a854
[DEBUG] 2021-03-22 13:07:57.136 [main] BasicTypeRegistry - Adding type registration time -> org.hibernate.type.TimeType@288214b1
[DEBUG] 2021-03-22 13:07:57.136 [main] BasicTypeRegistry - Adding type registration java.sql.Time -> org.hibernate.type.TimeType@288214b1
[DEBUG] 2021-03-22 13:07:57.142 [main] BasicTypeRegistry - Adding type registration timestamp -> org.hibernate.type.TimestampType@6e33fcae
[DEBUG] 2021-03-22 13:07:57.143 [main] BasicTypeRegistry - Adding type registration java.sql.Timestamp -> org.hibernate.type.TimestampType@6e33fcae
[DEBUG] 2021-03-22 13:07:57.144 [main] BasicTypeRegistry - Adding type registration java.util.Date -> org.hibernate.type.TimestampType@6e33fcae
[DEBUG] 2021-03-22 13:07:57.145 [main] BasicTypeRegistry - Adding type registration dbtimestamp -> org.hibernate.type.DbTimestampType@4554de02
[DEBUG] 2021-03-22 13:07:57.149 [main] BasicTypeRegistry - Adding type registration calendar -> org.hibernate.type.CalendarType@ad3324b
[DEBUG] 2021-03-22 13:07:57.149 [main] BasicTypeRegistry - Adding type registration java.util.Calendar -> org.hibernate.type.CalendarType@ad3324b
[DEBUG] 2021-03-22 13:07:57.149 [main] BasicTypeRegistry - Adding type registration java.util.GregorianCalendar -> org.hibernate.type.CalendarType@ad3324b
[DEBUG] 2021-03-22 13:07:57.155 [main] BasicTypeRegistry - Adding type registration calendar_date -> org.hibernate.type.CalendarDateType@2cfa2c4f
[DEBUG] 2021-03-22 13:07:57.157 [main] BasicTypeRegistry - Adding type registration locale -> org.hibernate.type.LocaleType@5e2a3040
[DEBUG] 2021-03-22 13:07:57.162 [main] BasicTypeRegistry - Adding type registration java.util.Locale -> org.hibernate.type.LocaleType@5e2a3040
[DEBUG] 2021-03-22 13:07:57.164 [main] BasicTypeRegistry - Adding type registration currency -> org.hibernate.type.CurrencyType@5bb51241
[DEBUG] 2021-03-22 13:07:57.164 [main] BasicTypeRegistry - Adding type registration java.util.Currency -> org.hibernate.type.CurrencyType@5bb51241
[DEBUG] 2021-03-22 13:07:57.167 [main] BasicTypeRegistry - Adding type registration timezone -> org.hibernate.type.TimeZoneType@6c42f2a1
[DEBUG] 2021-03-22 13:07:57.167 [main] BasicTypeRegistry - Adding type registration java.util.TimeZone -> org.hibernate.type.TimeZoneType@6c42f2a1
[DEBUG] 2021-03-22 13:07:57.173 [main] BasicTypeRegistry - Adding type registration class -> org.hibernate.type.ClassType@4867ab9f
[DEBUG] 2021-03-22 13:07:57.173 [main] BasicTypeRegistry - Adding type registration java.lang.Class -> org.hibernate.type.ClassType@4867ab9f
[DEBUG] 2021-03-22 13:07:57.175 [main] BasicTypeRegistry - Adding type registration uuid-binary -> org.hibernate.type.UUIDBinaryType@46c3a14d
[DEBUG] 2021-03-22 13:07:57.175 [main] BasicTypeRegistry - Adding type registration java.util.UUID -> org.hibernate.type.UUIDBinaryType@46c3a14d
[DEBUG] 2021-03-22 13:07:57.175 [main] BasicTypeRegistry - Adding type registration uuid-char -> org.hibernate.type.UUIDCharType@64968732
[DEBUG] 2021-03-22 13:07:57.177 [main] BasicTypeRegistry - Adding type registration binary -> org.hibernate.type.BinaryType@61a1ea2c
[DEBUG] 2021-03-22 13:07:57.177 [main] BasicTypeRegistry - Adding type registration byte[] -> org.hibernate.type.BinaryType@61a1ea2c
[DEBUG] 2021-03-22 13:07:57.181 [main] BasicTypeRegistry - Adding type registration [B -> org.hibernate.type.BinaryType@61a1ea2c
[DEBUG] 2021-03-22 13:07:57.184 [main] BasicTypeRegistry - Adding type registration wrapper-binary -> org.hibernate.type.WrapperBinaryType@670d4d38
[DEBUG] 2021-03-22 13:07:57.184 [main] BasicTypeRegistry - Adding type registration Byte[] -> org.hibernate.type.WrapperBinaryType@670d4d38
[DEBUG] 2021-03-22 13:07:57.184 [main] BasicTypeRegistry - Adding type registration [Ljava.lang.Byte; -> org.hibernate.type.WrapperBinaryType@670d4d38
[DEBUG] 2021-03-22 13:07:57.188 [main] BasicTypeRegistry - Adding type registration row_version -> org.hibernate.type.RowVersionType@7d199c68
[DEBUG] 2021-03-22 13:07:57.188 [main] BasicTypeRegistry - Adding type registration image -> org.hibernate.type.ImageType@216914
[DEBUG] 2021-03-22 13:07:57.194 [main] BasicTypeRegistry - Adding type registration characters -> org.hibernate.type.CharArrayType@61af1510
[DEBUG] 2021-03-22 13:07:57.194 [main] BasicTypeRegistry - Adding type registration char[] -> org.hibernate.type.CharArrayType@61af1510
[DEBUG] 2021-03-22 13:07:57.194 [main] BasicTypeRegistry - Adding type registration [C -> org.hibernate.type.CharArrayType@61af1510
[DEBUG] 2021-03-22 13:07:57.200 [main] BasicTypeRegistry - Adding type registration wrapper-characters -> org.hibernate.type.CharacterArrayType@3901f6af
[DEBUG] 2021-03-22 13:07:57.200 [main] BasicTypeRegistry - Adding type registration [Ljava.lang.Character; -> org.hibernate.type.CharacterArrayType@3901f6af
[DEBUG] 2021-03-22 13:07:57.201 [main] BasicTypeRegistry - Adding type registration Character[] -> org.hibernate.type.CharacterArrayType@3901f6af
[DEBUG] 2021-03-22 13:07:57.201 [main] BasicTypeRegistry - Adding type registration text -> org.hibernate.type.TextType@47af099e
[DEBUG] 2021-03-22 13:07:57.203 [main] BasicTypeRegistry - Adding type registration ntext -> org.hibernate.type.NTextType@2c8662ac
[DEBUG] 2021-03-22 13:07:57.206 [main] BasicTypeRegistry - Adding type registration blob -> org.hibernate.type.BlobType@7487b142
[DEBUG] 2021-03-22 13:07:57.207 [main] BasicTypeRegistry - Adding type registration java.sql.Blob -> org.hibernate.type.BlobType@7487b142
[DEBUG] 2021-03-22 13:07:57.207 [main] BasicTypeRegistry - Adding type registration materialized_blob -> org.hibernate.type.MaterializedBlobType@27b45ea
[DEBUG] 2021-03-22 13:07:57.209 [main] BasicTypeRegistry - Adding type registration clob -> org.hibernate.type.ClobType@7a7cc52c
[DEBUG] 2021-03-22 13:07:57.220 [main] BasicTypeRegistry - Adding type registration java.sql.Clob -> org.hibernate.type.ClobType@7a7cc52c
[DEBUG] 2021-03-22 13:07:57.222 [main] BasicTypeRegistry - Adding type registration nclob -> org.hibernate.type.NClobType@1416cf9f
[DEBUG] 2021-03-22 13:07:57.226 [main] BasicTypeRegistry - Adding type registration java.sql.NClob -> org.hibernate.type.NClobType@1416cf9f
[DEBUG] 2021-03-22 13:07:57.226 [main] BasicTypeRegistry - Adding type registration materialized_clob -> org.hibernate.type.MaterializedClobType@2dfe5525
[DEBUG] 2021-03-22 13:07:57.227 [main] BasicTypeRegistry - Adding type registration materialized_nclob -> org.hibernate.type.MaterializedNClobType@a518813
[DEBUG] 2021-03-22 13:07:57.229 [main] BasicTypeRegistry - Adding type registration serializable -> org.hibernate.type.SerializableType@29eda4f8
[DEBUG] 2021-03-22 13:07:57.246 [main] BasicTypeRegistry - Adding type registration object -> org.hibernate.type.ObjectType@102efc59
[DEBUG] 2021-03-22 13:07:57.247 [main] BasicTypeRegistry - Adding type registration java.lang.Object -> org.hibernate.type.ObjectType@102efc59
[DEBUG] 2021-03-22 13:07:57.247 [main] BasicTypeRegistry - Adding type registration imm_date -> org.hibernate.type.AdaptedImmutableType@75fa1be3
[DEBUG] 2021-03-22 13:07:57.250 [main] BasicTypeRegistry - Adding type registration imm_time -> org.hibernate.type.AdaptedImmutableType@7a389761
[DEBUG] 2021-03-22 13:07:57.251 [main] BasicTypeRegistry - Adding type registration imm_timestamp -> org.hibernate.type.AdaptedImmutableType@42714a7
[DEBUG] 2021-03-22 13:07:57.255 [main] BasicTypeRegistry - Adding type registration imm_dbtimestamp -> org.hibernate.type.AdaptedImmutableType@19650aa6
[DEBUG] 2021-03-22 13:07:57.256 [main] BasicTypeRegistry - Adding type registration imm_calendar -> org.hibernate.type.AdaptedImmutableType@3ce53f6a
[DEBUG] 2021-03-22 13:07:57.256 [main] BasicTypeRegistry - Adding type registration imm_calendar_date -> org.hibernate.type.AdaptedImmutableType@2d82408
[DEBUG] 2021-03-22 13:07:57.256 [main] BasicTypeRegistry - Adding type registration imm_binary -> org.hibernate.type.AdaptedImmutableType@3ee69ad8
[DEBUG] 2021-03-22 13:07:57.256 [main] BasicTypeRegistry - Adding type registration imm_serializable -> org.hibernate.type.AdaptedImmutableType@f679798
[DEBUG] 2021-03-22 13:07:57.384 [main] DefaultIdentifierGeneratorFactory - Registering IdentifierGenerator strategy [uuid2] -> [org.hibernate.id.UUIDGenerator]
[DEBUG] 2021-03-22 13:07:57.389 [main] DefaultIdentifierGeneratorFactory - Registering IdentifierGenerator strategy [guid] -> [org.hibernate.id.GUIDGenerator]
[DEBUG] 2021-03-22 13:07:57.391 [main] DefaultIdentifierGeneratorFactory - Registering IdentifierGenerator strategy [uuid] -> [org.hibernate.id.UUIDHexGenerator]
[DEBUG] 2021-03-22 13:07:57.394 [main] DefaultIdentifierGeneratorFactory - Registering IdentifierGenerator strategy [uuid.hex] -> [org.hibernate.id.UUIDHexGenerator]
[DEBUG] 2021-03-22 13:07:57.400 [main] DefaultIdentifierGeneratorFactory - Registering IdentifierGenerator strategy [assigned] -> [org.hibernate.id.Assigned]
[DEBUG] 2021-03-22 13:07:57.405 [main] DefaultIdentifierGeneratorFactory - Registering IdentifierGenerator strategy [identity] -> [org.hibernate.id.IdentityGenerator]
[DEBUG] 2021-03-22 13:07:57.406 [main] DefaultIdentifierGeneratorFactory - Registering IdentifierGenerator strategy [select] -> [org.hibernate.id.SelectGenerator]
[DEBUG] 2021-03-22 13:07:57.408 [main] DefaultIdentifierGeneratorFactory - Registering IdentifierGenerator strategy [sequence] -> [org.hibernate.id.enhanced.SequenceStyleGenerator]
[DEBUG] 2021-03-22 13:07:57.419 [main] DefaultIdentifierGeneratorFactory - Registering IdentifierGenerator strategy [seqhilo] -> [org.hibernate.id.SequenceHiLoGenerator]
[DEBUG] 2021-03-22 13:07:57.425 [main] DefaultIdentifierGeneratorFactory - Registering IdentifierGenerator strategy [increment] -> [org.hibernate.id.IncrementGenerator]
[DEBUG] 2021-03-22 13:07:57.427 [main] DefaultIdentifierGeneratorFactory - Registering IdentifierGenerator strategy [foreign] -> [org.hibernate.id.ForeignGenerator]
[DEBUG] 2021-03-22 13:07:57.428 [main] DefaultIdentifierGeneratorFactory - Registering IdentifierGenerator strategy [sequence-identity] -> [org.hibernate.id.SequenceIdentityGenerator]
[DEBUG] 2021-03-22 13:07:57.428 [main] DefaultIdentifierGeneratorFactory - Registering IdentifierGenerator strategy [enhanced-sequence] -> [org.hibernate.id.enhanced.SequenceStyleGenerator]
[DEBUG] 2021-03-22 13:07:57.451 [main] DefaultIdentifierGeneratorFactory - Registering IdentifierGenerator strategy [enhanced-table] -> [org.hibernate.id.enhanced.TableGenerator]
[INFO ] 2021-03-22 13:07:57.481 [main] C3P0ConnectionProvider - HHH010002: C3P0 using driver: com.mysql.cj.jdbc.Driver at URL: jdbc:mysql://localhost:3306/test_BookCollection
[INFO ] 2021-03-22 13:07:57.489 [main] C3P0ConnectionProvider - HHH10001001: Connection properties: {password=****, user=root}
[INFO ] 2021-03-22 13:07:57.490 [main] C3P0ConnectionProvider - HHH10001003: Autocommit mode: false
[INFO ] 2021-03-22 13:07:58.096 [main] C3P0ConnectionProvider - HHH10001007: JDBC isolation level: <unknown>
[DEBUG] 2021-03-22 13:07:58.478 [main] JdbcEnvironmentInitiator - Database ->
       name : MySQL
    version : 8.0.22
      major : 8
      minor : 0
[DEBUG] 2021-03-22 13:07:58.479 [main] JdbcEnvironmentInitiator - Driver ->
       name : MySQL Connector/J
    version : mysql-connector-java-8.0.22 (Revision: d64b664fa93e81296a377de031b8123a67e6def2)
      major : 8
      minor : 0
[DEBUG] 2021-03-22 13:07:58.479 [main] JdbcEnvironmentInitiator - JDBC version : 4.2
[INFO ] 2021-03-22 13:07:58.659 [main] Dialect - HHH000400: Using dialect: org.hibernate.dialect.MySQL8Dialect
[DEBUG] 2021-03-22 13:07:58.797 [main] IdentifierHelperBuilder - JDBC driver metadata reported database stores quoted identifiers in more than one case
[DEBUG] 2021-03-22 13:07:58.902 [main] IdentifierHelperBuilder - IdentifierCaseStrategy for both quoted and unquoted identifiers was set to the same strategy [MIXED]; that will likely lead to problems in schema update and validation if using quoted identifiers
[DEBUG] 2021-03-22 13:07:59.046 [main] Namespace - Created database namespace [logicalName=Name{catalog=null, schema=null}, physicalName=Name{catalog=null, schema=null}]
[DEBUG] 2021-03-22 13:07:59.056 [main] TypeConfiguration$Scope - Scoping TypeConfiguration [org.hibernate.type.spi.TypeConfiguration@5478ce1e] to MetadataBuildingContext [org.hibernate.boot.internal.MetadataBuildingContextRootImpl@5edc70ed]
[DEBUG] 2021-03-22 13:07:59.322 [main] AnnotationBinder - Binding entity from annotated class: Author
[DEBUG] 2021-03-22 13:07:59.431 [main] Ejb3Column - Binding column: Ejb3DiscriminatorColumn{logicalColumnName'DTYPE', discriminatorTypeName='string'}
[DEBUG] 2021-03-22 13:07:59.443 [main] EntityBinder - Import with entity name Author
[DEBUG] 2021-03-22 13:07:59.473 [main] EntityBinder - Bind entity Author on table author
[DEBUG] 2021-03-22 13:07:59.571 [main] Ejb3Column - Binding column: Ejb3Column{table=org.hibernate.mapping.Table(author), mappingColumn=id, insertable=true, updatable=true, unique=false}
[DEBUG] 2021-03-22 13:07:59.584 [main] PropertyBinder - MetadataSourceProcessor property id with lazy=false
[DEBUG] 2021-03-22 13:07:59.589 [main] AbstractPropertyHolder - Attempting to locate auto-apply AttributeConverter for property [Author:id]
[DEBUG] 2021-03-22 13:07:59.611 [main] SimpleValueBinder - building SimpleValue for id
[DEBUG] 2021-03-22 13:07:59.641 [main] PropertyBinder - Building property id
[DEBUG] 2021-03-22 13:07:59.665 [main] BinderHelper - #makeIdGenerator(org.hibernate.mapping.SimpleValue([org.hibernate.mapping.Column(id)]), id, org.hibernate.id.enhanced.SequenceStyleGenerator, native, ...)
[DEBUG] 2021-03-22 13:07:59.677 [main] Ejb3Column - Binding column: Ejb3Column{table=org.hibernate.mapping.Table(author), mappingColumn=first_name, insertable=true, updatable=true, unique=false}
[DEBUG] 2021-03-22 13:07:59.678 [main] PropertyBinder - MetadataSourceProcessor property firstName with lazy=false
[DEBUG] 2021-03-22 13:07:59.678 [main] AbstractPropertyHolder - Attempting to locate auto-apply AttributeConverter for property [Author:firstName]
[DEBUG] 2021-03-22 13:07:59.682 [main] SimpleValueBinder - building SimpleValue for firstName
[DEBUG] 2021-03-22 13:07:59.682 [main] PropertyBinder - Building property firstName
[DEBUG] 2021-03-22 13:07:59.683 [main] Ejb3Column - Binding column: Ejb3Column{table=org.hibernate.mapping.Table(author), mappingColumn=last_name, insertable=true, updatable=true, unique=false}
[DEBUG] 2021-03-22 13:07:59.683 [main] PropertyBinder - MetadataSourceProcessor property lastName with lazy=false
[DEBUG] 2021-03-22 13:07:59.685 [main] AbstractPropertyHolder - Attempting to locate auto-apply AttributeConverter for property [Author:lastName]
[DEBUG] 2021-03-22 13:07:59.685 [main] SimpleValueBinder - building SimpleValue for lastName
[DEBUG] 2021-03-22 13:07:59.685 [main] PropertyBinder - Building property lastName
[DEBUG] 2021-03-22 13:07:59.696 [main] AnnotationBinder - Binding entity from annotated class: Book
[DEBUG] 2021-03-22 13:07:59.702 [main] Ejb3Column - Binding column: Ejb3DiscriminatorColumn{logicalColumnName'DTYPE', discriminatorTypeName='string'}
[DEBUG] 2021-03-22 13:07:59.703 [main] EntityBinder - Import with entity name Book
[DEBUG] 2021-03-22 13:07:59.703 [main] EntityBinder - Bind entity Book on table book
[DEBUG] 2021-03-22 13:07:59.727 [main] Ejb3Column - Binding column: Ejb3Column{table=org.hibernate.mapping.Table(book), mappingColumn=id, insertable=true, updatable=true, unique=false}
[DEBUG] 2021-03-22 13:07:59.728 [main] PropertyBinder - MetadataSourceProcessor property id with lazy=false
[DEBUG] 2021-03-22 13:07:59.728 [main] AbstractPropertyHolder - Attempting to locate auto-apply AttributeConverter for property [Book:id]
[DEBUG] 2021-03-22 13:07:59.728 [main] SimpleValueBinder - building SimpleValue for id
[DEBUG] 2021-03-22 13:07:59.733 [main] PropertyBinder - Building property id
[DEBUG] 2021-03-22 13:07:59.733 [main] BinderHelper - #makeIdGenerator(org.hibernate.mapping.SimpleValue([org.hibernate.mapping.Column(id)]), id, org.hibernate.id.enhanced.SequenceStyleGenerator, native, ...)
[DEBUG] 2021-03-22 13:07:59.736 [main] Ejb3Column - Binding column: Ejb3JoinColumn{logicalColumnName='null', referencedColumn='null', mappedBy='null'}
[DEBUG] 2021-03-22 13:07:59.742 [main] Ejb3Column - Binding column: Ejb3Column{table=org.hibernate.mapping.Table(book), mappingColumn=author, insertable=true, updatable=true, unique=false}
[DEBUG] 2021-03-22 13:07:59.754 [main] PropertyBinder - Building property author
[DEBUG] 2021-03-22 13:07:59.757 [main] Ejb3Column - Binding column: Ejb3JoinColumn{logicalColumnName='null', referencedColumn='null', mappedBy='null'}
[DEBUG] 2021-03-22 13:07:59.760 [main] Ejb3Column - Binding column: Ejb3Column{table=org.hibernate.mapping.Table(book), mappingColumn=genre, insertable=true, updatable=true, unique=false}
[DEBUG] 2021-03-22 13:07:59.760 [main] PropertyBinder - Building property genre
[DEBUG] 2021-03-22 13:07:59.760 [main] Ejb3Column - Binding column: Ejb3Column{table=org.hibernate.mapping.Table(book), mappingColumn=isbn, insertable=true, updatable=true, unique=false}
[DEBUG] 2021-03-22 13:07:59.760 [main] PropertyBinder - MetadataSourceProcessor property isbn with lazy=false
[DEBUG] 2021-03-22 13:07:59.760 [main] AbstractPropertyHolder - Attempting to locate auto-apply AttributeConverter for property [Book:isbn]
[DEBUG] 2021-03-22 13:07:59.761 [main] SimpleValueBinder - building SimpleValue for isbn
[DEBUG] 2021-03-22 13:07:59.761 [main] PropertyBinder - Building property isbn
[DEBUG] 2021-03-22 13:07:59.761 [main] Ejb3Column - Binding column: Ejb3Column{table=org.hibernate.mapping.Table(book), mappingColumn=title, insertable=true, updatable=true, unique=false}
[DEBUG] 2021-03-22 13:07:59.762 [main] PropertyBinder - MetadataSourceProcessor property title with lazy=false
[DEBUG] 2021-03-22 13:07:59.762 [main] AbstractPropertyHolder - Attempting to locate auto-apply AttributeConverter for property [Book:title]
[DEBUG] 2021-03-22 13:07:59.762 [main] SimpleValueBinder - building SimpleValue for title
[DEBUG] 2021-03-22 13:07:59.762 [main] PropertyBinder - Building property title
[DEBUG] 2021-03-22 13:07:59.765 [main] Ejb3Column - Binding column: Ejb3JoinColumn{logicalColumnName='null', referencedColumn='null', mappedBy='null'}
[DEBUG] 2021-03-22 13:07:59.765 [main] Ejb3Column - Binding column: Ejb3Column{table=org.hibernate.mapping.Table(book), mappingColumn=user, insertable=true, updatable=true, unique=false}
[DEBUG] 2021-03-22 13:07:59.767 [main] PropertyBinder - Building property user
[DEBUG] 2021-03-22 13:07:59.767 [main] AnnotationBinder - Binding entity from annotated class: Genre
[DEBUG] 2021-03-22 13:07:59.768 [main] Ejb3Column - Binding column: Ejb3DiscriminatorColumn{logicalColumnName'DTYPE', discriminatorTypeName='string'}
[DEBUG] 2021-03-22 13:07:59.768 [main] EntityBinder - Import with entity name Genre
[DEBUG] 2021-03-22 13:07:59.768 [main] EntityBinder - Bind entity Genre on table genre
[DEBUG] 2021-03-22 13:07:59.774 [main] Ejb3Column - Binding column: Ejb3Column{table=org.hibernate.mapping.Table(genre), mappingColumn=id, insertable=true, updatable=true, unique=false}
[DEBUG] 2021-03-22 13:07:59.775 [main] PropertyBinder - MetadataSourceProcessor property id with lazy=false
[DEBUG] 2021-03-22 13:07:59.775 [main] AbstractPropertyHolder - Attempting to locate auto-apply AttributeConverter for property [Genre:id]
[DEBUG] 2021-03-22 13:07:59.775 [main] SimpleValueBinder - building SimpleValue for id
[DEBUG] 2021-03-22 13:07:59.775 [main] PropertyBinder - Building property id
[DEBUG] 2021-03-22 13:07:59.775 [main] BinderHelper - #makeIdGenerator(org.hibernate.mapping.SimpleValue([org.hibernate.mapping.Column(id)]), id, org.hibernate.id.enhanced.SequenceStyleGenerator, native, ...)
[DEBUG] 2021-03-22 13:07:59.775 [main] Ejb3Column - Binding column: Ejb3Column{table=org.hibernate.mapping.Table(genre), mappingColumn=name, insertable=true, updatable=true, unique=false}
[DEBUG] 2021-03-22 13:07:59.776 [main] PropertyBinder - MetadataSourceProcessor property name with lazy=false
[DEBUG] 2021-03-22 13:07:59.776 [main] AbstractPropertyHolder - Attempting to locate auto-apply AttributeConverter for property [Genre:name]
[DEBUG] 2021-03-22 13:07:59.776 [main] SimpleValueBinder - building SimpleValue for name
[DEBUG] 2021-03-22 13:07:59.776 [main] PropertyBinder - Building property name
[DEBUG] 2021-03-22 13:07:59.776 [main] AnnotationBinder - Binding entity from annotated class: User
[DEBUG] 2021-03-22 13:07:59.781 [main] Ejb3Column - Binding column: Ejb3DiscriminatorColumn{logicalColumnName'DTYPE', discriminatorTypeName='string'}
[DEBUG] 2021-03-22 13:07:59.781 [main] EntityBinder - Import with entity name User
[DEBUG] 2021-03-22 13:07:59.781 [main] EntityBinder - Bind entity User on table user
[DEBUG] 2021-03-22 13:07:59.786 [main] Ejb3Column - Binding column: Ejb3Column{table=org.hibernate.mapping.Table(user), mappingColumn=id, insertable=true, updatable=true, unique=false}
[DEBUG] 2021-03-22 13:07:59.786 [main] PropertyBinder - MetadataSourceProcessor property id with lazy=false
[DEBUG] 2021-03-22 13:07:59.788 [main] AbstractPropertyHolder - Attempting to locate auto-apply AttributeConverter for property [User:id]
[DEBUG] 2021-03-22 13:07:59.789 [main] SimpleValueBinder - building SimpleValue for id
[DEBUG] 2021-03-22 13:07:59.789 [main] PropertyBinder - Building property id
[DEBUG] 2021-03-22 13:07:59.789 [main] BinderHelper - #makeIdGenerator(org.hibernate.mapping.SimpleValue([org.hibernate.mapping.Column(id)]), id, org.hibernate.id.enhanced.SequenceStyleGenerator, native, ...)
[DEBUG] 2021-03-22 13:07:59.790 [main] Ejb3Column - Binding column: Ejb3Column{table=org.hibernate.mapping.Table(user), mappingColumn=email, insertable=true, updatable=true, unique=false}
[DEBUG] 2021-03-22 13:07:59.790 [main] PropertyBinder - MetadataSourceProcessor property email with lazy=false
[DEBUG] 2021-03-22 13:07:59.790 [main] AbstractPropertyHolder - Attempting to locate auto-apply AttributeConverter for property [User:email]
[DEBUG] 2021-03-22 13:07:59.790 [main] SimpleValueBinder - building SimpleValue for email
[DEBUG] 2021-03-22 13:07:59.790 [main] PropertyBinder - Building property email
[DEBUG] 2021-03-22 13:07:59.791 [main] Ejb3Column - Binding column: Ejb3Column{table=org.hibernate.mapping.Table(user), mappingColumn=first_name, insertable=true, updatable=true, unique=false}
[DEBUG] 2021-03-22 13:07:59.795 [main] PropertyBinder - MetadataSourceProcessor property firstName with lazy=false
[DEBUG] 2021-03-22 13:07:59.795 [main] AbstractPropertyHolder - Attempting to locate auto-apply AttributeConverter for property [User:firstName]
[DEBUG] 2021-03-22 13:07:59.795 [main] SimpleValueBinder - building SimpleValue for firstName
[DEBUG] 2021-03-22 13:07:59.795 [main] PropertyBinder - Building property firstName
[DEBUG] 2021-03-22 13:07:59.796 [main] Ejb3Column - Binding column: Ejb3Column{table=org.hibernate.mapping.Table(user), mappingColumn=last_name, insertable=true, updatable=true, unique=false}
[DEBUG] 2021-03-22 13:07:59.796 [main] PropertyBinder - MetadataSourceProcessor property lastName with lazy=false
[DEBUG] 2021-03-22 13:07:59.796 [main] AbstractPropertyHolder - Attempting to locate auto-apply AttributeConverter for property [User:lastName]
[DEBUG] 2021-03-22 13:07:59.797 [main] SimpleValueBinder - building SimpleValue for lastName
[DEBUG] 2021-03-22 13:07:59.797 [main] PropertyBinder - Building property lastName
[DEBUG] 2021-03-22 13:07:59.797 [main] Ejb3Column - Binding column: Ejb3Column{table=org.hibernate.mapping.Table(user), mappingColumn=password, insertable=true, updatable=true, unique=false}
[DEBUG] 2021-03-22 13:07:59.799 [main] PropertyBinder - MetadataSourceProcessor property password with lazy=false
[DEBUG] 2021-03-22 13:07:59.799 [main] AbstractPropertyHolder - Attempting to locate auto-apply AttributeConverter for property [User:password]
[DEBUG] 2021-03-22 13:07:59.799 [main] SimpleValueBinder - building SimpleValue for password
[DEBUG] 2021-03-22 13:07:59.800 [main] PropertyBinder - Building property password
[DEBUG] 2021-03-22 13:07:59.801 [main] Ejb3Column - Binding column: Ejb3Column{table=org.hibernate.mapping.Table(user), mappingColumn=username, insertable=true, updatable=true, unique=false}
[DEBUG] 2021-03-22 13:07:59.801 [main] PropertyBinder - MetadataSourceProcessor property userName with lazy=false
[DEBUG] 2021-03-22 13:07:59.801 [main] AbstractPropertyHolder - Attempting to locate auto-apply AttributeConverter for property [User:userName]
[DEBUG] 2021-03-22 13:07:59.801 [main] SimpleValueBinder - building SimpleValue for userName
[DEBUG] 2021-03-22 13:07:59.801 [main] PropertyBinder - Building property userName
[DEBUG] 2021-03-22 13:07:59.809 [main] SimpleValueBinder - Starting fillSimpleValue for id
[DEBUG] 2021-03-22 13:07:59.809 [main] SimpleValueBinder - Starting fillSimpleValue for firstName
[DEBUG] 2021-03-22 13:07:59.809 [main] SimpleValueBinder - Starting fillSimpleValue for lastName
[DEBUG] 2021-03-22 13:07:59.817 [main] SimpleValueBinder - Starting fillSimpleValue for id
[DEBUG] 2021-03-22 13:07:59.819 [main] SimpleValueBinder - Starting fillSimpleValue for isbn
[DEBUG] 2021-03-22 13:07:59.820 [main] SimpleValueBinder - Starting fillSimpleValue for title
[DEBUG] 2021-03-22 13:07:59.820 [main] SimpleValueBinder - Starting fillSimpleValue for id
[DEBUG] 2021-03-22 13:07:59.820 [main] SimpleValueBinder - Starting fillSimpleValue for name
[DEBUG] 2021-03-22 13:07:59.821 [main] SimpleValueBinder - Starting fillSimpleValue for id
[DEBUG] 2021-03-22 13:07:59.823 [main] SimpleValueBinder - Starting fillSimpleValue for email
[DEBUG] 2021-03-22 13:07:59.824 [main] SimpleValueBinder - Starting fillSimpleValue for firstName
[DEBUG] 2021-03-22 13:07:59.828 [main] SimpleValueBinder - Starting fillSimpleValue for lastName
[DEBUG] 2021-03-22 13:07:59.831 [main] SimpleValueBinder - Starting fillSimpleValue for password
[DEBUG] 2021-03-22 13:07:59.831 [main] SimpleValueBinder - Starting fillSimpleValue for userName
[DEBUG] 2021-03-22 13:07:59.857 [main] PrimaryKey - Forcing column [id] to be non-null as it is part of the primary key for table [author]
[DEBUG] 2021-03-22 13:07:59.857 [main] PrimaryKey - Forcing column [id] to be non-null as it is part of the primary key for table [book]
[DEBUG] 2021-03-22 13:07:59.858 [main] PrimaryKey - Forcing column [id] to be non-null as it is part of the primary key for table [genre]
[DEBUG] 2021-03-22 13:07:59.858 [main] PrimaryKey - Forcing column [id] to be non-null as it is part of the primary key for table [user]
[DEBUG] 2021-03-22 13:07:59.858 [main] InFlightMetadataCollectorImpl - Resolving reference to class: Author
[DEBUG] 2021-03-22 13:07:59.866 [main] InFlightMetadataCollectorImpl - Resolving reference to class: Genre
[DEBUG] 2021-03-22 13:07:59.866 [main] InFlightMetadataCollectorImpl - Resolving reference to class: User
[DEBUG] 2021-03-22 13:07:59.877 [main] InFlightMetadataCollectorImpl - Resolving reference to class: Author
[DEBUG] 2021-03-22 13:07:59.877 [main] InFlightMetadataCollectorImpl - Resolving reference to class: Genre
[DEBUG] 2021-03-22 13:07:59.878 [main] InFlightMetadataCollectorImpl - Resolving reference to class: User
[DEBUG] 2021-03-22 13:08:00.000 [main] SessionFactoryImpl - Building session factory
[DEBUG] 2021-03-22 13:08:00.011 [main] Settings - SessionFactory name : null
[DEBUG] 2021-03-22 13:08:00.011 [main] Settings - Automatic flush during beforeCompletion(): enabled
[DEBUG] 2021-03-22 13:08:00.011 [main] Settings - Automatic session close at end of transaction: disabled
[DEBUG] 2021-03-22 13:08:00.011 [main] Settings - Statistics: disabled
[DEBUG] 2021-03-22 13:08:00.012 [main] Settings - Deleted entity synthetic identifier rollback: disabled
[DEBUG] 2021-03-22 13:08:00.012 [main] Settings - Default entity-mode: pojo
[DEBUG] 2021-03-22 13:08:00.013 [main] Settings - Check Nullability in Core (should be disabled when Bean Validation is on): enabled
[DEBUG] 2021-03-22 13:08:00.013 [main] Settings - Allow initialization of lazy state outside session : disabled
[DEBUG] 2021-03-22 13:08:00.013 [main] Settings - Using BatchFetchStyle : LEGACY
[DEBUG] 2021-03-22 13:08:00.013 [main] Settings - Default batch fetch size: -1
[DEBUG] 2021-03-22 13:08:00.013 [main] Settings - Maximum outer join fetch depth: 2
[DEBUG] 2021-03-22 13:08:00.013 [main] Settings - Default null ordering: NONE
[DEBUG] 2021-03-22 13:08:00.013 [main] Settings - Order SQL updates by primary key: disabled
[DEBUG] 2021-03-22 13:08:00.013 [main] Settings - Order SQL inserts for batching: disabled
[DEBUG] 2021-03-22 13:08:00.013 [main] Settings - multi-tenancy strategy : NONE
[DEBUG] 2021-03-22 13:08:00.013 [main] Settings - JTA Track by Thread: enabled
[DEBUG] 2021-03-22 13:08:00.013 [main] Settings - Query language substitutions: {}
[DEBUG] 2021-03-22 13:08:00.013 [main] Settings - Named query checking : enabled
[DEBUG] 2021-03-22 13:08:00.013 [main] Settings - Second-level cache: disabled
[DEBUG] 2021-03-22 13:08:00.013 [main] Settings - Second-level query cache: disabled
[DEBUG] 2021-03-22 13:08:00.013 [main] Settings - Second-level query cache factory: null
[DEBUG] 2021-03-22 13:08:00.013 [main] Settings - Second-level cache region prefix: null
[DEBUG] 2021-03-22 13:08:00.013 [main] Settings - Optimize second-level cache for minimal puts: disabled
[DEBUG] 2021-03-22 13:08:00.013 [main] Settings - Structured second-level cache entries: disabled
[DEBUG] 2021-03-22 13:08:00.014 [main] Settings - Second-level cache direct-reference entries: disabled
[DEBUG] 2021-03-22 13:08:00.014 [main] Settings - Automatic eviction of collection cache: disabled
[DEBUG] 2021-03-22 13:08:00.014 [main] Settings - JDBC batch size: 15
[DEBUG] 2021-03-22 13:08:00.014 [main] Settings - JDBC batch updates for versioned data: enabled
[DEBUG] 2021-03-22 13:08:00.014 [main] Settings - Scrollable result sets: enabled
[DEBUG] 2021-03-22 13:08:00.014 [main] Settings - Wrap result sets: disabled
[DEBUG] 2021-03-22 13:08:00.014 [main] Settings - JDBC3 getGeneratedKeys(): enabled
[DEBUG] 2021-03-22 13:08:00.014 [main] Settings - JDBC result set fetch size: null
[DEBUG] 2021-03-22 13:08:00.014 [main] Settings - Connection release mode: AFTER_TRANSACTION
[DEBUG] 2021-03-22 13:08:00.014 [main] Settings - Generate SQL with comments: disabled
[DEBUG] 2021-03-22 13:08:00.014 [main] Settings - JPA compliance - query : 
[DEBUG] 2021-03-22 13:08:00.014 [main] Settings - JPA compliance - closed-handling : 
[DEBUG] 2021-03-22 13:08:00.014 [main] Settings - JPA compliance - lists : 
[DEBUG] 2021-03-22 13:08:00.014 [main] Settings - JPA compliance - transactions : 
[INFO ] 2021-03-22 13:08:00.221 [main] beans - HHH10005002: No explicit CDI BeanManager reference was passed to Hibernate, but CDI is available on the Hibernate ClassLoader.
[DEBUG] 2021-03-22 13:08:00.266 [main] SessionFactoryImpl - Session factory constructed with filter configurations : {}
[DEBUG] 2021-03-22 13:08:00.266 [main] SessionFactoryImpl - Instantiating session factory with properties: {sun.desktop=gnome, awt.toolkit=sun.awt.X11.XToolkit, java.specification.version=11, sun.cpu.isalist=, hibernate.c3p0.idle_test_period=3000, sun.jnu.encoding=UTF-8, hibernate.c3p0.min_size=5, java.class.path=/home/student/intellij/lib/idea_rt.jar:/home/student/intellij/plugins/junit/lib/junit5-rt.jar:/home/student/intellij/plugins/junit/lib/junit-rt.jar:/home/student/IdeaProjects/BookCollection/target/test-classes:/home/student/IdeaProjects/BookCollection/target/classes:/home/student/.m2/repository/junit/junit/4.12/junit-4.12.jar:/home/student/.m2/repository/org/hamcrest/hamcrest-core/1.3/hamcrest-core-1.3.jar:/home/student/.m2/repository/javax/javaee-web-api/7.0/javaee-web-api-7.0.jar:/home/student/.m2/repository/mysql/mysql-connector-java/8.0.22/mysql-connector-java-8.0.22.jar:/home/student/.m2/repository/com/google/protobuf/protobuf-java/3.11.4/protobuf-java-3.11.4.jar:/home/student/.m2/repository/javax/servlet/jsp/jstl/jstl-api/1.2/jstl-api-1.2.jar:/home/student/.m2/repository/javax/servlet/servlet-api/2.5/servlet-api-2.5.jar:/home/student/.m2/repository/javax/servlet/jsp/jsp-api/2.1/jsp-api-2.1.jar:/home/student/.m2/repository/javax/servlet/jstl/1.2/jstl-1.2.jar:/home/student/.m2/repository/taglibs/standard/1.1.2/standard-1.1.2.jar:/home/student/.m2/repository/org/apache/logging/log4j/log4j-api/2.10.0/log4j-api-2.10.0.jar:/home/student/.m2/repository/org/apache/logging/log4j/log4j-core/2.10.0/log4j-core-2.10.0.jar:/home/student/.m2/repository/org/junit/platform/junit-platform-runner/1.0.0/junit-platform-runner-1.0.0.jar:/home/student/.m2/repository/org/apiguardian/apiguardian-api/1.0.0/apiguardian-api-1.0.0.jar:/home/student/.m2/repository/org/junit/platform/junit-platform-launcher/1.0.0/junit-platform-launcher-1.0.0.jar:/home/student/.m2/repository/org/junit/platform/junit-platform-suite-api/1.0.0/junit-platform-suite-api-1.0.0.jar:/home/student/.m2/repository/org/junit/platform/junit-platform-commons/1.0.0/junit-platform-commons-1.0.0.jar:/home/student/.m2/repository/org/junit/vintage/junit-vintage-engine/4.12.0/junit-vintage-engine-4.12.0.jar:/home/student/.m2/repository/org/junit/platform/junit-platform-engine/1.0.0/junit-platform-engine-1.0.0.jar:/home/student/.m2/repository/org/opentest4j/opentest4j/1.0.0/opentest4j-1.0.0.jar:/home/student/.m2/repository/org/junit/jupiter/junit-jupiter-engine/5.0.0/junit-jupiter-engine-5.0.0.jar:/home/student/.m2/repository/org/junit/jupiter/junit-jupiter-api/5.0.0/junit-jupiter-api-5.0.0.jar:/home/student/.m2/repository/org/hibernate/hibernate-core/5.4.4.Final/hibernate-core-5.4.4.Final.jar:/home/student/.m2/repository/org/jboss/logging/jboss-logging/3.3.2.Final/jboss-logging-3.3.2.Final.jar:/home/student/.m2/repository/javax/persistence/javax.persistence-api/2.2/javax.persistence-api-2.2.jar:/home/student/.m2/repository/org/javassist/javassist/3.24.0-GA/javassist-3.24.0-GA.jar:/home/student/.m2/repository/net/bytebuddy/byte-buddy/1.9.11/byte-buddy-1.9.11.jar:/home/student/.m2/repository/antlr/antlr/2.7.7/antlr-2.7.7.jar:/home/student/.m2/repository/org/jboss/spec/javax/transaction/jboss-transaction-api_1.2_spec/1.1.1.Final/jboss-transaction-api_1.2_spec-1.1.1.Final.jar:/home/student/.m2/repository/org/jboss/jandex/2.0.5.Final/jandex-2.0.5.Final.jar:/home/student/.m2/repository/com/fasterxml/classmate/1.3.4/classmate-1.3.4.jar:/home/student/.m2/repository/javax/activation/javax.activation-api/1.2.0/javax.activation-api-1.2.0.jar:/home/student/.m2/repository/org/dom4j/dom4j/2.1.1/dom4j-2.1.1.jar:/home/student/.m2/repository/org/hibernate/common/hibernate-commons-annotations/5.1.0.Final/hibernate-commons-annotations-5.1.0.Final.jar:/home/student/.m2/repository/javax/xml/bind/jaxb-api/2.3.1/jaxb-api-2.3.1.jar:/home/student/.m2/repository/org/glassfish/jaxb/jaxb-runtime/2.3.1/jaxb-runtime-2.3.1.jar:/home/student/.m2/repository/org/glassfish/jaxb/txw2/2.3.1/txw2-2.3.1.jar:/home/student/.m2/repository/com/sun/istack/istack-commons-runtime/3.0.7/istack-commons-runtime-3.0.7.jar:/home/student/.m2/repository/org/jvnet/staxex/stax-ex/1.8/stax-ex-1.8.jar:/home/student/.m2/repository/com/sun/xml/fastinfoset/FastInfoset/1.2.15/FastInfoset-1.2.15.jar:/home/student/.m2/repository/org/hibernate/hibernate-c3p0/5.4.4.Final/hibernate-c3p0-5.4.4.Final.jar:/home/student/.m2/repository/com/mchange/c3p0/0.9.5.3/c3p0-0.9.5.3.jar:/home/student/.m2/repository/com/mchange/mchange-commons-java/0.2.15/mchange-commons-java-0.2.15.jar:/home/student/.m2/repository/org/glassfish/jersey/core/jersey-client/2.29.1/jersey-client-2.29.1.jar:/home/student/.m2/repository/jakarta/ws/rs/jakarta.ws.rs-api/2.1.6/jakarta.ws.rs-api-2.1.6.jar:/home/student/.m2/repository/org/glassfish/jersey/core/jersey-common/2.29.1/jersey-common-2.29.1.jar:/home/student/.m2/repository/jakarta/annotation/jakarta.annotation-api/1.3.5/jakarta.annotation-api-1.3.5.jar:/home/student/.m2/repository/org/glassfish/hk2/osgi-resource-locator/1.0.3/osgi-resource-locator-1.0.3.jar:/home/student/.m2/repository/com/sun/activation/jakarta.activation/1.2.1/jakarta.activation-1.2.1.jar:/home/student/.m2/repository/org/glassfish/hk2/external/jakarta.inject/2.6.1/jakarta.inject-2.6.1.jar:/home/student/.m2/repository/org/glassfish/jersey/inject/jersey-hk2/2.29.1/jersey-hk2-2.29.1.jar:/home/student/.m2/repository/org/glassfish/hk2/hk2-locator/2.6.1/hk2-locator-2.6.1.jar:/home/student/.m2/repository/org/glassfish/hk2/external/aopalliance-repackaged/2.6.1/aopalliance-repackaged-2.6.1.jar:/home/student/.m2/repository/org/glassfish/hk2/hk2-api/2.6.1/hk2-api-2.6.1.jar:/home/student/.m2/repository/org/glassfish/hk2/hk2-utils/2.6.1/hk2-utils-2.6.1.jar:/home/student/.m2/repository/com/fasterxml/jackson/core/jackson-core/2.10.0/jackson-core-2.10.0.jar:/home/student/.m2/repository/com/fasterxml/jackson/core/jackson-annotations/2.10.0/jackson-annotations-2.10.0.jar:/home/student/.m2/repository/com/fasterxml/jackson/core/jackson-databind/2.10.0/jackson-databind-2.10.0.jar, java.vm.vendor=Ubuntu, sun.arch.data.model=64, idea.test.cyclic.buffer.size=1048576, java.vendor.url=https://ubuntu.com/, user.timezone=America/Chicago, os.name=Linux, java.vm.specification.version=11, sun.java.launcher=SUN_STANDARD, user.country=US, sun.boot.library.path=/usr/lib/jvm/java-11-openjdk-amd64/lib, sun.java.command=com.intellij.rt.junit.JUnitStarter -ideVersion5 -junit5 test.persistence.BookDaoTest,getBooksByUserSuccess, jdk.debug=release, sun.cpu.endian=little, user.home=/home/student, hibernate.c3p0.max_statements=50, user.language=en, java.specification.vendor=Oracle Corporation, java.version.date=2021-01-19, java.home=/usr/lib/jvm/java-11-openjdk-amd64, file.separator=/, java.vm.compressedOopsMode=32-bit, line.separator=
, hibernate.c3p0.timeout=300, java.specification.name=Java Platform API Specification, java.vm.specification.vendor=Oracle Corporation, java.awt.graphicsenv=sun.awt.X11GraphicsEnvironment, connection.password=student, sun.management.compiler=HotSpot 64-Bit Tiered Compilers, hibernate.c3p0.max_size=20, java.runtime.version=11.0.10+9-Ubuntu-0ubuntu1.20.04, user.name=student, path.separator=:, hibernate.connection.username=****, os.version=5.4.0-67-generic, java.runtime.name=OpenJDK Runtime Environment, hibernate.connection.url=jdbc:mysql://localhost:3306/test_BookCollection, file.encoding=UTF-8, java.vm.name=OpenJDK 64-Bit Server VM, hibernate.connection.driver_class=com.mysql.cj.jdbc.Driver, java.vendor.url.bug=https://bugs.launchpad.net/ubuntu/+source/openjdk-lts, java.io.tmpdir=/tmp, java.version=11.0.10, user.dir=/home/student/IdeaProjects/BookCollection, os.arch=amd64, connection.username=root, java.vm.specification.name=Java Virtual Machine Specification, java.awt.printerjob=sun.print.PSPrinterJob, hibernate.connection.password=****, sun.os.patch.level=unknown, connection.driver_class=com.mysql.cj.jdbc.Driver, hibernate.boot.CfgXmlAccessService.key=org.hibernate.boot.cfgxml.spi.LoadedConfig@51fc862e, java.library.path=/usr/java/packages/lib:/usr/lib/x86_64-linux-gnu/jni:/lib/x86_64-linux-gnu:/usr/lib/x86_64-linux-gnu:/usr/lib/jni:/lib:/usr/lib, java.vendor=Ubuntu, java.vm.info=mixed mode, sharing, java.vm.version=11.0.10+9-Ubuntu-0ubuntu1.20.04, hibernate.bytecode.use_reflection_optimizer=false, sun.io.unicode.encoding=UnicodeLittle, connection.url=jdbc:mysql://localhost:3306/test_BookCollection, java.class.version=55.0}
[DEBUG] 2021-03-22 13:08:00.323 [main] TypeSafeActivator - Unable to acquire Bean Validation ValidatorFactory, skipping activation
[DEBUG] 2021-03-22 13:08:00.323 [main] JaccIntegrator - Skipping JACC integration as it was not enabled
[DEBUG] 2021-03-22 13:08:00.329 [main] SessionFactoryImpl - Instantiated session factory
[DEBUG] 2021-03-22 13:08:00.329 [main] TypeConfiguration$Scope - Scoping TypeConfiguration [org.hibernate.type.spi.TypeConfiguration@5478ce1e] to SessionFactoryImpl [org.hibernate.internal.SessionFactoryImpl@609319c3]
[DEBUG] 2021-03-22 13:08:00.458 [main] ClassLoaderAccessImpl - Not known whether passed class name [User] is safe
[DEBUG] 2021-03-22 13:08:00.461 [main] ClassLoaderAccessImpl - No temp ClassLoader provided; using live ClassLoader for loading potentially unsafe class : User
[DEBUG] 2021-03-22 13:08:00.631 [main] ClassLoaderAccessImpl - Not known whether passed class name [User] is safe
[DEBUG] 2021-03-22 13:08:00.632 [main] ClassLoaderAccessImpl - No temp ClassLoader provided; using live ClassLoader for loading potentially unsafe class : User
[DEBUG] 2021-03-22 13:08:01.719 [main] ClassLoaderAccessImpl - Not known whether passed class name [Genre] is safe
[DEBUG] 2021-03-22 13:08:01.721 [main] ClassLoaderAccessImpl - No temp ClassLoader provided; using live ClassLoader for loading potentially unsafe class : Genre
[DEBUG] 2021-03-22 13:08:01.722 [main] ClassLoaderAccessImpl - Not known whether passed class name [Genre] is safe
[DEBUG] 2021-03-22 13:08:01.722 [main] ClassLoaderAccessImpl - No temp ClassLoader provided; using live ClassLoader for loading potentially unsafe class : Genre
[DEBUG] 2021-03-22 13:08:01.778 [main] ClassLoaderAccessImpl - Not known whether passed class name [Author] is safe
[DEBUG] 2021-03-22 13:08:01.778 [main] ClassLoaderAccessImpl - No temp ClassLoader provided; using live ClassLoader for loading potentially unsafe class : Author
[DEBUG] 2021-03-22 13:08:01.779 [main] ClassLoaderAccessImpl - Not known whether passed class name [Author] is safe
[DEBUG] 2021-03-22 13:08:01.779 [main] ClassLoaderAccessImpl - No temp ClassLoader provided; using live ClassLoader for loading potentially unsafe class : Author
[DEBUG] 2021-03-22 13:08:01.871 [main] ClassLoaderAccessImpl - Not known whether passed class name [Book] is safe
[DEBUG] 2021-03-22 13:08:01.872 [main] ClassLoaderAccessImpl - No temp ClassLoader provided; using live ClassLoader for loading potentially unsafe class : Book
[DEBUG] 2021-03-22 13:08:01.881 [main] ClassLoaderAccessImpl - Not known whether passed class name [Book] is safe
[DEBUG] 2021-03-22 13:08:01.882 [main] ClassLoaderAccessImpl - No temp ClassLoader provided; using live ClassLoader for loading potentially unsafe class : Book
[DEBUG] 2021-03-22 13:08:02.016 [main] AbstractEntityPersister - Static SQL for entity: User
[DEBUG] 2021-03-22 13:08:02.016 [main] AbstractEntityPersister -  Version select: select id from user where id =?
[DEBUG] 2021-03-22 13:08:02.016 [main] AbstractEntityPersister -  Snapshot select: select user_.id, user_.email as email2_3_, user_.first_name as first_na3_3_, user_.last_name as last_nam4_3_, user_.password as password5_3_, user_.username as username6_3_ from user user_ where user_.id=?
[DEBUG] 2021-03-22 13:08:02.016 [main] AbstractEntityPersister -  Insert 0: insert into user (email, first_name, last_name, password, username, id) values (?, ?, ?, ?, ?, ?)
[DEBUG] 2021-03-22 13:08:02.016 [main] AbstractEntityPersister -  Update 0: update user set email=?, first_name=?, last_name=?, password=?, username=? where id=?
[DEBUG] 2021-03-22 13:08:02.019 [main] AbstractEntityPersister -  Delete 0: delete from user where id=?
[DEBUG] 2021-03-22 13:08:02.020 [main] AbstractEntityPersister -  Identity insert: insert into user (email, first_name, last_name, password, username) values (?, ?, ?, ?, ?)
[DEBUG] 2021-03-22 13:08:02.074 [main] QuerySpacesImpl - Adding QuerySpace : uid = <gen:0> -> org.hibernate.loader.plan.build.internal.spaces.EntityQuerySpaceImpl@599f1b7]
[DEBUG] 2021-03-22 13:08:02.076 [main] MetamodelGraphWalker - Visiting attribute path : email
[DEBUG] 2021-03-22 13:08:02.076 [main] MetamodelGraphWalker - Visiting attribute path : firstName
[DEBUG] 2021-03-22 13:08:02.076 [main] MetamodelGraphWalker - Visiting attribute path : lastName
[DEBUG] 2021-03-22 13:08:02.076 [main] MetamodelGraphWalker - Visiting attribute path : password
[DEBUG] 2021-03-22 13:08:02.076 [main] MetamodelGraphWalker - Visiting attribute path : userName
[DEBUG] 2021-03-22 13:08:02.076 [main] FetchStyleLoadPlanBuildingAssociationVisitationStrategy - Building LoadPlan...
[DEBUG] 2021-03-22 13:08:02.105 [main] LoadQueryJoinAndFetchProcessor - processing queryspace <gen:0>
[DEBUG] 2021-03-22 13:08:02.116 [main] LoadPlanTreePrinter - LoadPlan(entity=User)
    - Returns
       - EntityReturnImpl(entity=User, querySpaceUid=<gen:0>, path=User)
    - QuerySpaces
       - EntityQuerySpaceImpl(uid=<gen:0>, entity=User)
          - SQL table alias mapping - user0_
          - alias suffix - 0_
          - suffixed key columns - {id1_3_0_}

[DEBUG] 2021-03-22 13:08:02.130 [main] EntityLoader - Static select for entity User [NONE]: select user0_.id as id1_3_0_, user0_.email as email2_3_0_, user0_.first_name as first_na3_3_0_, user0_.last_name as last_nam4_3_0_, user0_.password as password5_3_0_, user0_.username as username6_3_0_ from user user0_ where user0_.id=?
[DEBUG] 2021-03-22 13:08:02.131 [main] QuerySpacesImpl - Adding QuerySpace : uid = <gen:0> -> org.hibernate.loader.plan.build.internal.spaces.EntityQuerySpaceImpl@66e341e9]
[DEBUG] 2021-03-22 13:08:02.135 [main] MetamodelGraphWalker - Visiting attribute path : email
[DEBUG] 2021-03-22 13:08:02.135 [main] MetamodelGraphWalker - Visiting attribute path : firstName
[DEBUG] 2021-03-22 13:08:02.135 [main] MetamodelGraphWalker - Visiting attribute path : lastName
[DEBUG] 2021-03-22 13:08:02.136 [main] MetamodelGraphWalker - Visiting attribute path : password
[DEBUG] 2021-03-22 13:08:02.136 [main] MetamodelGraphWalker - Visiting attribute path : userName
[DEBUG] 2021-03-22 13:08:02.136 [main] FetchStyleLoadPlanBuildingAssociationVisitationStrategy - Building LoadPlan...
[DEBUG] 2021-03-22 13:08:02.136 [main] LoadQueryJoinAndFetchProcessor - processing queryspace <gen:0>
[DEBUG] 2021-03-22 13:08:02.137 [main] LoadPlanTreePrinter - LoadPlan(entity=User)
    - Returns
       - EntityReturnImpl(entity=User, querySpaceUid=<gen:0>, path=User)
    - QuerySpaces
       - EntityQuerySpaceImpl(uid=<gen:0>, entity=User)
          - SQL table alias mapping - user0_
          - alias suffix - 0_
          - suffixed key columns - {id1_3_0_}

[DEBUG] 2021-03-22 13:08:02.137 [main] EntityLoader - Static select for entity User [READ]: select user0_.id as id1_3_0_, user0_.email as email2_3_0_, user0_.first_name as first_na3_3_0_, user0_.last_name as last_nam4_3_0_, user0_.password as password5_3_0_, user0_.username as username6_3_0_ from user user0_ where user0_.id=?
[DEBUG] 2021-03-22 13:08:02.179 [main] Loader - Static select for action ACTION_MERGE on entity User: select user0_.id as id1_3_0_, user0_.email as email2_3_0_, user0_.first_name as first_na3_3_0_, user0_.last_name as last_nam4_3_0_, user0_.password as password5_3_0_, user0_.username as username6_3_0_ from user user0_ where user0_.id=?
[DEBUG] 2021-03-22 13:08:02.181 [main] Loader - Static select for action ACTION_REFRESH on entity User: select user0_.id as id1_3_0_, user0_.email as email2_3_0_, user0_.first_name as first_na3_3_0_, user0_.last_name as last_nam4_3_0_, user0_.password as password5_3_0_, user0_.username as username6_3_0_ from user user0_ where user0_.id=?
[DEBUG] 2021-03-22 13:08:02.181 [main] AbstractEntityPersister - Static SQL for entity: Genre
[DEBUG] 2021-03-22 13:08:02.181 [main] AbstractEntityPersister -  Version select: select id from genre where id =?
[DEBUG] 2021-03-22 13:08:02.181 [main] AbstractEntityPersister -  Snapshot select: select genre_.id, genre_.name as name2_2_ from genre genre_ where genre_.id=?
[DEBUG] 2021-03-22 13:08:02.182 [main] AbstractEntityPersister -  Insert 0: insert into genre (name, id) values (?, ?)
[DEBUG] 2021-03-22 13:08:02.182 [main] AbstractEntityPersister -  Update 0: update genre set name=? where id=?
[DEBUG] 2021-03-22 13:08:02.182 [main] AbstractEntityPersister -  Delete 0: delete from genre where id=?
[DEBUG] 2021-03-22 13:08:02.182 [main] AbstractEntityPersister -  Identity insert: insert into genre (name) values (?)
[DEBUG] 2021-03-22 13:08:02.182 [main] QuerySpacesImpl - Adding QuerySpace : uid = <gen:0> -> org.hibernate.loader.plan.build.internal.spaces.EntityQuerySpaceImpl@3a788fe0]
[DEBUG] 2021-03-22 13:08:02.182 [main] MetamodelGraphWalker - Visiting attribute path : name
[DEBUG] 2021-03-22 13:08:02.182 [main] FetchStyleLoadPlanBuildingAssociationVisitationStrategy - Building LoadPlan...
[DEBUG] 2021-03-22 13:08:02.183 [main] LoadQueryJoinAndFetchProcessor - processing queryspace <gen:0>
[DEBUG] 2021-03-22 13:08:02.183 [main] LoadPlanTreePrinter - LoadPlan(entity=Genre)
    - Returns
       - EntityReturnImpl(entity=Genre, querySpaceUid=<gen:0>, path=Genre)
    - QuerySpaces
       - EntityQuerySpaceImpl(uid=<gen:0>, entity=Genre)
          - SQL table alias mapping - genre0_
          - alias suffix - 0_
          - suffixed key columns - {id1_2_0_}

[DEBUG] 2021-03-22 13:08:02.183 [main] EntityLoader - Static select for entity Genre [NONE]: select genre0_.id as id1_2_0_, genre0_.name as name2_2_0_ from genre genre0_ where genre0_.id=?
[DEBUG] 2021-03-22 13:08:02.183 [main] QuerySpacesImpl - Adding QuerySpace : uid = <gen:0> -> org.hibernate.loader.plan.build.internal.spaces.EntityQuerySpaceImpl@1373e3ee]
[DEBUG] 2021-03-22 13:08:02.184 [main] MetamodelGraphWalker - Visiting attribute path : name
[DEBUG] 2021-03-22 13:08:02.186 [main] FetchStyleLoadPlanBuildingAssociationVisitationStrategy - Building LoadPlan...
[DEBUG] 2021-03-22 13:08:02.189 [main] LoadQueryJoinAndFetchProcessor - processing queryspace <gen:0>
[DEBUG] 2021-03-22 13:08:02.191 [main] LoadPlanTreePrinter - LoadPlan(entity=Genre)
    - Returns
       - EntityReturnImpl(entity=Genre, querySpaceUid=<gen:0>, path=Genre)
    - QuerySpaces
       - EntityQuerySpaceImpl(uid=<gen:0>, entity=Genre)
          - SQL table alias mapping - genre0_
          - alias suffix - 0_
          - suffixed key columns - {id1_2_0_}

[DEBUG] 2021-03-22 13:08:02.193 [main] EntityLoader - Static select for entity Genre [READ]: select genre0_.id as id1_2_0_, genre0_.name as name2_2_0_ from genre genre0_ where genre0_.id=?
[DEBUG] 2021-03-22 13:08:02.193 [main] Loader - Static select for action ACTION_MERGE on entity Genre: select genre0_.id as id1_2_0_, genre0_.name as name2_2_0_ from genre genre0_ where genre0_.id=?
[DEBUG] 2021-03-22 13:08:02.194 [main] Loader - Static select for action ACTION_REFRESH on entity Genre: select genre0_.id as id1_2_0_, genre0_.name as name2_2_0_ from genre genre0_ where genre0_.id=?
[DEBUG] 2021-03-22 13:08:02.195 [main] AbstractEntityPersister - Static SQL for entity: Author
[DEBUG] 2021-03-22 13:08:02.195 [main] AbstractEntityPersister -  Version select: select id from author where id =?
[DEBUG] 2021-03-22 13:08:02.195 [main] AbstractEntityPersister -  Snapshot select: select author_.id, author_.first_name as first_na2_0_, author_.last_name as last_nam3_0_ from author author_ where author_.id=?
[DEBUG] 2021-03-22 13:08:02.195 [main] AbstractEntityPersister -  Insert 0: insert into author (first_name, last_name, id) values (?, ?, ?)
[DEBUG] 2021-03-22 13:08:02.195 [main] AbstractEntityPersister -  Update 0: update author set first_name=?, last_name=? where id=?
[DEBUG] 2021-03-22 13:08:02.195 [main] AbstractEntityPersister -  Delete 0: delete from author where id=?
[DEBUG] 2021-03-22 13:08:02.195 [main] AbstractEntityPersister -  Identity insert: insert into author (first_name, last_name) values (?, ?)
[DEBUG] 2021-03-22 13:08:02.195 [main] QuerySpacesImpl - Adding QuerySpace : uid = <gen:0> -> org.hibernate.loader.plan.build.internal.spaces.EntityQuerySpaceImpl@69a5c6be]
[DEBUG] 2021-03-22 13:08:02.195 [main] MetamodelGraphWalker - Visiting attribute path : firstName
[DEBUG] 2021-03-22 13:08:02.197 [main] MetamodelGraphWalker - Visiting attribute path : lastName
[DEBUG] 2021-03-22 13:08:02.197 [main] FetchStyleLoadPlanBuildingAssociationVisitationStrategy - Building LoadPlan...
[DEBUG] 2021-03-22 13:08:02.201 [main] LoadQueryJoinAndFetchProcessor - processing queryspace <gen:0>
[DEBUG] 2021-03-22 13:08:02.202 [main] LoadPlanTreePrinter - LoadPlan(entity=Author)
    - Returns
       - EntityReturnImpl(entity=Author, querySpaceUid=<gen:0>, path=Author)
    - QuerySpaces
       - EntityQuerySpaceImpl(uid=<gen:0>, entity=Author)
          - SQL table alias mapping - author0_
          - alias suffix - 0_
          - suffixed key columns - {id1_0_0_}

[DEBUG] 2021-03-22 13:08:02.202 [main] EntityLoader - Static select for entity Author [NONE]: select author0_.id as id1_0_0_, author0_.first_name as first_na2_0_0_, author0_.last_name as last_nam3_0_0_ from author author0_ where author0_.id=?
[DEBUG] 2021-03-22 13:08:02.202 [main] QuerySpacesImpl - Adding QuerySpace : uid = <gen:0> -> org.hibernate.loader.plan.build.internal.spaces.EntityQuerySpaceImpl@497ed877]
[DEBUG] 2021-03-22 13:08:02.202 [main] MetamodelGraphWalker - Visiting attribute path : firstName
[DEBUG] 2021-03-22 13:08:02.202 [main] MetamodelGraphWalker - Visiting attribute path : lastName
[DEBUG] 2021-03-22 13:08:02.202 [main] FetchStyleLoadPlanBuildingAssociationVisitationStrategy - Building LoadPlan...
[DEBUG] 2021-03-22 13:08:02.202 [main] LoadQueryJoinAndFetchProcessor - processing queryspace <gen:0>
[DEBUG] 2021-03-22 13:08:02.203 [main] LoadPlanTreePrinter - LoadPlan(entity=Author)
    - Returns
       - EntityReturnImpl(entity=Author, querySpaceUid=<gen:0>, path=Author)
    - QuerySpaces
       - EntityQuerySpaceImpl(uid=<gen:0>, entity=Author)
          - SQL table alias mapping - author0_
          - alias suffix - 0_
          - suffixed key columns - {id1_0_0_}

[DEBUG] 2021-03-22 13:08:02.203 [main] EntityLoader - Static select for entity Author [READ]: select author0_.id as id1_0_0_, author0_.first_name as first_na2_0_0_, author0_.last_name as last_nam3_0_0_ from author author0_ where author0_.id=?
[DEBUG] 2021-03-22 13:08:02.203 [main] Loader - Static select for action ACTION_MERGE on entity Author: select author0_.id as id1_0_0_, author0_.first_name as first_na2_0_0_, author0_.last_name as last_nam3_0_0_ from author author0_ where author0_.id=?
[DEBUG] 2021-03-22 13:08:02.203 [main] Loader - Static select for action ACTION_REFRESH on entity Author: select author0_.id as id1_0_0_, author0_.first_name as first_na2_0_0_, author0_.last_name as last_nam3_0_0_ from author author0_ where author0_.id=?
[DEBUG] 2021-03-22 13:08:02.204 [main] AbstractEntityPersister - Static SQL for entity: Book
[DEBUG] 2021-03-22 13:08:02.204 [main] AbstractEntityPersister -  Version select: select id from book where id =?
[DEBUG] 2021-03-22 13:08:02.204 [main] AbstractEntityPersister -  Snapshot select: select book_.id, book_.author_id as author_i4_1_, book_.genre_id as genre_id5_1_, book_.isbn as isbn2_1_, book_.title as title3_1_, book_.user_id as user_id6_1_ from book book_ where book_.id=?
[DEBUG] 2021-03-22 13:08:02.204 [main] AbstractEntityPersister -  Insert 0: insert into book (author_id, genre_id, isbn, title, user_id, id) values (?, ?, ?, ?, ?, ?)
[DEBUG] 2021-03-22 13:08:02.204 [main] AbstractEntityPersister -  Update 0: update book set author_id=?, genre_id=?, isbn=?, title=?, user_id=? where id=?
[DEBUG] 2021-03-22 13:08:02.204 [main] AbstractEntityPersister -  Delete 0: delete from book where id=?
[DEBUG] 2021-03-22 13:08:02.204 [main] AbstractEntityPersister -  Identity insert: insert into book (author_id, genre_id, isbn, title, user_id) values (?, ?, ?, ?, ?)
[DEBUG] 2021-03-22 13:08:02.204 [main] QuerySpacesImpl - Adding QuerySpace : uid = <gen:0> -> org.hibernate.loader.plan.build.internal.spaces.EntityQuerySpaceImpl@7b6141f0]
[DEBUG] 2021-03-22 13:08:02.204 [main] MetamodelGraphWalker - Visiting attribute path : author
[DEBUG] 2021-03-22 13:08:02.217 [main] QuerySpacesImpl - Adding QuerySpace : uid = <gen:1> -> org.hibernate.loader.plan.build.internal.spaces.EntityQuerySpaceImpl@70d4f672]
[DEBUG] 2021-03-22 13:08:02.225 [main] MetamodelGraphWalker - Visiting attribute path : author.firstName
[DEBUG] 2021-03-22 13:08:02.225 [main] MetamodelGraphWalker - Visiting attribute path : author.lastName
[DEBUG] 2021-03-22 13:08:02.225 [main] MetamodelGraphWalker - Visiting attribute path : genre
[DEBUG] 2021-03-22 13:08:02.226 [main] QuerySpacesImpl - Adding QuerySpace : uid = <gen:2> -> org.hibernate.loader.plan.build.internal.spaces.EntityQuerySpaceImpl@5396eeb1]
[DEBUG] 2021-03-22 13:08:02.226 [main] MetamodelGraphWalker - Visiting attribute path : genre.name
[DEBUG] 2021-03-22 13:08:02.226 [main] MetamodelGraphWalker - Visiting attribute path : isbn
[DEBUG] 2021-03-22 13:08:02.226 [main] MetamodelGraphWalker - Visiting attribute path : title
[DEBUG] 2021-03-22 13:08:02.226 [main] MetamodelGraphWalker - Visiting attribute path : user
[DEBUG] 2021-03-22 13:08:02.226 [main] QuerySpacesImpl - Adding QuerySpace : uid = <gen:3> -> org.hibernate.loader.plan.build.internal.spaces.EntityQuerySpaceImpl@7781263c]
[DEBUG] 2021-03-22 13:08:02.226 [main] MetamodelGraphWalker - Visiting attribute path : user.email
[DEBUG] 2021-03-22 13:08:02.226 [main] MetamodelGraphWalker - Visiting attribute path : user.firstName
[DEBUG] 2021-03-22 13:08:02.228 [main] MetamodelGraphWalker - Visiting attribute path : user.lastName
[DEBUG] 2021-03-22 13:08:02.228 [main] MetamodelGraphWalker - Visiting attribute path : user.password
[DEBUG] 2021-03-22 13:08:02.229 [main] MetamodelGraphWalker - Visiting attribute path : user.userName
[DEBUG] 2021-03-22 13:08:02.229 [main] FetchStyleLoadPlanBuildingAssociationVisitationStrategy - Building LoadPlan...
[DEBUG] 2021-03-22 13:08:02.229 [main] LoadQueryJoinAndFetchProcessor - processing queryspace <gen:0>
[DEBUG] 2021-03-22 13:08:02.239 [main] LoadPlanTreePrinter - LoadPlan(entity=Book)
    - Returns
       - EntityReturnImpl(entity=Book, querySpaceUid=<gen:0>, path=Book)
          - EntityAttributeFetchImpl(entity=Author, querySpaceUid=<gen:1>, path=Book.author)
          - EntityAttributeFetchImpl(entity=Genre, querySpaceUid=<gen:2>, path=Book.genre)
          - EntityAttributeFetchImpl(entity=User, querySpaceUid=<gen:3>, path=Book.user)
    - QuerySpaces
       - EntityQuerySpaceImpl(uid=<gen:0>, entity=Book)
          - SQL table alias mapping - book0_
          - alias suffix - 0_
          - suffixed key columns - {id1_1_0_}
          - JOIN (JoinDefinedByMetadata(author)) : <gen:0> -> <gen:1>
             - EntityQuerySpaceImpl(uid=<gen:1>, entity=Author)
                - SQL table alias mapping - author1_
                - alias suffix - 1_
                - suffixed key columns - {id1_0_1_}
          - JOIN (JoinDefinedByMetadata(genre)) : <gen:0> -> <gen:2>
             - EntityQuerySpaceImpl(uid=<gen:2>, entity=Genre)
                - SQL table alias mapping - genre2_
                - alias suffix - 2_
                - suffixed key columns - {id1_2_2_}
          - JOIN (JoinDefinedByMetadata(user)) : <gen:0> -> <gen:3>
             - EntityQuerySpaceImpl(uid=<gen:3>, entity=User)
                - SQL table alias mapping - user3_
                - alias suffix - 3_
                - suffixed key columns - {id1_3_3_}

[DEBUG] 2021-03-22 13:08:02.239 [main] EntityLoader - Static select for entity Book [NONE]: select book0_.id as id1_1_0_, book0_.author_id as author_i4_1_0_, book0_.genre_id as genre_id5_1_0_, book0_.isbn as isbn2_1_0_, book0_.title as title3_1_0_, book0_.user_id as user_id6_1_0_, author1_.id as id1_0_1_, author1_.first_name as first_na2_0_1_, author1_.last_name as last_nam3_0_1_, genre2_.id as id1_2_2_, genre2_.name as name2_2_2_, user3_.id as id1_3_3_, user3_.email as email2_3_3_, user3_.first_name as first_na3_3_3_, user3_.last_name as last_nam4_3_3_, user3_.password as password5_3_3_, user3_.username as username6_3_3_ from book book0_ left outer join author author1_ on book0_.author_id=author1_.id left outer join genre genre2_ on book0_.genre_id=genre2_.id left outer join user user3_ on book0_.user_id=user3_.id where book0_.id=?
[DEBUG] 2021-03-22 13:08:02.239 [main] QuerySpacesImpl - Adding QuerySpace : uid = <gen:0> -> org.hibernate.loader.plan.build.internal.spaces.EntityQuerySpaceImpl@584ca390]
[DEBUG] 2021-03-22 13:08:02.240 [main] MetamodelGraphWalker - Visiting attribute path : author
[DEBUG] 2021-03-22 13:08:02.240 [main] QuerySpacesImpl - Adding QuerySpace : uid = <gen:1> -> org.hibernate.loader.plan.build.internal.spaces.EntityQuerySpaceImpl@37d3e140]
[DEBUG] 2021-03-22 13:08:02.240 [main] MetamodelGraphWalker - Visiting attribute path : author.firstName
[DEBUG] 2021-03-22 13:08:02.241 [main] MetamodelGraphWalker - Visiting attribute path : author.lastName
[DEBUG] 2021-03-22 13:08:02.241 [main] MetamodelGraphWalker - Visiting attribute path : genre
[DEBUG] 2021-03-22 13:08:02.241 [main] QuerySpacesImpl - Adding QuerySpace : uid = <gen:2> -> org.hibernate.loader.plan.build.internal.spaces.EntityQuerySpaceImpl@33eb0d4]
[DEBUG] 2021-03-22 13:08:02.241 [main] MetamodelGraphWalker - Visiting attribute path : genre.name
[DEBUG] 2021-03-22 13:08:02.244 [main] MetamodelGraphWalker - Visiting attribute path : isbn
[DEBUG] 2021-03-22 13:08:02.244 [main] MetamodelGraphWalker - Visiting attribute path : title
[DEBUG] 2021-03-22 13:08:02.244 [main] MetamodelGraphWalker - Visiting attribute path : user
[DEBUG] 2021-03-22 13:08:02.245 [main] QuerySpacesImpl - Adding QuerySpace : uid = <gen:3> -> org.hibernate.loader.plan.build.internal.spaces.EntityQuerySpaceImpl@a3cba3a]
[DEBUG] 2021-03-22 13:08:02.246 [main] MetamodelGraphWalker - Visiting attribute path : user.email
[DEBUG] 2021-03-22 13:08:02.246 [main] MetamodelGraphWalker - Visiting attribute path : user.firstName
[DEBUG] 2021-03-22 13:08:02.246 [main] MetamodelGraphWalker - Visiting attribute path : user.lastName
[DEBUG] 2021-03-22 13:08:02.246 [main] MetamodelGraphWalker - Visiting attribute path : user.password
[DEBUG] 2021-03-22 13:08:02.246 [main] MetamodelGraphWalker - Visiting attribute path : user.userName
[DEBUG] 2021-03-22 13:08:02.246 [main] FetchStyleLoadPlanBuildingAssociationVisitationStrategy - Building LoadPlan...
[DEBUG] 2021-03-22 13:08:02.247 [main] LoadQueryJoinAndFetchProcessor - processing queryspace <gen:0>
[DEBUG] 2021-03-22 13:08:02.250 [main] LoadPlanTreePrinter - LoadPlan(entity=Book)
    - Returns
       - EntityReturnImpl(entity=Book, querySpaceUid=<gen:0>, path=Book)
          - EntityAttributeFetchImpl(entity=Author, querySpaceUid=<gen:1>, path=Book.author)
          - EntityAttributeFetchImpl(entity=Genre, querySpaceUid=<gen:2>, path=Book.genre)
          - EntityAttributeFetchImpl(entity=User, querySpaceUid=<gen:3>, path=Book.user)
    - QuerySpaces
       - EntityQuerySpaceImpl(uid=<gen:0>, entity=Book)
          - SQL table alias mapping - book0_
          - alias suffix - 0_
          - suffixed key columns - {id1_1_0_}
          - JOIN (JoinDefinedByMetadata(author)) : <gen:0> -> <gen:1>
             - EntityQuerySpaceImpl(uid=<gen:1>, entity=Author)
                - SQL table alias mapping - author1_
                - alias suffix - 1_
                - suffixed key columns - {id1_0_1_}
          - JOIN (JoinDefinedByMetadata(genre)) : <gen:0> -> <gen:2>
             - EntityQuerySpaceImpl(uid=<gen:2>, entity=Genre)
                - SQL table alias mapping - genre2_
                - alias suffix - 2_
                - suffixed key columns - {id1_2_2_}
          - JOIN (JoinDefinedByMetadata(user)) : <gen:0> -> <gen:3>
             - EntityQuerySpaceImpl(uid=<gen:3>, entity=User)
                - SQL table alias mapping - user3_
                - alias suffix - 3_
                - suffixed key columns - {id1_3_3_}

[DEBUG] 2021-03-22 13:08:02.250 [main] EntityLoader - Static select for entity Book [READ]: select book0_.id as id1_1_0_, book0_.author_id as author_i4_1_0_, book0_.genre_id as genre_id5_1_0_, book0_.isbn as isbn2_1_0_, book0_.title as title3_1_0_, book0_.user_id as user_id6_1_0_, author1_.id as id1_0_1_, author1_.first_name as first_na2_0_1_, author1_.last_name as last_nam3_0_1_, genre2_.id as id1_2_2_, genre2_.name as name2_2_2_, user3_.id as id1_3_3_, user3_.email as email2_3_3_, user3_.first_name as first_na3_3_3_, user3_.last_name as last_nam4_3_3_, user3_.password as password5_3_3_, user3_.username as username6_3_3_ from book book0_ left outer join author author1_ on book0_.author_id=author1_.id left outer join genre genre2_ on book0_.genre_id=genre2_.id left outer join user user3_ on book0_.user_id=user3_.id where book0_.id=?
[DEBUG] 2021-03-22 13:08:02.255 [main] Loader - Static select for action ACTION_MERGE on entity Book: select book0_.id as id1_1_0_, book0_.author_id as author_i4_1_0_, book0_.genre_id as genre_id5_1_0_, book0_.isbn as isbn2_1_0_, book0_.title as title3_1_0_, book0_.user_id as user_id6_1_0_ from book book0_ where book0_.id=?
[DEBUG] 2021-03-22 13:08:02.255 [main] Loader - Static select for action ACTION_REFRESH on entity Book: select book0_.id as id1_1_0_, book0_.author_id as author_i4_1_0_, book0_.genre_id as genre_id5_1_0_, book0_.isbn as isbn2_1_0_, book0_.title as title3_1_0_, book0_.user_id as user_id6_1_0_ from book book0_ where book0_.id=?
[DEBUG] 2021-03-22 13:08:02.332 [main] SchemaManagementToolCoordinator - No actions specified; doing nothing
[DEBUG] 2021-03-22 13:08:02.338 [main] JtaPlatformInitiator - No JtaPlatform was specified, checking resolver
[DEBUG] 2021-03-22 13:08:02.339 [main] JtaPlatformResolverInitiator - No JtaPlatformResolver was specified, using default [org.hibernate.engine.transaction.jta.platform.internal.StandardJtaPlatformResolver]
[DEBUG] 2021-03-22 13:08:02.355 [main] StandardJtaPlatformResolver - Could not resolve JtaPlatform, using default [org.hibernate.engine.transaction.jta.platform.internal.NoJtaPlatform]
[INFO ] 2021-03-22 13:08:02.356 [main] JtaPlatformInitiator - HHH000490: Using JtaPlatform implementation: [org.hibernate.engine.transaction.jta.platform.internal.NoJtaPlatform]
[DEBUG] 2021-03-22 13:08:02.357 [main] NamedQueryRepository - Checking 0 named HQL queries
[DEBUG] 2021-03-22 13:08:02.357 [main] NamedQueryRepository - Checking 0 named SQL queries
[DEBUG] 2021-03-22 13:08:02.362 [main] SessionFactoryRegistry - Initializing SessionFactoryRegistry : org.hibernate.internal.SessionFactoryRegistry@4faf1f4
[DEBUG] 2021-03-22 13:08:02.375 [main] SessionFactoryRegistry - Registering SessionFactory: 3c3fb17a-f972-4a38-bf4d-fd4e935d2642 (<unnamed>)
[DEBUG] 2021-03-22 13:08:02.375 [main] SessionFactoryRegistry - Not binding SessionFactory to JNDI, no JNDI name configured
[DEBUG] 2021-03-22 13:08:02.602 [main] StatisticsInitiator - Statistics initialized [enabled=false]
[DEBUG] 2021-03-22 13:08:02.730 [main] CriteriaQueryImpl - Rendered criteria query -> select generatedAlias0 from Book as generatedAlias0 where generatedAlias0.user=:param0
[DEBUG] 2021-03-22 13:08:02.776 [main] QueryTranslatorFactoryInitiator - QueryTranslatorFactory: org.hibernate.hql.internal.ast.ASTQueryTranslatorFactory@48dff674
[DEBUG] 2021-03-22 13:08:02.859 [main] QueryTranslatorImpl - parse() - HQL: select generatedAlias0 from Book as generatedAlias0 where generatedAlias0.user=:param0
[DEBUG] 2021-03-22 13:08:02.890 [main] ErrorTracker - throwQueryException() : no errors
[DEBUG] 2021-03-22 13:08:02.929 [main] QueryTranslatorImpl - --- HQL AST ---
 \-[QUERY] Node: 'query'
    +-[SELECT_FROM] Node: 'SELECT_FROM'
    |  +-[FROM] Node: 'from'
    |  |  \-[RANGE] Node: 'RANGE'
    |  |     +-[DOT] Node: '.'
    |  |     |  +-[IDENT] Node: 'entity'
    |  |     |  \-[IDENT] Node: 'Book'
    |  |     \-[ALIAS] Node: 'generatedAlias0'
    |  \-[SELECT] Node: 'select'
    |     \-[IDENT] Node: 'generatedAlias0'
    \-[WHERE] Node: 'where'
       \-[EQ] Node: '='
          +-[DOT] Node: '.'
          |  +-[IDENT] Node: 'generatedAlias0'
          |  \-[IDENT] Node: 'user'
          \-[COLON] Node: ':'
             \-[IDENT] Node: 'param0'

[DEBUG] 2021-03-22 13:08:02.986 [main] HqlSqlBaseWalker - select << begin [level=1, statement=select]
[DEBUG] 2021-03-22 13:08:03.020 [main] FromElement - FromClause{level=1} : Book (generatedAlias0) -> book0_
[DEBUG] 2021-03-22 13:08:03.026 [main] FromReferenceNode - Resolved : generatedAlias0 -> book0_.id
[DEBUG] 2021-03-22 13:08:03.040 [main] FromReferenceNode - Resolved : generatedAlias0 -> book0_.id
[DEBUG] 2021-03-22 13:08:03.046 [main] DotNode - getDataType() : user -> org.hibernate.type.ManyToOneType(User)
[DEBUG] 2021-03-22 13:08:03.046 [main] DotNode - dereferenceShortcut() : property user in Book does not require a join.
[DEBUG] 2021-03-22 13:08:03.046 [main] DotNode - Terminal getPropertyPath = [user]
[DEBUG] 2021-03-22 13:08:03.047 [main] FromReferenceNode - Resolved : generatedAlias0.user -> book0_.user_id
[DEBUG] 2021-03-22 13:08:03.060 [main] HqlSqlBaseWalker - select : finishing up [level=1, statement=select]
[DEBUG] 2021-03-22 13:08:03.060 [main] HqlSqlWalker - processQuery() :  ( SELECT ( {select clause} book0_.id ) ( FromClause{level=1} book book0_ ) ( where ( = ( book0_.user_id book0_.id user ) ? ) ) )
[DEBUG] 2021-03-22 13:08:03.092 [main] JoinProcessor - Using FROM fragment [book book0_]
[DEBUG] 2021-03-22 13:08:03.093 [main] HqlSqlBaseWalker - select >> end [level=1, statement=select]
[DEBUG] 2021-03-22 13:08:03.094 [main] QueryTranslatorImpl - --- SQL AST ---
 \-[SELECT] QueryNode: 'SELECT'  querySpaces (book)
    +-[SELECT_CLAUSE] SelectClause: '{select clause}'
    |  +-[ALIAS_REF] IdentNode: 'book0_.id as id1_1_' {alias=generatedAlias0, className=Book, tableAlias=book0_}
    |  \-[SQL_TOKEN] SqlFragment: 'book0_.author_id as author_i4_1_, book0_.genre_id as genre_id5_1_, book0_.isbn as isbn2_1_, book0_.title as title3_1_, book0_.user_id as user_id6_1_'
    +-[FROM] FromClause: 'from' FromClause{level=1, fromElementCounter=1, fromElements=1, fromElementByClassAlias=[generatedAlias0], fromElementByTableAlias=[book0_], fromElementsByPath=[], collectionJoinFromElementsByPath=[], impliedElements=[]}
    |  \-[FROM_FRAGMENT] FromElement: 'book book0_' FromElement{explicit,not a collection join,not a fetch join,fetch non-lazy properties,classAlias=generatedAlias0,role=null,tableName=book,tableAlias=book0_,origin=null,columns={,className=Book}}
    \-[WHERE] SqlNode: 'where'
       \-[EQ] BinaryLogicOperatorNode: '='
          +-[DOT] DotNode: 'book0_.user_id' {propertyName=user,dereferenceType=UNKNOWN,getPropertyPath=user,path=generatedAlias0.user,tableAlias=book0_,className=Book,classAlias=generatedAlias0}
          |  +-[ALIAS_REF] IdentNode: 'book0_.id' {alias=generatedAlias0, className=Book, tableAlias=book0_}
          |  \-[IDENT] IdentNode: 'user' {originalText=user}
          \-[NAMED_PARAM] ParameterNode: '?' {name=param0, expectedType=org.hibernate.type.ManyToOneType(User)}

[DEBUG] 2021-03-22 13:08:03.095 [main] ErrorTracker - throwQueryException() : no errors
[DEBUG] 2021-03-22 13:08:03.111 [main] QueryTranslatorImpl - HQL: select generatedAlias0 from Book as generatedAlias0 where generatedAlias0.user=:param0
[DEBUG] 2021-03-22 13:08:03.111 [main] QueryTranslatorImpl - SQL: select book0_.id as id1_1_, book0_.author_id as author_i4_1_, book0_.genre_id as genre_id5_1_, book0_.isbn as isbn2_1_, book0_.title as title3_1_, book0_.user_id as user_id6_1_ from book book0_ where book0_.user_id=?
[DEBUG] 2021-03-22 13:08:03.111 [main] ErrorTracker - throwQueryException() : no errors
[DEBUG] 2021-03-22 13:08:03.150 [main] SQL - select book0_.id as id1_1_, book0_.author_id as author_i4_1_, book0_.genre_id as genre_id5_1_, book0_.isbn as isbn2_1_, book0_.title as title3_1_, book0_.user_id as user_id6_1_ from book book0_ where book0_.user_id=?
[DEBUG] 2021-03-22 13:08:03.201 [main] LogicalConnectionManagedImpl - Initiating JDBC connection release from afterTransaction
[DEBUG] 2021-03-22 13:08:03.204 [main] TransactionImpl - On TransactionImpl creation, JpaCompliance#isJpaTransactionComplianceEnabled == false
