[DEBUG] 2021-03-01 10:28:51.444 [main] IntegratorServiceImpl - Adding Integrator [org.hibernate.cfg.beanvalidation.BeanValidationIntegrator].
[DEBUG] 2021-03-01 10:28:51.454 [main] IntegratorServiceImpl - Adding Integrator [org.hibernate.secure.spi.JaccIntegrator].
[DEBUG] 2021-03-01 10:28:51.470 [main] IntegratorServiceImpl - Adding Integrator [org.hibernate.cache.internal.CollectionCacheInvalidator].
[INFO ] 2021-03-01 10:28:51.863 [main] Version - HHH000412: Hibernate Core {5.4.4.Final}
[DEBUG] 2021-03-01 10:28:51.872 [main] Environment - HHH000206: hibernate.properties not found
[DEBUG] 2021-03-01 10:28:52.466 [main] LocalXmlResourceResolver - Interpreting public/system identifier : [-//Hibernate/Hibernate Configuration DTD//EN] - [http://www.hibernate.org/dtd/hibernate-configuration-3.0.dtd]
[DEBUG] 2021-03-01 10:28:52.477 [main] LocalXmlResourceResolver - Recognized hibernate-configuration identifier; attempting to resolve on classpath under org/hibernate/
[DEBUG] 2021-03-01 10:28:52.493 [main] JaxbCfgProcessor - cfg.xml document did not define namespaces; wrapping in custom event reader to introduce namespace information
[DEBUG] 2021-03-01 10:28:53.890 [main] ServiceBinding - Overriding existing service binding [org.hibernate.secure.spi.JaccService]
[DEBUG] 2021-03-01 10:28:53.957 [main] RegionFactoryInitiator - Cannot default RegionFactory based on registered strategies as `[]` RegionFactory strategies were registered
[DEBUG] 2021-03-01 10:28:53.961 [main] RegionFactoryInitiator - Cache region factory : org.hibernate.cache.internal.NoCachingRegionFactory
[INFO ] 2021-03-01 10:28:54.060 [main] Version - HCANN000001: Hibernate Commons Annotations {5.1.0.Final}
[DEBUG] 2021-03-01 10:28:54.200 [main] BasicTypeRegistry - Adding type registration boolean -> org.hibernate.type.BooleanType@4525d1d3
[DEBUG] 2021-03-01 10:28:54.201 [main] BasicTypeRegistry - Adding type registration boolean -> org.hibernate.type.BooleanType@4525d1d3
[DEBUG] 2021-03-01 10:28:54.201 [main] BasicTypeRegistry - Adding type registration java.lang.Boolean -> org.hibernate.type.BooleanType@4525d1d3
[DEBUG] 2021-03-01 10:28:54.201 [main] BasicTypeRegistry - Adding type registration numeric_boolean -> org.hibernate.type.NumericBooleanType@bd2f5a9
[DEBUG] 2021-03-01 10:28:54.202 [main] BasicTypeRegistry - Adding type registration true_false -> org.hibernate.type.TrueFalseType@6b580b88
[DEBUG] 2021-03-01 10:28:54.206 [main] BasicTypeRegistry - Adding type registration yes_no -> org.hibernate.type.YesNoType@6ce90bc5
[DEBUG] 2021-03-01 10:28:54.208 [main] BasicTypeRegistry - Adding type registration byte -> org.hibernate.type.ByteType@cda0432
[DEBUG] 2021-03-01 10:28:54.208 [main] BasicTypeRegistry - Adding type registration byte -> org.hibernate.type.ByteType@cda0432
[DEBUG] 2021-03-01 10:28:54.209 [main] BasicTypeRegistry - Adding type registration java.lang.Byte -> org.hibernate.type.ByteType@cda0432
[DEBUG] 2021-03-01 10:28:54.214 [main] BasicTypeRegistry - Adding type registration character -> org.hibernate.type.CharacterType@baf1bb3
[DEBUG] 2021-03-01 10:28:54.214 [main] BasicTypeRegistry - Adding type registration char -> org.hibernate.type.CharacterType@baf1bb3
[DEBUG] 2021-03-01 10:28:54.214 [main] BasicTypeRegistry - Adding type registration java.lang.Character -> org.hibernate.type.CharacterType@baf1bb3
[DEBUG] 2021-03-01 10:28:54.219 [main] BasicTypeRegistry - Adding type registration short -> org.hibernate.type.ShortType@ddf20fd
[DEBUG] 2021-03-01 10:28:54.219 [main] BasicTypeRegistry - Adding type registration short -> org.hibernate.type.ShortType@ddf20fd
[DEBUG] 2021-03-01 10:28:54.220 [main] BasicTypeRegistry - Adding type registration java.lang.Short -> org.hibernate.type.ShortType@ddf20fd
[DEBUG] 2021-03-01 10:28:54.220 [main] BasicTypeRegistry - Adding type registration integer -> org.hibernate.type.IntegerType@40021799
[DEBUG] 2021-03-01 10:28:54.221 [main] BasicTypeRegistry - Adding type registration int -> org.hibernate.type.IntegerType@40021799
[DEBUG] 2021-03-01 10:28:54.221 [main] BasicTypeRegistry - Adding type registration java.lang.Integer -> org.hibernate.type.IntegerType@40021799
[DEBUG] 2021-03-01 10:28:54.225 [main] BasicTypeRegistry - Adding type registration long -> org.hibernate.type.LongType@264c5d07
[DEBUG] 2021-03-01 10:28:54.226 [main] BasicTypeRegistry - Adding type registration long -> org.hibernate.type.LongType@264c5d07
[DEBUG] 2021-03-01 10:28:54.231 [main] BasicTypeRegistry - Adding type registration java.lang.Long -> org.hibernate.type.LongType@264c5d07
[DEBUG] 2021-03-01 10:28:54.233 [main] BasicTypeRegistry - Adding type registration float -> org.hibernate.type.FloatType@5e742e4
[DEBUG] 2021-03-01 10:28:54.233 [main] BasicTypeRegistry - Adding type registration float -> org.hibernate.type.FloatType@5e742e4
[DEBUG] 2021-03-01 10:28:54.233 [main] BasicTypeRegistry - Adding type registration java.lang.Float -> org.hibernate.type.FloatType@5e742e4
[DEBUG] 2021-03-01 10:28:54.234 [main] BasicTypeRegistry - Adding type registration double -> org.hibernate.type.DoubleType@1dab9dd6
[DEBUG] 2021-03-01 10:28:54.238 [main] BasicTypeRegistry - Adding type registration double -> org.hibernate.type.DoubleType@1dab9dd6
[DEBUG] 2021-03-01 10:28:54.245 [main] BasicTypeRegistry - Adding type registration java.lang.Double -> org.hibernate.type.DoubleType@1dab9dd6
[DEBUG] 2021-03-01 10:28:54.251 [main] BasicTypeRegistry - Adding type registration big_decimal -> org.hibernate.type.BigDecimalType@2f879bab
[DEBUG] 2021-03-01 10:28:54.251 [main] BasicTypeRegistry - Adding type registration java.math.BigDecimal -> org.hibernate.type.BigDecimalType@2f879bab
[DEBUG] 2021-03-01 10:28:54.252 [main] BasicTypeRegistry - Adding type registration big_integer -> org.hibernate.type.BigIntegerType@1d207fad
[DEBUG] 2021-03-01 10:28:54.253 [main] BasicTypeRegistry - Adding type registration java.math.BigInteger -> org.hibernate.type.BigIntegerType@1d207fad
[DEBUG] 2021-03-01 10:28:54.253 [main] BasicTypeRegistry - Adding type registration string -> org.hibernate.type.StringType@488b50ec
[DEBUG] 2021-03-01 10:28:54.254 [main] BasicTypeRegistry - Adding type registration java.lang.String -> org.hibernate.type.StringType@488b50ec
[DEBUG] 2021-03-01 10:28:54.256 [main] BasicTypeRegistry - Adding type registration nstring -> org.hibernate.type.StringNVarcharType@25b865b5
[DEBUG] 2021-03-01 10:28:54.257 [main] BasicTypeRegistry - Adding type registration ncharacter -> org.hibernate.type.CharacterNCharType@bdecc21
[DEBUG] 2021-03-01 10:28:54.268 [main] BasicTypeRegistry - Adding type registration url -> org.hibernate.type.UrlType@4f20a5e0
[DEBUG] 2021-03-01 10:28:54.268 [main] BasicTypeRegistry - Adding type registration java.net.URL -> org.hibernate.type.UrlType@4f20a5e0
[DEBUG] 2021-03-01 10:28:54.269 [main] BasicTypeRegistry - Adding type registration Duration -> org.hibernate.type.DurationType@2fe88a09
[DEBUG] 2021-03-01 10:28:54.269 [main] BasicTypeRegistry - Adding type registration java.time.Duration -> org.hibernate.type.DurationType@2fe88a09
[DEBUG] 2021-03-01 10:28:54.281 [main] BasicTypeRegistry - Adding type registration Instant -> org.hibernate.type.InstantType@43cf6ea3
[DEBUG] 2021-03-01 10:28:54.282 [main] BasicTypeRegistry - Adding type registration java.time.Instant -> org.hibernate.type.InstantType@43cf6ea3
[DEBUG] 2021-03-01 10:28:54.284 [main] BasicTypeRegistry - Adding type registration LocalDateTime -> org.hibernate.type.LocalDateTimeType@3241713e
[DEBUG] 2021-03-01 10:28:54.284 [main] BasicTypeRegistry - Adding type registration java.time.LocalDateTime -> org.hibernate.type.LocalDateTimeType@3241713e
[DEBUG] 2021-03-01 10:28:54.285 [main] BasicTypeRegistry - Adding type registration LocalDate -> org.hibernate.type.LocalDateType@60723d6a
[DEBUG] 2021-03-01 10:28:54.285 [main] BasicTypeRegistry - Adding type registration java.time.LocalDate -> org.hibernate.type.LocalDateType@60723d6a
[DEBUG] 2021-03-01 10:28:54.286 [main] BasicTypeRegistry - Adding type registration LocalTime -> org.hibernate.type.LocalTimeType@9a7a808
[DEBUG] 2021-03-01 10:28:54.286 [main] BasicTypeRegistry - Adding type registration java.time.LocalTime -> org.hibernate.type.LocalTimeType@9a7a808
[DEBUG] 2021-03-01 10:28:54.297 [main] BasicTypeRegistry - Adding type registration OffsetDateTime -> org.hibernate.type.OffsetDateTimeType@30135202
[DEBUG] 2021-03-01 10:28:54.297 [main] BasicTypeRegistry - Adding type registration java.time.OffsetDateTime -> org.hibernate.type.OffsetDateTimeType@30135202
[DEBUG] 2021-03-01 10:28:54.302 [main] BasicTypeRegistry - Adding type registration OffsetTime -> org.hibernate.type.OffsetTimeType@245a060f
[DEBUG] 2021-03-01 10:28:54.302 [main] BasicTypeRegistry - Adding type registration java.time.OffsetTime -> org.hibernate.type.OffsetTimeType@245a060f
[DEBUG] 2021-03-01 10:28:54.310 [main] BasicTypeRegistry - Adding type registration ZonedDateTime -> org.hibernate.type.ZonedDateTimeType@21ab988f
[DEBUG] 2021-03-01 10:28:54.310 [main] BasicTypeRegistry - Adding type registration java.time.ZonedDateTime -> org.hibernate.type.ZonedDateTimeType@21ab988f
[DEBUG] 2021-03-01 10:28:54.312 [main] BasicTypeRegistry - Adding type registration date -> org.hibernate.type.DateType@56de6d6b
[DEBUG] 2021-03-01 10:28:54.312 [main] BasicTypeRegistry - Adding type registration java.sql.Date -> org.hibernate.type.DateType@56de6d6b
[DEBUG] 2021-03-01 10:28:54.313 [main] BasicTypeRegistry - Adding type registration time -> org.hibernate.type.TimeType@551de37d
[DEBUG] 2021-03-01 10:28:54.313 [main] BasicTypeRegistry - Adding type registration java.sql.Time -> org.hibernate.type.TimeType@551de37d
[DEBUG] 2021-03-01 10:28:54.314 [main] BasicTypeRegistry - Adding type registration timestamp -> org.hibernate.type.TimestampType@3028e50e
[DEBUG] 2021-03-01 10:28:54.317 [main] BasicTypeRegistry - Adding type registration java.sql.Timestamp -> org.hibernate.type.TimestampType@3028e50e
[DEBUG] 2021-03-01 10:28:54.317 [main] BasicTypeRegistry - Adding type registration java.util.Date -> org.hibernate.type.TimestampType@3028e50e
[DEBUG] 2021-03-01 10:28:54.326 [main] BasicTypeRegistry - Adding type registration dbtimestamp -> org.hibernate.type.DbTimestampType@777c350f
[DEBUG] 2021-03-01 10:28:54.327 [main] BasicTypeRegistry - Adding type registration calendar -> org.hibernate.type.CalendarType@5dc3fcb7
[DEBUG] 2021-03-01 10:28:54.328 [main] BasicTypeRegistry - Adding type registration java.util.Calendar -> org.hibernate.type.CalendarType@5dc3fcb7
[DEBUG] 2021-03-01 10:28:54.328 [main] BasicTypeRegistry - Adding type registration java.util.GregorianCalendar -> org.hibernate.type.CalendarType@5dc3fcb7
[DEBUG] 2021-03-01 10:28:54.329 [main] BasicTypeRegistry - Adding type registration calendar_date -> org.hibernate.type.CalendarDateType@7a799159
[DEBUG] 2021-03-01 10:28:54.330 [main] BasicTypeRegistry - Adding type registration locale -> org.hibernate.type.LocaleType@77ee25f1
[DEBUG] 2021-03-01 10:28:54.334 [main] BasicTypeRegistry - Adding type registration java.util.Locale -> org.hibernate.type.LocaleType@77ee25f1
[DEBUG] 2021-03-01 10:28:54.336 [main] BasicTypeRegistry - Adding type registration currency -> org.hibernate.type.CurrencyType@6b3871d6
[DEBUG] 2021-03-01 10:28:54.339 [main] BasicTypeRegistry - Adding type registration java.util.Currency -> org.hibernate.type.CurrencyType@6b3871d6
[DEBUG] 2021-03-01 10:28:54.340 [main] BasicTypeRegistry - Adding type registration timezone -> org.hibernate.type.TimeZoneType@7578e06a
[DEBUG] 2021-03-01 10:28:54.341 [main] BasicTypeRegistry - Adding type registration java.util.TimeZone -> org.hibernate.type.TimeZoneType@7578e06a
[DEBUG] 2021-03-01 10:28:54.342 [main] BasicTypeRegistry - Adding type registration class -> org.hibernate.type.ClassType@6050462a
[DEBUG] 2021-03-01 10:28:54.342 [main] BasicTypeRegistry - Adding type registration java.lang.Class -> org.hibernate.type.ClassType@6050462a
[DEBUG] 2021-03-01 10:28:54.349 [main] BasicTypeRegistry - Adding type registration uuid-binary -> org.hibernate.type.UUIDBinaryType@34523d46
[DEBUG] 2021-03-01 10:28:54.349 [main] BasicTypeRegistry - Adding type registration java.util.UUID -> org.hibernate.type.UUIDBinaryType@34523d46
[DEBUG] 2021-03-01 10:28:54.350 [main] BasicTypeRegistry - Adding type registration uuid-char -> org.hibernate.type.UUIDCharType@5d235104
[DEBUG] 2021-03-01 10:28:54.352 [main] BasicTypeRegistry - Adding type registration binary -> org.hibernate.type.BinaryType@7068f7ca
[DEBUG] 2021-03-01 10:28:54.352 [main] BasicTypeRegistry - Adding type registration byte[] -> org.hibernate.type.BinaryType@7068f7ca
[DEBUG] 2021-03-01 10:28:54.368 [main] BasicTypeRegistry - Adding type registration [B -> org.hibernate.type.BinaryType@7068f7ca
[DEBUG] 2021-03-01 10:28:54.370 [main] BasicTypeRegistry - Adding type registration wrapper-binary -> org.hibernate.type.WrapperBinaryType@6fca2a8f
[DEBUG] 2021-03-01 10:28:54.370 [main] BasicTypeRegistry - Adding type registration Byte[] -> org.hibernate.type.WrapperBinaryType@6fca2a8f
[DEBUG] 2021-03-01 10:28:54.370 [main] BasicTypeRegistry - Adding type registration [Ljava.lang.Byte; -> org.hibernate.type.WrapperBinaryType@6fca2a8f
[DEBUG] 2021-03-01 10:28:54.375 [main] BasicTypeRegistry - Adding type registration row_version -> org.hibernate.type.RowVersionType@a7f0ab6
[DEBUG] 2021-03-01 10:28:54.375 [main] BasicTypeRegistry - Adding type registration image -> org.hibernate.type.ImageType@425d5d46
[DEBUG] 2021-03-01 10:28:54.376 [main] BasicTypeRegistry - Adding type registration characters -> org.hibernate.type.CharArrayType@2a49fe
[DEBUG] 2021-03-01 10:28:54.376 [main] BasicTypeRegistry - Adding type registration char[] -> org.hibernate.type.CharArrayType@2a49fe
[DEBUG] 2021-03-01 10:28:54.376 [main] BasicTypeRegistry - Adding type registration [C -> org.hibernate.type.CharArrayType@2a49fe
[DEBUG] 2021-03-01 10:28:54.377 [main] BasicTypeRegistry - Adding type registration wrapper-characters -> org.hibernate.type.CharacterArrayType@7bef452c
[DEBUG] 2021-03-01 10:28:54.377 [main] BasicTypeRegistry - Adding type registration [Ljava.lang.Character; -> org.hibernate.type.CharacterArrayType@7bef452c
[DEBUG] 2021-03-01 10:28:54.378 [main] BasicTypeRegistry - Adding type registration Character[] -> org.hibernate.type.CharacterArrayType@7bef452c
[DEBUG] 2021-03-01 10:28:54.378 [main] BasicTypeRegistry - Adding type registration text -> org.hibernate.type.TextType@4bee18dc
[DEBUG] 2021-03-01 10:28:54.378 [main] BasicTypeRegistry - Adding type registration ntext -> org.hibernate.type.NTextType@7a6ebe1e
[DEBUG] 2021-03-01 10:28:54.380 [main] BasicTypeRegistry - Adding type registration blob -> org.hibernate.type.BlobType@8a62297
[DEBUG] 2021-03-01 10:28:54.380 [main] BasicTypeRegistry - Adding type registration java.sql.Blob -> org.hibernate.type.BlobType@8a62297
[DEBUG] 2021-03-01 10:28:54.381 [main] BasicTypeRegistry - Adding type registration materialized_blob -> org.hibernate.type.MaterializedBlobType@659925f4
[DEBUG] 2021-03-01 10:28:54.382 [main] BasicTypeRegistry - Adding type registration clob -> org.hibernate.type.ClobType@614aeccc
[DEBUG] 2021-03-01 10:28:54.386 [main] BasicTypeRegistry - Adding type registration java.sql.Clob -> org.hibernate.type.ClobType@614aeccc
[DEBUG] 2021-03-01 10:28:54.388 [main] BasicTypeRegistry - Adding type registration nclob -> org.hibernate.type.NClobType@3a91d146
[DEBUG] 2021-03-01 10:28:54.388 [main] BasicTypeRegistry - Adding type registration java.sql.NClob -> org.hibernate.type.NClobType@3a91d146
[DEBUG] 2021-03-01 10:28:54.389 [main] BasicTypeRegistry - Adding type registration materialized_clob -> org.hibernate.type.MaterializedClobType@6d4a65c6
[DEBUG] 2021-03-01 10:28:54.390 [main] BasicTypeRegistry - Adding type registration materialized_nclob -> org.hibernate.type.MaterializedNClobType@7f02251
[DEBUG] 2021-03-01 10:28:54.391 [main] BasicTypeRegistry - Adding type registration serializable -> org.hibernate.type.SerializableType@460b6d54
[DEBUG] 2021-03-01 10:28:54.416 [main] BasicTypeRegistry - Adding type registration object -> org.hibernate.type.ObjectType@677b8e13
[DEBUG] 2021-03-01 10:28:54.416 [main] BasicTypeRegistry - Adding type registration java.lang.Object -> org.hibernate.type.ObjectType@677b8e13
[DEBUG] 2021-03-01 10:28:54.417 [main] BasicTypeRegistry - Adding type registration imm_date -> org.hibernate.type.AdaptedImmutableType@7bde1f3a
[DEBUG] 2021-03-01 10:28:54.417 [main] BasicTypeRegistry - Adding type registration imm_time -> org.hibernate.type.AdaptedImmutableType@15923407
[DEBUG] 2021-03-01 10:28:54.417 [main] BasicTypeRegistry - Adding type registration imm_timestamp -> org.hibernate.type.AdaptedImmutableType@67dba613
[DEBUG] 2021-03-01 10:28:54.417 [main] BasicTypeRegistry - Adding type registration imm_dbtimestamp -> org.hibernate.type.AdaptedImmutableType@57540fd0
[DEBUG] 2021-03-01 10:28:54.417 [main] BasicTypeRegistry - Adding type registration imm_calendar -> org.hibernate.type.AdaptedImmutableType@5cf8edcf
[DEBUG] 2021-03-01 10:28:54.417 [main] BasicTypeRegistry - Adding type registration imm_calendar_date -> org.hibernate.type.AdaptedImmutableType@58cec85b
[DEBUG] 2021-03-01 10:28:54.417 [main] BasicTypeRegistry - Adding type registration imm_binary -> org.hibernate.type.AdaptedImmutableType@629f066f
[DEBUG] 2021-03-01 10:28:54.417 [main] BasicTypeRegistry - Adding type registration imm_serializable -> org.hibernate.type.AdaptedImmutableType@1542af63
[DEBUG] 2021-03-01 10:28:54.477 [main] DefaultIdentifierGeneratorFactory - Registering IdentifierGenerator strategy [uuid2] -> [org.hibernate.id.UUIDGenerator]
[DEBUG] 2021-03-01 10:28:54.479 [main] DefaultIdentifierGeneratorFactory - Registering IdentifierGenerator strategy [guid] -> [org.hibernate.id.GUIDGenerator]
[DEBUG] 2021-03-01 10:28:54.480 [main] DefaultIdentifierGeneratorFactory - Registering IdentifierGenerator strategy [uuid] -> [org.hibernate.id.UUIDHexGenerator]
[DEBUG] 2021-03-01 10:28:54.480 [main] DefaultIdentifierGeneratorFactory - Registering IdentifierGenerator strategy [uuid.hex] -> [org.hibernate.id.UUIDHexGenerator]
[DEBUG] 2021-03-01 10:28:54.484 [main] DefaultIdentifierGeneratorFactory - Registering IdentifierGenerator strategy [assigned] -> [org.hibernate.id.Assigned]
[DEBUG] 2021-03-01 10:28:54.486 [main] DefaultIdentifierGeneratorFactory - Registering IdentifierGenerator strategy [identity] -> [org.hibernate.id.IdentityGenerator]
[DEBUG] 2021-03-01 10:28:54.487 [main] DefaultIdentifierGeneratorFactory - Registering IdentifierGenerator strategy [select] -> [org.hibernate.id.SelectGenerator]
[DEBUG] 2021-03-01 10:28:54.488 [main] DefaultIdentifierGeneratorFactory - Registering IdentifierGenerator strategy [sequence] -> [org.hibernate.id.enhanced.SequenceStyleGenerator]
[DEBUG] 2021-03-01 10:28:54.489 [main] DefaultIdentifierGeneratorFactory - Registering IdentifierGenerator strategy [seqhilo] -> [org.hibernate.id.SequenceHiLoGenerator]
[DEBUG] 2021-03-01 10:28:54.489 [main] DefaultIdentifierGeneratorFactory - Registering IdentifierGenerator strategy [increment] -> [org.hibernate.id.IncrementGenerator]
[DEBUG] 2021-03-01 10:28:54.490 [main] DefaultIdentifierGeneratorFactory - Registering IdentifierGenerator strategy [foreign] -> [org.hibernate.id.ForeignGenerator]
[DEBUG] 2021-03-01 10:28:54.491 [main] DefaultIdentifierGeneratorFactory - Registering IdentifierGenerator strategy [sequence-identity] -> [org.hibernate.id.SequenceIdentityGenerator]
[DEBUG] 2021-03-01 10:28:54.491 [main] DefaultIdentifierGeneratorFactory - Registering IdentifierGenerator strategy [enhanced-sequence] -> [org.hibernate.id.enhanced.SequenceStyleGenerator]
[DEBUG] 2021-03-01 10:28:54.492 [main] DefaultIdentifierGeneratorFactory - Registering IdentifierGenerator strategy [enhanced-table] -> [org.hibernate.id.enhanced.TableGenerator]
[INFO ] 2021-03-01 10:28:54.504 [main] C3P0ConnectionProvider - HHH010002: C3P0 using driver: com.mysql.cj.jdbc.Driver at URL: jdbc:mysql://localhost:3306/test_sample
[INFO ] 2021-03-01 10:28:54.504 [main] C3P0ConnectionProvider - HHH10001001: Connection properties: {password=****, user=root}
[INFO ] 2021-03-01 10:28:54.504 [main] C3P0ConnectionProvider - HHH10001003: Autocommit mode: false
[INFO ] 2021-03-01 10:28:54.807 [main] C3P0ConnectionProvider - HHH10001007: JDBC isolation level: <unknown>
[DEBUG] 2021-03-01 10:28:55.848 [main] JdbcEnvironmentInitiator - Database ->
       name : MySQL
    version : 8.0.22
      major : 8
      minor : 0
[DEBUG] 2021-03-01 10:28:55.848 [main] JdbcEnvironmentInitiator - Driver ->
       name : MySQL Connector/J
    version : mysql-connector-java-8.0.22 (Revision: d64b664fa93e81296a377de031b8123a67e6def2)
      major : 8
      minor : 0
[DEBUG] 2021-03-01 10:28:55.849 [main] JdbcEnvironmentInitiator - JDBC version : 4.2
[INFO ] 2021-03-01 10:28:55.926 [main] Dialect - HHH000400: Using dialect: org.hibernate.dialect.MySQL8Dialect
[DEBUG] 2021-03-01 10:28:56.000 [main] IdentifierHelperBuilder - JDBC driver metadata reported database stores quoted identifiers in more than one case
[DEBUG] 2021-03-01 10:28:56.049 [main] IdentifierHelperBuilder - IdentifierCaseStrategy for both quoted and unquoted identifiers was set to the same strategy [MIXED]; that will likely lead to problems in schema update and validation if using quoted identifiers
[DEBUG] 2021-03-01 10:28:56.150 [main] Namespace - Created database namespace [logicalName=Name{catalog=null, schema=null}, physicalName=Name{catalog=null, schema=null}]
[DEBUG] 2021-03-01 10:28:56.160 [main] TypeConfiguration$Scope - Scoping TypeConfiguration [org.hibernate.type.spi.TypeConfiguration@16eedaa6] to MetadataBuildingContext [org.hibernate.boot.internal.MetadataBuildingContextRootImpl@28501a4b]
[DEBUG] 2021-03-01 10:28:56.259 [main] AnnotationBinder - Binding entity from annotated class: Author
[DEBUG] 2021-03-01 10:28:56.293 [main] Ejb3Column - Binding column: Ejb3DiscriminatorColumn{logicalColumnName'DTYPE', discriminatorTypeName='string'}
[DEBUG] 2021-03-01 10:28:56.301 [main] EntityBinder - Import with entity name Author
[DEBUG] 2021-03-01 10:28:56.310 [main] EntityBinder - Bind entity Author on table author
[DEBUG] 2021-03-01 10:28:56.342 [main] Ejb3Column - Binding column: Ejb3Column{table=org.hibernate.mapping.Table(author), mappingColumn=id, insertable=true, updatable=true, unique=false}
[DEBUG] 2021-03-01 10:28:56.346 [main] PropertyBinder - MetadataSourceProcessor property id with lazy=false
[DEBUG] 2021-03-01 10:28:56.352 [main] AbstractPropertyHolder - Attempting to locate auto-apply AttributeConverter for property [Author:id]
[DEBUG] 2021-03-01 10:28:56.356 [main] SimpleValueBinder - building SimpleValue for id
[DEBUG] 2021-03-01 10:28:56.361 [main] PropertyBinder - Building property id
[DEBUG] 2021-03-01 10:28:56.369 [main] BinderHelper - #makeIdGenerator(org.hibernate.mapping.SimpleValue([org.hibernate.mapping.Column(id)]), id, org.hibernate.id.enhanced.SequenceStyleGenerator, native, ...)
[DEBUG] 2021-03-01 10:28:56.376 [main] Ejb3Column - Binding column: Ejb3Column{table=org.hibernate.mapping.Table(author), mappingColumn=first_name, insertable=true, updatable=true, unique=false}
[DEBUG] 2021-03-01 10:28:56.376 [main] PropertyBinder - MetadataSourceProcessor property firstName with lazy=false
[DEBUG] 2021-03-01 10:28:56.376 [main] AbstractPropertyHolder - Attempting to locate auto-apply AttributeConverter for property [Author:firstName]
[DEBUG] 2021-03-01 10:28:56.376 [main] SimpleValueBinder - building SimpleValue for firstName
[DEBUG] 2021-03-01 10:28:56.376 [main] PropertyBinder - Building property firstName
[DEBUG] 2021-03-01 10:28:56.379 [main] Ejb3Column - Binding column: Ejb3Column{table=org.hibernate.mapping.Table(author), mappingColumn=last_name, insertable=true, updatable=true, unique=false}
[DEBUG] 2021-03-01 10:28:56.380 [main] PropertyBinder - MetadataSourceProcessor property lastName with lazy=false
[DEBUG] 2021-03-01 10:28:56.380 [main] AbstractPropertyHolder - Attempting to locate auto-apply AttributeConverter for property [Author:lastName]
[DEBUG] 2021-03-01 10:28:56.380 [main] SimpleValueBinder - building SimpleValue for lastName
[DEBUG] 2021-03-01 10:28:56.380 [main] PropertyBinder - Building property lastName
[DEBUG] 2021-03-01 10:28:56.388 [main] SimpleValueBinder - Starting fillSimpleValue for id
[DEBUG] 2021-03-01 10:28:56.392 [main] SimpleValueBinder - Starting fillSimpleValue for firstName
[DEBUG] 2021-03-01 10:28:56.393 [main] SimpleValueBinder - Starting fillSimpleValue for lastName
[DEBUG] 2021-03-01 10:28:56.394 [main] PrimaryKey - Forcing column [id] to be non-null as it is part of the primary key for table [author]
[DEBUG] 2021-03-01 10:28:56.476 [main] SessionFactoryImpl - Building session factory
[DEBUG] 2021-03-01 10:28:56.477 [main] Settings - SessionFactory name : null
[DEBUG] 2021-03-01 10:28:56.478 [main] Settings - Automatic flush during beforeCompletion(): enabled
[DEBUG] 2021-03-01 10:28:56.478 [main] Settings - Automatic session close at end of transaction: disabled
[DEBUG] 2021-03-01 10:28:56.478 [main] Settings - Statistics: disabled
[DEBUG] 2021-03-01 10:28:56.478 [main] Settings - Deleted entity synthetic identifier rollback: disabled
[DEBUG] 2021-03-01 10:28:56.479 [main] Settings - Default entity-mode: pojo
[DEBUG] 2021-03-01 10:28:56.479 [main] Settings - Check Nullability in Core (should be disabled when Bean Validation is on): enabled
[DEBUG] 2021-03-01 10:28:56.479 [main] Settings - Allow initialization of lazy state outside session : disabled
[DEBUG] 2021-03-01 10:28:56.479 [main] Settings - Using BatchFetchStyle : LEGACY
[DEBUG] 2021-03-01 10:28:56.479 [main] Settings - Default batch fetch size: -1
[DEBUG] 2021-03-01 10:28:56.479 [main] Settings - Maximum outer join fetch depth: 2
[DEBUG] 2021-03-01 10:28:56.479 [main] Settings - Default null ordering: NONE
[DEBUG] 2021-03-01 10:28:56.489 [main] Settings - Order SQL updates by primary key: disabled
[DEBUG] 2021-03-01 10:28:56.489 [main] Settings - Order SQL inserts for batching: disabled
[DEBUG] 2021-03-01 10:28:56.489 [main] Settings - multi-tenancy strategy : NONE
[DEBUG] 2021-03-01 10:28:56.490 [main] Settings - JTA Track by Thread: enabled
[DEBUG] 2021-03-01 10:28:56.490 [main] Settings - Query language substitutions: {}
[DEBUG] 2021-03-01 10:28:56.490 [main] Settings - Named query checking : enabled
[DEBUG] 2021-03-01 10:28:56.490 [main] Settings - Second-level cache: disabled
[DEBUG] 2021-03-01 10:28:56.490 [main] Settings - Second-level query cache: disabled
[DEBUG] 2021-03-01 10:28:56.490 [main] Settings - Second-level query cache factory: null
[DEBUG] 2021-03-01 10:28:56.490 [main] Settings - Second-level cache region prefix: null
[DEBUG] 2021-03-01 10:28:56.490 [main] Settings - Optimize second-level cache for minimal puts: disabled
[DEBUG] 2021-03-01 10:28:56.490 [main] Settings - Structured second-level cache entries: disabled
[DEBUG] 2021-03-01 10:28:56.492 [main] Settings - Second-level cache direct-reference entries: disabled
[DEBUG] 2021-03-01 10:28:56.492 [main] Settings - Automatic eviction of collection cache: disabled
[DEBUG] 2021-03-01 10:28:56.492 [main] Settings - JDBC batch size: 15
[DEBUG] 2021-03-01 10:28:56.492 [main] Settings - JDBC batch updates for versioned data: enabled
[DEBUG] 2021-03-01 10:28:56.492 [main] Settings - Scrollable result sets: enabled
[DEBUG] 2021-03-01 10:28:56.492 [main] Settings - Wrap result sets: disabled
[DEBUG] 2021-03-01 10:28:56.492 [main] Settings - JDBC3 getGeneratedKeys(): enabled
[DEBUG] 2021-03-01 10:28:56.492 [main] Settings - JDBC result set fetch size: null
[DEBUG] 2021-03-01 10:28:56.492 [main] Settings - Connection release mode: AFTER_TRANSACTION
[DEBUG] 2021-03-01 10:28:56.492 [main] Settings - Generate SQL with comments: disabled
[DEBUG] 2021-03-01 10:28:56.492 [main] Settings - JPA compliance - query : 
[DEBUG] 2021-03-01 10:28:56.492 [main] Settings - JPA compliance - closed-handling : 
[DEBUG] 2021-03-01 10:28:56.492 [main] Settings - JPA compliance - lists : 
[DEBUG] 2021-03-01 10:28:56.492 [main] Settings - JPA compliance - transactions : 
[INFO ] 2021-03-01 10:28:56.590 [main] beans - HHH10005002: No explicit CDI BeanManager reference was passed to Hibernate, but CDI is available on the Hibernate ClassLoader.
[DEBUG] 2021-03-01 10:28:56.629 [main] SessionFactoryImpl - Session factory constructed with filter configurations : {}
[DEBUG] 2021-03-01 10:28:56.629 [main] SessionFactoryImpl - Instantiating session factory with properties: {sun.desktop=gnome, awt.toolkit=sun.awt.X11.XToolkit, java.specification.version=11, sun.cpu.isalist=, hibernate.c3p0.idle_test_period=3000, sun.jnu.encoding=UTF-8, hibernate.c3p0.min_size=5, java.class.path=/home/student/intellij/lib/idea_rt.jar:/home/student/intellij/plugins/junit/lib/junit5-rt.jar:/home/student/intellij/plugins/junit/lib/junit-rt.jar:/home/student/IdeaProjects/BookCollection/target/test-classes:/home/student/IdeaProjects/BookCollection/target/classes:/home/student/.m2/repository/junit/junit/4.12/junit-4.12.jar:/home/student/.m2/repository/org/hamcrest/hamcrest-core/1.3/hamcrest-core-1.3.jar:/home/student/.m2/repository/javax/javaee-web-api/7.0/javaee-web-api-7.0.jar:/home/student/.m2/repository/mysql/mysql-connector-java/8.0.22/mysql-connector-java-8.0.22.jar:/home/student/.m2/repository/com/google/protobuf/protobuf-java/3.11.4/protobuf-java-3.11.4.jar:/home/student/.m2/repository/javax/servlet/jsp/jstl/jstl-api/1.2/jstl-api-1.2.jar:/home/student/.m2/repository/javax/servlet/servlet-api/2.5/servlet-api-2.5.jar:/home/student/.m2/repository/javax/servlet/jsp/jsp-api/2.1/jsp-api-2.1.jar:/home/student/.m2/repository/javax/servlet/jstl/1.2/jstl-1.2.jar:/home/student/.m2/repository/taglibs/standard/1.1.2/standard-1.1.2.jar:/home/student/.m2/repository/org/apache/logging/log4j/log4j-api/2.10.0/log4j-api-2.10.0.jar:/home/student/.m2/repository/org/apache/logging/log4j/log4j-core/2.10.0/log4j-core-2.10.0.jar:/home/student/.m2/repository/org/junit/platform/junit-platform-runner/1.0.0/junit-platform-runner-1.0.0.jar:/home/student/.m2/repository/org/apiguardian/apiguardian-api/1.0.0/apiguardian-api-1.0.0.jar:/home/student/.m2/repository/org/junit/platform/junit-platform-launcher/1.0.0/junit-platform-launcher-1.0.0.jar:/home/student/.m2/repository/org/junit/platform/junit-platform-suite-api/1.0.0/junit-platform-suite-api-1.0.0.jar:/home/student/.m2/repository/org/junit/platform/junit-platform-commons/1.0.0/junit-platform-commons-1.0.0.jar:/home/student/.m2/repository/org/junit/vintage/junit-vintage-engine/4.12.0/junit-vintage-engine-4.12.0.jar:/home/student/.m2/repository/org/junit/platform/junit-platform-engine/1.0.0/junit-platform-engine-1.0.0.jar:/home/student/.m2/repository/org/opentest4j/opentest4j/1.0.0/opentest4j-1.0.0.jar:/home/student/.m2/repository/org/junit/jupiter/junit-jupiter-engine/5.0.0/junit-jupiter-engine-5.0.0.jar:/home/student/.m2/repository/org/junit/jupiter/junit-jupiter-api/5.0.0/junit-jupiter-api-5.0.0.jar:/home/student/.m2/repository/org/hibernate/hibernate-core/5.4.4.Final/hibernate-core-5.4.4.Final.jar:/home/student/.m2/repository/org/jboss/logging/jboss-logging/3.3.2.Final/jboss-logging-3.3.2.Final.jar:/home/student/.m2/repository/javax/persistence/javax.persistence-api/2.2/javax.persistence-api-2.2.jar:/home/student/.m2/repository/org/javassist/javassist/3.24.0-GA/javassist-3.24.0-GA.jar:/home/student/.m2/repository/net/bytebuddy/byte-buddy/1.9.11/byte-buddy-1.9.11.jar:/home/student/.m2/repository/antlr/antlr/2.7.7/antlr-2.7.7.jar:/home/student/.m2/repository/org/jboss/spec/javax/transaction/jboss-transaction-api_1.2_spec/1.1.1.Final/jboss-transaction-api_1.2_spec-1.1.1.Final.jar:/home/student/.m2/repository/org/jboss/jandex/2.0.5.Final/jandex-2.0.5.Final.jar:/home/student/.m2/repository/com/fasterxml/classmate/1.3.4/classmate-1.3.4.jar:/home/student/.m2/repository/javax/activation/javax.activation-api/1.2.0/javax.activation-api-1.2.0.jar:/home/student/.m2/repository/org/dom4j/dom4j/2.1.1/dom4j-2.1.1.jar:/home/student/.m2/repository/org/hibernate/common/hibernate-commons-annotations/5.1.0.Final/hibernate-commons-annotations-5.1.0.Final.jar:/home/student/.m2/repository/javax/xml/bind/jaxb-api/2.3.1/jaxb-api-2.3.1.jar:/home/student/.m2/repository/org/glassfish/jaxb/jaxb-runtime/2.3.1/jaxb-runtime-2.3.1.jar:/home/student/.m2/repository/org/glassfish/jaxb/txw2/2.3.1/txw2-2.3.1.jar:/home/student/.m2/repository/com/sun/istack/istack-commons-runtime/3.0.7/istack-commons-runtime-3.0.7.jar:/home/student/.m2/repository/org/jvnet/staxex/stax-ex/1.8/stax-ex-1.8.jar:/home/student/.m2/repository/com/sun/xml/fastinfoset/FastInfoset/1.2.15/FastInfoset-1.2.15.jar:/home/student/.m2/repository/org/hibernate/hibernate-c3p0/5.4.4.Final/hibernate-c3p0-5.4.4.Final.jar:/home/student/.m2/repository/com/mchange/c3p0/0.9.5.3/c3p0-0.9.5.3.jar:/home/student/.m2/repository/com/mchange/mchange-commons-java/0.2.15/mchange-commons-java-0.2.15.jar, java.vm.vendor=Ubuntu, sun.arch.data.model=64, idea.test.cyclic.buffer.size=1048576, java.vendor.url=https://ubuntu.com/, user.timezone=America/Chicago, os.name=Linux, java.vm.specification.version=11, sun.java.launcher=SUN_STANDARD, user.country=US, sun.boot.library.path=/usr/lib/jvm/java-11-openjdk-amd64/lib, sun.java.command=com.intellij.rt.junit.JUnitStarter -ideVersion5 -junit5 test.persistence.AuthorDaoTest,getAllAuthorsSuccess, jdk.debug=release, sun.cpu.endian=little, user.home=/home/student, hibernate.c3p0.max_statements=50, user.language=en, java.specification.vendor=Oracle Corporation, java.version.date=2021-01-19, java.home=/usr/lib/jvm/java-11-openjdk-amd64, file.separator=/, java.vm.compressedOopsMode=32-bit, line.separator=
, hibernate.c3p0.timeout=300, java.specification.name=Java Platform API Specification, java.vm.specification.vendor=Oracle Corporation, java.awt.graphicsenv=sun.awt.X11GraphicsEnvironment, connection.password=student, sun.management.compiler=HotSpot 64-Bit Tiered Compilers, hibernate.c3p0.max_size=20, java.runtime.version=11.0.10+9-Ubuntu-0ubuntu1.20.04, user.name=student, path.separator=:, hibernate.connection.username=****, os.version=5.4.0-66-generic, java.runtime.name=OpenJDK Runtime Environment, hibernate.connection.url=jdbc:mysql://localhost:3306/test_sample, file.encoding=UTF-8, java.vm.name=OpenJDK 64-Bit Server VM, hibernate.connection.driver_class=com.mysql.cj.jdbc.Driver, java.vendor.url.bug=https://bugs.launchpad.net/ubuntu/+source/openjdk-lts, java.io.tmpdir=/tmp, java.version=11.0.10, user.dir=/home/student/IdeaProjects/BookCollection, os.arch=amd64, connection.username=root, java.vm.specification.name=Java Virtual Machine Specification, java.awt.printerjob=sun.print.PSPrinterJob, hibernate.connection.password=****, sun.os.patch.level=unknown, connection.driver_class=com.mysql.cj.jdbc.Driver, hibernate.boot.CfgXmlAccessService.key=org.hibernate.boot.cfgxml.spi.LoadedConfig@51d719bc, java.library.path=/usr/java/packages/lib:/usr/lib/x86_64-linux-gnu/jni:/lib/x86_64-linux-gnu:/usr/lib/x86_64-linux-gnu:/usr/lib/jni:/lib:/usr/lib, java.vendor=Ubuntu, java.vm.info=mixed mode, sharing, java.vm.version=11.0.10+9-Ubuntu-0ubuntu1.20.04, hibernate.bytecode.use_reflection_optimizer=false, sun.io.unicode.encoding=UnicodeLittle, connection.url=jdbc:mysql://localhost:3306/test_sample, java.class.version=55.0}
[DEBUG] 2021-03-01 10:28:56.666 [main] TypeSafeActivator - Unable to acquire Bean Validation ValidatorFactory, skipping activation
[DEBUG] 2021-03-01 10:28:56.666 [main] JaccIntegrator - Skipping JACC integration as it was not enabled
[DEBUG] 2021-03-01 10:28:56.673 [main] SessionFactoryImpl - Instantiated session factory
[DEBUG] 2021-03-01 10:28:56.673 [main] TypeConfiguration$Scope - Scoping TypeConfiguration [org.hibernate.type.spi.TypeConfiguration@16eedaa6] to SessionFactoryImpl [org.hibernate.internal.SessionFactoryImpl@4ba6ec50]
[DEBUG] 2021-03-01 10:28:56.768 [main] ClassLoaderAccessImpl - Not known whether passed class name [Author] is safe
[DEBUG] 2021-03-01 10:28:56.771 [main] ClassLoaderAccessImpl - No temp ClassLoader provided; using live ClassLoader for loading potentially unsafe class : Author
[DEBUG] 2021-03-01 10:28:56.869 [main] ClassLoaderAccessImpl - Not known whether passed class name [Author] is safe
[DEBUG] 2021-03-01 10:28:56.869 [main] ClassLoaderAccessImpl - No temp ClassLoader provided; using live ClassLoader for loading potentially unsafe class : Author
[DEBUG] 2021-03-01 10:28:57.535 [main] AbstractEntityPersister - Static SQL for entity: Author
[DEBUG] 2021-03-01 10:28:57.535 [main] AbstractEntityPersister -  Version select: select id from author where id =?
[DEBUG] 2021-03-01 10:28:57.535 [main] AbstractEntityPersister -  Snapshot select: select author_.id, author_.first_name as first_na2_0_, author_.last_name as last_nam3_0_ from author author_ where author_.id=?
[DEBUG] 2021-03-01 10:28:57.535 [main] AbstractEntityPersister -  Insert 0: insert into author (first_name, last_name, id) values (?, ?, ?)
[DEBUG] 2021-03-01 10:28:57.535 [main] AbstractEntityPersister -  Update 0: update author set first_name=?, last_name=? where id=?
[DEBUG] 2021-03-01 10:28:57.535 [main] AbstractEntityPersister -  Delete 0: delete from author where id=?
[DEBUG] 2021-03-01 10:28:57.535 [main] AbstractEntityPersister -  Identity insert: insert into author (first_name, last_name) values (?, ?)
[DEBUG] 2021-03-01 10:28:57.575 [main] QuerySpacesImpl - Adding QuerySpace : uid = <gen:0> -> org.hibernate.loader.plan.build.internal.spaces.EntityQuerySpaceImpl@4de79b7d]
[DEBUG] 2021-03-01 10:28:57.576 [main] MetamodelGraphWalker - Visiting attribute path : firstName
[DEBUG] 2021-03-01 10:28:57.576 [main] MetamodelGraphWalker - Visiting attribute path : lastName
[DEBUG] 2021-03-01 10:28:57.578 [main] FetchStyleLoadPlanBuildingAssociationVisitationStrategy - Building LoadPlan...
[DEBUG] 2021-03-01 10:28:57.594 [main] LoadQueryJoinAndFetchProcessor - processing queryspace <gen:0>
[DEBUG] 2021-03-01 10:28:57.609 [main] LoadPlanTreePrinter - LoadPlan(entity=Author)
    - Returns
       - EntityReturnImpl(entity=Author, querySpaceUid=<gen:0>, path=Author)
    - QuerySpaces
       - EntityQuerySpaceImpl(uid=<gen:0>, entity=Author)
          - SQL table alias mapping - author0_
          - alias suffix - 0_
          - suffixed key columns - {id1_0_0_}

[DEBUG] 2021-03-01 10:28:57.615 [main] EntityLoader - Static select for entity Author [NONE]: select author0_.id as id1_0_0_, author0_.first_name as first_na2_0_0_, author0_.last_name as last_nam3_0_0_ from author author0_ where author0_.id=?
[DEBUG] 2021-03-01 10:28:57.615 [main] QuerySpacesImpl - Adding QuerySpace : uid = <gen:0> -> org.hibernate.loader.plan.build.internal.spaces.EntityQuerySpaceImpl@2a2dc0a]
[DEBUG] 2021-03-01 10:28:57.615 [main] MetamodelGraphWalker - Visiting attribute path : firstName
[DEBUG] 2021-03-01 10:28:57.615 [main] MetamodelGraphWalker - Visiting attribute path : lastName
[DEBUG] 2021-03-01 10:28:57.617 [main] FetchStyleLoadPlanBuildingAssociationVisitationStrategy - Building LoadPlan...
[DEBUG] 2021-03-01 10:28:57.618 [main] LoadQueryJoinAndFetchProcessor - processing queryspace <gen:0>
[DEBUG] 2021-03-01 10:28:57.618 [main] LoadPlanTreePrinter - LoadPlan(entity=Author)
    - Returns
       - EntityReturnImpl(entity=Author, querySpaceUid=<gen:0>, path=Author)
    - QuerySpaces
       - EntityQuerySpaceImpl(uid=<gen:0>, entity=Author)
          - SQL table alias mapping - author0_
          - alias suffix - 0_
          - suffixed key columns - {id1_0_0_}

[DEBUG] 2021-03-01 10:28:57.619 [main] EntityLoader - Static select for entity Author [READ]: select author0_.id as id1_0_0_, author0_.first_name as first_na2_0_0_, author0_.last_name as last_nam3_0_0_ from author author0_ where author0_.id=?
[DEBUG] 2021-03-01 10:28:57.647 [main] Loader - Static select for action ACTION_MERGE on entity Author: select author0_.id as id1_0_0_, author0_.first_name as first_na2_0_0_, author0_.last_name as last_nam3_0_0_ from author author0_ where author0_.id=?
[DEBUG] 2021-03-01 10:28:57.647 [main] Loader - Static select for action ACTION_REFRESH on entity Author: select author0_.id as id1_0_0_, author0_.first_name as first_na2_0_0_, author0_.last_name as last_nam3_0_0_ from author author0_ where author0_.id=?
[DEBUG] 2021-03-01 10:28:57.706 [main] SchemaManagementToolCoordinator - No actions specified; doing nothing
[DEBUG] 2021-03-01 10:28:57.707 [main] JtaPlatformInitiator - No JtaPlatform was specified, checking resolver
[DEBUG] 2021-03-01 10:28:57.707 [main] JtaPlatformResolverInitiator - No JtaPlatformResolver was specified, using default [org.hibernate.engine.transaction.jta.platform.internal.StandardJtaPlatformResolver]
[DEBUG] 2021-03-01 10:28:57.716 [main] StandardJtaPlatformResolver - Could not resolve JtaPlatform, using default [org.hibernate.engine.transaction.jta.platform.internal.NoJtaPlatform]
[INFO ] 2021-03-01 10:28:57.716 [main] JtaPlatformInitiator - HHH000490: Using JtaPlatform implementation: [org.hibernate.engine.transaction.jta.platform.internal.NoJtaPlatform]
[DEBUG] 2021-03-01 10:28:57.719 [main] NamedQueryRepository - Checking 0 named HQL queries
[DEBUG] 2021-03-01 10:28:57.723 [main] NamedQueryRepository - Checking 0 named SQL queries
[DEBUG] 2021-03-01 10:28:57.725 [main] SessionFactoryRegistry - Initializing SessionFactoryRegistry : org.hibernate.internal.SessionFactoryRegistry@3ad8717d
[DEBUG] 2021-03-01 10:28:57.732 [main] SessionFactoryRegistry - Registering SessionFactory: 1a3ebc92-4979-4b6e-84dc-51b39b658559 (<unnamed>)
[DEBUG] 2021-03-01 10:28:57.734 [main] SessionFactoryRegistry - Not binding SessionFactory to JNDI, no JNDI name configured
[DEBUG] 2021-03-01 10:28:58.010 [main] StatisticsInitiator - Statistics initialized [enabled=false]
[DEBUG] 2021-03-01 10:28:58.066 [main] CriteriaQueryImpl - Rendered criteria query -> select generatedAlias0 from Author as generatedAlias0
[DEBUG] 2021-03-01 10:28:58.099 [main] QueryTranslatorFactoryInitiator - QueryTranslatorFactory: org.hibernate.hql.internal.ast.ASTQueryTranslatorFactory@53eba4b8
[DEBUG] 2021-03-01 10:28:58.143 [main] QueryTranslatorImpl - parse() - HQL: select generatedAlias0 from Author as generatedAlias0
[DEBUG] 2021-03-01 10:28:58.151 [main] ErrorTracker - throwQueryException() : no errors
[DEBUG] 2021-03-01 10:28:58.171 [main] QueryTranslatorImpl - --- HQL AST ---
 \-[QUERY] Node: 'query'
    \-[SELECT_FROM] Node: 'SELECT_FROM'
       +-[FROM] Node: 'from'
       |  \-[RANGE] Node: 'RANGE'
       |     +-[DOT] Node: '.'
       |     |  +-[IDENT] Node: 'entity'
       |     |  \-[IDENT] Node: 'Author'
       |     \-[ALIAS] Node: 'generatedAlias0'
       \-[SELECT] Node: 'select'
          \-[IDENT] Node: 'generatedAlias0'

[DEBUG] 2021-03-01 10:28:58.226 [main] HqlSqlBaseWalker - select << begin [level=1, statement=select]
[DEBUG] 2021-03-01 10:28:58.252 [main] FromElement - FromClause{level=1} : Author (generatedAlias0) -> author0_
[DEBUG] 2021-03-01 10:28:58.253 [main] FromReferenceNode - Resolved : generatedAlias0 -> author0_.id
[DEBUG] 2021-03-01 10:28:58.254 [main] HqlSqlBaseWalker - select : finishing up [level=1, statement=select]
[DEBUG] 2021-03-01 10:28:58.255 [main] HqlSqlWalker - processQuery() :  ( SELECT ( {select clause} author0_.id ) ( FromClause{level=1} author author0_ ) )
[DEBUG] 2021-03-01 10:28:58.276 [main] JoinProcessor - Using FROM fragment [author author0_]
[DEBUG] 2021-03-01 10:28:58.277 [main] HqlSqlBaseWalker - select >> end [level=1, statement=select]
[DEBUG] 2021-03-01 10:28:58.278 [main] QueryTranslatorImpl - --- SQL AST ---
 \-[SELECT] QueryNode: 'SELECT'  querySpaces (author)
    +-[SELECT_CLAUSE] SelectClause: '{select clause}'
    |  +-[ALIAS_REF] IdentNode: 'author0_.id as id1_0_' {alias=generatedAlias0, className=Author, tableAlias=author0_}
    |  \-[SQL_TOKEN] SqlFragment: 'author0_.first_name as first_na2_0_, author0_.last_name as last_nam3_0_'
    \-[FROM] FromClause: 'from' FromClause{level=1, fromElementCounter=1, fromElements=1, fromElementByClassAlias=[generatedAlias0], fromElementByTableAlias=[author0_], fromElementsByPath=[], collectionJoinFromElementsByPath=[], impliedElements=[]}
       \-[FROM_FRAGMENT] FromElement: 'author author0_' FromElement{explicit,not a collection join,not a fetch join,fetch non-lazy properties,classAlias=generatedAlias0,role=null,tableName=author,tableAlias=author0_,origin=null,columns={,className=Author}}

[DEBUG] 2021-03-01 10:28:58.278 [main] ErrorTracker - throwQueryException() : no errors
[DEBUG] 2021-03-01 10:28:58.290 [main] QueryTranslatorImpl - HQL: select generatedAlias0 from Author as generatedAlias0
[DEBUG] 2021-03-01 10:28:58.290 [main] QueryTranslatorImpl - SQL: select author0_.id as id1_0_, author0_.first_name as first_na2_0_, author0_.last_name as last_nam3_0_ from author author0_
[DEBUG] 2021-03-01 10:28:58.290 [main] ErrorTracker - throwQueryException() : no errors
[DEBUG] 2021-03-01 10:28:58.327 [main] SQL - select author0_.id as id1_0_, author0_.first_name as first_na2_0_, author0_.last_name as last_nam3_0_ from author author0_
[DEBUG] 2021-03-01 10:28:58.402 [main] SqlExceptionHelper - could not extract ResultSet [n/a]
java.sql.SQLSyntaxErrorException: Table 'test_sample.author' doesn't exist
	at com.mysql.cj.jdbc.exceptions.SQLError.createSQLException(SQLError.java:120) ~[mysql-connector-java-8.0.22.jar:8.0.22]
	at com.mysql.cj.jdbc.exceptions.SQLError.createSQLException(SQLError.java:97) ~[mysql-connector-java-8.0.22.jar:8.0.22]
	at com.mysql.cj.jdbc.exceptions.SQLExceptionsMapping.translateException(SQLExceptionsMapping.java:122) ~[mysql-connector-java-8.0.22.jar:8.0.22]
	at com.mysql.cj.jdbc.ClientPreparedStatement.executeInternal(ClientPreparedStatement.java:953) ~[mysql-connector-java-8.0.22.jar:8.0.22]
	at com.mysql.cj.jdbc.ClientPreparedStatement.executeQuery(ClientPreparedStatement.java:1003) ~[mysql-connector-java-8.0.22.jar:8.0.22]
	at com.mchange.v2.c3p0.impl.NewProxyPreparedStatement.executeQuery(NewProxyPreparedStatement.java:379) ~[c3p0-0.9.5.3.jar:0.9.5.3]
	at org.hibernate.engine.jdbc.internal.ResultSetReturnImpl.extract(ResultSetReturnImpl.java:60) [hibernate-core-5.4.4.Final.jar:5.4.4.Final]
	at org.hibernate.loader.Loader.getResultSet(Loader.java:2287) [hibernate-core-5.4.4.Final.jar:5.4.4.Final]
	at org.hibernate.loader.Loader.executeQueryStatement(Loader.java:2045) [hibernate-core-5.4.4.Final.jar:5.4.4.Final]
	at org.hibernate.loader.Loader.executeQueryStatement(Loader.java:2007) [hibernate-core-5.4.4.Final.jar:5.4.4.Final]
	at org.hibernate.loader.Loader.doQuery(Loader.java:953) [hibernate-core-5.4.4.Final.jar:5.4.4.Final]
	at org.hibernate.loader.Loader.doQueryAndInitializeNonLazyCollections(Loader.java:354) [hibernate-core-5.4.4.Final.jar:5.4.4.Final]
	at org.hibernate.loader.Loader.doList(Loader.java:2810) [hibernate-core-5.4.4.Final.jar:5.4.4.Final]
	at org.hibernate.loader.Loader.doList(Loader.java:2792) [hibernate-core-5.4.4.Final.jar:5.4.4.Final]
	at org.hibernate.loader.Loader.listIgnoreQueryCache(Loader.java:2624) [hibernate-core-5.4.4.Final.jar:5.4.4.Final]
	at org.hibernate.loader.Loader.list(Loader.java:2619) [hibernate-core-5.4.4.Final.jar:5.4.4.Final]
	at org.hibernate.loader.hql.QueryLoader.list(QueryLoader.java:506) [hibernate-core-5.4.4.Final.jar:5.4.4.Final]
	at org.hibernate.hql.internal.ast.QueryTranslatorImpl.list(QueryTranslatorImpl.java:396) [hibernate-core-5.4.4.Final.jar:5.4.4.Final]
	at org.hibernate.engine.query.spi.HQLQueryPlan.performList(HQLQueryPlan.java:219) [hibernate-core-5.4.4.Final.jar:5.4.4.Final]
	at org.hibernate.internal.SessionImpl.list(SessionImpl.java:1547) [hibernate-core-5.4.4.Final.jar:5.4.4.Final]
	at org.hibernate.query.internal.AbstractProducedQuery.doList(AbstractProducedQuery.java:1557) [hibernate-core-5.4.4.Final.jar:5.4.4.Final]
	at org.hibernate.query.internal.AbstractProducedQuery.list(AbstractProducedQuery.java:1525) [hibernate-core-5.4.4.Final.jar:5.4.4.Final]
	at org.hibernate.query.Query.getResultList(Query.java:165) [hibernate-core-5.4.4.Final.jar:5.4.4.Final]
	at org.hibernate.query.criteria.internal.compile.CriteriaQueryTypeQueryAdapter.getResultList(CriteriaQueryTypeQueryAdapter.java:76) [hibernate-core-5.4.4.Final.jar:5.4.4.Final]
	at persistence.AuthorDao.getAllAuthors(AuthorDao.java:38) [classes/:?]
	at test.persistence.AuthorDaoTest.getAllAuthorsSuccess(AuthorDaoTest.java:29) [test-classes/:?]
	at jdk.internal.reflect.NativeMethodAccessorImpl.invoke0(Native Method) ~[?:?]
	at jdk.internal.reflect.NativeMethodAccessorImpl.invoke(NativeMethodAccessorImpl.java:62) ~[?:?]
	at jdk.internal.reflect.DelegatingMethodAccessorImpl.invoke(DelegatingMethodAccessorImpl.java:43) ~[?:?]
	at java.lang.reflect.Method.invoke(Method.java:566) ~[?:?]
	at org.junit.platform.commons.util.ReflectionUtils.invokeMethod(ReflectionUtils.java:389) [junit-platform-commons-1.0.0.jar:1.0.0]
	at org.junit.jupiter.engine.execution.ExecutableInvoker.invoke(ExecutableInvoker.java:115) [junit-jupiter-engine-5.0.0.jar:5.0.0]
	at org.junit.jupiter.engine.descriptor.TestMethodTestDescriptor.lambda$invokeTestMethod$6(TestMethodTestDescriptor.java:167) [junit-jupiter-engine-5.0.0.jar:5.0.0]
	at org.junit.jupiter.engine.execution.ThrowableCollector.execute(ThrowableCollector.java:40) [junit-jupiter-engine-5.0.0.jar:5.0.0]
	at org.junit.jupiter.engine.descriptor.TestMethodTestDescriptor.invokeTestMethod(TestMethodTestDescriptor.java:163) [junit-jupiter-engine-5.0.0.jar:5.0.0]
	at org.junit.jupiter.engine.descriptor.TestMethodTestDescriptor.execute(TestMethodTestDescriptor.java:110) [junit-jupiter-engine-5.0.0.jar:5.0.0]
	at org.junit.jupiter.engine.descriptor.TestMethodTestDescriptor.execute(TestMethodTestDescriptor.java:57) [junit-jupiter-engine-5.0.0.jar:5.0.0]
	at org.junit.platform.engine.support.hierarchical.HierarchicalTestExecutor.lambda$execute$3(HierarchicalTestExecutor.java:83) [junit-platform-engine-1.0.0.jar:1.0.0]
	at org.junit.platform.engine.support.hierarchical.SingleTestExecutor.executeSafely(SingleTestExecutor.java:66) [junit-platform-engine-1.0.0.jar:1.0.0]
	at org.junit.platform.engine.support.hierarchical.HierarchicalTestExecutor.execute(HierarchicalTestExecutor.java:77) [junit-platform-engine-1.0.0.jar:1.0.0]
	at org.junit.platform.engine.support.hierarchical.HierarchicalTestExecutor.lambda$null$2(HierarchicalTestExecutor.java:92) [junit-platform-engine-1.0.0.jar:1.0.0]
	at java.util.stream.ForEachOps$ForEachOp$OfRef.accept(ForEachOps.java:183) [?:?]
	at java.util.stream.ReferencePipeline$2$1.accept(ReferencePipeline.java:177) [?:?]
	at java.util.Iterator.forEachRemaining(Iterator.java:133) [?:?]
	at java.util.Spliterators$IteratorSpliterator.forEachRemaining(Spliterators.java:1801) [?:?]
	at java.util.stream.AbstractPipeline.copyInto(AbstractPipeline.java:484) [?:?]
	at java.util.stream.AbstractPipeline.wrapAndCopyInto(AbstractPipeline.java:474) [?:?]
	at java.util.stream.ForEachOps$ForEachOp.evaluateSequential(ForEachOps.java:150) [?:?]
	at java.util.stream.ForEachOps$ForEachOp$OfRef.evaluateSequential(ForEachOps.java:173) [?:?]
	at java.util.stream.AbstractPipeline.evaluate(AbstractPipeline.java:234) [?:?]
	at java.util.stream.ReferencePipeline.forEach(ReferencePipeline.java:497) [?:?]
	at org.junit.platform.engine.support.hierarchical.HierarchicalTestExecutor.lambda$execute$3(HierarchicalTestExecutor.java:92) [junit-platform-engine-1.0.0.jar:1.0.0]
	at org.junit.platform.engine.support.hierarchical.SingleTestExecutor.executeSafely(SingleTestExecutor.java:66) [junit-platform-engine-1.0.0.jar:1.0.0]
	at org.junit.platform.engine.support.hierarchical.HierarchicalTestExecutor.execute(HierarchicalTestExecutor.java:77) [junit-platform-engine-1.0.0.jar:1.0.0]
	at org.junit.platform.engine.support.hierarchical.HierarchicalTestExecutor.lambda$null$2(HierarchicalTestExecutor.java:92) [junit-platform-engine-1.0.0.jar:1.0.0]
	at java.util.stream.ForEachOps$ForEachOp$OfRef.accept(ForEachOps.java:183) [?:?]
	at java.util.stream.ReferencePipeline$2$1.accept(ReferencePipeline.java:177) [?:?]
	at java.util.Iterator.forEachRemaining(Iterator.java:133) [?:?]
	at java.util.Spliterators$IteratorSpliterator.forEachRemaining(Spliterators.java:1801) [?:?]
	at java.util.stream.AbstractPipeline.copyInto(AbstractPipeline.java:484) [?:?]
	at java.util.stream.AbstractPipeline.wrapAndCopyInto(AbstractPipeline.java:474) [?:?]
	at java.util.stream.ForEachOps$ForEachOp.evaluateSequential(ForEachOps.java:150) [?:?]
	at java.util.stream.ForEachOps$ForEachOp$OfRef.evaluateSequential(ForEachOps.java:173) [?:?]
	at java.util.stream.AbstractPipeline.evaluate(AbstractPipeline.java:234) [?:?]
	at java.util.stream.ReferencePipeline.forEach(ReferencePipeline.java:497) [?:?]
	at org.junit.platform.engine.support.hierarchical.HierarchicalTestExecutor.lambda$execute$3(HierarchicalTestExecutor.java:92) [junit-platform-engine-1.0.0.jar:1.0.0]
	at org.junit.platform.engine.support.hierarchical.SingleTestExecutor.executeSafely(SingleTestExecutor.java:66) [junit-platform-engine-1.0.0.jar:1.0.0]
	at org.junit.platform.engine.support.hierarchical.HierarchicalTestExecutor.execute(HierarchicalTestExecutor.java:77) [junit-platform-engine-1.0.0.jar:1.0.0]
	at org.junit.platform.engine.support.hierarchical.HierarchicalTestExecutor.execute(HierarchicalTestExecutor.java:51) [junit-platform-engine-1.0.0.jar:1.0.0]
	at org.junit.platform.engine.support.hierarchical.HierarchicalTestEngine.execute(HierarchicalTestEngine.java:43) [junit-platform-engine-1.0.0.jar:1.0.0]
	at org.junit.platform.launcher.core.DefaultLauncher.execute(DefaultLauncher.java:170) [junit-platform-launcher-1.0.0.jar:1.0.0]
	at org.junit.platform.launcher.core.DefaultLauncher.execute(DefaultLauncher.java:154) [junit-platform-launcher-1.0.0.jar:1.0.0]
	at org.junit.platform.launcher.core.DefaultLauncher.execute(DefaultLauncher.java:90) [junit-platform-launcher-1.0.0.jar:1.0.0]
	at com.intellij.junit5.JUnit5IdeaTestRunner.startRunnerWithArgs(JUnit5IdeaTestRunner.java:71) [junit5-rt.jar:?]
	at com.intellij.rt.junit.IdeaTestRunner$Repeater.startRunnerWithArgs(IdeaTestRunner.java:33) [junit-rt.jar:?]
	at com.intellij.rt.junit.JUnitStarter.prepareStreamsAndStart(JUnitStarter.java:220) [junit-rt.jar:?]
	at com.intellij.rt.junit.JUnitStarter.main(JUnitStarter.java:53) [junit-rt.jar:?]
[WARN ] 2021-03-01 10:28:58.423 [main] SqlExceptionHelper - SQL Error: 1146, SQLState: 42S02
[ERROR] 2021-03-01 10:28:58.424 [main] SqlExceptionHelper - Table 'test_sample.author' doesn't exist
[DEBUG] 2021-03-01 10:28:58.430 [main] LogicalConnectionManagedImpl - Initiating JDBC connection release from afterTransaction
[DEBUG] 2021-03-01 10:28:58.433 [main] TransactionImpl - On TransactionImpl creation, JpaCompliance#isJpaTransactionComplianceEnabled == false
