[DEBUG] 2021-03-01 12:29:42.906 [main] IntegratorServiceImpl - Adding Integrator [org.hibernate.cfg.beanvalidation.BeanValidationIntegrator].
[DEBUG] 2021-03-01 12:29:42.975 [main] IntegratorServiceImpl - Adding Integrator [org.hibernate.secure.spi.JaccIntegrator].
[DEBUG] 2021-03-01 12:29:43.046 [main] IntegratorServiceImpl - Adding Integrator [org.hibernate.cache.internal.CollectionCacheInvalidator].
[INFO ] 2021-03-01 12:29:43.915 [main] Version - HHH000412: Hibernate Core {5.4.4.Final}
[DEBUG] 2021-03-01 12:29:43.928 [main] Environment - HHH000206: hibernate.properties not found
[DEBUG] 2021-03-01 12:29:45.386 [main] LocalXmlResourceResolver - Interpreting public/system identifier : [-//Hibernate/Hibernate Configuration DTD//EN] - [http://www.hibernate.org/dtd/hibernate-configuration-3.0.dtd]
[DEBUG] 2021-03-01 12:29:45.387 [main] LocalXmlResourceResolver - Recognized hibernate-configuration identifier; attempting to resolve on classpath under org/hibernate/
[DEBUG] 2021-03-01 12:29:45.409 [main] JaxbCfgProcessor - cfg.xml document did not define namespaces; wrapping in custom event reader to introduce namespace information
[DEBUG] 2021-03-01 12:29:47.102 [main] ServiceBinding - Overriding existing service binding [org.hibernate.secure.spi.JaccService]
[DEBUG] 2021-03-01 12:29:47.221 [main] RegionFactoryInitiator - Cannot default RegionFactory based on registered strategies as `[]` RegionFactory strategies were registered
[DEBUG] 2021-03-01 12:29:47.234 [main] RegionFactoryInitiator - Cache region factory : org.hibernate.cache.internal.NoCachingRegionFactory
[INFO ] 2021-03-01 12:29:47.314 [main] Version - HCANN000001: Hibernate Commons Annotations {5.1.0.Final}
[DEBUG] 2021-03-01 12:29:47.520 [main] BasicTypeRegistry - Adding type registration boolean -> org.hibernate.type.BooleanType@bd2f5a9
[DEBUG] 2021-03-01 12:29:47.522 [main] BasicTypeRegistry - Adding type registration boolean -> org.hibernate.type.BooleanType@bd2f5a9
[DEBUG] 2021-03-01 12:29:47.522 [main] BasicTypeRegistry - Adding type registration java.lang.Boolean -> org.hibernate.type.BooleanType@bd2f5a9
[DEBUG] 2021-03-01 12:29:47.523 [main] BasicTypeRegistry - Adding type registration numeric_boolean -> org.hibernate.type.NumericBooleanType@6b580b88
[DEBUG] 2021-03-01 12:29:47.524 [main] BasicTypeRegistry - Adding type registration true_false -> org.hibernate.type.TrueFalseType@6ce90bc5
[DEBUG] 2021-03-01 12:29:47.531 [main] BasicTypeRegistry - Adding type registration yes_no -> org.hibernate.type.YesNoType@4b1c0397
[DEBUG] 2021-03-01 12:29:47.532 [main] BasicTypeRegistry - Adding type registration byte -> org.hibernate.type.ByteType@71a3a190
[DEBUG] 2021-03-01 12:29:47.536 [main] BasicTypeRegistry - Adding type registration byte -> org.hibernate.type.ByteType@71a3a190
[DEBUG] 2021-03-01 12:29:47.536 [main] BasicTypeRegistry - Adding type registration java.lang.Byte -> org.hibernate.type.ByteType@71a3a190
[DEBUG] 2021-03-01 12:29:47.538 [main] BasicTypeRegistry - Adding type registration character -> org.hibernate.type.CharacterType@3703bf3c
[DEBUG] 2021-03-01 12:29:47.541 [main] BasicTypeRegistry - Adding type registration char -> org.hibernate.type.CharacterType@3703bf3c
[DEBUG] 2021-03-01 12:29:47.541 [main] BasicTypeRegistry - Adding type registration java.lang.Character -> org.hibernate.type.CharacterType@3703bf3c
[DEBUG] 2021-03-01 12:29:47.547 [main] BasicTypeRegistry - Adding type registration short -> org.hibernate.type.ShortType@3f36b447
[DEBUG] 2021-03-01 12:29:47.547 [main] BasicTypeRegistry - Adding type registration short -> org.hibernate.type.ShortType@3f36b447
[DEBUG] 2021-03-01 12:29:47.547 [main] BasicTypeRegistry - Adding type registration java.lang.Short -> org.hibernate.type.ShortType@3f36b447
[DEBUG] 2021-03-01 12:29:47.553 [main] BasicTypeRegistry - Adding type registration integer -> org.hibernate.type.IntegerType@4bdcaf36
[DEBUG] 2021-03-01 12:29:47.559 [main] BasicTypeRegistry - Adding type registration int -> org.hibernate.type.IntegerType@4bdcaf36
[DEBUG] 2021-03-01 12:29:47.559 [main] BasicTypeRegistry - Adding type registration java.lang.Integer -> org.hibernate.type.IntegerType@4bdcaf36
[DEBUG] 2021-03-01 12:29:47.560 [main] BasicTypeRegistry - Adding type registration long -> org.hibernate.type.LongType@5d39f2d8
[DEBUG] 2021-03-01 12:29:47.560 [main] BasicTypeRegistry - Adding type registration long -> org.hibernate.type.LongType@5d39f2d8
[DEBUG] 2021-03-01 12:29:47.566 [main] BasicTypeRegistry - Adding type registration java.lang.Long -> org.hibernate.type.LongType@5d39f2d8
[DEBUG] 2021-03-01 12:29:47.569 [main] BasicTypeRegistry - Adding type registration float -> org.hibernate.type.FloatType@71c905a3
[DEBUG] 2021-03-01 12:29:47.569 [main] BasicTypeRegistry - Adding type registration float -> org.hibernate.type.FloatType@71c905a3
[DEBUG] 2021-03-01 12:29:47.569 [main] BasicTypeRegistry - Adding type registration java.lang.Float -> org.hibernate.type.FloatType@71c905a3
[DEBUG] 2021-03-01 12:29:47.581 [main] BasicTypeRegistry - Adding type registration double -> org.hibernate.type.DoubleType@4bff2185
[DEBUG] 2021-03-01 12:29:47.581 [main] BasicTypeRegistry - Adding type registration double -> org.hibernate.type.DoubleType@4bff2185
[DEBUG] 2021-03-01 12:29:47.588 [main] BasicTypeRegistry - Adding type registration java.lang.Double -> org.hibernate.type.DoubleType@4bff2185
[DEBUG] 2021-03-01 12:29:47.590 [main] BasicTypeRegistry - Adding type registration big_decimal -> org.hibernate.type.BigDecimalType@458544e0
[DEBUG] 2021-03-01 12:29:47.591 [main] BasicTypeRegistry - Adding type registration java.math.BigDecimal -> org.hibernate.type.BigDecimalType@458544e0
[DEBUG] 2021-03-01 12:29:47.599 [main] BasicTypeRegistry - Adding type registration big_integer -> org.hibernate.type.BigIntegerType@47b2e9e1
[DEBUG] 2021-03-01 12:29:47.599 [main] BasicTypeRegistry - Adding type registration java.math.BigInteger -> org.hibernate.type.BigIntegerType@47b2e9e1
[DEBUG] 2021-03-01 12:29:47.600 [main] BasicTypeRegistry - Adding type registration string -> org.hibernate.type.StringType@25b865b5
[DEBUG] 2021-03-01 12:29:47.600 [main] BasicTypeRegistry - Adding type registration java.lang.String -> org.hibernate.type.StringType@25b865b5
[DEBUG] 2021-03-01 12:29:47.605 [main] BasicTypeRegistry - Adding type registration nstring -> org.hibernate.type.StringNVarcharType@bdecc21
[DEBUG] 2021-03-01 12:29:47.610 [main] BasicTypeRegistry - Adding type registration ncharacter -> org.hibernate.type.CharacterNCharType@5d58c727
[DEBUG] 2021-03-01 12:29:47.611 [main] BasicTypeRegistry - Adding type registration url -> org.hibernate.type.UrlType@27b22f74
[DEBUG] 2021-03-01 12:29:47.618 [main] BasicTypeRegistry - Adding type registration java.net.URL -> org.hibernate.type.UrlType@27b22f74
[DEBUG] 2021-03-01 12:29:47.622 [main] BasicTypeRegistry - Adding type registration Duration -> org.hibernate.type.DurationType@21fff664
[DEBUG] 2021-03-01 12:29:47.623 [main] BasicTypeRegistry - Adding type registration java.time.Duration -> org.hibernate.type.DurationType@21fff664
[DEBUG] 2021-03-01 12:29:47.650 [main] BasicTypeRegistry - Adding type registration Instant -> org.hibernate.type.InstantType@68809cc7
[DEBUG] 2021-03-01 12:29:47.657 [main] BasicTypeRegistry - Adding type registration java.time.Instant -> org.hibernate.type.InstantType@68809cc7
[DEBUG] 2021-03-01 12:29:47.662 [main] BasicTypeRegistry - Adding type registration LocalDateTime -> org.hibernate.type.LocalDateTimeType@13cd7ea5
[DEBUG] 2021-03-01 12:29:47.662 [main] BasicTypeRegistry - Adding type registration java.time.LocalDateTime -> org.hibernate.type.LocalDateTimeType@13cd7ea5
[DEBUG] 2021-03-01 12:29:47.665 [main] BasicTypeRegistry - Adding type registration LocalDate -> org.hibernate.type.LocalDateType@ff6077
[DEBUG] 2021-03-01 12:29:47.665 [main] BasicTypeRegistry - Adding type registration java.time.LocalDate -> org.hibernate.type.LocalDateType@ff6077
[DEBUG] 2021-03-01 12:29:47.668 [main] BasicTypeRegistry - Adding type registration LocalTime -> org.hibernate.type.LocalTimeType@29be7749
[DEBUG] 2021-03-01 12:29:47.668 [main] BasicTypeRegistry - Adding type registration java.time.LocalTime -> org.hibernate.type.LocalTimeType@29be7749
[DEBUG] 2021-03-01 12:29:47.679 [main] BasicTypeRegistry - Adding type registration OffsetDateTime -> org.hibernate.type.OffsetDateTimeType@79767781
[DEBUG] 2021-03-01 12:29:47.680 [main] BasicTypeRegistry - Adding type registration java.time.OffsetDateTime -> org.hibernate.type.OffsetDateTimeType@79767781
[DEBUG] 2021-03-01 12:29:47.685 [main] BasicTypeRegistry - Adding type registration OffsetTime -> org.hibernate.type.OffsetTimeType@16c3ca31
[DEBUG] 2021-03-01 12:29:47.685 [main] BasicTypeRegistry - Adding type registration java.time.OffsetTime -> org.hibernate.type.OffsetTimeType@16c3ca31
[DEBUG] 2021-03-01 12:29:47.688 [main] BasicTypeRegistry - Adding type registration ZonedDateTime -> org.hibernate.type.ZonedDateTimeType@48ea2003
[DEBUG] 2021-03-01 12:29:47.689 [main] BasicTypeRegistry - Adding type registration java.time.ZonedDateTime -> org.hibernate.type.ZonedDateTimeType@48ea2003
[DEBUG] 2021-03-01 12:29:47.691 [main] BasicTypeRegistry - Adding type registration date -> org.hibernate.type.DateType@1473b8c0
[DEBUG] 2021-03-01 12:29:47.691 [main] BasicTypeRegistry - Adding type registration java.sql.Date -> org.hibernate.type.DateType@1473b8c0
[DEBUG] 2021-03-01 12:29:47.703 [main] BasicTypeRegistry - Adding type registration time -> org.hibernate.type.TimeType@997d532
[DEBUG] 2021-03-01 12:29:47.703 [main] BasicTypeRegistry - Adding type registration java.sql.Time -> org.hibernate.type.TimeType@997d532
[DEBUG] 2021-03-01 12:29:47.704 [main] BasicTypeRegistry - Adding type registration timestamp -> org.hibernate.type.TimestampType@777c350f
[DEBUG] 2021-03-01 12:29:47.704 [main] BasicTypeRegistry - Adding type registration java.sql.Timestamp -> org.hibernate.type.TimestampType@777c350f
[DEBUG] 2021-03-01 12:29:47.705 [main] BasicTypeRegistry - Adding type registration java.util.Date -> org.hibernate.type.TimestampType@777c350f
[DEBUG] 2021-03-01 12:29:47.717 [main] BasicTypeRegistry - Adding type registration dbtimestamp -> org.hibernate.type.DbTimestampType@4bdc8b5d
[DEBUG] 2021-03-01 12:29:47.718 [main] BasicTypeRegistry - Adding type registration calendar -> org.hibernate.type.CalendarType@160396db
[DEBUG] 2021-03-01 12:29:47.718 [main] BasicTypeRegistry - Adding type registration java.util.Calendar -> org.hibernate.type.CalendarType@160396db
[DEBUG] 2021-03-01 12:29:47.719 [main] BasicTypeRegistry - Adding type registration java.util.GregorianCalendar -> org.hibernate.type.CalendarType@160396db
[DEBUG] 2021-03-01 12:29:47.721 [main] BasicTypeRegistry - Adding type registration calendar_date -> org.hibernate.type.CalendarDateType@53093491
[DEBUG] 2021-03-01 12:29:47.724 [main] BasicTypeRegistry - Adding type registration locale -> org.hibernate.type.LocaleType@368d5c00
[DEBUG] 2021-03-01 12:29:47.725 [main] BasicTypeRegistry - Adding type registration java.util.Locale -> org.hibernate.type.LocaleType@368d5c00
[DEBUG] 2021-03-01 12:29:47.726 [main] BasicTypeRegistry - Adding type registration currency -> org.hibernate.type.CurrencyType@43826ec
[DEBUG] 2021-03-01 12:29:47.730 [main] BasicTypeRegistry - Adding type registration java.util.Currency -> org.hibernate.type.CurrencyType@43826ec
[DEBUG] 2021-03-01 12:29:47.731 [main] BasicTypeRegistry - Adding type registration timezone -> org.hibernate.type.TimeZoneType@11a7ba62
[DEBUG] 2021-03-01 12:29:47.731 [main] BasicTypeRegistry - Adding type registration java.util.TimeZone -> org.hibernate.type.TimeZoneType@11a7ba62
[DEBUG] 2021-03-01 12:29:47.733 [main] BasicTypeRegistry - Adding type registration class -> org.hibernate.type.ClassType@73877e19
[DEBUG] 2021-03-01 12:29:47.733 [main] BasicTypeRegistry - Adding type registration java.lang.Class -> org.hibernate.type.ClassType@73877e19
[DEBUG] 2021-03-01 12:29:47.734 [main] BasicTypeRegistry - Adding type registration uuid-binary -> org.hibernate.type.UUIDBinaryType@5d235104
[DEBUG] 2021-03-01 12:29:47.737 [main] BasicTypeRegistry - Adding type registration java.util.UUID -> org.hibernate.type.UUIDBinaryType@5d235104
[DEBUG] 2021-03-01 12:29:47.739 [main] BasicTypeRegistry - Adding type registration uuid-char -> org.hibernate.type.UUIDCharType@4443ef6f
[DEBUG] 2021-03-01 12:29:47.740 [main] BasicTypeRegistry - Adding type registration binary -> org.hibernate.type.BinaryType@75b3673
[DEBUG] 2021-03-01 12:29:47.740 [main] BasicTypeRegistry - Adding type registration byte[] -> org.hibernate.type.BinaryType@75b3673
[DEBUG] 2021-03-01 12:29:47.742 [main] BasicTypeRegistry - Adding type registration [B -> org.hibernate.type.BinaryType@75b3673
[DEBUG] 2021-03-01 12:29:47.744 [main] BasicTypeRegistry - Adding type registration wrapper-binary -> org.hibernate.type.WrapperBinaryType@12db3386
[DEBUG] 2021-03-01 12:29:47.744 [main] BasicTypeRegistry - Adding type registration Byte[] -> org.hibernate.type.WrapperBinaryType@12db3386
[DEBUG] 2021-03-01 12:29:47.744 [main] BasicTypeRegistry - Adding type registration [Ljava.lang.Byte; -> org.hibernate.type.WrapperBinaryType@12db3386
[DEBUG] 2021-03-01 12:29:47.748 [main] BasicTypeRegistry - Adding type registration row_version -> org.hibernate.type.RowVersionType@425d5d46
[DEBUG] 2021-03-01 12:29:47.749 [main] BasicTypeRegistry - Adding type registration image -> org.hibernate.type.ImageType@7a639ec5
[DEBUG] 2021-03-01 12:29:47.750 [main] BasicTypeRegistry - Adding type registration characters -> org.hibernate.type.CharArrayType@24a298a6
[DEBUG] 2021-03-01 12:29:47.750 [main] BasicTypeRegistry - Adding type registration char[] -> org.hibernate.type.CharArrayType@24a298a6
[DEBUG] 2021-03-01 12:29:47.750 [main] BasicTypeRegistry - Adding type registration [C -> org.hibernate.type.CharArrayType@24a298a6
[DEBUG] 2021-03-01 12:29:47.751 [main] BasicTypeRegistry - Adding type registration wrapper-characters -> org.hibernate.type.CharacterArrayType@4bee18dc
[DEBUG] 2021-03-01 12:29:47.751 [main] BasicTypeRegistry - Adding type registration [Ljava.lang.Character; -> org.hibernate.type.CharacterArrayType@4bee18dc
[DEBUG] 2021-03-01 12:29:47.751 [main] BasicTypeRegistry - Adding type registration Character[] -> org.hibernate.type.CharacterArrayType@4bee18dc
[DEBUG] 2021-03-01 12:29:47.752 [main] BasicTypeRegistry - Adding type registration text -> org.hibernate.type.TextType@7a6ebe1e
[DEBUG] 2021-03-01 12:29:47.752 [main] BasicTypeRegistry - Adding type registration ntext -> org.hibernate.type.NTextType@6de30571
[DEBUG] 2021-03-01 12:29:47.776 [main] BasicTypeRegistry - Adding type registration blob -> org.hibernate.type.BlobType@659925f4
[DEBUG] 2021-03-01 12:29:47.778 [main] BasicTypeRegistry - Adding type registration java.sql.Blob -> org.hibernate.type.BlobType@659925f4
[DEBUG] 2021-03-01 12:29:47.779 [main] BasicTypeRegistry - Adding type registration materialized_blob -> org.hibernate.type.MaterializedBlobType@2787de58
[DEBUG] 2021-03-01 12:29:47.780 [main] BasicTypeRegistry - Adding type registration clob -> org.hibernate.type.ClobType@322803db
[DEBUG] 2021-03-01 12:29:47.794 [main] BasicTypeRegistry - Adding type registration java.sql.Clob -> org.hibernate.type.ClobType@322803db
[DEBUG] 2021-03-01 12:29:47.800 [main] BasicTypeRegistry - Adding type registration nclob -> org.hibernate.type.NClobType@6d4a65c6
[DEBUG] 2021-03-01 12:29:47.808 [main] BasicTypeRegistry - Adding type registration java.sql.NClob -> org.hibernate.type.NClobType@6d4a65c6
[DEBUG] 2021-03-01 12:29:47.808 [main] BasicTypeRegistry - Adding type registration materialized_clob -> org.hibernate.type.MaterializedClobType@7f02251
[DEBUG] 2021-03-01 12:29:47.810 [main] BasicTypeRegistry - Adding type registration materialized_nclob -> org.hibernate.type.MaterializedNClobType@6b587673
[DEBUG] 2021-03-01 12:29:47.816 [main] BasicTypeRegistry - Adding type registration serializable -> org.hibernate.type.SerializableType@27b71f50
[DEBUG] 2021-03-01 12:29:47.900 [main] BasicTypeRegistry - Adding type registration object -> org.hibernate.type.ObjectType@7bde1f3a
[DEBUG] 2021-03-01 12:29:47.905 [main] BasicTypeRegistry - Adding type registration java.lang.Object -> org.hibernate.type.ObjectType@7bde1f3a
[DEBUG] 2021-03-01 12:29:47.906 [main] BasicTypeRegistry - Adding type registration imm_date -> org.hibernate.type.AdaptedImmutableType@5cf8edcf
[DEBUG] 2021-03-01 12:29:47.908 [main] BasicTypeRegistry - Adding type registration imm_time -> org.hibernate.type.AdaptedImmutableType@58cec85b
[DEBUG] 2021-03-01 12:29:47.908 [main] BasicTypeRegistry - Adding type registration imm_timestamp -> org.hibernate.type.AdaptedImmutableType@629f066f
[DEBUG] 2021-03-01 12:29:47.908 [main] BasicTypeRegistry - Adding type registration imm_dbtimestamp -> org.hibernate.type.AdaptedImmutableType@1542af63
[DEBUG] 2021-03-01 12:29:47.908 [main] BasicTypeRegistry - Adding type registration imm_calendar -> org.hibernate.type.AdaptedImmutableType@ecfbe91
[DEBUG] 2021-03-01 12:29:47.908 [main] BasicTypeRegistry - Adding type registration imm_calendar_date -> org.hibernate.type.AdaptedImmutableType@20ed3303
[DEBUG] 2021-03-01 12:29:47.909 [main] BasicTypeRegistry - Adding type registration imm_binary -> org.hibernate.type.AdaptedImmutableType@3adbe50f
[DEBUG] 2021-03-01 12:29:47.909 [main] BasicTypeRegistry - Adding type registration imm_serializable -> org.hibernate.type.AdaptedImmutableType@3a627c80
[DEBUG] 2021-03-01 12:29:48.047 [main] DefaultIdentifierGeneratorFactory - Registering IdentifierGenerator strategy [uuid2] -> [org.hibernate.id.UUIDGenerator]
[DEBUG] 2021-03-01 12:29:48.049 [main] DefaultIdentifierGeneratorFactory - Registering IdentifierGenerator strategy [guid] -> [org.hibernate.id.GUIDGenerator]
[DEBUG] 2021-03-01 12:29:48.057 [main] DefaultIdentifierGeneratorFactory - Registering IdentifierGenerator strategy [uuid] -> [org.hibernate.id.UUIDHexGenerator]
[DEBUG] 2021-03-01 12:29:48.058 [main] DefaultIdentifierGeneratorFactory - Registering IdentifierGenerator strategy [uuid.hex] -> [org.hibernate.id.UUIDHexGenerator]
[DEBUG] 2021-03-01 12:29:48.062 [main] DefaultIdentifierGeneratorFactory - Registering IdentifierGenerator strategy [assigned] -> [org.hibernate.id.Assigned]
[DEBUG] 2021-03-01 12:29:48.067 [main] DefaultIdentifierGeneratorFactory - Registering IdentifierGenerator strategy [identity] -> [org.hibernate.id.IdentityGenerator]
[DEBUG] 2021-03-01 12:29:48.068 [main] DefaultIdentifierGeneratorFactory - Registering IdentifierGenerator strategy [select] -> [org.hibernate.id.SelectGenerator]
[DEBUG] 2021-03-01 12:29:48.078 [main] DefaultIdentifierGeneratorFactory - Registering IdentifierGenerator strategy [sequence] -> [org.hibernate.id.enhanced.SequenceStyleGenerator]
[DEBUG] 2021-03-01 12:29:48.079 [main] DefaultIdentifierGeneratorFactory - Registering IdentifierGenerator strategy [seqhilo] -> [org.hibernate.id.SequenceHiLoGenerator]
[DEBUG] 2021-03-01 12:29:48.080 [main] DefaultIdentifierGeneratorFactory - Registering IdentifierGenerator strategy [increment] -> [org.hibernate.id.IncrementGenerator]
[DEBUG] 2021-03-01 12:29:48.090 [main] DefaultIdentifierGeneratorFactory - Registering IdentifierGenerator strategy [foreign] -> [org.hibernate.id.ForeignGenerator]
[DEBUG] 2021-03-01 12:29:48.091 [main] DefaultIdentifierGeneratorFactory - Registering IdentifierGenerator strategy [sequence-identity] -> [org.hibernate.id.SequenceIdentityGenerator]
[DEBUG] 2021-03-01 12:29:48.096 [main] DefaultIdentifierGeneratorFactory - Registering IdentifierGenerator strategy [enhanced-sequence] -> [org.hibernate.id.enhanced.SequenceStyleGenerator]
[DEBUG] 2021-03-01 12:29:48.097 [main] DefaultIdentifierGeneratorFactory - Registering IdentifierGenerator strategy [enhanced-table] -> [org.hibernate.id.enhanced.TableGenerator]
[INFO ] 2021-03-01 12:29:48.127 [main] C3P0ConnectionProvider - HHH010002: C3P0 using driver: com.mysql.cj.jdbc.Driver at URL: jdbc:mysql://localhost:3306/test_BookCollection
[INFO ] 2021-03-01 12:29:48.127 [main] C3P0ConnectionProvider - HHH10001001: Connection properties: {password=****, user=root}
[INFO ] 2021-03-01 12:29:48.127 [main] C3P0ConnectionProvider - HHH10001003: Autocommit mode: false
[INFO ] 2021-03-01 12:29:48.846 [main] C3P0ConnectionProvider - HHH10001007: JDBC isolation level: <unknown>
[DEBUG] 2021-03-01 12:29:51.125 [main] JdbcEnvironmentInitiator - Database ->
       name : MySQL
    version : 8.0.22
      major : 8
      minor : 0
[DEBUG] 2021-03-01 12:29:51.129 [main] JdbcEnvironmentInitiator - Driver ->
       name : MySQL Connector/J
    version : mysql-connector-java-8.0.22 (Revision: d64b664fa93e81296a377de031b8123a67e6def2)
      major : 8
      minor : 0
[DEBUG] 2021-03-01 12:29:51.129 [main] JdbcEnvironmentInitiator - JDBC version : 4.2
[INFO ] 2021-03-01 12:29:51.312 [main] Dialect - HHH000400: Using dialect: org.hibernate.dialect.MySQL8Dialect
[DEBUG] 2021-03-01 12:29:51.387 [main] IdentifierHelperBuilder - JDBC driver metadata reported database stores quoted identifiers in more than one case
[DEBUG] 2021-03-01 12:29:51.500 [main] IdentifierHelperBuilder - IdentifierCaseStrategy for both quoted and unquoted identifiers was set to the same strategy [MIXED]; that will likely lead to problems in schema update and validation if using quoted identifiers
[DEBUG] 2021-03-01 12:29:51.676 [main] Namespace - Created database namespace [logicalName=Name{catalog=null, schema=null}, physicalName=Name{catalog=null, schema=null}]
[DEBUG] 2021-03-01 12:29:51.706 [main] TypeConfiguration$Scope - Scoping TypeConfiguration [org.hibernate.type.spi.TypeConfiguration@341672e] to MetadataBuildingContext [org.hibernate.boot.internal.MetadataBuildingContextRootImpl@2bebb74f]
[DEBUG] 2021-03-01 12:29:51.956 [main] AnnotationBinder - Binding entity from annotated class: entity.Author
[DEBUG] 2021-03-01 12:29:52.063 [main] Ejb3Column - Binding column: Ejb3DiscriminatorColumn{logicalColumnName'DTYPE', discriminatorTypeName='string'}
[DEBUG] 2021-03-01 12:29:52.095 [main] EntityBinder - Import with entity name Author
[DEBUG] 2021-03-01 12:29:52.109 [main] EntityBinder - Bind entity entity.Author on table author
[DEBUG] 2021-03-01 12:29:52.227 [main] Ejb3Column - Binding column: Ejb3Column{table=org.hibernate.mapping.Table(author), mappingColumn=id, insertable=true, updatable=true, unique=false}
[DEBUG] 2021-03-01 12:29:52.241 [main] PropertyBinder - MetadataSourceProcessor property id with lazy=false
[DEBUG] 2021-03-01 12:29:52.247 [main] AbstractPropertyHolder - Attempting to locate auto-apply AttributeConverter for property [entity.Author:id]
[DEBUG] 2021-03-01 12:29:52.263 [main] SimpleValueBinder - building SimpleValue for id
[DEBUG] 2021-03-01 12:29:52.270 [main] PropertyBinder - Building property id
[DEBUG] 2021-03-01 12:29:52.285 [main] BinderHelper - #makeIdGenerator(org.hibernate.mapping.SimpleValue([org.hibernate.mapping.Column(id)]), id, org.hibernate.id.enhanced.SequenceStyleGenerator, native, ...)
[DEBUG] 2021-03-01 12:29:52.298 [main] Ejb3Column - Binding column: Ejb3Column{table=org.hibernate.mapping.Table(author), mappingColumn=first_name, insertable=true, updatable=true, unique=false}
[DEBUG] 2021-03-01 12:29:52.299 [main] PropertyBinder - MetadataSourceProcessor property firstName with lazy=false
[DEBUG] 2021-03-01 12:29:52.300 [main] AbstractPropertyHolder - Attempting to locate auto-apply AttributeConverter for property [entity.Author:firstName]
[DEBUG] 2021-03-01 12:29:52.305 [main] SimpleValueBinder - building SimpleValue for firstName
[DEBUG] 2021-03-01 12:29:52.305 [main] PropertyBinder - Building property firstName
[DEBUG] 2021-03-01 12:29:52.305 [main] Ejb3Column - Binding column: Ejb3Column{table=org.hibernate.mapping.Table(author), mappingColumn=last_name, insertable=true, updatable=true, unique=false}
[DEBUG] 2021-03-01 12:29:52.306 [main] PropertyBinder - MetadataSourceProcessor property lastName with lazy=false
[DEBUG] 2021-03-01 12:29:52.306 [main] AbstractPropertyHolder - Attempting to locate auto-apply AttributeConverter for property [entity.Author:lastName]
[DEBUG] 2021-03-01 12:29:52.306 [main] SimpleValueBinder - building SimpleValue for lastName
[DEBUG] 2021-03-01 12:29:52.306 [main] PropertyBinder - Building property lastName
[DEBUG] 2021-03-01 12:29:52.315 [main] AnnotationBinder - Binding entity from annotated class: entity.Book
[DEBUG] 2021-03-01 12:29:52.316 [main] Ejb3Column - Binding column: Ejb3DiscriminatorColumn{logicalColumnName'DTYPE', discriminatorTypeName='string'}
[DEBUG] 2021-03-01 12:29:52.316 [main] EntityBinder - Import with entity name Book
[DEBUG] 2021-03-01 12:29:52.316 [main] EntityBinder - Bind entity entity.Book on table book
[DEBUG] 2021-03-01 12:29:52.341 [main] Ejb3Column - Binding column: Ejb3Column{table=org.hibernate.mapping.Table(book), mappingColumn=id, insertable=true, updatable=true, unique=false}
[DEBUG] 2021-03-01 12:29:52.345 [main] PropertyBinder - MetadataSourceProcessor property id with lazy=false
[DEBUG] 2021-03-01 12:29:52.345 [main] AbstractPropertyHolder - Attempting to locate auto-apply AttributeConverter for property [entity.Book:id]
[DEBUG] 2021-03-01 12:29:52.345 [main] SimpleValueBinder - building SimpleValue for id
[DEBUG] 2021-03-01 12:29:52.345 [main] PropertyBinder - Building property id
[DEBUG] 2021-03-01 12:29:52.346 [main] BinderHelper - #makeIdGenerator(org.hibernate.mapping.SimpleValue([org.hibernate.mapping.Column(id)]), id, org.hibernate.id.enhanced.SequenceStyleGenerator, native, ...)
[DEBUG] 2021-03-01 12:29:52.351 [main] Ejb3Column - Binding column: Ejb3JoinColumn{logicalColumnName='null', referencedColumn='null', mappedBy='null'}
[DEBUG] 2021-03-01 12:29:52.352 [main] Ejb3Column - Binding column: Ejb3Column{table=org.hibernate.mapping.Table(book), mappingColumn=author, insertable=true, updatable=true, unique=false}
[DEBUG] 2021-03-01 12:29:52.386 [main] PropertyBinder - Building property author
[DEBUG] 2021-03-01 12:29:52.386 [main] Ejb3Column - Binding column: Ejb3JoinColumn{logicalColumnName='null', referencedColumn='null', mappedBy='null'}
[DEBUG] 2021-03-01 12:29:52.386 [main] Ejb3Column - Binding column: Ejb3Column{table=org.hibernate.mapping.Table(book), mappingColumn=genre, insertable=true, updatable=true, unique=false}
[DEBUG] 2021-03-01 12:29:52.386 [main] PropertyBinder - Building property genre
[DEBUG] 2021-03-01 12:29:52.387 [main] Ejb3Column - Binding column: Ejb3Column{table=org.hibernate.mapping.Table(book), mappingColumn=isbn, insertable=true, updatable=true, unique=false}
[DEBUG] 2021-03-01 12:29:52.387 [main] PropertyBinder - MetadataSourceProcessor property isbn with lazy=false
[DEBUG] 2021-03-01 12:29:52.387 [main] AbstractPropertyHolder - Attempting to locate auto-apply AttributeConverter for property [entity.Book:isbn]
[DEBUG] 2021-03-01 12:29:52.387 [main] SimpleValueBinder - building SimpleValue for isbn
[DEBUG] 2021-03-01 12:29:52.387 [main] PropertyBinder - Building property isbn
[DEBUG] 2021-03-01 12:29:52.387 [main] Ejb3Column - Binding column: Ejb3Column{table=org.hibernate.mapping.Table(book), mappingColumn=title, insertable=true, updatable=true, unique=false}
[DEBUG] 2021-03-01 12:29:52.387 [main] PropertyBinder - MetadataSourceProcessor property title with lazy=false
[DEBUG] 2021-03-01 12:29:52.387 [main] AbstractPropertyHolder - Attempting to locate auto-apply AttributeConverter for property [entity.Book:title]
[DEBUG] 2021-03-01 12:29:52.389 [main] SimpleValueBinder - building SimpleValue for title
[DEBUG] 2021-03-01 12:29:52.390 [main] PropertyBinder - Building property title
[DEBUG] 2021-03-01 12:29:52.392 [main] Ejb3Column - Binding column: Ejb3JoinColumn{logicalColumnName='null', referencedColumn='null', mappedBy='null'}
[DEBUG] 2021-03-01 12:29:52.392 [main] Ejb3Column - Binding column: Ejb3Column{table=org.hibernate.mapping.Table(book), mappingColumn=user, insertable=true, updatable=true, unique=false}
[DEBUG] 2021-03-01 12:29:52.393 [main] PropertyBinder - Building property user
[DEBUG] 2021-03-01 12:29:52.393 [main] AnnotationBinder - Binding entity from annotated class: entity.Genre
[DEBUG] 2021-03-01 12:29:52.393 [main] Ejb3Column - Binding column: Ejb3DiscriminatorColumn{logicalColumnName'DTYPE', discriminatorTypeName='string'}
[DEBUG] 2021-03-01 12:29:52.393 [main] EntityBinder - Import with entity name Genre
[DEBUG] 2021-03-01 12:29:52.394 [main] EntityBinder - Bind entity entity.Genre on table genre
[DEBUG] 2021-03-01 12:29:52.402 [main] Ejb3Column - Binding column: Ejb3Column{table=org.hibernate.mapping.Table(genre), mappingColumn=id, insertable=true, updatable=true, unique=false}
[DEBUG] 2021-03-01 12:29:52.403 [main] PropertyBinder - MetadataSourceProcessor property id with lazy=false
[DEBUG] 2021-03-01 12:29:52.403 [main] AbstractPropertyHolder - Attempting to locate auto-apply AttributeConverter for property [entity.Genre:id]
[DEBUG] 2021-03-01 12:29:52.403 [main] SimpleValueBinder - building SimpleValue for id
[DEBUG] 2021-03-01 12:29:52.405 [main] PropertyBinder - Building property id
[DEBUG] 2021-03-01 12:29:52.407 [main] BinderHelper - #makeIdGenerator(org.hibernate.mapping.SimpleValue([org.hibernate.mapping.Column(id)]), id, org.hibernate.id.enhanced.SequenceStyleGenerator, native, ...)
[DEBUG] 2021-03-01 12:29:52.408 [main] Ejb3Column - Binding column: Ejb3Column{table=org.hibernate.mapping.Table(genre), mappingColumn=name, insertable=true, updatable=true, unique=false}
[DEBUG] 2021-03-01 12:29:52.408 [main] PropertyBinder - MetadataSourceProcessor property name with lazy=false
[DEBUG] 2021-03-01 12:29:52.408 [main] AbstractPropertyHolder - Attempting to locate auto-apply AttributeConverter for property [entity.Genre:name]
[DEBUG] 2021-03-01 12:29:52.408 [main] SimpleValueBinder - building SimpleValue for name
[DEBUG] 2021-03-01 12:29:52.408 [main] PropertyBinder - Building property name
[DEBUG] 2021-03-01 12:29:52.408 [main] AnnotationBinder - Binding entity from annotated class: entity.User
[DEBUG] 2021-03-01 12:29:52.412 [main] Ejb3Column - Binding column: Ejb3DiscriminatorColumn{logicalColumnName'DTYPE', discriminatorTypeName='string'}
[DEBUG] 2021-03-01 12:29:52.412 [main] EntityBinder - Import with entity name User
[DEBUG] 2021-03-01 12:29:52.412 [main] EntityBinder - Bind entity entity.User on table user
[DEBUG] 2021-03-01 12:29:52.422 [main] Ejb3Column - Binding column: Ejb3Column{table=org.hibernate.mapping.Table(user), mappingColumn=id, insertable=true, updatable=true, unique=false}
[DEBUG] 2021-03-01 12:29:52.422 [main] PropertyBinder - MetadataSourceProcessor property id with lazy=false
[DEBUG] 2021-03-01 12:29:52.425 [main] AbstractPropertyHolder - Attempting to locate auto-apply AttributeConverter for property [entity.User:id]
[DEBUG] 2021-03-01 12:29:52.425 [main] SimpleValueBinder - building SimpleValue for id
[DEBUG] 2021-03-01 12:29:52.425 [main] PropertyBinder - Building property id
[DEBUG] 2021-03-01 12:29:52.425 [main] BinderHelper - #makeIdGenerator(org.hibernate.mapping.SimpleValue([org.hibernate.mapping.Column(id)]), id, org.hibernate.id.enhanced.SequenceStyleGenerator, native, ...)
[DEBUG] 2021-03-01 12:29:52.426 [main] Ejb3Column - Binding column: Ejb3Column{table=org.hibernate.mapping.Table(user), mappingColumn=email, insertable=true, updatable=true, unique=false}
[DEBUG] 2021-03-01 12:29:52.426 [main] PropertyBinder - MetadataSourceProcessor property email with lazy=false
[DEBUG] 2021-03-01 12:29:52.426 [main] AbstractPropertyHolder - Attempting to locate auto-apply AttributeConverter for property [entity.User:email]
[DEBUG] 2021-03-01 12:29:52.426 [main] SimpleValueBinder - building SimpleValue for email
[DEBUG] 2021-03-01 12:29:52.429 [main] PropertyBinder - Building property email
[DEBUG] 2021-03-01 12:29:52.429 [main] Ejb3Column - Binding column: Ejb3Column{table=org.hibernate.mapping.Table(user), mappingColumn=first_name, insertable=true, updatable=true, unique=false}
[DEBUG] 2021-03-01 12:29:52.430 [main] PropertyBinder - MetadataSourceProcessor property firstName with lazy=false
[DEBUG] 2021-03-01 12:29:52.430 [main] AbstractPropertyHolder - Attempting to locate auto-apply AttributeConverter for property [entity.User:firstName]
[DEBUG] 2021-03-01 12:29:52.430 [main] SimpleValueBinder - building SimpleValue for firstName
[DEBUG] 2021-03-01 12:29:52.430 [main] PropertyBinder - Building property firstName
[DEBUG] 2021-03-01 12:29:52.431 [main] Ejb3Column - Binding column: Ejb3Column{table=org.hibernate.mapping.Table(user), mappingColumn=last_name, insertable=true, updatable=true, unique=false}
[DEBUG] 2021-03-01 12:29:52.431 [main] PropertyBinder - MetadataSourceProcessor property lastName with lazy=false
[DEBUG] 2021-03-01 12:29:52.431 [main] AbstractPropertyHolder - Attempting to locate auto-apply AttributeConverter for property [entity.User:lastName]
[DEBUG] 2021-03-01 12:29:52.431 [main] SimpleValueBinder - building SimpleValue for lastName
[DEBUG] 2021-03-01 12:29:52.432 [main] PropertyBinder - Building property lastName
[DEBUG] 2021-03-01 12:29:52.432 [main] Ejb3Column - Binding column: Ejb3Column{table=org.hibernate.mapping.Table(user), mappingColumn=password, insertable=true, updatable=true, unique=false}
[DEBUG] 2021-03-01 12:29:52.437 [main] PropertyBinder - MetadataSourceProcessor property password with lazy=false
[DEBUG] 2021-03-01 12:29:52.437 [main] AbstractPropertyHolder - Attempting to locate auto-apply AttributeConverter for property [entity.User:password]
[DEBUG] 2021-03-01 12:29:52.441 [main] SimpleValueBinder - building SimpleValue for password
[DEBUG] 2021-03-01 12:29:52.442 [main] PropertyBinder - Building property password
[DEBUG] 2021-03-01 12:29:52.443 [main] Ejb3Column - Binding column: Ejb3Column{table=org.hibernate.mapping.Table(user), mappingColumn=username, insertable=true, updatable=true, unique=false}
[DEBUG] 2021-03-01 12:29:52.443 [main] PropertyBinder - MetadataSourceProcessor property userName with lazy=false
[DEBUG] 2021-03-01 12:29:52.443 [main] AbstractPropertyHolder - Attempting to locate auto-apply AttributeConverter for property [entity.User:userName]
[DEBUG] 2021-03-01 12:29:52.443 [main] SimpleValueBinder - building SimpleValue for userName
[DEBUG] 2021-03-01 12:29:52.443 [main] PropertyBinder - Building property userName
[DEBUG] 2021-03-01 12:29:52.457 [main] SimpleValueBinder - Starting fillSimpleValue for id
[DEBUG] 2021-03-01 12:29:52.458 [main] SimpleValueBinder - Starting fillSimpleValue for firstName
[DEBUG] 2021-03-01 12:29:52.458 [main] SimpleValueBinder - Starting fillSimpleValue for lastName
[DEBUG] 2021-03-01 12:29:52.459 [main] SimpleValueBinder - Starting fillSimpleValue for id
[DEBUG] 2021-03-01 12:29:52.461 [main] SimpleValueBinder - Starting fillSimpleValue for isbn
[DEBUG] 2021-03-01 12:29:52.463 [main] SimpleValueBinder - Starting fillSimpleValue for title
[DEBUG] 2021-03-01 12:29:52.463 [main] SimpleValueBinder - Starting fillSimpleValue for id
[DEBUG] 2021-03-01 12:29:52.463 [main] SimpleValueBinder - Starting fillSimpleValue for name
[DEBUG] 2021-03-01 12:29:52.463 [main] SimpleValueBinder - Starting fillSimpleValue for id
[DEBUG] 2021-03-01 12:29:52.463 [main] SimpleValueBinder - Starting fillSimpleValue for email
[DEBUG] 2021-03-01 12:29:52.464 [main] SimpleValueBinder - Starting fillSimpleValue for firstName
[DEBUG] 2021-03-01 12:29:52.464 [main] SimpleValueBinder - Starting fillSimpleValue for lastName
[DEBUG] 2021-03-01 12:29:52.464 [main] SimpleValueBinder - Starting fillSimpleValue for password
[DEBUG] 2021-03-01 12:29:52.464 [main] SimpleValueBinder - Starting fillSimpleValue for userName
[DEBUG] 2021-03-01 12:29:52.476 [main] PrimaryKey - Forcing column [id] to be non-null as it is part of the primary key for table [author]
[DEBUG] 2021-03-01 12:29:52.477 [main] PrimaryKey - Forcing column [id] to be non-null as it is part of the primary key for table [book]
[DEBUG] 2021-03-01 12:29:52.477 [main] PrimaryKey - Forcing column [id] to be non-null as it is part of the primary key for table [genre]
[DEBUG] 2021-03-01 12:29:52.477 [main] PrimaryKey - Forcing column [id] to be non-null as it is part of the primary key for table [user]
[DEBUG] 2021-03-01 12:29:52.477 [main] InFlightMetadataCollectorImpl - Resolving reference to class: entity.Author
[DEBUG] 2021-03-01 12:29:52.509 [main] InFlightMetadataCollectorImpl - Resolving reference to class: entity.Genre
[DEBUG] 2021-03-01 12:29:52.509 [main] InFlightMetadataCollectorImpl - Resolving reference to class: entity.User
[DEBUG] 2021-03-01 12:29:52.510 [main] InFlightMetadataCollectorImpl - Resolving reference to class: entity.Author
[DEBUG] 2021-03-01 12:29:52.511 [main] InFlightMetadataCollectorImpl - Resolving reference to class: entity.Genre
[DEBUG] 2021-03-01 12:29:52.511 [main] InFlightMetadataCollectorImpl - Resolving reference to class: entity.User
[DEBUG] 2021-03-01 12:29:52.685 [main] SessionFactoryImpl - Building session factory
[DEBUG] 2021-03-01 12:29:52.694 [main] Settings - SessionFactory name : null
[DEBUG] 2021-03-01 12:29:52.698 [main] Settings - Automatic flush during beforeCompletion(): enabled
[DEBUG] 2021-03-01 12:29:52.698 [main] Settings - Automatic session close at end of transaction: disabled
[DEBUG] 2021-03-01 12:29:52.698 [main] Settings - Statistics: disabled
[DEBUG] 2021-03-01 12:29:52.699 [main] Settings - Deleted entity synthetic identifier rollback: disabled
[DEBUG] 2021-03-01 12:29:52.699 [main] Settings - Default entity-mode: pojo
[DEBUG] 2021-03-01 12:29:52.699 [main] Settings - Check Nullability in Core (should be disabled when Bean Validation is on): enabled
[DEBUG] 2021-03-01 12:29:52.699 [main] Settings - Allow initialization of lazy state outside session : disabled
[DEBUG] 2021-03-01 12:29:52.699 [main] Settings - Using BatchFetchStyle : LEGACY
[DEBUG] 2021-03-01 12:29:52.700 [main] Settings - Default batch fetch size: -1
[DEBUG] 2021-03-01 12:29:52.700 [main] Settings - Maximum outer join fetch depth: 2
[DEBUG] 2021-03-01 12:29:52.700 [main] Settings - Default null ordering: NONE
[DEBUG] 2021-03-01 12:29:52.700 [main] Settings - Order SQL updates by primary key: disabled
[DEBUG] 2021-03-01 12:29:52.700 [main] Settings - Order SQL inserts for batching: disabled
[DEBUG] 2021-03-01 12:29:52.700 [main] Settings - multi-tenancy strategy : NONE
[DEBUG] 2021-03-01 12:29:52.700 [main] Settings - JTA Track by Thread: enabled
[DEBUG] 2021-03-01 12:29:52.700 [main] Settings - Query language substitutions: {}
[DEBUG] 2021-03-01 12:29:52.700 [main] Settings - Named query checking : enabled
[DEBUG] 2021-03-01 12:29:52.708 [main] Settings - Second-level cache: disabled
[DEBUG] 2021-03-01 12:29:52.708 [main] Settings - Second-level query cache: disabled
[DEBUG] 2021-03-01 12:29:52.708 [main] Settings - Second-level query cache factory: null
[DEBUG] 2021-03-01 12:29:52.708 [main] Settings - Second-level cache region prefix: null
[DEBUG] 2021-03-01 12:29:52.708 [main] Settings - Optimize second-level cache for minimal puts: disabled
[DEBUG] 2021-03-01 12:29:52.708 [main] Settings - Structured second-level cache entries: disabled
[DEBUG] 2021-03-01 12:29:52.708 [main] Settings - Second-level cache direct-reference entries: disabled
[DEBUG] 2021-03-01 12:29:52.708 [main] Settings - Automatic eviction of collection cache: disabled
[DEBUG] 2021-03-01 12:29:52.708 [main] Settings - JDBC batch size: 15
[DEBUG] 2021-03-01 12:29:52.708 [main] Settings - JDBC batch updates for versioned data: enabled
[DEBUG] 2021-03-01 12:29:52.709 [main] Settings - Scrollable result sets: enabled
[DEBUG] 2021-03-01 12:29:52.710 [main] Settings - Wrap result sets: disabled
[DEBUG] 2021-03-01 12:29:52.711 [main] Settings - JDBC3 getGeneratedKeys(): enabled
[DEBUG] 2021-03-01 12:29:52.711 [main] Settings - JDBC result set fetch size: null
[DEBUG] 2021-03-01 12:29:52.711 [main] Settings - Connection release mode: AFTER_TRANSACTION
[DEBUG] 2021-03-01 12:29:52.711 [main] Settings - Generate SQL with comments: disabled
[DEBUG] 2021-03-01 12:29:52.711 [main] Settings - JPA compliance - query : 
[DEBUG] 2021-03-01 12:29:52.711 [main] Settings - JPA compliance - closed-handling : 
[DEBUG] 2021-03-01 12:29:52.711 [main] Settings - JPA compliance - lists : 
[DEBUG] 2021-03-01 12:29:52.711 [main] Settings - JPA compliance - transactions : 
[INFO ] 2021-03-01 12:29:52.972 [main] beans - HHH10005002: No explicit CDI BeanManager reference was passed to Hibernate, but CDI is available on the Hibernate ClassLoader.
[DEBUG] 2021-03-01 12:29:53.040 [main] SessionFactoryImpl - Session factory constructed with filter configurations : {}
[DEBUG] 2021-03-01 12:29:53.046 [main] SessionFactoryImpl - Instantiating session factory with properties: {sun.desktop=gnome, awt.toolkit=sun.awt.X11.XToolkit, java.specification.version=11, sun.cpu.isalist=, hibernate.c3p0.idle_test_period=3000, sun.jnu.encoding=UTF-8, hibernate.c3p0.min_size=5, java.class.path=/home/student/intellij/lib/idea_rt.jar:/home/student/intellij/plugins/junit/lib/junit5-rt.jar:/home/student/intellij/plugins/junit/lib/junit-rt.jar:/home/student/IdeaProjects/BookCollection/target/test-classes:/home/student/IdeaProjects/BookCollection/target/classes:/home/student/.m2/repository/junit/junit/4.12/junit-4.12.jar:/home/student/.m2/repository/org/hamcrest/hamcrest-core/1.3/hamcrest-core-1.3.jar:/home/student/.m2/repository/javax/javaee-web-api/7.0/javaee-web-api-7.0.jar:/home/student/.m2/repository/mysql/mysql-connector-java/8.0.22/mysql-connector-java-8.0.22.jar:/home/student/.m2/repository/com/google/protobuf/protobuf-java/3.11.4/protobuf-java-3.11.4.jar:/home/student/.m2/repository/javax/servlet/jsp/jstl/jstl-api/1.2/jstl-api-1.2.jar:/home/student/.m2/repository/javax/servlet/servlet-api/2.5/servlet-api-2.5.jar:/home/student/.m2/repository/javax/servlet/jsp/jsp-api/2.1/jsp-api-2.1.jar:/home/student/.m2/repository/javax/servlet/jstl/1.2/jstl-1.2.jar:/home/student/.m2/repository/taglibs/standard/1.1.2/standard-1.1.2.jar:/home/student/.m2/repository/org/apache/logging/log4j/log4j-api/2.10.0/log4j-api-2.10.0.jar:/home/student/.m2/repository/org/apache/logging/log4j/log4j-core/2.10.0/log4j-core-2.10.0.jar:/home/student/.m2/repository/org/junit/platform/junit-platform-runner/1.0.0/junit-platform-runner-1.0.0.jar:/home/student/.m2/repository/org/apiguardian/apiguardian-api/1.0.0/apiguardian-api-1.0.0.jar:/home/student/.m2/repository/org/junit/platform/junit-platform-launcher/1.0.0/junit-platform-launcher-1.0.0.jar:/home/student/.m2/repository/org/junit/platform/junit-platform-suite-api/1.0.0/junit-platform-suite-api-1.0.0.jar:/home/student/.m2/repository/org/junit/platform/junit-platform-commons/1.0.0/junit-platform-commons-1.0.0.jar:/home/student/.m2/repository/org/junit/vintage/junit-vintage-engine/4.12.0/junit-vintage-engine-4.12.0.jar:/home/student/.m2/repository/org/junit/platform/junit-platform-engine/1.0.0/junit-platform-engine-1.0.0.jar:/home/student/.m2/repository/org/opentest4j/opentest4j/1.0.0/opentest4j-1.0.0.jar:/home/student/.m2/repository/org/junit/jupiter/junit-jupiter-engine/5.0.0/junit-jupiter-engine-5.0.0.jar:/home/student/.m2/repository/org/junit/jupiter/junit-jupiter-api/5.0.0/junit-jupiter-api-5.0.0.jar:/home/student/.m2/repository/org/hibernate/hibernate-core/5.4.4.Final/hibernate-core-5.4.4.Final.jar:/home/student/.m2/repository/org/jboss/logging/jboss-logging/3.3.2.Final/jboss-logging-3.3.2.Final.jar:/home/student/.m2/repository/javax/persistence/javax.persistence-api/2.2/javax.persistence-api-2.2.jar:/home/student/.m2/repository/org/javassist/javassist/3.24.0-GA/javassist-3.24.0-GA.jar:/home/student/.m2/repository/net/bytebuddy/byte-buddy/1.9.11/byte-buddy-1.9.11.jar:/home/student/.m2/repository/antlr/antlr/2.7.7/antlr-2.7.7.jar:/home/student/.m2/repository/org/jboss/spec/javax/transaction/jboss-transaction-api_1.2_spec/1.1.1.Final/jboss-transaction-api_1.2_spec-1.1.1.Final.jar:/home/student/.m2/repository/org/jboss/jandex/2.0.5.Final/jandex-2.0.5.Final.jar:/home/student/.m2/repository/com/fasterxml/classmate/1.3.4/classmate-1.3.4.jar:/home/student/.m2/repository/javax/activation/javax.activation-api/1.2.0/javax.activation-api-1.2.0.jar:/home/student/.m2/repository/org/dom4j/dom4j/2.1.1/dom4j-2.1.1.jar:/home/student/.m2/repository/org/hibernate/common/hibernate-commons-annotations/5.1.0.Final/hibernate-commons-annotations-5.1.0.Final.jar:/home/student/.m2/repository/javax/xml/bind/jaxb-api/2.3.1/jaxb-api-2.3.1.jar:/home/student/.m2/repository/org/glassfish/jaxb/jaxb-runtime/2.3.1/jaxb-runtime-2.3.1.jar:/home/student/.m2/repository/org/glassfish/jaxb/txw2/2.3.1/txw2-2.3.1.jar:/home/student/.m2/repository/com/sun/istack/istack-commons-runtime/3.0.7/istack-commons-runtime-3.0.7.jar:/home/student/.m2/repository/org/jvnet/staxex/stax-ex/1.8/stax-ex-1.8.jar:/home/student/.m2/repository/com/sun/xml/fastinfoset/FastInfoset/1.2.15/FastInfoset-1.2.15.jar:/home/student/.m2/repository/org/hibernate/hibernate-c3p0/5.4.4.Final/hibernate-c3p0-5.4.4.Final.jar:/home/student/.m2/repository/com/mchange/c3p0/0.9.5.3/c3p0-0.9.5.3.jar:/home/student/.m2/repository/com/mchange/mchange-commons-java/0.2.15/mchange-commons-java-0.2.15.jar, java.vm.vendor=Ubuntu, sun.arch.data.model=64, idea.test.cyclic.buffer.size=1048576, java.vendor.url=https://ubuntu.com/, user.timezone=America/Chicago, os.name=Linux, java.vm.specification.version=11, sun.java.launcher=SUN_STANDARD, user.country=US, sun.boot.library.path=/usr/lib/jvm/java-11-openjdk-amd64/lib, sun.java.command=com.intellij.rt.junit.JUnitStarter -ideVersion5 -junit5 test.persistence.BookDaoTest,getAllBooksSuccess, jdk.debug=release, sun.cpu.endian=little, user.home=/home/student, hibernate.c3p0.max_statements=50, user.language=en, java.specification.vendor=Oracle Corporation, java.version.date=2021-01-19, java.home=/usr/lib/jvm/java-11-openjdk-amd64, file.separator=/, java.vm.compressedOopsMode=32-bit, line.separator=
, hibernate.c3p0.timeout=300, java.specification.name=Java Platform API Specification, java.vm.specification.vendor=Oracle Corporation, java.awt.graphicsenv=sun.awt.X11GraphicsEnvironment, connection.password=student, sun.management.compiler=HotSpot 64-Bit Tiered Compilers, hibernate.c3p0.max_size=20, java.runtime.version=11.0.10+9-Ubuntu-0ubuntu1.20.04, user.name=student, path.separator=:, hibernate.connection.username=****, os.version=5.4.0-66-generic, java.runtime.name=OpenJDK Runtime Environment, hibernate.connection.url=jdbc:mysql://localhost:3306/test_BookCollection, file.encoding=UTF-8, java.vm.name=OpenJDK 64-Bit Server VM, hibernate.connection.driver_class=com.mysql.cj.jdbc.Driver, java.vendor.url.bug=https://bugs.launchpad.net/ubuntu/+source/openjdk-lts, java.io.tmpdir=/tmp, java.version=11.0.10, user.dir=/home/student/IdeaProjects/BookCollection, os.arch=amd64, connection.username=root, java.vm.specification.name=Java Virtual Machine Specification, java.awt.printerjob=sun.print.PSPrinterJob, hibernate.connection.password=****, sun.os.patch.level=unknown, connection.driver_class=com.mysql.cj.jdbc.Driver, hibernate.boot.CfgXmlAccessService.key=org.hibernate.boot.cfgxml.spi.LoadedConfig@1f1e58ca, java.library.path=/usr/java/packages/lib:/usr/lib/x86_64-linux-gnu/jni:/lib/x86_64-linux-gnu:/usr/lib/x86_64-linux-gnu:/usr/lib/jni:/lib:/usr/lib, java.vendor=Ubuntu, java.vm.info=mixed mode, sharing, java.vm.version=11.0.10+9-Ubuntu-0ubuntu1.20.04, hibernate.bytecode.use_reflection_optimizer=false, sun.io.unicode.encoding=UnicodeLittle, connection.url=jdbc:mysql://localhost:3306/test_BookCollection, java.class.version=55.0}
[DEBUG] 2021-03-01 12:29:53.129 [main] TypeSafeActivator - Unable to acquire Bean Validation ValidatorFactory, skipping activation
[DEBUG] 2021-03-01 12:29:53.130 [main] JaccIntegrator - Skipping JACC integration as it was not enabled
[DEBUG] 2021-03-01 12:29:53.130 [main] SessionFactoryImpl - Instantiated session factory
[DEBUG] 2021-03-01 12:29:53.131 [main] TypeConfiguration$Scope - Scoping TypeConfiguration [org.hibernate.type.spi.TypeConfiguration@341672e] to SessionFactoryImpl [org.hibernate.internal.SessionFactoryImpl@4779aae6]
[DEBUG] 2021-03-01 12:29:53.355 [main] ClassLoaderAccessImpl - Not known whether passed class name [entity.User] is safe
[DEBUG] 2021-03-01 12:29:53.357 [main] ClassLoaderAccessImpl - No temp ClassLoader provided; using live ClassLoader for loading potentially unsafe class : entity.User
[DEBUG] 2021-03-01 12:29:53.391 [main] ClassLoaderAccessImpl - Not known whether passed class name [entity.User] is safe
[DEBUG] 2021-03-01 12:29:53.391 [main] ClassLoaderAccessImpl - No temp ClassLoader provided; using live ClassLoader for loading potentially unsafe class : entity.User
[DEBUG] 2021-03-01 12:29:53.793 [main] ClassLoaderAccessImpl - Not known whether passed class name [entity.Genre] is safe
[DEBUG] 2021-03-01 12:29:53.793 [main] ClassLoaderAccessImpl - No temp ClassLoader provided; using live ClassLoader for loading potentially unsafe class : entity.Genre
[DEBUG] 2021-03-01 12:29:53.793 [main] ClassLoaderAccessImpl - Not known whether passed class name [entity.Genre] is safe
[DEBUG] 2021-03-01 12:29:53.794 [main] ClassLoaderAccessImpl - No temp ClassLoader provided; using live ClassLoader for loading potentially unsafe class : entity.Genre
[DEBUG] 2021-03-01 12:29:53.825 [main] ClassLoaderAccessImpl - Not known whether passed class name [entity.Author] is safe
[DEBUG] 2021-03-01 12:29:53.825 [main] ClassLoaderAccessImpl - No temp ClassLoader provided; using live ClassLoader for loading potentially unsafe class : entity.Author
[DEBUG] 2021-03-01 12:29:53.826 [main] ClassLoaderAccessImpl - Not known whether passed class name [entity.Author] is safe
[DEBUG] 2021-03-01 12:29:53.826 [main] ClassLoaderAccessImpl - No temp ClassLoader provided; using live ClassLoader for loading potentially unsafe class : entity.Author
[DEBUG] 2021-03-01 12:29:53.869 [main] ClassLoaderAccessImpl - Not known whether passed class name [entity.Book] is safe
[DEBUG] 2021-03-01 12:29:53.869 [main] ClassLoaderAccessImpl - No temp ClassLoader provided; using live ClassLoader for loading potentially unsafe class : entity.Book
[DEBUG] 2021-03-01 12:29:53.873 [main] ClassLoaderAccessImpl - Not known whether passed class name [entity.Book] is safe
[DEBUG] 2021-03-01 12:29:53.873 [main] ClassLoaderAccessImpl - No temp ClassLoader provided; using live ClassLoader for loading potentially unsafe class : entity.Book
[DEBUG] 2021-03-01 12:29:53.941 [main] AbstractEntityPersister - Static SQL for entity: entity.User
[DEBUG] 2021-03-01 12:29:53.941 [main] AbstractEntityPersister -  Version select: select id from user where id =?
[DEBUG] 2021-03-01 12:29:53.941 [main] AbstractEntityPersister -  Snapshot select: select user_.id, user_.email as email2_3_, user_.first_name as first_na3_3_, user_.last_name as last_nam4_3_, user_.password as password5_3_, user_.username as username6_3_ from user user_ where user_.id=?
[DEBUG] 2021-03-01 12:29:53.941 [main] AbstractEntityPersister -  Insert 0: insert into user (email, first_name, last_name, password, username, id) values (?, ?, ?, ?, ?, ?)
[DEBUG] 2021-03-01 12:29:53.943 [main] AbstractEntityPersister -  Update 0: update user set email=?, first_name=?, last_name=?, password=?, username=? where id=?
[DEBUG] 2021-03-01 12:29:53.943 [main] AbstractEntityPersister -  Delete 0: delete from user where id=?
[DEBUG] 2021-03-01 12:29:53.944 [main] AbstractEntityPersister -  Identity insert: insert into user (email, first_name, last_name, password, username) values (?, ?, ?, ?, ?)
[DEBUG] 2021-03-01 12:29:53.996 [main] QuerySpacesImpl - Adding QuerySpace : uid = <gen:0> -> org.hibernate.loader.plan.build.internal.spaces.EntityQuerySpaceImpl@7e34b127]
[DEBUG] 2021-03-01 12:29:54.002 [main] MetamodelGraphWalker - Visiting attribute path : email
[DEBUG] 2021-03-01 12:29:54.002 [main] MetamodelGraphWalker - Visiting attribute path : firstName
[DEBUG] 2021-03-01 12:29:54.002 [main] MetamodelGraphWalker - Visiting attribute path : lastName
[DEBUG] 2021-03-01 12:29:54.002 [main] MetamodelGraphWalker - Visiting attribute path : password
[DEBUG] 2021-03-01 12:29:54.002 [main] MetamodelGraphWalker - Visiting attribute path : userName
[DEBUG] 2021-03-01 12:29:54.002 [main] FetchStyleLoadPlanBuildingAssociationVisitationStrategy - Building LoadPlan...
[DEBUG] 2021-03-01 12:29:54.026 [main] LoadQueryJoinAndFetchProcessor - processing queryspace <gen:0>
[DEBUG] 2021-03-01 12:29:54.037 [main] LoadPlanTreePrinter - LoadPlan(entity=entity.User)
    - Returns
       - EntityReturnImpl(entity=entity.User, querySpaceUid=<gen:0>, path=entity.User)
    - QuerySpaces
       - EntityQuerySpaceImpl(uid=<gen:0>, entity=entity.User)
          - SQL table alias mapping - user0_
          - alias suffix - 0_
          - suffixed key columns - {id1_3_0_}

[DEBUG] 2021-03-01 12:29:54.041 [main] EntityLoader - Static select for entity entity.User [NONE]: select user0_.id as id1_3_0_, user0_.email as email2_3_0_, user0_.first_name as first_na3_3_0_, user0_.last_name as last_nam4_3_0_, user0_.password as password5_3_0_, user0_.username as username6_3_0_ from user user0_ where user0_.id=?
[DEBUG] 2021-03-01 12:29:54.041 [main] QuerySpacesImpl - Adding QuerySpace : uid = <gen:0> -> org.hibernate.loader.plan.build.internal.spaces.EntityQuerySpaceImpl@800d065]
[DEBUG] 2021-03-01 12:29:54.041 [main] MetamodelGraphWalker - Visiting attribute path : email
[DEBUG] 2021-03-01 12:29:54.041 [main] MetamodelGraphWalker - Visiting attribute path : firstName
[DEBUG] 2021-03-01 12:29:54.042 [main] MetamodelGraphWalker - Visiting attribute path : lastName
[DEBUG] 2021-03-01 12:29:54.042 [main] MetamodelGraphWalker - Visiting attribute path : password
[DEBUG] 2021-03-01 12:29:54.042 [main] MetamodelGraphWalker - Visiting attribute path : userName
[DEBUG] 2021-03-01 12:29:54.042 [main] FetchStyleLoadPlanBuildingAssociationVisitationStrategy - Building LoadPlan...
[DEBUG] 2021-03-01 12:29:54.042 [main] LoadQueryJoinAndFetchProcessor - processing queryspace <gen:0>
[DEBUG] 2021-03-01 12:29:54.042 [main] LoadPlanTreePrinter - LoadPlan(entity=entity.User)
    - Returns
       - EntityReturnImpl(entity=entity.User, querySpaceUid=<gen:0>, path=entity.User)
    - QuerySpaces
       - EntityQuerySpaceImpl(uid=<gen:0>, entity=entity.User)
          - SQL table alias mapping - user0_
          - alias suffix - 0_
          - suffixed key columns - {id1_3_0_}

[DEBUG] 2021-03-01 12:29:54.042 [main] EntityLoader - Static select for entity entity.User [READ]: select user0_.id as id1_3_0_, user0_.email as email2_3_0_, user0_.first_name as first_na3_3_0_, user0_.last_name as last_nam4_3_0_, user0_.password as password5_3_0_, user0_.username as username6_3_0_ from user user0_ where user0_.id=?
[DEBUG] 2021-03-01 12:29:54.066 [main] Loader - Static select for action ACTION_MERGE on entity entity.User: select user0_.id as id1_3_0_, user0_.email as email2_3_0_, user0_.first_name as first_na3_3_0_, user0_.last_name as last_nam4_3_0_, user0_.password as password5_3_0_, user0_.username as username6_3_0_ from user user0_ where user0_.id=?
[DEBUG] 2021-03-01 12:29:54.070 [main] Loader - Static select for action ACTION_REFRESH on entity entity.User: select user0_.id as id1_3_0_, user0_.email as email2_3_0_, user0_.first_name as first_na3_3_0_, user0_.last_name as last_nam4_3_0_, user0_.password as password5_3_0_, user0_.username as username6_3_0_ from user user0_ where user0_.id=?
[DEBUG] 2021-03-01 12:29:54.070 [main] AbstractEntityPersister - Static SQL for entity: entity.Genre
[DEBUG] 2021-03-01 12:29:54.070 [main] AbstractEntityPersister -  Version select: select id from genre where id =?
[DEBUG] 2021-03-01 12:29:54.070 [main] AbstractEntityPersister -  Snapshot select: select genre_.id, genre_.name as name2_2_ from genre genre_ where genre_.id=?
[DEBUG] 2021-03-01 12:29:54.070 [main] AbstractEntityPersister -  Insert 0: insert into genre (name, id) values (?, ?)
[DEBUG] 2021-03-01 12:29:54.070 [main] AbstractEntityPersister -  Update 0: update genre set name=? where id=?
[DEBUG] 2021-03-01 12:29:54.070 [main] AbstractEntityPersister -  Delete 0: delete from genre where id=?
[DEBUG] 2021-03-01 12:29:54.070 [main] AbstractEntityPersister -  Identity insert: insert into genre (name) values (?)
[DEBUG] 2021-03-01 12:29:54.070 [main] QuerySpacesImpl - Adding QuerySpace : uid = <gen:0> -> org.hibernate.loader.plan.build.internal.spaces.EntityQuerySpaceImpl@7f0b93b4]
[DEBUG] 2021-03-01 12:29:54.071 [main] MetamodelGraphWalker - Visiting attribute path : name
[DEBUG] 2021-03-01 12:29:54.071 [main] FetchStyleLoadPlanBuildingAssociationVisitationStrategy - Building LoadPlan...
[DEBUG] 2021-03-01 12:29:54.071 [main] LoadQueryJoinAndFetchProcessor - processing queryspace <gen:0>
[DEBUG] 2021-03-01 12:29:54.071 [main] LoadPlanTreePrinter - LoadPlan(entity=entity.Genre)
    - Returns
       - EntityReturnImpl(entity=entity.Genre, querySpaceUid=<gen:0>, path=entity.Genre)
    - QuerySpaces
       - EntityQuerySpaceImpl(uid=<gen:0>, entity=entity.Genre)
          - SQL table alias mapping - genre0_
          - alias suffix - 0_
          - suffixed key columns - {id1_2_0_}

[DEBUG] 2021-03-01 12:29:54.071 [main] EntityLoader - Static select for entity entity.Genre [NONE]: select genre0_.id as id1_2_0_, genre0_.name as name2_2_0_ from genre genre0_ where genre0_.id=?
[DEBUG] 2021-03-01 12:29:54.071 [main] QuerySpacesImpl - Adding QuerySpace : uid = <gen:0> -> org.hibernate.loader.plan.build.internal.spaces.EntityQuerySpaceImpl@1f736d00]
[DEBUG] 2021-03-01 12:29:54.072 [main] MetamodelGraphWalker - Visiting attribute path : name
[DEBUG] 2021-03-01 12:29:54.072 [main] FetchStyleLoadPlanBuildingAssociationVisitationStrategy - Building LoadPlan...
[DEBUG] 2021-03-01 12:29:54.074 [main] LoadQueryJoinAndFetchProcessor - processing queryspace <gen:0>
[DEBUG] 2021-03-01 12:29:54.076 [main] LoadPlanTreePrinter - LoadPlan(entity=entity.Genre)
    - Returns
       - EntityReturnImpl(entity=entity.Genre, querySpaceUid=<gen:0>, path=entity.Genre)
    - QuerySpaces
       - EntityQuerySpaceImpl(uid=<gen:0>, entity=entity.Genre)
          - SQL table alias mapping - genre0_
          - alias suffix - 0_
          - suffixed key columns - {id1_2_0_}

[DEBUG] 2021-03-01 12:29:54.076 [main] EntityLoader - Static select for entity entity.Genre [READ]: select genre0_.id as id1_2_0_, genre0_.name as name2_2_0_ from genre genre0_ where genre0_.id=?
[DEBUG] 2021-03-01 12:29:54.076 [main] Loader - Static select for action ACTION_MERGE on entity entity.Genre: select genre0_.id as id1_2_0_, genre0_.name as name2_2_0_ from genre genre0_ where genre0_.id=?
[DEBUG] 2021-03-01 12:29:54.076 [main] Loader - Static select for action ACTION_REFRESH on entity entity.Genre: select genre0_.id as id1_2_0_, genre0_.name as name2_2_0_ from genre genre0_ where genre0_.id=?
[DEBUG] 2021-03-01 12:29:54.077 [main] AbstractEntityPersister - Static SQL for entity: entity.Author
[DEBUG] 2021-03-01 12:29:54.077 [main] AbstractEntityPersister -  Version select: select id from author where id =?
[DEBUG] 2021-03-01 12:29:54.077 [main] AbstractEntityPersister -  Snapshot select: select author_.id, author_.first_name as first_na2_0_, author_.last_name as last_nam3_0_ from author author_ where author_.id=?
[DEBUG] 2021-03-01 12:29:54.077 [main] AbstractEntityPersister -  Insert 0: insert into author (first_name, last_name, id) values (?, ?, ?)
[DEBUG] 2021-03-01 12:29:54.077 [main] AbstractEntityPersister -  Update 0: update author set first_name=?, last_name=? where id=?
[DEBUG] 2021-03-01 12:29:54.077 [main] AbstractEntityPersister -  Delete 0: delete from author where id=?
[DEBUG] 2021-03-01 12:29:54.077 [main] AbstractEntityPersister -  Identity insert: insert into author (first_name, last_name) values (?, ?)
[DEBUG] 2021-03-01 12:29:54.077 [main] QuerySpacesImpl - Adding QuerySpace : uid = <gen:0> -> org.hibernate.loader.plan.build.internal.spaces.EntityQuerySpaceImpl@718fd7c1]
[DEBUG] 2021-03-01 12:29:54.077 [main] MetamodelGraphWalker - Visiting attribute path : firstName
[DEBUG] 2021-03-01 12:29:54.077 [main] MetamodelGraphWalker - Visiting attribute path : lastName
[DEBUG] 2021-03-01 12:29:54.077 [main] FetchStyleLoadPlanBuildingAssociationVisitationStrategy - Building LoadPlan...
[DEBUG] 2021-03-01 12:29:54.077 [main] LoadQueryJoinAndFetchProcessor - processing queryspace <gen:0>
[DEBUG] 2021-03-01 12:29:54.078 [main] LoadPlanTreePrinter - LoadPlan(entity=entity.Author)
    - Returns
       - EntityReturnImpl(entity=entity.Author, querySpaceUid=<gen:0>, path=entity.Author)
    - QuerySpaces
       - EntityQuerySpaceImpl(uid=<gen:0>, entity=entity.Author)
          - SQL table alias mapping - author0_
          - alias suffix - 0_
          - suffixed key columns - {id1_0_0_}

[DEBUG] 2021-03-01 12:29:54.078 [main] EntityLoader - Static select for entity entity.Author [NONE]: select author0_.id as id1_0_0_, author0_.first_name as first_na2_0_0_, author0_.last_name as last_nam3_0_0_ from author author0_ where author0_.id=?
[DEBUG] 2021-03-01 12:29:54.078 [main] QuerySpacesImpl - Adding QuerySpace : uid = <gen:0> -> org.hibernate.loader.plan.build.internal.spaces.EntityQuerySpaceImpl@4f59a516]
[DEBUG] 2021-03-01 12:29:54.078 [main] MetamodelGraphWalker - Visiting attribute path : firstName
[DEBUG] 2021-03-01 12:29:54.078 [main] MetamodelGraphWalker - Visiting attribute path : lastName
[DEBUG] 2021-03-01 12:29:54.078 [main] FetchStyleLoadPlanBuildingAssociationVisitationStrategy - Building LoadPlan...
[DEBUG] 2021-03-01 12:29:54.078 [main] LoadQueryJoinAndFetchProcessor - processing queryspace <gen:0>
[DEBUG] 2021-03-01 12:29:54.078 [main] LoadPlanTreePrinter - LoadPlan(entity=entity.Author)
    - Returns
       - EntityReturnImpl(entity=entity.Author, querySpaceUid=<gen:0>, path=entity.Author)
    - QuerySpaces
       - EntityQuerySpaceImpl(uid=<gen:0>, entity=entity.Author)
          - SQL table alias mapping - author0_
          - alias suffix - 0_
          - suffixed key columns - {id1_0_0_}

[DEBUG] 2021-03-01 12:29:54.078 [main] EntityLoader - Static select for entity entity.Author [READ]: select author0_.id as id1_0_0_, author0_.first_name as first_na2_0_0_, author0_.last_name as last_nam3_0_0_ from author author0_ where author0_.id=?
[DEBUG] 2021-03-01 12:29:54.079 [main] Loader - Static select for action ACTION_MERGE on entity entity.Author: select author0_.id as id1_0_0_, author0_.first_name as first_na2_0_0_, author0_.last_name as last_nam3_0_0_ from author author0_ where author0_.id=?
[DEBUG] 2021-03-01 12:29:54.079 [main] Loader - Static select for action ACTION_REFRESH on entity entity.Author: select author0_.id as id1_0_0_, author0_.first_name as first_na2_0_0_, author0_.last_name as last_nam3_0_0_ from author author0_ where author0_.id=?
[DEBUG] 2021-03-01 12:29:54.079 [main] AbstractEntityPersister - Static SQL for entity: entity.Book
[DEBUG] 2021-03-01 12:29:54.079 [main] AbstractEntityPersister -  Version select: select id from book where id =?
[DEBUG] 2021-03-01 12:29:54.079 [main] AbstractEntityPersister -  Snapshot select: select book_.id, book_.author_id as author_i4_1_, book_.genre_id as genre_id5_1_, book_.isbn as isbn2_1_, book_.title as title3_1_, book_.user_id as user_id6_1_ from book book_ where book_.id=?
[DEBUG] 2021-03-01 12:29:54.079 [main] AbstractEntityPersister -  Insert 0: insert into book (author_id, genre_id, isbn, title, user_id, id) values (?, ?, ?, ?, ?, ?)
[DEBUG] 2021-03-01 12:29:54.079 [main] AbstractEntityPersister -  Update 0: update book set author_id=?, genre_id=?, isbn=?, title=?, user_id=? where id=?
[DEBUG] 2021-03-01 12:29:54.079 [main] AbstractEntityPersister -  Delete 0: delete from book where id=?
[DEBUG] 2021-03-01 12:29:54.079 [main] AbstractEntityPersister -  Identity insert: insert into book (author_id, genre_id, isbn, title, user_id) values (?, ?, ?, ?, ?)
[DEBUG] 2021-03-01 12:29:54.079 [main] QuerySpacesImpl - Adding QuerySpace : uid = <gen:0> -> org.hibernate.loader.plan.build.internal.spaces.EntityQuerySpaceImpl@411cd156]
[DEBUG] 2021-03-01 12:29:54.079 [main] MetamodelGraphWalker - Visiting attribute path : author
[DEBUG] 2021-03-01 12:29:54.096 [main] QuerySpacesImpl - Adding QuerySpace : uid = <gen:1> -> org.hibernate.loader.plan.build.internal.spaces.EntityQuerySpaceImpl@2047981]
[DEBUG] 2021-03-01 12:29:54.101 [main] MetamodelGraphWalker - Visiting attribute path : author.firstName
[DEBUG] 2021-03-01 12:29:54.101 [main] MetamodelGraphWalker - Visiting attribute path : author.lastName
[DEBUG] 2021-03-01 12:29:54.102 [main] MetamodelGraphWalker - Visiting attribute path : genre
[DEBUG] 2021-03-01 12:29:54.102 [main] QuerySpacesImpl - Adding QuerySpace : uid = <gen:2> -> org.hibernate.loader.plan.build.internal.spaces.EntityQuerySpaceImpl@23c767e6]
[DEBUG] 2021-03-01 12:29:54.102 [main] MetamodelGraphWalker - Visiting attribute path : genre.name
[DEBUG] 2021-03-01 12:29:54.102 [main] MetamodelGraphWalker - Visiting attribute path : isbn
[DEBUG] 2021-03-01 12:29:54.102 [main] MetamodelGraphWalker - Visiting attribute path : title
[DEBUG] 2021-03-01 12:29:54.102 [main] MetamodelGraphWalker - Visiting attribute path : user
[DEBUG] 2021-03-01 12:29:54.102 [main] QuerySpacesImpl - Adding QuerySpace : uid = <gen:3> -> org.hibernate.loader.plan.build.internal.spaces.EntityQuerySpaceImpl@19e21f89]
[DEBUG] 2021-03-01 12:29:54.102 [main] MetamodelGraphWalker - Visiting attribute path : user.email
[DEBUG] 2021-03-01 12:29:54.102 [main] MetamodelGraphWalker - Visiting attribute path : user.firstName
[DEBUG] 2021-03-01 12:29:54.105 [main] MetamodelGraphWalker - Visiting attribute path : user.lastName
[DEBUG] 2021-03-01 12:29:54.105 [main] MetamodelGraphWalker - Visiting attribute path : user.password
[DEBUG] 2021-03-01 12:29:54.105 [main] MetamodelGraphWalker - Visiting attribute path : user.userName
[DEBUG] 2021-03-01 12:29:54.105 [main] FetchStyleLoadPlanBuildingAssociationVisitationStrategy - Building LoadPlan...
[DEBUG] 2021-03-01 12:29:54.105 [main] LoadQueryJoinAndFetchProcessor - processing queryspace <gen:0>
[DEBUG] 2021-03-01 12:29:54.109 [main] LoadPlanTreePrinter - LoadPlan(entity=entity.Book)
    - Returns
       - EntityReturnImpl(entity=entity.Book, querySpaceUid=<gen:0>, path=entity.Book)
          - EntityAttributeFetchImpl(entity=entity.Author, querySpaceUid=<gen:1>, path=entity.Book.author)
          - EntityAttributeFetchImpl(entity=entity.Genre, querySpaceUid=<gen:2>, path=entity.Book.genre)
          - EntityAttributeFetchImpl(entity=entity.User, querySpaceUid=<gen:3>, path=entity.Book.user)
    - QuerySpaces
       - EntityQuerySpaceImpl(uid=<gen:0>, entity=entity.Book)
          - SQL table alias mapping - book0_
          - alias suffix - 0_
          - suffixed key columns - {id1_1_0_}
          - JOIN (JoinDefinedByMetadata(author)) : <gen:0> -> <gen:1>
             - EntityQuerySpaceImpl(uid=<gen:1>, entity=entity.Author)
                - SQL table alias mapping - author1_
                - alias suffix - 1_
                - suffixed key columns - {id1_0_1_}
          - JOIN (JoinDefinedByMetadata(genre)) : <gen:0> -> <gen:2>
             - EntityQuerySpaceImpl(uid=<gen:2>, entity=entity.Genre)
                - SQL table alias mapping - genre2_
                - alias suffix - 2_
                - suffixed key columns - {id1_2_2_}
          - JOIN (JoinDefinedByMetadata(user)) : <gen:0> -> <gen:3>
             - EntityQuerySpaceImpl(uid=<gen:3>, entity=entity.User)
                - SQL table alias mapping - user3_
                - alias suffix - 3_
                - suffixed key columns - {id1_3_3_}

[DEBUG] 2021-03-01 12:29:54.110 [main] EntityLoader - Static select for entity entity.Book [NONE]: select book0_.id as id1_1_0_, book0_.author_id as author_i4_1_0_, book0_.genre_id as genre_id5_1_0_, book0_.isbn as isbn2_1_0_, book0_.title as title3_1_0_, book0_.user_id as user_id6_1_0_, author1_.id as id1_0_1_, author1_.first_name as first_na2_0_1_, author1_.last_name as last_nam3_0_1_, genre2_.id as id1_2_2_, genre2_.name as name2_2_2_, user3_.id as id1_3_3_, user3_.email as email2_3_3_, user3_.first_name as first_na3_3_3_, user3_.last_name as last_nam4_3_3_, user3_.password as password5_3_3_, user3_.username as username6_3_3_ from book book0_ left outer join author author1_ on book0_.author_id=author1_.id left outer join genre genre2_ on book0_.genre_id=genre2_.id left outer join user user3_ on book0_.user_id=user3_.id where book0_.id=?
[DEBUG] 2021-03-01 12:29:54.110 [main] QuerySpacesImpl - Adding QuerySpace : uid = <gen:0> -> org.hibernate.loader.plan.build.internal.spaces.EntityQuerySpaceImpl@7f42e06e]
[DEBUG] 2021-03-01 12:29:54.110 [main] MetamodelGraphWalker - Visiting attribute path : author
[DEBUG] 2021-03-01 12:29:54.110 [main] QuerySpacesImpl - Adding QuerySpace : uid = <gen:1> -> org.hibernate.loader.plan.build.internal.spaces.EntityQuerySpaceImpl@2efd2f21]
[DEBUG] 2021-03-01 12:29:54.110 [main] MetamodelGraphWalker - Visiting attribute path : author.firstName
[DEBUG] 2021-03-01 12:29:54.111 [main] MetamodelGraphWalker - Visiting attribute path : author.lastName
[DEBUG] 2021-03-01 12:29:54.111 [main] MetamodelGraphWalker - Visiting attribute path : genre
[DEBUG] 2021-03-01 12:29:54.111 [main] QuerySpacesImpl - Adding QuerySpace : uid = <gen:2> -> org.hibernate.loader.plan.build.internal.spaces.EntityQuerySpaceImpl@316cda31]
[DEBUG] 2021-03-01 12:29:54.114 [main] MetamodelGraphWalker - Visiting attribute path : genre.name
[DEBUG] 2021-03-01 12:29:54.114 [main] MetamodelGraphWalker - Visiting attribute path : isbn
[DEBUG] 2021-03-01 12:29:54.114 [main] MetamodelGraphWalker - Visiting attribute path : title
[DEBUG] 2021-03-01 12:29:54.114 [main] MetamodelGraphWalker - Visiting attribute path : user
[DEBUG] 2021-03-01 12:29:54.115 [main] QuerySpacesImpl - Adding QuerySpace : uid = <gen:3> -> org.hibernate.loader.plan.build.internal.spaces.EntityQuerySpaceImpl@17d2b075]
[DEBUG] 2021-03-01 12:29:54.115 [main] MetamodelGraphWalker - Visiting attribute path : user.email
[DEBUG] 2021-03-01 12:29:54.115 [main] MetamodelGraphWalker - Visiting attribute path : user.firstName
[DEBUG] 2021-03-01 12:29:54.115 [main] MetamodelGraphWalker - Visiting attribute path : user.lastName
[DEBUG] 2021-03-01 12:29:54.115 [main] MetamodelGraphWalker - Visiting attribute path : user.password
[DEBUG] 2021-03-01 12:29:54.115 [main] MetamodelGraphWalker - Visiting attribute path : user.userName
[DEBUG] 2021-03-01 12:29:54.115 [main] FetchStyleLoadPlanBuildingAssociationVisitationStrategy - Building LoadPlan...
[DEBUG] 2021-03-01 12:29:54.117 [main] LoadQueryJoinAndFetchProcessor - processing queryspace <gen:0>
[DEBUG] 2021-03-01 12:29:54.118 [main] LoadPlanTreePrinter - LoadPlan(entity=entity.Book)
    - Returns
       - EntityReturnImpl(entity=entity.Book, querySpaceUid=<gen:0>, path=entity.Book)
          - EntityAttributeFetchImpl(entity=entity.Author, querySpaceUid=<gen:1>, path=entity.Book.author)
          - EntityAttributeFetchImpl(entity=entity.Genre, querySpaceUid=<gen:2>, path=entity.Book.genre)
          - EntityAttributeFetchImpl(entity=entity.User, querySpaceUid=<gen:3>, path=entity.Book.user)
    - QuerySpaces
       - EntityQuerySpaceImpl(uid=<gen:0>, entity=entity.Book)
          - SQL table alias mapping - book0_
          - alias suffix - 0_
          - suffixed key columns - {id1_1_0_}
          - JOIN (JoinDefinedByMetadata(author)) : <gen:0> -> <gen:1>
             - EntityQuerySpaceImpl(uid=<gen:1>, entity=entity.Author)
                - SQL table alias mapping - author1_
                - alias suffix - 1_
                - suffixed key columns - {id1_0_1_}
          - JOIN (JoinDefinedByMetadata(genre)) : <gen:0> -> <gen:2>
             - EntityQuerySpaceImpl(uid=<gen:2>, entity=entity.Genre)
                - SQL table alias mapping - genre2_
                - alias suffix - 2_
                - suffixed key columns - {id1_2_2_}
          - JOIN (JoinDefinedByMetadata(user)) : <gen:0> -> <gen:3>
             - EntityQuerySpaceImpl(uid=<gen:3>, entity=entity.User)
                - SQL table alias mapping - user3_
                - alias suffix - 3_
                - suffixed key columns - {id1_3_3_}

[DEBUG] 2021-03-01 12:29:54.125 [main] EntityLoader - Static select for entity entity.Book [READ]: select book0_.id as id1_1_0_, book0_.author_id as author_i4_1_0_, book0_.genre_id as genre_id5_1_0_, book0_.isbn as isbn2_1_0_, book0_.title as title3_1_0_, book0_.user_id as user_id6_1_0_, author1_.id as id1_0_1_, author1_.first_name as first_na2_0_1_, author1_.last_name as last_nam3_0_1_, genre2_.id as id1_2_2_, genre2_.name as name2_2_2_, user3_.id as id1_3_3_, user3_.email as email2_3_3_, user3_.first_name as first_na3_3_3_, user3_.last_name as last_nam4_3_3_, user3_.password as password5_3_3_, user3_.username as username6_3_3_ from book book0_ left outer join author author1_ on book0_.author_id=author1_.id left outer join genre genre2_ on book0_.genre_id=genre2_.id left outer join user user3_ on book0_.user_id=user3_.id where book0_.id=?
[DEBUG] 2021-03-01 12:29:54.126 [main] Loader - Static select for action ACTION_MERGE on entity entity.Book: select book0_.id as id1_1_0_, book0_.author_id as author_i4_1_0_, book0_.genre_id as genre_id5_1_0_, book0_.isbn as isbn2_1_0_, book0_.title as title3_1_0_, book0_.user_id as user_id6_1_0_ from book book0_ where book0_.id=?
[DEBUG] 2021-03-01 12:29:54.127 [main] Loader - Static select for action ACTION_REFRESH on entity entity.Book: select book0_.id as id1_1_0_, book0_.author_id as author_i4_1_0_, book0_.genre_id as genre_id5_1_0_, book0_.isbn as isbn2_1_0_, book0_.title as title3_1_0_, book0_.user_id as user_id6_1_0_ from book book0_ where book0_.id=?
[DEBUG] 2021-03-01 12:29:54.172 [main] SchemaManagementToolCoordinator - No actions specified; doing nothing
[DEBUG] 2021-03-01 12:29:54.172 [main] JtaPlatformInitiator - No JtaPlatform was specified, checking resolver
[DEBUG] 2021-03-01 12:29:54.173 [main] JtaPlatformResolverInitiator - No JtaPlatformResolver was specified, using default [org.hibernate.engine.transaction.jta.platform.internal.StandardJtaPlatformResolver]
[DEBUG] 2021-03-01 12:29:54.180 [main] StandardJtaPlatformResolver - Could not resolve JtaPlatform, using default [org.hibernate.engine.transaction.jta.platform.internal.NoJtaPlatform]
[INFO ] 2021-03-01 12:29:54.180 [main] JtaPlatformInitiator - HHH000490: Using JtaPlatform implementation: [org.hibernate.engine.transaction.jta.platform.internal.NoJtaPlatform]
[DEBUG] 2021-03-01 12:29:54.181 [main] NamedQueryRepository - Checking 0 named HQL queries
[DEBUG] 2021-03-01 12:29:54.181 [main] NamedQueryRepository - Checking 0 named SQL queries
[DEBUG] 2021-03-01 12:29:54.183 [main] SessionFactoryRegistry - Initializing SessionFactoryRegistry : org.hibernate.internal.SessionFactoryRegistry@733e6df7
[DEBUG] 2021-03-01 12:29:54.185 [main] SessionFactoryRegistry - Registering SessionFactory: 5e6f5b44-98c4-41f5-b171-10b883e0922b (<unnamed>)
[DEBUG] 2021-03-01 12:29:54.185 [main] SessionFactoryRegistry - Not binding SessionFactory to JNDI, no JNDI name configured
[DEBUG] 2021-03-01 12:29:54.494 [main] StatisticsInitiator - Statistics initialized [enabled=false]
[DEBUG] 2021-03-01 12:29:54.536 [main] CriteriaQueryImpl - Rendered criteria query -> select generatedAlias0 from Book as generatedAlias0
[DEBUG] 2021-03-01 12:29:54.578 [main] QueryTranslatorFactoryInitiator - QueryTranslatorFactory: org.hibernate.hql.internal.ast.ASTQueryTranslatorFactory@685f5d0d
[DEBUG] 2021-03-01 12:29:54.635 [main] QueryTranslatorImpl - parse() - HQL: select generatedAlias0 from entity.Book as generatedAlias0
[DEBUG] 2021-03-01 12:29:54.644 [main] ErrorTracker - throwQueryException() : no errors
[DEBUG] 2021-03-01 12:29:54.674 [main] QueryTranslatorImpl - --- HQL AST ---
 \-[QUERY] Node: 'query'
    \-[SELECT_FROM] Node: 'SELECT_FROM'
       +-[FROM] Node: 'from'
       |  \-[RANGE] Node: 'RANGE'
       |     +-[DOT] Node: '.'
       |     |  +-[IDENT] Node: 'entity'
       |     |  \-[IDENT] Node: 'Book'
       |     \-[ALIAS] Node: 'generatedAlias0'
       \-[SELECT] Node: 'select'
          \-[IDENT] Node: 'generatedAlias0'

[DEBUG] 2021-03-01 12:29:54.718 [main] HqlSqlBaseWalker - select << begin [level=1, statement=select]
[DEBUG] 2021-03-01 12:29:54.747 [main] FromElement - FromClause{level=1} : entity.Book (generatedAlias0) -> book0_
[DEBUG] 2021-03-01 12:29:54.749 [main] FromReferenceNode - Resolved : generatedAlias0 -> book0_.id
[DEBUG] 2021-03-01 12:29:54.751 [main] HqlSqlBaseWalker - select : finishing up [level=1, statement=select]
[DEBUG] 2021-03-01 12:29:54.751 [main] HqlSqlWalker - processQuery() :  ( SELECT ( {select clause} book0_.id ) ( FromClause{level=1} book book0_ ) )
[DEBUG] 2021-03-01 12:29:54.773 [main] JoinProcessor - Using FROM fragment [book book0_]
[DEBUG] 2021-03-01 12:29:54.773 [main] HqlSqlBaseWalker - select >> end [level=1, statement=select]
[DEBUG] 2021-03-01 12:29:54.773 [main] QueryTranslatorImpl - --- SQL AST ---
 \-[SELECT] QueryNode: 'SELECT'  querySpaces (book)
    +-[SELECT_CLAUSE] SelectClause: '{select clause}'
    |  +-[ALIAS_REF] IdentNode: 'book0_.id as id1_1_' {alias=generatedAlias0, className=entity.Book, tableAlias=book0_}
    |  \-[SQL_TOKEN] SqlFragment: 'book0_.author_id as author_i4_1_, book0_.genre_id as genre_id5_1_, book0_.isbn as isbn2_1_, book0_.title as title3_1_, book0_.user_id as user_id6_1_'
    \-[FROM] FromClause: 'from' FromClause{level=1, fromElementCounter=1, fromElements=1, fromElementByClassAlias=[generatedAlias0], fromElementByTableAlias=[book0_], fromElementsByPath=[], collectionJoinFromElementsByPath=[], impliedElements=[]}
       \-[FROM_FRAGMENT] FromElement: 'book book0_' FromElement{explicit,not a collection join,not a fetch join,fetch non-lazy properties,classAlias=generatedAlias0,role=null,tableName=book,tableAlias=book0_,origin=null,columns={,className=entity.Book}}

[DEBUG] 2021-03-01 12:29:54.774 [main] ErrorTracker - throwQueryException() : no errors
[DEBUG] 2021-03-01 12:29:54.783 [main] QueryTranslatorImpl - HQL: select generatedAlias0 from entity.Book as generatedAlias0
[DEBUG] 2021-03-01 12:29:54.784 [main] QueryTranslatorImpl - SQL: select book0_.id as id1_1_, book0_.author_id as author_i4_1_, book0_.genre_id as genre_id5_1_, book0_.isbn as isbn2_1_, book0_.title as title3_1_, book0_.user_id as user_id6_1_ from book book0_
[DEBUG] 2021-03-01 12:29:54.784 [main] ErrorTracker - throwQueryException() : no errors
[DEBUG] 2021-03-01 12:29:54.810 [main] SQL - select book0_.id as id1_1_, book0_.author_id as author_i4_1_, book0_.genre_id as genre_id5_1_, book0_.isbn as isbn2_1_, book0_.title as title3_1_, book0_.user_id as user_id6_1_ from book book0_
[DEBUG] 2021-03-01 12:29:54.851 [main] LogicalConnectionManagedImpl - Initiating JDBC connection release from afterTransaction
