[DEBUG] 2021-03-01 17:16:04.083 [main] IntegratorServiceImpl - Adding Integrator [org.hibernate.cfg.beanvalidation.BeanValidationIntegrator].
[DEBUG] 2021-03-01 17:16:04.153 [main] IntegratorServiceImpl - Adding Integrator [org.hibernate.secure.spi.JaccIntegrator].
[DEBUG] 2021-03-01 17:16:04.207 [main] IntegratorServiceImpl - Adding Integrator [org.hibernate.cache.internal.CollectionCacheInvalidator].
[INFO ] 2021-03-01 17:16:04.990 [main] Version - HHH000412: Hibernate Core {5.4.4.Final}
[DEBUG] 2021-03-01 17:16:05.031 [main] Environment - HHH000206: hibernate.properties not found
[DEBUG] 2021-03-01 17:16:07.036 [main] LocalXmlResourceResolver - Interpreting public/system identifier : [-//Hibernate/Hibernate Configuration DTD//EN] - [http://www.hibernate.org/dtd/hibernate-configuration-3.0.dtd]
[DEBUG] 2021-03-01 17:16:07.048 [main] LocalXmlResourceResolver - Recognized hibernate-configuration identifier; attempting to resolve on classpath under org/hibernate/
[DEBUG] 2021-03-01 17:16:07.102 [main] JaxbCfgProcessor - cfg.xml document did not define namespaces; wrapping in custom event reader to introduce namespace information
[DEBUG] 2021-03-01 17:16:09.623 [main] ServiceBinding - Overriding existing service binding [org.hibernate.secure.spi.JaccService]
[DEBUG] 2021-03-01 17:16:09.883 [main] RegionFactoryInitiator - Cannot default RegionFactory based on registered strategies as `[]` RegionFactory strategies were registered
[DEBUG] 2021-03-01 17:16:09.897 [main] RegionFactoryInitiator - Cache region factory : org.hibernate.cache.internal.NoCachingRegionFactory
[INFO ] 2021-03-01 17:16:10.020 [main] Version - HCANN000001: Hibernate Commons Annotations {5.1.0.Final}
[DEBUG] 2021-03-01 17:16:10.270 [main] BasicTypeRegistry - Adding type registration boolean -> org.hibernate.type.BooleanType@6b580b88
[DEBUG] 2021-03-01 17:16:10.272 [main] BasicTypeRegistry - Adding type registration boolean -> org.hibernate.type.BooleanType@6b580b88
[DEBUG] 2021-03-01 17:16:10.272 [main] BasicTypeRegistry - Adding type registration java.lang.Boolean -> org.hibernate.type.BooleanType@6b580b88
[DEBUG] 2021-03-01 17:16:10.274 [main] BasicTypeRegistry - Adding type registration numeric_boolean -> org.hibernate.type.NumericBooleanType@6ce90bc5
[DEBUG] 2021-03-01 17:16:10.274 [main] BasicTypeRegistry - Adding type registration true_false -> org.hibernate.type.TrueFalseType@4b1c0397
[DEBUG] 2021-03-01 17:16:10.292 [main] BasicTypeRegistry - Adding type registration yes_no -> org.hibernate.type.YesNoType@cda0432
[DEBUG] 2021-03-01 17:16:10.294 [main] BasicTypeRegistry - Adding type registration byte -> org.hibernate.type.ByteType@67ec8477
[DEBUG] 2021-03-01 17:16:10.295 [main] BasicTypeRegistry - Adding type registration byte -> org.hibernate.type.ByteType@67ec8477
[DEBUG] 2021-03-01 17:16:10.296 [main] BasicTypeRegistry - Adding type registration java.lang.Byte -> org.hibernate.type.ByteType@67ec8477
[DEBUG] 2021-03-01 17:16:10.300 [main] BasicTypeRegistry - Adding type registration character -> org.hibernate.type.CharacterType@278f8425
[DEBUG] 2021-03-01 17:16:10.304 [main] BasicTypeRegistry - Adding type registration char -> org.hibernate.type.CharacterType@278f8425
[DEBUG] 2021-03-01 17:16:10.304 [main] BasicTypeRegistry - Adding type registration java.lang.Character -> org.hibernate.type.CharacterType@278f8425
[DEBUG] 2021-03-01 17:16:10.306 [main] BasicTypeRegistry - Adding type registration short -> org.hibernate.type.ShortType@4a1c0752
[DEBUG] 2021-03-01 17:16:10.306 [main] BasicTypeRegistry - Adding type registration short -> org.hibernate.type.ShortType@4a1c0752
[DEBUG] 2021-03-01 17:16:10.306 [main] BasicTypeRegistry - Adding type registration java.lang.Short -> org.hibernate.type.ShortType@4a1c0752
[DEBUG] 2021-03-01 17:16:10.307 [main] BasicTypeRegistry - Adding type registration integer -> org.hibernate.type.IntegerType@847f3e7
[DEBUG] 2021-03-01 17:16:10.316 [main] BasicTypeRegistry - Adding type registration int -> org.hibernate.type.IntegerType@847f3e7
[DEBUG] 2021-03-01 17:16:10.316 [main] BasicTypeRegistry - Adding type registration java.lang.Integer -> org.hibernate.type.IntegerType@847f3e7
[DEBUG] 2021-03-01 17:16:10.317 [main] BasicTypeRegistry - Adding type registration long -> org.hibernate.type.LongType@175acfb2
[DEBUG] 2021-03-01 17:16:10.317 [main] BasicTypeRegistry - Adding type registration long -> org.hibernate.type.LongType@175acfb2
[DEBUG] 2021-03-01 17:16:10.319 [main] BasicTypeRegistry - Adding type registration java.lang.Long -> org.hibernate.type.LongType@175acfb2
[DEBUG] 2021-03-01 17:16:10.325 [main] BasicTypeRegistry - Adding type registration float -> org.hibernate.type.FloatType@247667dd
[DEBUG] 2021-03-01 17:16:10.325 [main] BasicTypeRegistry - Adding type registration float -> org.hibernate.type.FloatType@247667dd
[DEBUG] 2021-03-01 17:16:10.326 [main] BasicTypeRegistry - Adding type registration java.lang.Float -> org.hibernate.type.FloatType@247667dd
[DEBUG] 2021-03-01 17:16:10.327 [main] BasicTypeRegistry - Adding type registration double -> org.hibernate.type.DoubleType@1d4664d7
[DEBUG] 2021-03-01 17:16:10.327 [main] BasicTypeRegistry - Adding type registration double -> org.hibernate.type.DoubleType@1d4664d7
[DEBUG] 2021-03-01 17:16:10.329 [main] BasicTypeRegistry - Adding type registration java.lang.Double -> org.hibernate.type.DoubleType@1d4664d7
[DEBUG] 2021-03-01 17:16:10.330 [main] BasicTypeRegistry - Adding type registration big_decimal -> org.hibernate.type.BigDecimalType@72ed9aad
[DEBUG] 2021-03-01 17:16:10.332 [main] BasicTypeRegistry - Adding type registration java.math.BigDecimal -> org.hibernate.type.BigDecimalType@72ed9aad
[DEBUG] 2021-03-01 17:16:10.336 [main] BasicTypeRegistry - Adding type registration big_integer -> org.hibernate.type.BigIntegerType@18a645fd
[DEBUG] 2021-03-01 17:16:10.336 [main] BasicTypeRegistry - Adding type registration java.math.BigInteger -> org.hibernate.type.BigIntegerType@18a645fd
[DEBUG] 2021-03-01 17:16:10.339 [main] BasicTypeRegistry - Adding type registration string -> org.hibernate.type.StringType@bdecc21
[DEBUG] 2021-03-01 17:16:10.339 [main] BasicTypeRegistry - Adding type registration java.lang.String -> org.hibernate.type.StringType@bdecc21
[DEBUG] 2021-03-01 17:16:10.340 [main] BasicTypeRegistry - Adding type registration nstring -> org.hibernate.type.StringNVarcharType@5d58c727
[DEBUG] 2021-03-01 17:16:10.351 [main] BasicTypeRegistry - Adding type registration ncharacter -> org.hibernate.type.CharacterNCharType@54da32dc
[DEBUG] 2021-03-01 17:16:10.358 [main] BasicTypeRegistry - Adding type registration url -> org.hibernate.type.UrlType@1917d90f
[DEBUG] 2021-03-01 17:16:10.360 [main] BasicTypeRegistry - Adding type registration java.net.URL -> org.hibernate.type.UrlType@1917d90f
[DEBUG] 2021-03-01 17:16:10.362 [main] BasicTypeRegistry - Adding type registration Duration -> org.hibernate.type.DurationType@6edc4161
[DEBUG] 2021-03-01 17:16:10.362 [main] BasicTypeRegistry - Adding type registration java.time.Duration -> org.hibernate.type.DurationType@6edc4161
[DEBUG] 2021-03-01 17:16:10.406 [main] BasicTypeRegistry - Adding type registration Instant -> org.hibernate.type.InstantType@5ecba515
[DEBUG] 2021-03-01 17:16:10.408 [main] BasicTypeRegistry - Adding type registration java.time.Instant -> org.hibernate.type.InstantType@5ecba515
[DEBUG] 2021-03-01 17:16:10.414 [main] BasicTypeRegistry - Adding type registration LocalDateTime -> org.hibernate.type.LocalDateTimeType@18324f97
[DEBUG] 2021-03-01 17:16:10.414 [main] BasicTypeRegistry - Adding type registration java.time.LocalDateTime -> org.hibernate.type.LocalDateTimeType@18324f97
[DEBUG] 2021-03-01 17:16:10.416 [main] BasicTypeRegistry - Adding type registration LocalDate -> org.hibernate.type.LocalDateType@72209d93
[DEBUG] 2021-03-01 17:16:10.416 [main] BasicTypeRegistry - Adding type registration java.time.LocalDate -> org.hibernate.type.LocalDateType@72209d93
[DEBUG] 2021-03-01 17:16:10.421 [main] BasicTypeRegistry - Adding type registration LocalTime -> org.hibernate.type.LocalTimeType@6a4d7f76
[DEBUG] 2021-03-01 17:16:10.421 [main] BasicTypeRegistry - Adding type registration java.time.LocalTime -> org.hibernate.type.LocalTimeType@6a4d7f76
[DEBUG] 2021-03-01 17:16:10.424 [main] BasicTypeRegistry - Adding type registration OffsetDateTime -> org.hibernate.type.OffsetDateTimeType@6edaa77a
[DEBUG] 2021-03-01 17:16:10.426 [main] BasicTypeRegistry - Adding type registration java.time.OffsetDateTime -> org.hibernate.type.OffsetDateTimeType@6edaa77a
[DEBUG] 2021-03-01 17:16:10.431 [main] BasicTypeRegistry - Adding type registration OffsetTime -> org.hibernate.type.OffsetTimeType@29314cc9
[DEBUG] 2021-03-01 17:16:10.435 [main] BasicTypeRegistry - Adding type registration java.time.OffsetTime -> org.hibernate.type.OffsetTimeType@29314cc9
[DEBUG] 2021-03-01 17:16:10.438 [main] BasicTypeRegistry - Adding type registration ZonedDateTime -> org.hibernate.type.ZonedDateTimeType@a50ae65
[DEBUG] 2021-03-01 17:16:10.440 [main] BasicTypeRegistry - Adding type registration java.time.ZonedDateTime -> org.hibernate.type.ZonedDateTimeType@a50ae65
[DEBUG] 2021-03-01 17:16:10.443 [main] BasicTypeRegistry - Adding type registration date -> org.hibernate.type.DateType@551de37d
[DEBUG] 2021-03-01 17:16:10.443 [main] BasicTypeRegistry - Adding type registration java.sql.Date -> org.hibernate.type.DateType@551de37d
[DEBUG] 2021-03-01 17:16:10.444 [main] BasicTypeRegistry - Adding type registration time -> org.hibernate.type.TimeType@3028e50e
[DEBUG] 2021-03-01 17:16:10.445 [main] BasicTypeRegistry - Adding type registration java.sql.Time -> org.hibernate.type.TimeType@3028e50e
[DEBUG] 2021-03-01 17:16:10.452 [main] BasicTypeRegistry - Adding type registration timestamp -> org.hibernate.type.TimestampType@4bdc8b5d
[DEBUG] 2021-03-01 17:16:10.453 [main] BasicTypeRegistry - Adding type registration java.sql.Timestamp -> org.hibernate.type.TimestampType@4bdc8b5d
[DEBUG] 2021-03-01 17:16:10.453 [main] BasicTypeRegistry - Adding type registration java.util.Date -> org.hibernate.type.TimestampType@4bdc8b5d
[DEBUG] 2021-03-01 17:16:10.464 [main] BasicTypeRegistry - Adding type registration dbtimestamp -> org.hibernate.type.DbTimestampType@5dc3fcb7
[DEBUG] 2021-03-01 17:16:10.467 [main] BasicTypeRegistry - Adding type registration calendar -> org.hibernate.type.CalendarType@65cc8228
[DEBUG] 2021-03-01 17:16:10.468 [main] BasicTypeRegistry - Adding type registration java.util.Calendar -> org.hibernate.type.CalendarType@65cc8228
[DEBUG] 2021-03-01 17:16:10.468 [main] BasicTypeRegistry - Adding type registration java.util.GregorianCalendar -> org.hibernate.type.CalendarType@65cc8228
[DEBUG] 2021-03-01 17:16:10.472 [main] BasicTypeRegistry - Adding type registration calendar_date -> org.hibernate.type.CalendarDateType@6dd93a21
[DEBUG] 2021-03-01 17:16:10.492 [main] BasicTypeRegistry - Adding type registration locale -> org.hibernate.type.LocaleType@37095ded
[DEBUG] 2021-03-01 17:16:10.493 [main] BasicTypeRegistry - Adding type registration java.util.Locale -> org.hibernate.type.LocaleType@37095ded
[DEBUG] 2021-03-01 17:16:10.499 [main] BasicTypeRegistry - Adding type registration currency -> org.hibernate.type.CurrencyType@30b2b76f
[DEBUG] 2021-03-01 17:16:10.504 [main] BasicTypeRegistry - Adding type registration java.util.Currency -> org.hibernate.type.CurrencyType@30b2b76f
[DEBUG] 2021-03-01 17:16:10.508 [main] BasicTypeRegistry - Adding type registration timezone -> org.hibernate.type.TimeZoneType@4c0884e8
[DEBUG] 2021-03-01 17:16:10.508 [main] BasicTypeRegistry - Adding type registration java.util.TimeZone -> org.hibernate.type.TimeZoneType@4c0884e8
[DEBUG] 2021-03-01 17:16:10.511 [main] BasicTypeRegistry - Adding type registration class -> org.hibernate.type.ClassType@7cedfa63
[DEBUG] 2021-03-01 17:16:10.511 [main] BasicTypeRegistry - Adding type registration java.lang.Class -> org.hibernate.type.ClassType@7cedfa63
[DEBUG] 2021-03-01 17:16:10.514 [main] BasicTypeRegistry - Adding type registration uuid-binary -> org.hibernate.type.UUIDBinaryType@4443ef6f
[DEBUG] 2021-03-01 17:16:10.517 [main] BasicTypeRegistry - Adding type registration java.util.UUID -> org.hibernate.type.UUIDBinaryType@4443ef6f
[DEBUG] 2021-03-01 17:16:10.518 [main] BasicTypeRegistry - Adding type registration uuid-char -> org.hibernate.type.UUIDCharType@7068f7ca
[DEBUG] 2021-03-01 17:16:10.527 [main] BasicTypeRegistry - Adding type registration binary -> org.hibernate.type.BinaryType@31fc71ab
[DEBUG] 2021-03-01 17:16:10.527 [main] BasicTypeRegistry - Adding type registration byte[] -> org.hibernate.type.BinaryType@31fc71ab
[DEBUG] 2021-03-01 17:16:10.527 [main] BasicTypeRegistry - Adding type registration [B -> org.hibernate.type.BinaryType@31fc71ab
[DEBUG] 2021-03-01 17:16:10.530 [main] BasicTypeRegistry - Adding type registration wrapper-binary -> org.hibernate.type.WrapperBinaryType@41f35f7c
[DEBUG] 2021-03-01 17:16:10.530 [main] BasicTypeRegistry - Adding type registration Byte[] -> org.hibernate.type.WrapperBinaryType@41f35f7c
[DEBUG] 2021-03-01 17:16:10.530 [main] BasicTypeRegistry - Adding type registration [Ljava.lang.Byte; -> org.hibernate.type.WrapperBinaryType@41f35f7c
[DEBUG] 2021-03-01 17:16:10.531 [main] BasicTypeRegistry - Adding type registration row_version -> org.hibernate.type.RowVersionType@7a639ec5
[DEBUG] 2021-03-01 17:16:10.538 [main] BasicTypeRegistry - Adding type registration image -> org.hibernate.type.ImageType@66596a88
[DEBUG] 2021-03-01 17:16:10.539 [main] BasicTypeRegistry - Adding type registration characters -> org.hibernate.type.CharArrayType@4bb8855f
[DEBUG] 2021-03-01 17:16:10.539 [main] BasicTypeRegistry - Adding type registration char[] -> org.hibernate.type.CharArrayType@4bb8855f
[DEBUG] 2021-03-01 17:16:10.540 [main] BasicTypeRegistry - Adding type registration [C -> org.hibernate.type.CharArrayType@4bb8855f
[DEBUG] 2021-03-01 17:16:10.542 [main] BasicTypeRegistry - Adding type registration wrapper-characters -> org.hibernate.type.CharacterArrayType@7a6ebe1e
[DEBUG] 2021-03-01 17:16:10.542 [main] BasicTypeRegistry - Adding type registration [Ljava.lang.Character; -> org.hibernate.type.CharacterArrayType@7a6ebe1e
[DEBUG] 2021-03-01 17:16:10.542 [main] BasicTypeRegistry - Adding type registration Character[] -> org.hibernate.type.CharacterArrayType@7a6ebe1e
[DEBUG] 2021-03-01 17:16:10.543 [main] BasicTypeRegistry - Adding type registration text -> org.hibernate.type.TextType@6de30571
[DEBUG] 2021-03-01 17:16:10.543 [main] BasicTypeRegistry - Adding type registration ntext -> org.hibernate.type.NTextType@3df978b9
[DEBUG] 2021-03-01 17:16:10.547 [main] BasicTypeRegistry - Adding type registration blob -> org.hibernate.type.BlobType@2787de58
[DEBUG] 2021-03-01 17:16:10.552 [main] BasicTypeRegistry - Adding type registration java.sql.Blob -> org.hibernate.type.BlobType@2787de58
[DEBUG] 2021-03-01 17:16:10.558 [main] BasicTypeRegistry - Adding type registration materialized_blob -> org.hibernate.type.MaterializedBlobType@5b022357
[DEBUG] 2021-03-01 17:16:10.560 [main] BasicTypeRegistry - Adding type registration clob -> org.hibernate.type.ClobType@f14e5bf
[DEBUG] 2021-03-01 17:16:10.564 [main] BasicTypeRegistry - Adding type registration java.sql.Clob -> org.hibernate.type.ClobType@f14e5bf
[DEBUG] 2021-03-01 17:16:10.570 [main] BasicTypeRegistry - Adding type registration nclob -> org.hibernate.type.NClobType@7f02251
[DEBUG] 2021-03-01 17:16:10.571 [main] BasicTypeRegistry - Adding type registration java.sql.NClob -> org.hibernate.type.NClobType@7f02251
[DEBUG] 2021-03-01 17:16:10.572 [main] BasicTypeRegistry - Adding type registration materialized_clob -> org.hibernate.type.MaterializedClobType@6b587673
[DEBUG] 2021-03-01 17:16:10.573 [main] BasicTypeRegistry - Adding type registration materialized_nclob -> org.hibernate.type.MaterializedNClobType@7b2a3ff8
[DEBUG] 2021-03-01 17:16:10.582 [main] BasicTypeRegistry - Adding type registration serializable -> org.hibernate.type.SerializableType@ccd1bc3
[DEBUG] 2021-03-01 17:16:10.625 [main] BasicTypeRegistry - Adding type registration object -> org.hibernate.type.ObjectType@5cf8edcf
[DEBUG] 2021-03-01 17:16:10.625 [main] BasicTypeRegistry - Adding type registration java.lang.Object -> org.hibernate.type.ObjectType@5cf8edcf
[DEBUG] 2021-03-01 17:16:10.633 [main] BasicTypeRegistry - Adding type registration imm_date -> org.hibernate.type.AdaptedImmutableType@ecfbe91
[DEBUG] 2021-03-01 17:16:10.643 [main] BasicTypeRegistry - Adding type registration imm_time -> org.hibernate.type.AdaptedImmutableType@20ed3303
[DEBUG] 2021-03-01 17:16:10.644 [main] BasicTypeRegistry - Adding type registration imm_timestamp -> org.hibernate.type.AdaptedImmutableType@3adbe50f
[DEBUG] 2021-03-01 17:16:10.644 [main] BasicTypeRegistry - Adding type registration imm_dbtimestamp -> org.hibernate.type.AdaptedImmutableType@3a627c80
[DEBUG] 2021-03-01 17:16:10.644 [main] BasicTypeRegistry - Adding type registration imm_calendar -> org.hibernate.type.AdaptedImmutableType@49aa766b
[DEBUG] 2021-03-01 17:16:10.644 [main] BasicTypeRegistry - Adding type registration imm_calendar_date -> org.hibernate.type.AdaptedImmutableType@963176
[DEBUG] 2021-03-01 17:16:10.644 [main] BasicTypeRegistry - Adding type registration imm_binary -> org.hibernate.type.AdaptedImmutableType@65004ff6
[DEBUG] 2021-03-01 17:16:10.644 [main] BasicTypeRegistry - Adding type registration imm_serializable -> org.hibernate.type.AdaptedImmutableType@4cafa9aa
[DEBUG] 2021-03-01 17:16:10.830 [main] DefaultIdentifierGeneratorFactory - Registering IdentifierGenerator strategy [uuid2] -> [org.hibernate.id.UUIDGenerator]
[DEBUG] 2021-03-01 17:16:10.832 [main] DefaultIdentifierGeneratorFactory - Registering IdentifierGenerator strategy [guid] -> [org.hibernate.id.GUIDGenerator]
[DEBUG] 2021-03-01 17:16:10.835 [main] DefaultIdentifierGeneratorFactory - Registering IdentifierGenerator strategy [uuid] -> [org.hibernate.id.UUIDHexGenerator]
[DEBUG] 2021-03-01 17:16:10.835 [main] DefaultIdentifierGeneratorFactory - Registering IdentifierGenerator strategy [uuid.hex] -> [org.hibernate.id.UUIDHexGenerator]
[DEBUG] 2021-03-01 17:16:10.838 [main] DefaultIdentifierGeneratorFactory - Registering IdentifierGenerator strategy [assigned] -> [org.hibernate.id.Assigned]
[DEBUG] 2021-03-01 17:16:10.840 [main] DefaultIdentifierGeneratorFactory - Registering IdentifierGenerator strategy [identity] -> [org.hibernate.id.IdentityGenerator]
[DEBUG] 2021-03-01 17:16:10.841 [main] DefaultIdentifierGeneratorFactory - Registering IdentifierGenerator strategy [select] -> [org.hibernate.id.SelectGenerator]
[DEBUG] 2021-03-01 17:16:10.843 [main] DefaultIdentifierGeneratorFactory - Registering IdentifierGenerator strategy [sequence] -> [org.hibernate.id.enhanced.SequenceStyleGenerator]
[DEBUG] 2021-03-01 17:16:10.844 [main] DefaultIdentifierGeneratorFactory - Registering IdentifierGenerator strategy [seqhilo] -> [org.hibernate.id.SequenceHiLoGenerator]
[DEBUG] 2021-03-01 17:16:10.845 [main] DefaultIdentifierGeneratorFactory - Registering IdentifierGenerator strategy [increment] -> [org.hibernate.id.IncrementGenerator]
[DEBUG] 2021-03-01 17:16:10.846 [main] DefaultIdentifierGeneratorFactory - Registering IdentifierGenerator strategy [foreign] -> [org.hibernate.id.ForeignGenerator]
[DEBUG] 2021-03-01 17:16:10.846 [main] DefaultIdentifierGeneratorFactory - Registering IdentifierGenerator strategy [sequence-identity] -> [org.hibernate.id.SequenceIdentityGenerator]
[DEBUG] 2021-03-01 17:16:10.847 [main] DefaultIdentifierGeneratorFactory - Registering IdentifierGenerator strategy [enhanced-sequence] -> [org.hibernate.id.enhanced.SequenceStyleGenerator]
[DEBUG] 2021-03-01 17:16:10.848 [main] DefaultIdentifierGeneratorFactory - Registering IdentifierGenerator strategy [enhanced-table] -> [org.hibernate.id.enhanced.TableGenerator]
[INFO ] 2021-03-01 17:16:10.858 [main] C3P0ConnectionProvider - HHH010002: C3P0 using driver: com.mysql.cj.jdbc.Driver at URL: jdbc:mysql://localhost:3306/test_BookCollection
[INFO ] 2021-03-01 17:16:10.859 [main] C3P0ConnectionProvider - HHH10001001: Connection properties: {password=****, user=root}
[INFO ] 2021-03-01 17:16:10.859 [main] C3P0ConnectionProvider - HHH10001003: Autocommit mode: false
[INFO ] 2021-03-01 17:16:11.328 [main] C3P0ConnectionProvider - HHH10001007: JDBC isolation level: <unknown>
[DEBUG] 2021-03-01 17:16:13.681 [main] JdbcEnvironmentInitiator - Database ->
       name : MySQL
    version : 8.0.22
      major : 8
      minor : 0
[DEBUG] 2021-03-01 17:16:13.725 [main] JdbcEnvironmentInitiator - Driver ->
       name : MySQL Connector/J
    version : mysql-connector-java-8.0.22 (Revision: d64b664fa93e81296a377de031b8123a67e6def2)
      major : 8
      minor : 0
[DEBUG] 2021-03-01 17:16:13.726 [main] JdbcEnvironmentInitiator - JDBC version : 4.2
[INFO ] 2021-03-01 17:16:14.042 [main] Dialect - HHH000400: Using dialect: org.hibernate.dialect.MySQL8Dialect
[DEBUG] 2021-03-01 17:16:14.109 [main] IdentifierHelperBuilder - JDBC driver metadata reported database stores quoted identifiers in more than one case
[DEBUG] 2021-03-01 17:16:14.378 [main] IdentifierHelperBuilder - IdentifierCaseStrategy for both quoted and unquoted identifiers was set to the same strategy [MIXED]; that will likely lead to problems in schema update and validation if using quoted identifiers
[DEBUG] 2021-03-01 17:16:14.581 [main] Namespace - Created database namespace [logicalName=Name{catalog=null, schema=null}, physicalName=Name{catalog=null, schema=null}]
[DEBUG] 2021-03-01 17:16:14.594 [main] TypeConfiguration$Scope - Scoping TypeConfiguration [org.hibernate.type.spi.TypeConfiguration@66c38e51] to MetadataBuildingContext [org.hibernate.boot.internal.MetadataBuildingContextRootImpl@10641c09]
[DEBUG] 2021-03-01 17:16:14.808 [main] AnnotationBinder - Binding entity from annotated class: entity.Author
[DEBUG] 2021-03-01 17:16:14.877 [main] Ejb3Column - Binding column: Ejb3DiscriminatorColumn{logicalColumnName'DTYPE', discriminatorTypeName='string'}
[DEBUG] 2021-03-01 17:16:14.902 [main] EntityBinder - Import with entity name Author
[DEBUG] 2021-03-01 17:16:14.906 [main] EntityBinder - Bind entity entity.Author on table author
[DEBUG] 2021-03-01 17:16:14.994 [main] Ejb3Column - Binding column: Ejb3Column{table=org.hibernate.mapping.Table(author), mappingColumn=id, insertable=true, updatable=true, unique=false}
[DEBUG] 2021-03-01 17:16:15.001 [main] PropertyBinder - MetadataSourceProcessor property id with lazy=false
[DEBUG] 2021-03-01 17:16:15.009 [main] AbstractPropertyHolder - Attempting to locate auto-apply AttributeConverter for property [entity.Author:id]
[DEBUG] 2021-03-01 17:16:15.012 [main] SimpleValueBinder - building SimpleValue for id
[DEBUG] 2021-03-01 17:16:15.021 [main] PropertyBinder - Building property id
[DEBUG] 2021-03-01 17:16:15.037 [main] BinderHelper - #makeIdGenerator(org.hibernate.mapping.SimpleValue([org.hibernate.mapping.Column(id)]), id, org.hibernate.id.enhanced.SequenceStyleGenerator, native, ...)
[DEBUG] 2021-03-01 17:16:15.042 [main] Ejb3Column - Binding column: Ejb3Column{table=org.hibernate.mapping.Table(author), mappingColumn=first_name, insertable=true, updatable=true, unique=false}
[DEBUG] 2021-03-01 17:16:15.043 [main] PropertyBinder - MetadataSourceProcessor property firstName with lazy=false
[DEBUG] 2021-03-01 17:16:15.043 [main] AbstractPropertyHolder - Attempting to locate auto-apply AttributeConverter for property [entity.Author:firstName]
[DEBUG] 2021-03-01 17:16:15.044 [main] SimpleValueBinder - building SimpleValue for firstName
[DEBUG] 2021-03-01 17:16:15.045 [main] PropertyBinder - Building property firstName
[DEBUG] 2021-03-01 17:16:15.045 [main] Ejb3Column - Binding column: Ejb3Column{table=org.hibernate.mapping.Table(author), mappingColumn=last_name, insertable=true, updatable=true, unique=false}
[DEBUG] 2021-03-01 17:16:15.046 [main] PropertyBinder - MetadataSourceProcessor property lastName with lazy=false
[DEBUG] 2021-03-01 17:16:15.046 [main] AbstractPropertyHolder - Attempting to locate auto-apply AttributeConverter for property [entity.Author:lastName]
[DEBUG] 2021-03-01 17:16:15.046 [main] SimpleValueBinder - building SimpleValue for lastName
[DEBUG] 2021-03-01 17:16:15.046 [main] PropertyBinder - Building property lastName
[DEBUG] 2021-03-01 17:16:15.051 [main] AnnotationBinder - Binding entity from annotated class: entity.Book
[DEBUG] 2021-03-01 17:16:15.052 [main] Ejb3Column - Binding column: Ejb3DiscriminatorColumn{logicalColumnName'DTYPE', discriminatorTypeName='string'}
[DEBUG] 2021-03-01 17:16:15.052 [main] EntityBinder - Import with entity name Book
[DEBUG] 2021-03-01 17:16:15.052 [main] EntityBinder - Bind entity entity.Book on table book
[DEBUG] 2021-03-01 17:16:15.065 [main] Ejb3Column - Binding column: Ejb3Column{table=org.hibernate.mapping.Table(book), mappingColumn=id, insertable=true, updatable=true, unique=false}
[DEBUG] 2021-03-01 17:16:15.066 [main] PropertyBinder - MetadataSourceProcessor property id with lazy=false
[DEBUG] 2021-03-01 17:16:15.069 [main] AbstractPropertyHolder - Attempting to locate auto-apply AttributeConverter for property [entity.Book:id]
[DEBUG] 2021-03-01 17:16:15.069 [main] SimpleValueBinder - building SimpleValue for id
[DEBUG] 2021-03-01 17:16:15.070 [main] PropertyBinder - Building property id
[DEBUG] 2021-03-01 17:16:15.070 [main] BinderHelper - #makeIdGenerator(org.hibernate.mapping.SimpleValue([org.hibernate.mapping.Column(id)]), id, org.hibernate.id.enhanced.SequenceStyleGenerator, native, ...)
[DEBUG] 2021-03-01 17:16:15.072 [main] Ejb3Column - Binding column: Ejb3JoinColumn{logicalColumnName='null', referencedColumn='null', mappedBy='null'}
[DEBUG] 2021-03-01 17:16:15.086 [main] Ejb3Column - Binding column: Ejb3Column{table=org.hibernate.mapping.Table(book), mappingColumn=author, insertable=true, updatable=true, unique=false}
[DEBUG] 2021-03-01 17:16:15.098 [main] PropertyBinder - Building property author
[DEBUG] 2021-03-01 17:16:15.099 [main] Ejb3Column - Binding column: Ejb3JoinColumn{logicalColumnName='null', referencedColumn='null', mappedBy='null'}
[DEBUG] 2021-03-01 17:16:15.100 [main] Ejb3Column - Binding column: Ejb3Column{table=org.hibernate.mapping.Table(book), mappingColumn=genre, insertable=true, updatable=true, unique=false}
[DEBUG] 2021-03-01 17:16:15.105 [main] PropertyBinder - Building property genre
[DEBUG] 2021-03-01 17:16:15.106 [main] Ejb3Column - Binding column: Ejb3Column{table=org.hibernate.mapping.Table(book), mappingColumn=isbn, insertable=true, updatable=true, unique=false}
[DEBUG] 2021-03-01 17:16:15.106 [main] PropertyBinder - MetadataSourceProcessor property isbn with lazy=false
[DEBUG] 2021-03-01 17:16:15.106 [main] AbstractPropertyHolder - Attempting to locate auto-apply AttributeConverter for property [entity.Book:isbn]
[DEBUG] 2021-03-01 17:16:15.106 [main] SimpleValueBinder - building SimpleValue for isbn
[DEBUG] 2021-03-01 17:16:15.106 [main] PropertyBinder - Building property isbn
[DEBUG] 2021-03-01 17:16:15.106 [main] Ejb3Column - Binding column: Ejb3Column{table=org.hibernate.mapping.Table(book), mappingColumn=title, insertable=true, updatable=true, unique=false}
[DEBUG] 2021-03-01 17:16:15.107 [main] PropertyBinder - MetadataSourceProcessor property title with lazy=false
[DEBUG] 2021-03-01 17:16:15.107 [main] AbstractPropertyHolder - Attempting to locate auto-apply AttributeConverter for property [entity.Book:title]
[DEBUG] 2021-03-01 17:16:15.107 [main] SimpleValueBinder - building SimpleValue for title
[DEBUG] 2021-03-01 17:16:15.107 [main] PropertyBinder - Building property title
[DEBUG] 2021-03-01 17:16:15.108 [main] Ejb3Column - Binding column: Ejb3JoinColumn{logicalColumnName='null', referencedColumn='null', mappedBy='null'}
[DEBUG] 2021-03-01 17:16:15.108 [main] Ejb3Column - Binding column: Ejb3Column{table=org.hibernate.mapping.Table(book), mappingColumn=user, insertable=true, updatable=true, unique=false}
[DEBUG] 2021-03-01 17:16:15.109 [main] PropertyBinder - Building property user
[DEBUG] 2021-03-01 17:16:15.109 [main] AnnotationBinder - Binding entity from annotated class: entity.Genre
[DEBUG] 2021-03-01 17:16:15.109 [main] Ejb3Column - Binding column: Ejb3DiscriminatorColumn{logicalColumnName'DTYPE', discriminatorTypeName='string'}
[DEBUG] 2021-03-01 17:16:15.109 [main] EntityBinder - Import with entity name Genre
[DEBUG] 2021-03-01 17:16:15.109 [main] EntityBinder - Bind entity entity.Genre on table genre
[DEBUG] 2021-03-01 17:16:15.113 [main] Ejb3Column - Binding column: Ejb3Column{table=org.hibernate.mapping.Table(genre), mappingColumn=id, insertable=true, updatable=true, unique=false}
[DEBUG] 2021-03-01 17:16:15.114 [main] PropertyBinder - MetadataSourceProcessor property id with lazy=false
[DEBUG] 2021-03-01 17:16:15.114 [main] AbstractPropertyHolder - Attempting to locate auto-apply AttributeConverter for property [entity.Genre:id]
[DEBUG] 2021-03-01 17:16:15.114 [main] SimpleValueBinder - building SimpleValue for id
[DEBUG] 2021-03-01 17:16:15.119 [main] PropertyBinder - Building property id
[DEBUG] 2021-03-01 17:16:15.125 [main] BinderHelper - #makeIdGenerator(org.hibernate.mapping.SimpleValue([org.hibernate.mapping.Column(id)]), id, org.hibernate.id.enhanced.SequenceStyleGenerator, native, ...)
[DEBUG] 2021-03-01 17:16:15.125 [main] Ejb3Column - Binding column: Ejb3Column{table=org.hibernate.mapping.Table(genre), mappingColumn=name, insertable=true, updatable=true, unique=false}
[DEBUG] 2021-03-01 17:16:15.125 [main] PropertyBinder - MetadataSourceProcessor property name with lazy=false
[DEBUG] 2021-03-01 17:16:15.125 [main] AbstractPropertyHolder - Attempting to locate auto-apply AttributeConverter for property [entity.Genre:name]
[DEBUG] 2021-03-01 17:16:15.125 [main] SimpleValueBinder - building SimpleValue for name
[DEBUG] 2021-03-01 17:16:15.125 [main] PropertyBinder - Building property name
[DEBUG] 2021-03-01 17:16:15.125 [main] AnnotationBinder - Binding entity from annotated class: entity.User
[DEBUG] 2021-03-01 17:16:15.126 [main] Ejb3Column - Binding column: Ejb3DiscriminatorColumn{logicalColumnName'DTYPE', discriminatorTypeName='string'}
[DEBUG] 2021-03-01 17:16:15.126 [main] EntityBinder - Import with entity name User
[DEBUG] 2021-03-01 17:16:15.126 [main] EntityBinder - Bind entity entity.User on table user
[DEBUG] 2021-03-01 17:16:15.127 [main] Ejb3Column - Binding column: Ejb3Column{table=org.hibernate.mapping.Table(user), mappingColumn=id, insertable=true, updatable=true, unique=false}
[DEBUG] 2021-03-01 17:16:15.127 [main] PropertyBinder - MetadataSourceProcessor property id with lazy=false
[DEBUG] 2021-03-01 17:16:15.127 [main] AbstractPropertyHolder - Attempting to locate auto-apply AttributeConverter for property [entity.User:id]
[DEBUG] 2021-03-01 17:16:15.127 [main] SimpleValueBinder - building SimpleValue for id
[DEBUG] 2021-03-01 17:16:15.127 [main] PropertyBinder - Building property id
[DEBUG] 2021-03-01 17:16:15.127 [main] BinderHelper - #makeIdGenerator(org.hibernate.mapping.SimpleValue([org.hibernate.mapping.Column(id)]), id, org.hibernate.id.enhanced.SequenceStyleGenerator, native, ...)
[DEBUG] 2021-03-01 17:16:15.127 [main] Ejb3Column - Binding column: Ejb3Column{table=org.hibernate.mapping.Table(user), mappingColumn=email, insertable=true, updatable=true, unique=false}
[DEBUG] 2021-03-01 17:16:15.128 [main] PropertyBinder - MetadataSourceProcessor property email with lazy=false
[DEBUG] 2021-03-01 17:16:15.128 [main] AbstractPropertyHolder - Attempting to locate auto-apply AttributeConverter for property [entity.User:email]
[DEBUG] 2021-03-01 17:16:15.128 [main] SimpleValueBinder - building SimpleValue for email
[DEBUG] 2021-03-01 17:16:15.128 [main] PropertyBinder - Building property email
[DEBUG] 2021-03-01 17:16:15.128 [main] Ejb3Column - Binding column: Ejb3Column{table=org.hibernate.mapping.Table(user), mappingColumn=first_name, insertable=true, updatable=true, unique=false}
[DEBUG] 2021-03-01 17:16:15.128 [main] PropertyBinder - MetadataSourceProcessor property firstName with lazy=false
[DEBUG] 2021-03-01 17:16:15.128 [main] AbstractPropertyHolder - Attempting to locate auto-apply AttributeConverter for property [entity.User:firstName]
[DEBUG] 2021-03-01 17:16:15.128 [main] SimpleValueBinder - building SimpleValue for firstName
[DEBUG] 2021-03-01 17:16:15.128 [main] PropertyBinder - Building property firstName
[DEBUG] 2021-03-01 17:16:15.128 [main] Ejb3Column - Binding column: Ejb3Column{table=org.hibernate.mapping.Table(user), mappingColumn=last_name, insertable=true, updatable=true, unique=false}
[DEBUG] 2021-03-01 17:16:15.135 [main] PropertyBinder - MetadataSourceProcessor property lastName with lazy=false
[DEBUG] 2021-03-01 17:16:15.135 [main] AbstractPropertyHolder - Attempting to locate auto-apply AttributeConverter for property [entity.User:lastName]
[DEBUG] 2021-03-01 17:16:15.135 [main] SimpleValueBinder - building SimpleValue for lastName
[DEBUG] 2021-03-01 17:16:15.135 [main] PropertyBinder - Building property lastName
[DEBUG] 2021-03-01 17:16:15.139 [main] Ejb3Column - Binding column: Ejb3Column{table=org.hibernate.mapping.Table(user), mappingColumn=password, insertable=true, updatable=true, unique=false}
[DEBUG] 2021-03-01 17:16:15.139 [main] PropertyBinder - MetadataSourceProcessor property password with lazy=false
[DEBUG] 2021-03-01 17:16:15.140 [main] AbstractPropertyHolder - Attempting to locate auto-apply AttributeConverter for property [entity.User:password]
[DEBUG] 2021-03-01 17:16:15.144 [main] SimpleValueBinder - building SimpleValue for password
[DEBUG] 2021-03-01 17:16:15.145 [main] PropertyBinder - Building property password
[DEBUG] 2021-03-01 17:16:15.145 [main] Ejb3Column - Binding column: Ejb3Column{table=org.hibernate.mapping.Table(user), mappingColumn=username, insertable=true, updatable=true, unique=false}
[DEBUG] 2021-03-01 17:16:15.145 [main] PropertyBinder - MetadataSourceProcessor property userName with lazy=false
[DEBUG] 2021-03-01 17:16:15.146 [main] AbstractPropertyHolder - Attempting to locate auto-apply AttributeConverter for property [entity.User:userName]
[DEBUG] 2021-03-01 17:16:15.146 [main] SimpleValueBinder - building SimpleValue for userName
[DEBUG] 2021-03-01 17:16:15.146 [main] PropertyBinder - Building property userName
[DEBUG] 2021-03-01 17:16:15.153 [main] SimpleValueBinder - Starting fillSimpleValue for id
[DEBUG] 2021-03-01 17:16:15.153 [main] SimpleValueBinder - Starting fillSimpleValue for firstName
[DEBUG] 2021-03-01 17:16:15.153 [main] SimpleValueBinder - Starting fillSimpleValue for lastName
[DEBUG] 2021-03-01 17:16:15.157 [main] SimpleValueBinder - Starting fillSimpleValue for id
[DEBUG] 2021-03-01 17:16:15.158 [main] SimpleValueBinder - Starting fillSimpleValue for isbn
[DEBUG] 2021-03-01 17:16:15.158 [main] SimpleValueBinder - Starting fillSimpleValue for title
[DEBUG] 2021-03-01 17:16:15.158 [main] SimpleValueBinder - Starting fillSimpleValue for id
[DEBUG] 2021-03-01 17:16:15.158 [main] SimpleValueBinder - Starting fillSimpleValue for name
[DEBUG] 2021-03-01 17:16:15.158 [main] SimpleValueBinder - Starting fillSimpleValue for id
[DEBUG] 2021-03-01 17:16:15.158 [main] SimpleValueBinder - Starting fillSimpleValue for email
[DEBUG] 2021-03-01 17:16:15.158 [main] SimpleValueBinder - Starting fillSimpleValue for firstName
[DEBUG] 2021-03-01 17:16:15.158 [main] SimpleValueBinder - Starting fillSimpleValue for lastName
[DEBUG] 2021-03-01 17:16:15.158 [main] SimpleValueBinder - Starting fillSimpleValue for password
[DEBUG] 2021-03-01 17:16:15.158 [main] SimpleValueBinder - Starting fillSimpleValue for userName
[DEBUG] 2021-03-01 17:16:15.171 [main] PrimaryKey - Forcing column [id] to be non-null as it is part of the primary key for table [author]
[DEBUG] 2021-03-01 17:16:15.174 [main] PrimaryKey - Forcing column [id] to be non-null as it is part of the primary key for table [book]
[DEBUG] 2021-03-01 17:16:15.174 [main] PrimaryKey - Forcing column [id] to be non-null as it is part of the primary key for table [genre]
[DEBUG] 2021-03-01 17:16:15.174 [main] PrimaryKey - Forcing column [id] to be non-null as it is part of the primary key for table [user]
[DEBUG] 2021-03-01 17:16:15.174 [main] InFlightMetadataCollectorImpl - Resolving reference to class: entity.Author
[DEBUG] 2021-03-01 17:16:15.202 [main] InFlightMetadataCollectorImpl - Resolving reference to class: entity.Genre
[DEBUG] 2021-03-01 17:16:15.202 [main] InFlightMetadataCollectorImpl - Resolving reference to class: entity.User
[DEBUG] 2021-03-01 17:16:15.212 [main] InFlightMetadataCollectorImpl - Resolving reference to class: entity.Author
[DEBUG] 2021-03-01 17:16:15.212 [main] InFlightMetadataCollectorImpl - Resolving reference to class: entity.Genre
[DEBUG] 2021-03-01 17:16:15.212 [main] InFlightMetadataCollectorImpl - Resolving reference to class: entity.User
[DEBUG] 2021-03-01 17:16:15.529 [main] SessionFactoryImpl - Building session factory
[DEBUG] 2021-03-01 17:16:15.538 [main] Settings - SessionFactory name : null
[DEBUG] 2021-03-01 17:16:15.540 [main] Settings - Automatic flush during beforeCompletion(): enabled
[DEBUG] 2021-03-01 17:16:15.540 [main] Settings - Automatic session close at end of transaction: disabled
[DEBUG] 2021-03-01 17:16:15.540 [main] Settings - Statistics: disabled
[DEBUG] 2021-03-01 17:16:15.541 [main] Settings - Deleted entity synthetic identifier rollback: disabled
[DEBUG] 2021-03-01 17:16:15.541 [main] Settings - Default entity-mode: pojo
[DEBUG] 2021-03-01 17:16:15.541 [main] Settings - Check Nullability in Core (should be disabled when Bean Validation is on): enabled
[DEBUG] 2021-03-01 17:16:15.541 [main] Settings - Allow initialization of lazy state outside session : disabled
[DEBUG] 2021-03-01 17:16:15.541 [main] Settings - Using BatchFetchStyle : LEGACY
[DEBUG] 2021-03-01 17:16:15.541 [main] Settings - Default batch fetch size: -1
[DEBUG] 2021-03-01 17:16:15.542 [main] Settings - Maximum outer join fetch depth: 2
[DEBUG] 2021-03-01 17:16:15.542 [main] Settings - Default null ordering: NONE
[DEBUG] 2021-03-01 17:16:15.542 [main] Settings - Order SQL updates by primary key: disabled
[DEBUG] 2021-03-01 17:16:15.542 [main] Settings - Order SQL inserts for batching: disabled
[DEBUG] 2021-03-01 17:16:15.542 [main] Settings - multi-tenancy strategy : NONE
[DEBUG] 2021-03-01 17:16:15.542 [main] Settings - JTA Track by Thread: enabled
[DEBUG] 2021-03-01 17:16:15.542 [main] Settings - Query language substitutions: {}
[DEBUG] 2021-03-01 17:16:15.542 [main] Settings - Named query checking : enabled
[DEBUG] 2021-03-01 17:16:15.542 [main] Settings - Second-level cache: disabled
[DEBUG] 2021-03-01 17:16:15.542 [main] Settings - Second-level query cache: disabled
[DEBUG] 2021-03-01 17:16:15.542 [main] Settings - Second-level query cache factory: null
[DEBUG] 2021-03-01 17:16:15.542 [main] Settings - Second-level cache region prefix: null
[DEBUG] 2021-03-01 17:16:15.542 [main] Settings - Optimize second-level cache for minimal puts: disabled
[DEBUG] 2021-03-01 17:16:15.542 [main] Settings - Structured second-level cache entries: disabled
[DEBUG] 2021-03-01 17:16:15.542 [main] Settings - Second-level cache direct-reference entries: disabled
[DEBUG] 2021-03-01 17:16:15.542 [main] Settings - Automatic eviction of collection cache: disabled
[DEBUG] 2021-03-01 17:16:15.542 [main] Settings - JDBC batch size: 15
[DEBUG] 2021-03-01 17:16:15.542 [main] Settings - JDBC batch updates for versioned data: enabled
[DEBUG] 2021-03-01 17:16:15.543 [main] Settings - Scrollable result sets: enabled
[DEBUG] 2021-03-01 17:16:15.546 [main] Settings - Wrap result sets: disabled
[DEBUG] 2021-03-01 17:16:15.546 [main] Settings - JDBC3 getGeneratedKeys(): enabled
[DEBUG] 2021-03-01 17:16:15.547 [main] Settings - JDBC result set fetch size: null
[DEBUG] 2021-03-01 17:16:15.547 [main] Settings - Connection release mode: AFTER_TRANSACTION
[DEBUG] 2021-03-01 17:16:15.547 [main] Settings - Generate SQL with comments: disabled
[DEBUG] 2021-03-01 17:16:15.547 [main] Settings - JPA compliance - query : 
[DEBUG] 2021-03-01 17:16:15.547 [main] Settings - JPA compliance - closed-handling : 
[DEBUG] 2021-03-01 17:16:15.547 [main] Settings - JPA compliance - lists : 
[DEBUG] 2021-03-01 17:16:15.547 [main] Settings - JPA compliance - transactions : 
[INFO ] 2021-03-01 17:16:15.778 [main] beans - HHH10005002: No explicit CDI BeanManager reference was passed to Hibernate, but CDI is available on the Hibernate ClassLoader.
[DEBUG] 2021-03-01 17:16:15.846 [main] SessionFactoryImpl - Session factory constructed with filter configurations : {}
[DEBUG] 2021-03-01 17:16:15.847 [main] SessionFactoryImpl - Instantiating session factory with properties: {sun.desktop=gnome, awt.toolkit=sun.awt.X11.XToolkit, java.specification.version=11, sun.cpu.isalist=, hibernate.c3p0.idle_test_period=3000, sun.jnu.encoding=UTF-8, hibernate.c3p0.min_size=5, java.class.path=/home/student/intellij/lib/idea_rt.jar:/home/student/intellij/plugins/junit/lib/junit5-rt.jar:/home/student/intellij/plugins/junit/lib/junit-rt.jar:/home/student/IdeaProjects/BookCollection/target/test-classes:/home/student/IdeaProjects/BookCollection/target/classes:/home/student/.m2/repository/junit/junit/4.12/junit-4.12.jar:/home/student/.m2/repository/org/hamcrest/hamcrest-core/1.3/hamcrest-core-1.3.jar:/home/student/.m2/repository/javax/javaee-web-api/7.0/javaee-web-api-7.0.jar:/home/student/.m2/repository/mysql/mysql-connector-java/8.0.22/mysql-connector-java-8.0.22.jar:/home/student/.m2/repository/com/google/protobuf/protobuf-java/3.11.4/protobuf-java-3.11.4.jar:/home/student/.m2/repository/javax/servlet/jsp/jstl/jstl-api/1.2/jstl-api-1.2.jar:/home/student/.m2/repository/javax/servlet/servlet-api/2.5/servlet-api-2.5.jar:/home/student/.m2/repository/javax/servlet/jsp/jsp-api/2.1/jsp-api-2.1.jar:/home/student/.m2/repository/javax/servlet/jstl/1.2/jstl-1.2.jar:/home/student/.m2/repository/taglibs/standard/1.1.2/standard-1.1.2.jar:/home/student/.m2/repository/org/apache/logging/log4j/log4j-api/2.10.0/log4j-api-2.10.0.jar:/home/student/.m2/repository/org/apache/logging/log4j/log4j-core/2.10.0/log4j-core-2.10.0.jar:/home/student/.m2/repository/org/junit/platform/junit-platform-runner/1.0.0/junit-platform-runner-1.0.0.jar:/home/student/.m2/repository/org/apiguardian/apiguardian-api/1.0.0/apiguardian-api-1.0.0.jar:/home/student/.m2/repository/org/junit/platform/junit-platform-launcher/1.0.0/junit-platform-launcher-1.0.0.jar:/home/student/.m2/repository/org/junit/platform/junit-platform-suite-api/1.0.0/junit-platform-suite-api-1.0.0.jar:/home/student/.m2/repository/org/junit/platform/junit-platform-commons/1.0.0/junit-platform-commons-1.0.0.jar:/home/student/.m2/repository/org/junit/vintage/junit-vintage-engine/4.12.0/junit-vintage-engine-4.12.0.jar:/home/student/.m2/repository/org/junit/platform/junit-platform-engine/1.0.0/junit-platform-engine-1.0.0.jar:/home/student/.m2/repository/org/opentest4j/opentest4j/1.0.0/opentest4j-1.0.0.jar:/home/student/.m2/repository/org/junit/jupiter/junit-jupiter-engine/5.0.0/junit-jupiter-engine-5.0.0.jar:/home/student/.m2/repository/org/junit/jupiter/junit-jupiter-api/5.0.0/junit-jupiter-api-5.0.0.jar:/home/student/.m2/repository/org/hibernate/hibernate-core/5.4.4.Final/hibernate-core-5.4.4.Final.jar:/home/student/.m2/repository/org/jboss/logging/jboss-logging/3.3.2.Final/jboss-logging-3.3.2.Final.jar:/home/student/.m2/repository/javax/persistence/javax.persistence-api/2.2/javax.persistence-api-2.2.jar:/home/student/.m2/repository/org/javassist/javassist/3.24.0-GA/javassist-3.24.0-GA.jar:/home/student/.m2/repository/net/bytebuddy/byte-buddy/1.9.11/byte-buddy-1.9.11.jar:/home/student/.m2/repository/antlr/antlr/2.7.7/antlr-2.7.7.jar:/home/student/.m2/repository/org/jboss/spec/javax/transaction/jboss-transaction-api_1.2_spec/1.1.1.Final/jboss-transaction-api_1.2_spec-1.1.1.Final.jar:/home/student/.m2/repository/org/jboss/jandex/2.0.5.Final/jandex-2.0.5.Final.jar:/home/student/.m2/repository/com/fasterxml/classmate/1.3.4/classmate-1.3.4.jar:/home/student/.m2/repository/javax/activation/javax.activation-api/1.2.0/javax.activation-api-1.2.0.jar:/home/student/.m2/repository/org/dom4j/dom4j/2.1.1/dom4j-2.1.1.jar:/home/student/.m2/repository/org/hibernate/common/hibernate-commons-annotations/5.1.0.Final/hibernate-commons-annotations-5.1.0.Final.jar:/home/student/.m2/repository/javax/xml/bind/jaxb-api/2.3.1/jaxb-api-2.3.1.jar:/home/student/.m2/repository/org/glassfish/jaxb/jaxb-runtime/2.3.1/jaxb-runtime-2.3.1.jar:/home/student/.m2/repository/org/glassfish/jaxb/txw2/2.3.1/txw2-2.3.1.jar:/home/student/.m2/repository/com/sun/istack/istack-commons-runtime/3.0.7/istack-commons-runtime-3.0.7.jar:/home/student/.m2/repository/org/jvnet/staxex/stax-ex/1.8/stax-ex-1.8.jar:/home/student/.m2/repository/com/sun/xml/fastinfoset/FastInfoset/1.2.15/FastInfoset-1.2.15.jar:/home/student/.m2/repository/org/hibernate/hibernate-c3p0/5.4.4.Final/hibernate-c3p0-5.4.4.Final.jar:/home/student/.m2/repository/com/mchange/c3p0/0.9.5.3/c3p0-0.9.5.3.jar:/home/student/.m2/repository/com/mchange/mchange-commons-java/0.2.15/mchange-commons-java-0.2.15.jar, java.vm.vendor=Ubuntu, sun.arch.data.model=64, idea.test.cyclic.buffer.size=1048576, java.vendor.url=https://ubuntu.com/, user.timezone=America/Chicago, os.name=Linux, java.vm.specification.version=11, sun.java.launcher=SUN_STANDARD, user.country=US, sun.boot.library.path=/usr/lib/jvm/java-11-openjdk-amd64/lib, sun.java.command=com.intellij.rt.junit.JUnitStarter -ideVersion5 -junit5 test.persistence.BookDaoTest,getBooksByGenre, jdk.debug=release, sun.cpu.endian=little, user.home=/home/student, hibernate.c3p0.max_statements=50, user.language=en, java.specification.vendor=Oracle Corporation, java.version.date=2021-01-19, java.home=/usr/lib/jvm/java-11-openjdk-amd64, file.separator=/, java.vm.compressedOopsMode=32-bit, line.separator=
, hibernate.c3p0.timeout=300, java.specification.name=Java Platform API Specification, java.vm.specification.vendor=Oracle Corporation, java.awt.graphicsenv=sun.awt.X11GraphicsEnvironment, connection.password=student, sun.management.compiler=HotSpot 64-Bit Tiered Compilers, hibernate.c3p0.max_size=20, java.runtime.version=11.0.10+9-Ubuntu-0ubuntu1.20.04, user.name=student, path.separator=:, hibernate.connection.username=****, os.version=5.4.0-66-generic, java.runtime.name=OpenJDK Runtime Environment, hibernate.connection.url=jdbc:mysql://localhost:3306/test_BookCollection, file.encoding=UTF-8, java.vm.name=OpenJDK 64-Bit Server VM, hibernate.connection.driver_class=com.mysql.cj.jdbc.Driver, java.vendor.url.bug=https://bugs.launchpad.net/ubuntu/+source/openjdk-lts, java.io.tmpdir=/tmp, java.version=11.0.10, user.dir=/home/student/IdeaProjects/BookCollection, os.arch=amd64, connection.username=root, java.vm.specification.name=Java Virtual Machine Specification, java.awt.printerjob=sun.print.PSPrinterJob, hibernate.connection.password=****, sun.os.patch.level=unknown, connection.driver_class=com.mysql.cj.jdbc.Driver, hibernate.boot.CfgXmlAccessService.key=org.hibernate.boot.cfgxml.spi.LoadedConfig@24d61e4, java.library.path=/usr/java/packages/lib:/usr/lib/x86_64-linux-gnu/jni:/lib/x86_64-linux-gnu:/usr/lib/x86_64-linux-gnu:/usr/lib/jni:/lib:/usr/lib, java.vendor=Ubuntu, java.vm.info=mixed mode, sharing, java.vm.version=11.0.10+9-Ubuntu-0ubuntu1.20.04, hibernate.bytecode.use_reflection_optimizer=false, sun.io.unicode.encoding=UnicodeLittle, connection.url=jdbc:mysql://localhost:3306/test_BookCollection, java.class.version=55.0}
[DEBUG] 2021-03-01 17:16:16.007 [main] TypeSafeActivator - Unable to acquire Bean Validation ValidatorFactory, skipping activation
[DEBUG] 2021-03-01 17:16:16.007 [main] JaccIntegrator - Skipping JACC integration as it was not enabled
[DEBUG] 2021-03-01 17:16:16.110 [main] SessionFactoryImpl - Instantiated session factory
[DEBUG] 2021-03-01 17:16:16.119 [main] TypeConfiguration$Scope - Scoping TypeConfiguration [org.hibernate.type.spi.TypeConfiguration@66c38e51] to SessionFactoryImpl [org.hibernate.internal.SessionFactoryImpl@6015a4a5]
[DEBUG] 2021-03-01 17:16:44.200 [main] ClassLoaderAccessImpl - Not known whether passed class name [entity.User] is safe
[DEBUG] 2021-03-01 17:16:44.317 [main] ClassLoaderAccessImpl - No temp ClassLoader provided; using live ClassLoader for loading potentially unsafe class : entity.User
[DEBUG] 2021-03-01 17:16:51.928 [main] ClassLoaderAccessImpl - Not known whether passed class name [entity.User] is safe
[DEBUG] 2021-03-01 17:16:51.977 [main] ClassLoaderAccessImpl - No temp ClassLoader provided; using live ClassLoader for loading potentially unsafe class : entity.User
[DEBUG] 2021-03-01 17:16:54.234 [main] ClassLoaderAccessImpl - Not known whether passed class name [entity.Genre] is safe
[DEBUG] 2021-03-01 17:16:54.241 [main] ClassLoaderAccessImpl - No temp ClassLoader provided; using live ClassLoader for loading potentially unsafe class : entity.Genre
[DEBUG] 2021-03-01 17:16:54.243 [main] ClassLoaderAccessImpl - Not known whether passed class name [entity.Genre] is safe
[DEBUG] 2021-03-01 17:16:54.243 [main] ClassLoaderAccessImpl - No temp ClassLoader provided; using live ClassLoader for loading potentially unsafe class : entity.Genre
[DEBUG] 2021-03-01 17:16:54.277 [main] ClassLoaderAccessImpl - Not known whether passed class name [entity.Author] is safe
[DEBUG] 2021-03-01 17:16:54.278 [main] ClassLoaderAccessImpl - No temp ClassLoader provided; using live ClassLoader for loading potentially unsafe class : entity.Author
[DEBUG] 2021-03-01 17:16:54.278 [main] ClassLoaderAccessImpl - Not known whether passed class name [entity.Author] is safe
[DEBUG] 2021-03-01 17:16:54.278 [main] ClassLoaderAccessImpl - No temp ClassLoader provided; using live ClassLoader for loading potentially unsafe class : entity.Author
[DEBUG] 2021-03-01 17:16:54.353 [main] ClassLoaderAccessImpl - Not known whether passed class name [entity.Book] is safe
[DEBUG] 2021-03-01 17:16:54.354 [main] ClassLoaderAccessImpl - No temp ClassLoader provided; using live ClassLoader for loading potentially unsafe class : entity.Book
[DEBUG] 2021-03-01 17:16:54.358 [main] ClassLoaderAccessImpl - Not known whether passed class name [entity.Book] is safe
[DEBUG] 2021-03-01 17:16:54.358 [main] ClassLoaderAccessImpl - No temp ClassLoader provided; using live ClassLoader for loading potentially unsafe class : entity.Book
[DEBUG] 2021-03-01 17:16:54.484 [main] AbstractEntityPersister - Static SQL for entity: entity.User
[DEBUG] 2021-03-01 17:16:54.484 [main] AbstractEntityPersister -  Version select: select id from user where id =?
[DEBUG] 2021-03-01 17:16:54.484 [main] AbstractEntityPersister -  Snapshot select: select user_.id, user_.email as email2_3_, user_.first_name as first_na3_3_, user_.last_name as last_nam4_3_, user_.password as password5_3_, user_.username as username6_3_ from user user_ where user_.id=?
[DEBUG] 2021-03-01 17:16:54.485 [main] AbstractEntityPersister -  Insert 0: insert into user (email, first_name, last_name, password, username, id) values (?, ?, ?, ?, ?, ?)
[DEBUG] 2021-03-01 17:16:54.489 [main] AbstractEntityPersister -  Update 0: update user set email=?, first_name=?, last_name=?, password=?, username=? where id=?
[DEBUG] 2021-03-01 17:16:54.489 [main] AbstractEntityPersister -  Delete 0: delete from user where id=?
[DEBUG] 2021-03-01 17:16:54.489 [main] AbstractEntityPersister -  Identity insert: insert into user (email, first_name, last_name, password, username) values (?, ?, ?, ?, ?)
[DEBUG] 2021-03-01 17:16:54.564 [main] QuerySpacesImpl - Adding QuerySpace : uid = <gen:0> -> org.hibernate.loader.plan.build.internal.spaces.EntityQuerySpaceImpl@6f5d0190]
[DEBUG] 2021-03-01 17:16:54.565 [main] MetamodelGraphWalker - Visiting attribute path : email
[DEBUG] 2021-03-01 17:16:54.565 [main] MetamodelGraphWalker - Visiting attribute path : firstName
[DEBUG] 2021-03-01 17:16:54.565 [main] MetamodelGraphWalker - Visiting attribute path : lastName
[DEBUG] 2021-03-01 17:16:54.565 [main] MetamodelGraphWalker - Visiting attribute path : password
[DEBUG] 2021-03-01 17:16:54.565 [main] MetamodelGraphWalker - Visiting attribute path : userName
[DEBUG] 2021-03-01 17:16:54.565 [main] FetchStyleLoadPlanBuildingAssociationVisitationStrategy - Building LoadPlan...
[DEBUG] 2021-03-01 17:16:54.582 [main] LoadQueryJoinAndFetchProcessor - processing queryspace <gen:0>
[DEBUG] 2021-03-01 17:16:54.591 [main] LoadPlanTreePrinter - LoadPlan(entity=entity.User)
    - Returns
       - EntityReturnImpl(entity=entity.User, querySpaceUid=<gen:0>, path=entity.User)
    - QuerySpaces
       - EntityQuerySpaceImpl(uid=<gen:0>, entity=entity.User)
          - SQL table alias mapping - user0_
          - alias suffix - 0_
          - suffixed key columns - {id1_3_0_}

[DEBUG] 2021-03-01 17:16:54.595 [main] EntityLoader - Static select for entity entity.User [NONE]: select user0_.id as id1_3_0_, user0_.email as email2_3_0_, user0_.first_name as first_na3_3_0_, user0_.last_name as last_nam4_3_0_, user0_.password as password5_3_0_, user0_.username as username6_3_0_ from user user0_ where user0_.id=?
[DEBUG] 2021-03-01 17:16:54.596 [main] QuerySpacesImpl - Adding QuerySpace : uid = <gen:0> -> org.hibernate.loader.plan.build.internal.spaces.EntityQuerySpaceImpl@11381415]
[DEBUG] 2021-03-01 17:16:54.596 [main] MetamodelGraphWalker - Visiting attribute path : email
[DEBUG] 2021-03-01 17:16:54.597 [main] MetamodelGraphWalker - Visiting attribute path : firstName
[DEBUG] 2021-03-01 17:16:54.597 [main] MetamodelGraphWalker - Visiting attribute path : lastName
[DEBUG] 2021-03-01 17:16:54.597 [main] MetamodelGraphWalker - Visiting attribute path : password
[DEBUG] 2021-03-01 17:16:54.597 [main] MetamodelGraphWalker - Visiting attribute path : userName
[DEBUG] 2021-03-01 17:16:54.597 [main] FetchStyleLoadPlanBuildingAssociationVisitationStrategy - Building LoadPlan...
[DEBUG] 2021-03-01 17:16:54.601 [main] LoadQueryJoinAndFetchProcessor - processing queryspace <gen:0>
[DEBUG] 2021-03-01 17:16:54.606 [main] LoadPlanTreePrinter - LoadPlan(entity=entity.User)
    - Returns
       - EntityReturnImpl(entity=entity.User, querySpaceUid=<gen:0>, path=entity.User)
    - QuerySpaces
       - EntityQuerySpaceImpl(uid=<gen:0>, entity=entity.User)
          - SQL table alias mapping - user0_
          - alias suffix - 0_
          - suffixed key columns - {id1_3_0_}

[DEBUG] 2021-03-01 17:16:54.606 [main] EntityLoader - Static select for entity entity.User [READ]: select user0_.id as id1_3_0_, user0_.email as email2_3_0_, user0_.first_name as first_na3_3_0_, user0_.last_name as last_nam4_3_0_, user0_.password as password5_3_0_, user0_.username as username6_3_0_ from user user0_ where user0_.id=?
[DEBUG] 2021-03-01 17:16:54.635 [main] Loader - Static select for action ACTION_MERGE on entity entity.User: select user0_.id as id1_3_0_, user0_.email as email2_3_0_, user0_.first_name as first_na3_3_0_, user0_.last_name as last_nam4_3_0_, user0_.password as password5_3_0_, user0_.username as username6_3_0_ from user user0_ where user0_.id=?
[DEBUG] 2021-03-01 17:16:54.641 [main] Loader - Static select for action ACTION_REFRESH on entity entity.User: select user0_.id as id1_3_0_, user0_.email as email2_3_0_, user0_.first_name as first_na3_3_0_, user0_.last_name as last_nam4_3_0_, user0_.password as password5_3_0_, user0_.username as username6_3_0_ from user user0_ where user0_.id=?
[DEBUG] 2021-03-01 17:16:54.642 [main] AbstractEntityPersister - Static SQL for entity: entity.Genre
[DEBUG] 2021-03-01 17:16:54.643 [main] AbstractEntityPersister -  Version select: select id from genre where id =?
[DEBUG] 2021-03-01 17:16:54.643 [main] AbstractEntityPersister -  Snapshot select: select genre_.id, genre_.name as name2_2_ from genre genre_ where genre_.id=?
[DEBUG] 2021-03-01 17:16:54.643 [main] AbstractEntityPersister -  Insert 0: insert into genre (name, id) values (?, ?)
[DEBUG] 2021-03-01 17:16:54.643 [main] AbstractEntityPersister -  Update 0: update genre set name=? where id=?
[DEBUG] 2021-03-01 17:16:54.643 [main] AbstractEntityPersister -  Delete 0: delete from genre where id=?
[DEBUG] 2021-03-01 17:16:54.651 [main] AbstractEntityPersister -  Identity insert: insert into genre (name) values (?)
[DEBUG] 2021-03-01 17:16:54.651 [main] QuerySpacesImpl - Adding QuerySpace : uid = <gen:0> -> org.hibernate.loader.plan.build.internal.spaces.EntityQuerySpaceImpl@12219f6a]
[DEBUG] 2021-03-01 17:16:54.652 [main] MetamodelGraphWalker - Visiting attribute path : name
[DEBUG] 2021-03-01 17:16:54.652 [main] FetchStyleLoadPlanBuildingAssociationVisitationStrategy - Building LoadPlan...
[DEBUG] 2021-03-01 17:16:54.652 [main] LoadQueryJoinAndFetchProcessor - processing queryspace <gen:0>
[DEBUG] 2021-03-01 17:16:54.652 [main] LoadPlanTreePrinter - LoadPlan(entity=entity.Genre)
    - Returns
       - EntityReturnImpl(entity=entity.Genre, querySpaceUid=<gen:0>, path=entity.Genre)
    - QuerySpaces
       - EntityQuerySpaceImpl(uid=<gen:0>, entity=entity.Genre)
          - SQL table alias mapping - genre0_
          - alias suffix - 0_
          - suffixed key columns - {id1_2_0_}

[DEBUG] 2021-03-01 17:16:54.653 [main] EntityLoader - Static select for entity entity.Genre [NONE]: select genre0_.id as id1_2_0_, genre0_.name as name2_2_0_ from genre genre0_ where genre0_.id=?
[DEBUG] 2021-03-01 17:16:54.668 [main] QuerySpacesImpl - Adding QuerySpace : uid = <gen:0> -> org.hibernate.loader.plan.build.internal.spaces.EntityQuerySpaceImpl@7f0b93b4]
[DEBUG] 2021-03-01 17:16:54.670 [main] MetamodelGraphWalker - Visiting attribute path : name
[DEBUG] 2021-03-01 17:16:54.670 [main] FetchStyleLoadPlanBuildingAssociationVisitationStrategy - Building LoadPlan...
[DEBUG] 2021-03-01 17:16:54.670 [main] LoadQueryJoinAndFetchProcessor - processing queryspace <gen:0>
[DEBUG] 2021-03-01 17:16:54.674 [main] LoadPlanTreePrinter - LoadPlan(entity=entity.Genre)
    - Returns
       - EntityReturnImpl(entity=entity.Genre, querySpaceUid=<gen:0>, path=entity.Genre)
    - QuerySpaces
       - EntityQuerySpaceImpl(uid=<gen:0>, entity=entity.Genre)
          - SQL table alias mapping - genre0_
          - alias suffix - 0_
          - suffixed key columns - {id1_2_0_}

[DEBUG] 2021-03-01 17:16:54.676 [main] EntityLoader - Static select for entity entity.Genre [READ]: select genre0_.id as id1_2_0_, genre0_.name as name2_2_0_ from genre genre0_ where genre0_.id=?
[DEBUG] 2021-03-01 17:16:54.678 [main] Loader - Static select for action ACTION_MERGE on entity entity.Genre: select genre0_.id as id1_2_0_, genre0_.name as name2_2_0_ from genre genre0_ where genre0_.id=?
[DEBUG] 2021-03-01 17:16:54.678 [main] Loader - Static select for action ACTION_REFRESH on entity entity.Genre: select genre0_.id as id1_2_0_, genre0_.name as name2_2_0_ from genre genre0_ where genre0_.id=?
[DEBUG] 2021-03-01 17:16:54.679 [main] AbstractEntityPersister - Static SQL for entity: entity.Author
[DEBUG] 2021-03-01 17:16:54.679 [main] AbstractEntityPersister -  Version select: select id from author where id =?
[DEBUG] 2021-03-01 17:16:54.679 [main] AbstractEntityPersister -  Snapshot select: select author_.id, author_.first_name as first_na2_0_, author_.last_name as last_nam3_0_ from author author_ where author_.id=?
[DEBUG] 2021-03-01 17:16:54.679 [main] AbstractEntityPersister -  Insert 0: insert into author (first_name, last_name, id) values (?, ?, ?)
[DEBUG] 2021-03-01 17:16:54.679 [main] AbstractEntityPersister -  Update 0: update author set first_name=?, last_name=? where id=?
[DEBUG] 2021-03-01 17:16:54.679 [main] AbstractEntityPersister -  Delete 0: delete from author where id=?
[DEBUG] 2021-03-01 17:16:54.679 [main] AbstractEntityPersister -  Identity insert: insert into author (first_name, last_name) values (?, ?)
[DEBUG] 2021-03-01 17:16:54.679 [main] QuerySpacesImpl - Adding QuerySpace : uid = <gen:0> -> org.hibernate.loader.plan.build.internal.spaces.EntityQuerySpaceImpl@1f736d00]
[DEBUG] 2021-03-01 17:16:54.679 [main] MetamodelGraphWalker - Visiting attribute path : firstName
[DEBUG] 2021-03-01 17:16:54.679 [main] MetamodelGraphWalker - Visiting attribute path : lastName
[DEBUG] 2021-03-01 17:16:54.679 [main] FetchStyleLoadPlanBuildingAssociationVisitationStrategy - Building LoadPlan...
[DEBUG] 2021-03-01 17:16:54.679 [main] LoadQueryJoinAndFetchProcessor - processing queryspace <gen:0>
[DEBUG] 2021-03-01 17:16:54.680 [main] LoadPlanTreePrinter - LoadPlan(entity=entity.Author)
    - Returns
       - EntityReturnImpl(entity=entity.Author, querySpaceUid=<gen:0>, path=entity.Author)
    - QuerySpaces
       - EntityQuerySpaceImpl(uid=<gen:0>, entity=entity.Author)
          - SQL table alias mapping - author0_
          - alias suffix - 0_
          - suffixed key columns - {id1_0_0_}

[DEBUG] 2021-03-01 17:16:54.680 [main] EntityLoader - Static select for entity entity.Author [NONE]: select author0_.id as id1_0_0_, author0_.first_name as first_na2_0_0_, author0_.last_name as last_nam3_0_0_ from author author0_ where author0_.id=?
[DEBUG] 2021-03-01 17:16:54.680 [main] QuerySpacesImpl - Adding QuerySpace : uid = <gen:0> -> org.hibernate.loader.plan.build.internal.spaces.EntityQuerySpaceImpl@718fd7c1]
[DEBUG] 2021-03-01 17:16:54.687 [main] MetamodelGraphWalker - Visiting attribute path : firstName
[DEBUG] 2021-03-01 17:16:54.688 [main] MetamodelGraphWalker - Visiting attribute path : lastName
[DEBUG] 2021-03-01 17:16:54.688 [main] FetchStyleLoadPlanBuildingAssociationVisitationStrategy - Building LoadPlan...
[DEBUG] 2021-03-01 17:16:54.688 [main] LoadQueryJoinAndFetchProcessor - processing queryspace <gen:0>
[DEBUG] 2021-03-01 17:16:54.689 [main] LoadPlanTreePrinter - LoadPlan(entity=entity.Author)
    - Returns
       - EntityReturnImpl(entity=entity.Author, querySpaceUid=<gen:0>, path=entity.Author)
    - QuerySpaces
       - EntityQuerySpaceImpl(uid=<gen:0>, entity=entity.Author)
          - SQL table alias mapping - author0_
          - alias suffix - 0_
          - suffixed key columns - {id1_0_0_}

[DEBUG] 2021-03-01 17:16:54.689 [main] EntityLoader - Static select for entity entity.Author [READ]: select author0_.id as id1_0_0_, author0_.first_name as first_na2_0_0_, author0_.last_name as last_nam3_0_0_ from author author0_ where author0_.id=?
[DEBUG] 2021-03-01 17:16:54.689 [main] Loader - Static select for action ACTION_MERGE on entity entity.Author: select author0_.id as id1_0_0_, author0_.first_name as first_na2_0_0_, author0_.last_name as last_nam3_0_0_ from author author0_ where author0_.id=?
[DEBUG] 2021-03-01 17:16:54.690 [main] Loader - Static select for action ACTION_REFRESH on entity entity.Author: select author0_.id as id1_0_0_, author0_.first_name as first_na2_0_0_, author0_.last_name as last_nam3_0_0_ from author author0_ where author0_.id=?
[DEBUG] 2021-03-01 17:16:54.690 [main] AbstractEntityPersister - Static SQL for entity: entity.Book
[DEBUG] 2021-03-01 17:16:54.690 [main] AbstractEntityPersister -  Version select: select id from book where id =?
[DEBUG] 2021-03-01 17:16:54.690 [main] AbstractEntityPersister -  Snapshot select: select book_.id, book_.author_id as author_i4_1_, book_.genre_id as genre_id5_1_, book_.isbn as isbn2_1_, book_.title as title3_1_, book_.user_id as user_id6_1_ from book book_ where book_.id=?
[DEBUG] 2021-03-01 17:16:54.690 [main] AbstractEntityPersister -  Insert 0: insert into book (author_id, genre_id, isbn, title, user_id, id) values (?, ?, ?, ?, ?, ?)
[DEBUG] 2021-03-01 17:16:54.690 [main] AbstractEntityPersister -  Update 0: update book set author_id=?, genre_id=?, isbn=?, title=?, user_id=? where id=?
[DEBUG] 2021-03-01 17:16:54.690 [main] AbstractEntityPersister -  Delete 0: delete from book where id=?
[DEBUG] 2021-03-01 17:16:54.690 [main] AbstractEntityPersister -  Identity insert: insert into book (author_id, genre_id, isbn, title, user_id) values (?, ?, ?, ?, ?)
[DEBUG] 2021-03-01 17:16:54.690 [main] QuerySpacesImpl - Adding QuerySpace : uid = <gen:0> -> org.hibernate.loader.plan.build.internal.spaces.EntityQuerySpaceImpl@4f59a516]
[DEBUG] 2021-03-01 17:16:54.690 [main] MetamodelGraphWalker - Visiting attribute path : author
[DEBUG] 2021-03-01 17:16:54.699 [main] QuerySpacesImpl - Adding QuerySpace : uid = <gen:1> -> org.hibernate.loader.plan.build.internal.spaces.EntityQuerySpaceImpl@5232e3f1]
[DEBUG] 2021-03-01 17:16:54.707 [main] MetamodelGraphWalker - Visiting attribute path : author.firstName
[DEBUG] 2021-03-01 17:16:54.707 [main] MetamodelGraphWalker - Visiting attribute path : author.lastName
[DEBUG] 2021-03-01 17:16:54.707 [main] MetamodelGraphWalker - Visiting attribute path : genre
[DEBUG] 2021-03-01 17:16:54.708 [main] QuerySpacesImpl - Adding QuerySpace : uid = <gen:2> -> org.hibernate.loader.plan.build.internal.spaces.EntityQuerySpaceImpl@729c8063]
[DEBUG] 2021-03-01 17:16:54.708 [main] MetamodelGraphWalker - Visiting attribute path : genre.name
[DEBUG] 2021-03-01 17:16:54.708 [main] MetamodelGraphWalker - Visiting attribute path : isbn
[DEBUG] 2021-03-01 17:16:54.708 [main] MetamodelGraphWalker - Visiting attribute path : title
[DEBUG] 2021-03-01 17:16:54.708 [main] MetamodelGraphWalker - Visiting attribute path : user
[DEBUG] 2021-03-01 17:16:54.708 [main] QuerySpacesImpl - Adding QuerySpace : uid = <gen:3> -> org.hibernate.loader.plan.build.internal.spaces.EntityQuerySpaceImpl@23c767e6]
[DEBUG] 2021-03-01 17:16:54.708 [main] MetamodelGraphWalker - Visiting attribute path : user.email
[DEBUG] 2021-03-01 17:16:54.708 [main] MetamodelGraphWalker - Visiting attribute path : user.firstName
[DEBUG] 2021-03-01 17:16:54.708 [main] MetamodelGraphWalker - Visiting attribute path : user.lastName
[DEBUG] 2021-03-01 17:16:54.709 [main] MetamodelGraphWalker - Visiting attribute path : user.password
[DEBUG] 2021-03-01 17:16:54.709 [main] MetamodelGraphWalker - Visiting attribute path : user.userName
[DEBUG] 2021-03-01 17:16:54.709 [main] FetchStyleLoadPlanBuildingAssociationVisitationStrategy - Building LoadPlan...
[DEBUG] 2021-03-01 17:16:54.709 [main] LoadQueryJoinAndFetchProcessor - processing queryspace <gen:0>
[DEBUG] 2021-03-01 17:16:54.712 [main] LoadPlanTreePrinter - LoadPlan(entity=entity.Book)
    - Returns
       - EntityReturnImpl(entity=entity.Book, querySpaceUid=<gen:0>, path=entity.Book)
          - EntityAttributeFetchImpl(entity=entity.Author, querySpaceUid=<gen:1>, path=entity.Book.author)
          - EntityAttributeFetchImpl(entity=entity.Genre, querySpaceUid=<gen:2>, path=entity.Book.genre)
          - EntityAttributeFetchImpl(entity=entity.User, querySpaceUid=<gen:3>, path=entity.Book.user)
    - QuerySpaces
       - EntityQuerySpaceImpl(uid=<gen:0>, entity=entity.Book)
          - SQL table alias mapping - book0_
          - alias suffix - 0_
          - suffixed key columns - {id1_1_0_}
          - JOIN (JoinDefinedByMetadata(author)) : <gen:0> -> <gen:1>
             - EntityQuerySpaceImpl(uid=<gen:1>, entity=entity.Author)
                - SQL table alias mapping - author1_
                - alias suffix - 1_
                - suffixed key columns - {id1_0_1_}
          - JOIN (JoinDefinedByMetadata(genre)) : <gen:0> -> <gen:2>
             - EntityQuerySpaceImpl(uid=<gen:2>, entity=entity.Genre)
                - SQL table alias mapping - genre2_
                - alias suffix - 2_
                - suffixed key columns - {id1_2_2_}
          - JOIN (JoinDefinedByMetadata(user)) : <gen:0> -> <gen:3>
             - EntityQuerySpaceImpl(uid=<gen:3>, entity=entity.User)
                - SQL table alias mapping - user3_
                - alias suffix - 3_
                - suffixed key columns - {id1_3_3_}

[DEBUG] 2021-03-01 17:16:54.713 [main] EntityLoader - Static select for entity entity.Book [NONE]: select book0_.id as id1_1_0_, book0_.author_id as author_i4_1_0_, book0_.genre_id as genre_id5_1_0_, book0_.isbn as isbn2_1_0_, book0_.title as title3_1_0_, book0_.user_id as user_id6_1_0_, author1_.id as id1_0_1_, author1_.first_name as first_na2_0_1_, author1_.last_name as last_nam3_0_1_, genre2_.id as id1_2_2_, genre2_.name as name2_2_2_, user3_.id as id1_3_3_, user3_.email as email2_3_3_, user3_.first_name as first_na3_3_3_, user3_.last_name as last_nam4_3_3_, user3_.password as password5_3_3_, user3_.username as username6_3_3_ from book book0_ left outer join author author1_ on book0_.author_id=author1_.id left outer join genre genre2_ on book0_.genre_id=genre2_.id left outer join user user3_ on book0_.user_id=user3_.id where book0_.id=?
[DEBUG] 2021-03-01 17:16:54.715 [main] QuerySpacesImpl - Adding QuerySpace : uid = <gen:0> -> org.hibernate.loader.plan.build.internal.spaces.EntityQuerySpaceImpl@7e7743ec]
[DEBUG] 2021-03-01 17:16:54.715 [main] MetamodelGraphWalker - Visiting attribute path : author
[DEBUG] 2021-03-01 17:16:54.716 [main] QuerySpacesImpl - Adding QuerySpace : uid = <gen:1> -> org.hibernate.loader.plan.build.internal.spaces.EntityQuerySpaceImpl@7f42e06e]
[DEBUG] 2021-03-01 17:16:54.716 [main] MetamodelGraphWalker - Visiting attribute path : author.firstName
[DEBUG] 2021-03-01 17:16:54.717 [main] MetamodelGraphWalker - Visiting attribute path : author.lastName
[DEBUG] 2021-03-01 17:16:54.717 [main] MetamodelGraphWalker - Visiting attribute path : genre
[DEBUG] 2021-03-01 17:16:54.718 [main] QuerySpacesImpl - Adding QuerySpace : uid = <gen:2> -> org.hibernate.loader.plan.build.internal.spaces.EntityQuerySpaceImpl@2efd2f21]
[DEBUG] 2021-03-01 17:16:54.719 [main] MetamodelGraphWalker - Visiting attribute path : genre.name
[DEBUG] 2021-03-01 17:16:54.720 [main] MetamodelGraphWalker - Visiting attribute path : isbn
[DEBUG] 2021-03-01 17:16:54.720 [main] MetamodelGraphWalker - Visiting attribute path : title
[DEBUG] 2021-03-01 17:16:54.720 [main] MetamodelGraphWalker - Visiting attribute path : user
[DEBUG] 2021-03-01 17:16:54.720 [main] QuerySpacesImpl - Adding QuerySpace : uid = <gen:3> -> org.hibernate.loader.plan.build.internal.spaces.EntityQuerySpaceImpl@316cda31]
[DEBUG] 2021-03-01 17:16:54.720 [main] MetamodelGraphWalker - Visiting attribute path : user.email
[DEBUG] 2021-03-01 17:16:54.721 [main] MetamodelGraphWalker - Visiting attribute path : user.firstName
[DEBUG] 2021-03-01 17:16:54.721 [main] MetamodelGraphWalker - Visiting attribute path : user.lastName
[DEBUG] 2021-03-01 17:16:54.721 [main] MetamodelGraphWalker - Visiting attribute path : user.password
[DEBUG] 2021-03-01 17:16:54.721 [main] MetamodelGraphWalker - Visiting attribute path : user.userName
[DEBUG] 2021-03-01 17:16:54.721 [main] FetchStyleLoadPlanBuildingAssociationVisitationStrategy - Building LoadPlan...
[DEBUG] 2021-03-01 17:16:54.722 [main] LoadQueryJoinAndFetchProcessor - processing queryspace <gen:0>
[DEBUG] 2021-03-01 17:16:54.750 [main] LoadPlanTreePrinter - LoadPlan(entity=entity.Book)
    - Returns
       - EntityReturnImpl(entity=entity.Book, querySpaceUid=<gen:0>, path=entity.Book)
          - EntityAttributeFetchImpl(entity=entity.Author, querySpaceUid=<gen:1>, path=entity.Book.author)
          - EntityAttributeFetchImpl(entity=entity.Genre, querySpaceUid=<gen:2>, path=entity.Book.genre)
          - EntityAttributeFetchImpl(entity=entity.User, querySpaceUid=<gen:3>, path=entity.Book.user)
    - QuerySpaces
       - EntityQuerySpaceImpl(uid=<gen:0>, entity=entity.Book)
          - SQL table alias mapping - book0_
          - alias suffix - 0_
          - suffixed key columns - {id1_1_0_}
          - JOIN (JoinDefinedByMetadata(author)) : <gen:0> -> <gen:1>
             - EntityQuerySpaceImpl(uid=<gen:1>, entity=entity.Author)
                - SQL table alias mapping - author1_
                - alias suffix - 1_
                - suffixed key columns - {id1_0_1_}
          - JOIN (JoinDefinedByMetadata(genre)) : <gen:0> -> <gen:2>
             - EntityQuerySpaceImpl(uid=<gen:2>, entity=entity.Genre)
                - SQL table alias mapping - genre2_
                - alias suffix - 2_
                - suffixed key columns - {id1_2_2_}
          - JOIN (JoinDefinedByMetadata(user)) : <gen:0> -> <gen:3>
             - EntityQuerySpaceImpl(uid=<gen:3>, entity=entity.User)
                - SQL table alias mapping - user3_
                - alias suffix - 3_
                - suffixed key columns - {id1_3_3_}

[DEBUG] 2021-03-01 17:16:54.750 [main] EntityLoader - Static select for entity entity.Book [READ]: select book0_.id as id1_1_0_, book0_.author_id as author_i4_1_0_, book0_.genre_id as genre_id5_1_0_, book0_.isbn as isbn2_1_0_, book0_.title as title3_1_0_, book0_.user_id as user_id6_1_0_, author1_.id as id1_0_1_, author1_.first_name as first_na2_0_1_, author1_.last_name as last_nam3_0_1_, genre2_.id as id1_2_2_, genre2_.name as name2_2_2_, user3_.id as id1_3_3_, user3_.email as email2_3_3_, user3_.first_name as first_na3_3_3_, user3_.last_name as last_nam4_3_3_, user3_.password as password5_3_3_, user3_.username as username6_3_3_ from book book0_ left outer join author author1_ on book0_.author_id=author1_.id left outer join genre genre2_ on book0_.genre_id=genre2_.id left outer join user user3_ on book0_.user_id=user3_.id where book0_.id=?
[DEBUG] 2021-03-01 17:16:54.750 [main] Loader - Static select for action ACTION_MERGE on entity entity.Book: select book0_.id as id1_1_0_, book0_.author_id as author_i4_1_0_, book0_.genre_id as genre_id5_1_0_, book0_.isbn as isbn2_1_0_, book0_.title as title3_1_0_, book0_.user_id as user_id6_1_0_ from book book0_ where book0_.id=?
[DEBUG] 2021-03-01 17:16:54.750 [main] Loader - Static select for action ACTION_REFRESH on entity entity.Book: select book0_.id as id1_1_0_, book0_.author_id as author_i4_1_0_, book0_.genre_id as genre_id5_1_0_, book0_.isbn as isbn2_1_0_, book0_.title as title3_1_0_, book0_.user_id as user_id6_1_0_ from book book0_ where book0_.id=?
[DEBUG] 2021-03-01 17:16:54.938 [main] SchemaManagementToolCoordinator - No actions specified; doing nothing
[DEBUG] 2021-03-01 17:16:54.939 [main] JtaPlatformInitiator - No JtaPlatform was specified, checking resolver
[DEBUG] 2021-03-01 17:16:54.940 [main] JtaPlatformResolverInitiator - No JtaPlatformResolver was specified, using default [org.hibernate.engine.transaction.jta.platform.internal.StandardJtaPlatformResolver]
[DEBUG] 2021-03-01 17:16:54.952 [main] StandardJtaPlatformResolver - Could not resolve JtaPlatform, using default [org.hibernate.engine.transaction.jta.platform.internal.NoJtaPlatform]
[INFO ] 2021-03-01 17:16:54.952 [main] JtaPlatformInitiator - HHH000490: Using JtaPlatform implementation: [org.hibernate.engine.transaction.jta.platform.internal.NoJtaPlatform]
[DEBUG] 2021-03-01 17:16:54.953 [main] NamedQueryRepository - Checking 0 named HQL queries
[DEBUG] 2021-03-01 17:16:54.954 [main] NamedQueryRepository - Checking 0 named SQL queries
[DEBUG] 2021-03-01 17:16:54.956 [main] SessionFactoryRegistry - Initializing SessionFactoryRegistry : org.hibernate.internal.SessionFactoryRegistry@740fefc6
[DEBUG] 2021-03-01 17:16:54.960 [main] SessionFactoryRegistry - Registering SessionFactory: f2ccd198-4bb8-47a5-bab3-00bd5f056e43 (<unnamed>)
[DEBUG] 2021-03-01 17:16:54.960 [main] SessionFactoryRegistry - Not binding SessionFactory to JNDI, no JNDI name configured
[DEBUG] 2021-03-01 17:16:58.596 [main] StatisticsInitiator - Statistics initialized [enabled=false]
[DEBUG] 2021-03-01 17:16:58.725 [main] SQL - select genre0_.id as id1_2_0_, genre0_.name as name2_2_0_ from genre genre0_ where genre0_.id=?
[DEBUG] 2021-03-01 17:16:58.902 [main] ResultSetProcessorImpl - Starting ResultSet row #0
[DEBUG] 2021-03-01 17:16:58.911 [main] EntityReferenceInitializerImpl - On call to EntityIdentifierReaderImpl#resolve, EntityKey was already known; should only happen on root returns with an optional identifier specified
[DEBUG] 2021-03-01 17:16:58.986 [main] TwoPhaseLoad - Resolving attributes for [entity.Genre#1]
[DEBUG] 2021-03-01 17:16:58.991 [main] TwoPhaseLoad - Processing attribute `name` : value = Young Adult
[DEBUG] 2021-03-01 17:16:59.006 [main] TwoPhaseLoad - Attribute (`name`)  - enhanced for lazy-loading? - false
[DEBUG] 2021-03-01 17:16:59.014 [main] TwoPhaseLoad - Done materializing entity [entity.Genre#1]
[DEBUG] 2021-03-01 17:16:59.015 [main] ResourceRegistryStandardImpl - HHH000387: ResultSet's statement was not registered
[DEBUG] 2021-03-01 17:16:59.027 [main] AbstractLoadPlanBasedEntityLoader - Done entity load : entity.Genre#1
[DEBUG] 2021-03-01 17:16:59.027 [main] LogicalConnectionManagedImpl - Initiating JDBC connection release from afterTransaction
[DEBUG] 2021-03-01 17:16:59.220 [main] CriteriaQueryImpl - Rendered criteria query -> select generatedAlias0 from Book as generatedAlias0 where generatedAlias0.genre=1
[DEBUG] 2021-03-01 17:16:59.256 [main] QueryTranslatorFactoryInitiator - QueryTranslatorFactory: org.hibernate.hql.internal.ast.ASTQueryTranslatorFactory@418f890f
[DEBUG] 2021-03-01 17:16:59.418 [main] QueryTranslatorImpl - parse() - HQL: select generatedAlias0 from entity.Book as generatedAlias0 where generatedAlias0.genre=1
[DEBUG] 2021-03-01 17:16:59.486 [main] ErrorTracker - throwQueryException() : no errors
[DEBUG] 2021-03-01 17:16:59.700 [main] QueryTranslatorImpl - --- HQL AST ---
 \-[QUERY] Node: 'query'
    +-[SELECT_FROM] Node: 'SELECT_FROM'
    |  +-[FROM] Node: 'from'
    |  |  \-[RANGE] Node: 'RANGE'
    |  |     +-[DOT] Node: '.'
    |  |     |  +-[IDENT] Node: 'entity'
    |  |     |  \-[IDENT] Node: 'Book'
    |  |     \-[ALIAS] Node: 'generatedAlias0'
    |  \-[SELECT] Node: 'select'
    |     \-[IDENT] Node: 'generatedAlias0'
    \-[WHERE] Node: 'where'
       \-[EQ] Node: '='
          +-[DOT] Node: '.'
          |  +-[IDENT] Node: 'generatedAlias0'
          |  \-[IDENT] Node: 'genre'
          \-[NUM_INT] Node: '1'

[DEBUG] 2021-03-01 17:17:00.150 [main] HqlSqlBaseWalker - select << begin [level=1, statement=select]
[DEBUG] 2021-03-01 17:17:00.492 [main] FromElement - FromClause{level=1} : entity.Book (generatedAlias0) -> book0_
[DEBUG] 2021-03-01 17:17:00.628 [main] FromReferenceNode - Resolved : generatedAlias0 -> book0_.id
[DEBUG] 2021-03-01 17:17:00.720 [main] FromReferenceNode - Resolved : generatedAlias0 -> book0_.id
[DEBUG] 2021-03-01 17:17:00.731 [main] DotNode - getDataType() : genre -> org.hibernate.type.ManyToOneType(entity.Genre)
[DEBUG] 2021-03-01 17:17:00.731 [main] DotNode - dereferenceShortcut() : property genre in entity.Book does not require a join.
[DEBUG] 2021-03-01 17:17:00.731 [main] DotNode - Terminal getPropertyPath = [genre]
[DEBUG] 2021-03-01 17:17:00.758 [main] FromReferenceNode - Resolved : generatedAlias0.genre -> book0_.genre_id
[DEBUG] 2021-03-01 17:17:00.814 [main] HqlSqlBaseWalker - select : finishing up [level=1, statement=select]
[DEBUG] 2021-03-01 17:17:00.820 [main] HqlSqlWalker - processQuery() :  ( SELECT ( {select clause} book0_.id ) ( FromClause{level=1} book book0_ ) ( where ( = ( book0_.genre_id book0_.id genre ) 1 ) ) )
[DEBUG] 2021-03-01 17:17:01.036 [main] JoinProcessor - Using FROM fragment [book book0_]
[DEBUG] 2021-03-01 17:17:01.049 [main] HqlSqlBaseWalker - select >> end [level=1, statement=select]
[DEBUG] 2021-03-01 17:17:01.063 [main] QueryTranslatorImpl - --- SQL AST ---
 \-[SELECT] QueryNode: 'SELECT'  querySpaces (book)
    +-[SELECT_CLAUSE] SelectClause: '{select clause}'
    |  +-[ALIAS_REF] IdentNode: 'book0_.id as id1_1_' {alias=generatedAlias0, className=entity.Book, tableAlias=book0_}
    |  \-[SQL_TOKEN] SqlFragment: 'book0_.author_id as author_i4_1_, book0_.genre_id as genre_id5_1_, book0_.isbn as isbn2_1_, book0_.title as title3_1_, book0_.user_id as user_id6_1_'
    +-[FROM] FromClause: 'from' FromClause{level=1, fromElementCounter=1, fromElements=1, fromElementByClassAlias=[generatedAlias0], fromElementByTableAlias=[book0_], fromElementsByPath=[], collectionJoinFromElementsByPath=[], impliedElements=[]}
    |  \-[FROM_FRAGMENT] FromElement: 'book book0_' FromElement{explicit,not a collection join,not a fetch join,fetch non-lazy properties,classAlias=generatedAlias0,role=null,tableName=book,tableAlias=book0_,origin=null,columns={,className=entity.Book}}
    \-[WHERE] SqlNode: 'where'
       \-[EQ] BinaryLogicOperatorNode: '='
          +-[DOT] DotNode: 'book0_.genre_id' {propertyName=genre,dereferenceType=UNKNOWN,getPropertyPath=genre,path=generatedAlias0.genre,tableAlias=book0_,className=entity.Book,classAlias=generatedAlias0}
          |  +-[ALIAS_REF] IdentNode: 'book0_.id' {alias=generatedAlias0, className=entity.Book, tableAlias=book0_}
          |  \-[IDENT] IdentNode: 'genre' {originalText=genre}
          \-[NUM_INT] LiteralNode: '1'

[DEBUG] 2021-03-01 17:17:01.063 [main] ErrorTracker - throwQueryException() : no errors
[DEBUG] 2021-03-01 17:17:01.196 [main] QueryTranslatorImpl - HQL: select generatedAlias0 from entity.Book as generatedAlias0 where generatedAlias0.genre=1
[DEBUG] 2021-03-01 17:17:01.198 [main] QueryTranslatorImpl - SQL: select book0_.id as id1_1_, book0_.author_id as author_i4_1_, book0_.genre_id as genre_id5_1_, book0_.isbn as isbn2_1_, book0_.title as title3_1_, book0_.user_id as user_id6_1_ from book book0_ where book0_.genre_id=1
[DEBUG] 2021-03-01 17:17:01.198 [main] ErrorTracker - throwQueryException() : no errors
[DEBUG] 2021-03-01 17:17:02.539 [main] SQL - select book0_.id as id1_1_, book0_.author_id as author_i4_1_, book0_.genre_id as genre_id5_1_, book0_.isbn as isbn2_1_, book0_.title as title3_1_, book0_.user_id as user_id6_1_ from book book0_ where book0_.genre_id=1
[DEBUG] 2021-03-01 17:17:10.946 [main] LogicalConnectionManagedImpl - Initiating JDBC connection release from afterTransaction
