[DEBUG] 2021-03-01 17:06:04.742 [main] IntegratorServiceImpl - Adding Integrator [org.hibernate.cfg.beanvalidation.BeanValidationIntegrator].
[DEBUG] 2021-03-01 17:06:04.795 [main] IntegratorServiceImpl - Adding Integrator [org.hibernate.secure.spi.JaccIntegrator].
[DEBUG] 2021-03-01 17:06:04.825 [main] IntegratorServiceImpl - Adding Integrator [org.hibernate.cache.internal.CollectionCacheInvalidator].
[INFO ] 2021-03-01 17:06:05.346 [main] Version - HHH000412: Hibernate Core {5.4.4.Final}
[DEBUG] 2021-03-01 17:06:05.358 [main] Environment - HHH000206: hibernate.properties not found
[DEBUG] 2021-03-01 17:06:06.902 [main] LocalXmlResourceResolver - Interpreting public/system identifier : [-//Hibernate/Hibernate Configuration DTD//EN] - [http://www.hibernate.org/dtd/hibernate-configuration-3.0.dtd]
[DEBUG] 2021-03-01 17:06:06.906 [main] LocalXmlResourceResolver - Recognized hibernate-configuration identifier; attempting to resolve on classpath under org/hibernate/
[DEBUG] 2021-03-01 17:06:06.943 [main] JaxbCfgProcessor - cfg.xml document did not define namespaces; wrapping in custom event reader to introduce namespace information
[DEBUG] 2021-03-01 17:06:08.655 [main] ServiceBinding - Overriding existing service binding [org.hibernate.secure.spi.JaccService]
[DEBUG] 2021-03-01 17:06:08.944 [main] RegionFactoryInitiator - Cannot default RegionFactory based on registered strategies as `[]` RegionFactory strategies were registered
[DEBUG] 2021-03-01 17:06:08.953 [main] RegionFactoryInitiator - Cache region factory : org.hibernate.cache.internal.NoCachingRegionFactory
[INFO ] 2021-03-01 17:06:09.083 [main] Version - HCANN000001: Hibernate Commons Annotations {5.1.0.Final}
[DEBUG] 2021-03-01 17:06:09.343 [main] BasicTypeRegistry - Adding type registration boolean -> org.hibernate.type.BooleanType@bd2f5a9
[DEBUG] 2021-03-01 17:06:09.344 [main] BasicTypeRegistry - Adding type registration boolean -> org.hibernate.type.BooleanType@bd2f5a9
[DEBUG] 2021-03-01 17:06:09.345 [main] BasicTypeRegistry - Adding type registration java.lang.Boolean -> org.hibernate.type.BooleanType@bd2f5a9
[DEBUG] 2021-03-01 17:06:09.346 [main] BasicTypeRegistry - Adding type registration numeric_boolean -> org.hibernate.type.NumericBooleanType@6b580b88
[DEBUG] 2021-03-01 17:06:09.346 [main] BasicTypeRegistry - Adding type registration true_false -> org.hibernate.type.TrueFalseType@6ce90bc5
[DEBUG] 2021-03-01 17:06:09.351 [main] BasicTypeRegistry - Adding type registration yes_no -> org.hibernate.type.YesNoType@4b1c0397
[DEBUG] 2021-03-01 17:06:09.362 [main] BasicTypeRegistry - Adding type registration byte -> org.hibernate.type.ByteType@71a3a190
[DEBUG] 2021-03-01 17:06:09.362 [main] BasicTypeRegistry - Adding type registration byte -> org.hibernate.type.ByteType@71a3a190
[DEBUG] 2021-03-01 17:06:09.362 [main] BasicTypeRegistry - Adding type registration java.lang.Byte -> org.hibernate.type.ByteType@71a3a190
[DEBUG] 2021-03-01 17:06:09.364 [main] BasicTypeRegistry - Adding type registration character -> org.hibernate.type.CharacterType@3703bf3c
[DEBUG] 2021-03-01 17:06:09.366 [main] BasicTypeRegistry - Adding type registration char -> org.hibernate.type.CharacterType@3703bf3c
[DEBUG] 2021-03-01 17:06:09.367 [main] BasicTypeRegistry - Adding type registration java.lang.Character -> org.hibernate.type.CharacterType@3703bf3c
[DEBUG] 2021-03-01 17:06:09.370 [main] BasicTypeRegistry - Adding type registration short -> org.hibernate.type.ShortType@3f36b447
[DEBUG] 2021-03-01 17:06:09.370 [main] BasicTypeRegistry - Adding type registration short -> org.hibernate.type.ShortType@3f36b447
[DEBUG] 2021-03-01 17:06:09.372 [main] BasicTypeRegistry - Adding type registration java.lang.Short -> org.hibernate.type.ShortType@3f36b447
[DEBUG] 2021-03-01 17:06:09.373 [main] BasicTypeRegistry - Adding type registration integer -> org.hibernate.type.IntegerType@4bdcaf36
[DEBUG] 2021-03-01 17:06:09.373 [main] BasicTypeRegistry - Adding type registration int -> org.hibernate.type.IntegerType@4bdcaf36
[DEBUG] 2021-03-01 17:06:09.373 [main] BasicTypeRegistry - Adding type registration java.lang.Integer -> org.hibernate.type.IntegerType@4bdcaf36
[DEBUG] 2021-03-01 17:06:09.374 [main] BasicTypeRegistry - Adding type registration long -> org.hibernate.type.LongType@5d39f2d8
[DEBUG] 2021-03-01 17:06:09.375 [main] BasicTypeRegistry - Adding type registration long -> org.hibernate.type.LongType@5d39f2d8
[DEBUG] 2021-03-01 17:06:09.384 [main] BasicTypeRegistry - Adding type registration java.lang.Long -> org.hibernate.type.LongType@5d39f2d8
[DEBUG] 2021-03-01 17:06:09.387 [main] BasicTypeRegistry - Adding type registration float -> org.hibernate.type.FloatType@71c905a3
[DEBUG] 2021-03-01 17:06:09.387 [main] BasicTypeRegistry - Adding type registration float -> org.hibernate.type.FloatType@71c905a3
[DEBUG] 2021-03-01 17:06:09.387 [main] BasicTypeRegistry - Adding type registration java.lang.Float -> org.hibernate.type.FloatType@71c905a3
[DEBUG] 2021-03-01 17:06:09.389 [main] BasicTypeRegistry - Adding type registration double -> org.hibernate.type.DoubleType@4bff2185
[DEBUG] 2021-03-01 17:06:09.390 [main] BasicTypeRegistry - Adding type registration double -> org.hibernate.type.DoubleType@4bff2185
[DEBUG] 2021-03-01 17:06:09.392 [main] BasicTypeRegistry - Adding type registration java.lang.Double -> org.hibernate.type.DoubleType@4bff2185
[DEBUG] 2021-03-01 17:06:09.394 [main] BasicTypeRegistry - Adding type registration big_decimal -> org.hibernate.type.BigDecimalType@458544e0
[DEBUG] 2021-03-01 17:06:09.396 [main] BasicTypeRegistry - Adding type registration java.math.BigDecimal -> org.hibernate.type.BigDecimalType@458544e0
[DEBUG] 2021-03-01 17:06:09.398 [main] BasicTypeRegistry - Adding type registration big_integer -> org.hibernate.type.BigIntegerType@47b2e9e1
[DEBUG] 2021-03-01 17:06:09.399 [main] BasicTypeRegistry - Adding type registration java.math.BigInteger -> org.hibernate.type.BigIntegerType@47b2e9e1
[DEBUG] 2021-03-01 17:06:09.402 [main] BasicTypeRegistry - Adding type registration string -> org.hibernate.type.StringType@25b865b5
[DEBUG] 2021-03-01 17:06:09.402 [main] BasicTypeRegistry - Adding type registration java.lang.String -> org.hibernate.type.StringType@25b865b5
[DEBUG] 2021-03-01 17:06:09.403 [main] BasicTypeRegistry - Adding type registration nstring -> org.hibernate.type.StringNVarcharType@bdecc21
[DEBUG] 2021-03-01 17:06:09.410 [main] BasicTypeRegistry - Adding type registration ncharacter -> org.hibernate.type.CharacterNCharType@5d58c727
[DEBUG] 2021-03-01 17:06:09.411 [main] BasicTypeRegistry - Adding type registration url -> org.hibernate.type.UrlType@27b22f74
[DEBUG] 2021-03-01 17:06:09.428 [main] BasicTypeRegistry - Adding type registration java.net.URL -> org.hibernate.type.UrlType@27b22f74
[DEBUG] 2021-03-01 17:06:09.430 [main] BasicTypeRegistry - Adding type registration Duration -> org.hibernate.type.DurationType@21fff664
[DEBUG] 2021-03-01 17:06:09.430 [main] BasicTypeRegistry - Adding type registration java.time.Duration -> org.hibernate.type.DurationType@21fff664
[DEBUG] 2021-03-01 17:06:09.451 [main] BasicTypeRegistry - Adding type registration Instant -> org.hibernate.type.InstantType@68809cc7
[DEBUG] 2021-03-01 17:06:09.452 [main] BasicTypeRegistry - Adding type registration java.time.Instant -> org.hibernate.type.InstantType@68809cc7
[DEBUG] 2021-03-01 17:06:09.455 [main] BasicTypeRegistry - Adding type registration LocalDateTime -> org.hibernate.type.LocalDateTimeType@13cd7ea5
[DEBUG] 2021-03-01 17:06:09.456 [main] BasicTypeRegistry - Adding type registration java.time.LocalDateTime -> org.hibernate.type.LocalDateTimeType@13cd7ea5
[DEBUG] 2021-03-01 17:06:09.458 [main] BasicTypeRegistry - Adding type registration LocalDate -> org.hibernate.type.LocalDateType@ff6077
[DEBUG] 2021-03-01 17:06:09.458 [main] BasicTypeRegistry - Adding type registration java.time.LocalDate -> org.hibernate.type.LocalDateType@ff6077
[DEBUG] 2021-03-01 17:06:09.459 [main] BasicTypeRegistry - Adding type registration LocalTime -> org.hibernate.type.LocalTimeType@29be7749
[DEBUG] 2021-03-01 17:06:09.459 [main] BasicTypeRegistry - Adding type registration java.time.LocalTime -> org.hibernate.type.LocalTimeType@29be7749
[DEBUG] 2021-03-01 17:06:09.469 [main] BasicTypeRegistry - Adding type registration OffsetDateTime -> org.hibernate.type.OffsetDateTimeType@79767781
[DEBUG] 2021-03-01 17:06:09.470 [main] BasicTypeRegistry - Adding type registration java.time.OffsetDateTime -> org.hibernate.type.OffsetDateTimeType@79767781
[DEBUG] 2021-03-01 17:06:09.473 [main] BasicTypeRegistry - Adding type registration OffsetTime -> org.hibernate.type.OffsetTimeType@16c3ca31
[DEBUG] 2021-03-01 17:06:09.474 [main] BasicTypeRegistry - Adding type registration java.time.OffsetTime -> org.hibernate.type.OffsetTimeType@16c3ca31
[DEBUG] 2021-03-01 17:06:09.476 [main] BasicTypeRegistry - Adding type registration ZonedDateTime -> org.hibernate.type.ZonedDateTimeType@48ea2003
[DEBUG] 2021-03-01 17:06:09.479 [main] BasicTypeRegistry - Adding type registration java.time.ZonedDateTime -> org.hibernate.type.ZonedDateTimeType@48ea2003
[DEBUG] 2021-03-01 17:06:09.482 [main] BasicTypeRegistry - Adding type registration date -> org.hibernate.type.DateType@1473b8c0
[DEBUG] 2021-03-01 17:06:09.482 [main] BasicTypeRegistry - Adding type registration java.sql.Date -> org.hibernate.type.DateType@1473b8c0
[DEBUG] 2021-03-01 17:06:09.491 [main] BasicTypeRegistry - Adding type registration time -> org.hibernate.type.TimeType@997d532
[DEBUG] 2021-03-01 17:06:09.491 [main] BasicTypeRegistry - Adding type registration java.sql.Time -> org.hibernate.type.TimeType@997d532
[DEBUG] 2021-03-01 17:06:09.492 [main] BasicTypeRegistry - Adding type registration timestamp -> org.hibernate.type.TimestampType@777c350f
[DEBUG] 2021-03-01 17:06:09.493 [main] BasicTypeRegistry - Adding type registration java.sql.Timestamp -> org.hibernate.type.TimestampType@777c350f
[DEBUG] 2021-03-01 17:06:09.493 [main] BasicTypeRegistry - Adding type registration java.util.Date -> org.hibernate.type.TimestampType@777c350f
[DEBUG] 2021-03-01 17:06:09.502 [main] BasicTypeRegistry - Adding type registration dbtimestamp -> org.hibernate.type.DbTimestampType@4bdc8b5d
[DEBUG] 2021-03-01 17:06:09.503 [main] BasicTypeRegistry - Adding type registration calendar -> org.hibernate.type.CalendarType@160396db
[DEBUG] 2021-03-01 17:06:09.503 [main] BasicTypeRegistry - Adding type registration java.util.Calendar -> org.hibernate.type.CalendarType@160396db
[DEBUG] 2021-03-01 17:06:09.503 [main] BasicTypeRegistry - Adding type registration java.util.GregorianCalendar -> org.hibernate.type.CalendarType@160396db
[DEBUG] 2021-03-01 17:06:09.511 [main] BasicTypeRegistry - Adding type registration calendar_date -> org.hibernate.type.CalendarDateType@53093491
[DEBUG] 2021-03-01 17:06:09.535 [main] BasicTypeRegistry - Adding type registration locale -> org.hibernate.type.LocaleType@368d5c00
[DEBUG] 2021-03-01 17:06:09.537 [main] BasicTypeRegistry - Adding type registration java.util.Locale -> org.hibernate.type.LocaleType@368d5c00
[DEBUG] 2021-03-01 17:06:09.546 [main] BasicTypeRegistry - Adding type registration currency -> org.hibernate.type.CurrencyType@43826ec
[DEBUG] 2021-03-01 17:06:09.549 [main] BasicTypeRegistry - Adding type registration java.util.Currency -> org.hibernate.type.CurrencyType@43826ec
[DEBUG] 2021-03-01 17:06:09.550 [main] BasicTypeRegistry - Adding type registration timezone -> org.hibernate.type.TimeZoneType@11a7ba62
[DEBUG] 2021-03-01 17:06:09.550 [main] BasicTypeRegistry - Adding type registration java.util.TimeZone -> org.hibernate.type.TimeZoneType@11a7ba62
[DEBUG] 2021-03-01 17:06:09.554 [main] BasicTypeRegistry - Adding type registration class -> org.hibernate.type.ClassType@73877e19
[DEBUG] 2021-03-01 17:06:09.555 [main] BasicTypeRegistry - Adding type registration java.lang.Class -> org.hibernate.type.ClassType@73877e19
[DEBUG] 2021-03-01 17:06:09.556 [main] BasicTypeRegistry - Adding type registration uuid-binary -> org.hibernate.type.UUIDBinaryType@5d235104
[DEBUG] 2021-03-01 17:06:09.557 [main] BasicTypeRegistry - Adding type registration java.util.UUID -> org.hibernate.type.UUIDBinaryType@5d235104
[DEBUG] 2021-03-01 17:06:09.561 [main] BasicTypeRegistry - Adding type registration uuid-char -> org.hibernate.type.UUIDCharType@4443ef6f
[DEBUG] 2021-03-01 17:06:09.562 [main] BasicTypeRegistry - Adding type registration binary -> org.hibernate.type.BinaryType@75b3673
[DEBUG] 2021-03-01 17:06:09.562 [main] BasicTypeRegistry - Adding type registration byte[] -> org.hibernate.type.BinaryType@75b3673
[DEBUG] 2021-03-01 17:06:09.562 [main] BasicTypeRegistry - Adding type registration [B -> org.hibernate.type.BinaryType@75b3673
[DEBUG] 2021-03-01 17:06:09.566 [main] BasicTypeRegistry - Adding type registration wrapper-binary -> org.hibernate.type.WrapperBinaryType@12db3386
[DEBUG] 2021-03-01 17:06:09.566 [main] BasicTypeRegistry - Adding type registration Byte[] -> org.hibernate.type.WrapperBinaryType@12db3386
[DEBUG] 2021-03-01 17:06:09.566 [main] BasicTypeRegistry - Adding type registration [Ljava.lang.Byte; -> org.hibernate.type.WrapperBinaryType@12db3386
[DEBUG] 2021-03-01 17:06:09.567 [main] BasicTypeRegistry - Adding type registration row_version -> org.hibernate.type.RowVersionType@425d5d46
[DEBUG] 2021-03-01 17:06:09.570 [main] BasicTypeRegistry - Adding type registration image -> org.hibernate.type.ImageType@7a639ec5
[DEBUG] 2021-03-01 17:06:09.571 [main] BasicTypeRegistry - Adding type registration characters -> org.hibernate.type.CharArrayType@24a298a6
[DEBUG] 2021-03-01 17:06:09.571 [main] BasicTypeRegistry - Adding type registration char[] -> org.hibernate.type.CharArrayType@24a298a6
[DEBUG] 2021-03-01 17:06:09.572 [main] BasicTypeRegistry - Adding type registration [C -> org.hibernate.type.CharArrayType@24a298a6
[DEBUG] 2021-03-01 17:06:09.572 [main] BasicTypeRegistry - Adding type registration wrapper-characters -> org.hibernate.type.CharacterArrayType@4bee18dc
[DEBUG] 2021-03-01 17:06:09.577 [main] BasicTypeRegistry - Adding type registration [Ljava.lang.Character; -> org.hibernate.type.CharacterArrayType@4bee18dc
[DEBUG] 2021-03-01 17:06:09.577 [main] BasicTypeRegistry - Adding type registration Character[] -> org.hibernate.type.CharacterArrayType@4bee18dc
[DEBUG] 2021-03-01 17:06:09.578 [main] BasicTypeRegistry - Adding type registration text -> org.hibernate.type.TextType@7a6ebe1e
[DEBUG] 2021-03-01 17:06:09.578 [main] BasicTypeRegistry - Adding type registration ntext -> org.hibernate.type.NTextType@6de30571
[DEBUG] 2021-03-01 17:06:09.580 [main] BasicTypeRegistry - Adding type registration blob -> org.hibernate.type.BlobType@659925f4
[DEBUG] 2021-03-01 17:06:09.585 [main] BasicTypeRegistry - Adding type registration java.sql.Blob -> org.hibernate.type.BlobType@659925f4
[DEBUG] 2021-03-01 17:06:09.587 [main] BasicTypeRegistry - Adding type registration materialized_blob -> org.hibernate.type.MaterializedBlobType@2787de58
[DEBUG] 2021-03-01 17:06:09.588 [main] BasicTypeRegistry - Adding type registration clob -> org.hibernate.type.ClobType@322803db
[DEBUG] 2021-03-01 17:06:09.593 [main] BasicTypeRegistry - Adding type registration java.sql.Clob -> org.hibernate.type.ClobType@322803db
[DEBUG] 2021-03-01 17:06:09.597 [main] BasicTypeRegistry - Adding type registration nclob -> org.hibernate.type.NClobType@6d4a65c6
[DEBUG] 2021-03-01 17:06:09.600 [main] BasicTypeRegistry - Adding type registration java.sql.NClob -> org.hibernate.type.NClobType@6d4a65c6
[DEBUG] 2021-03-01 17:06:09.602 [main] BasicTypeRegistry - Adding type registration materialized_clob -> org.hibernate.type.MaterializedClobType@7f02251
[DEBUG] 2021-03-01 17:06:09.717 [main] BasicTypeRegistry - Adding type registration materialized_nclob -> org.hibernate.type.MaterializedNClobType@6b587673
[DEBUG] 2021-03-01 17:06:09.728 [main] BasicTypeRegistry - Adding type registration serializable -> org.hibernate.type.SerializableType@27b71f50
[DEBUG] 2021-03-01 17:06:09.744 [main] BasicTypeRegistry - Adding type registration object -> org.hibernate.type.ObjectType@7bde1f3a
[DEBUG] 2021-03-01 17:06:09.744 [main] BasicTypeRegistry - Adding type registration java.lang.Object -> org.hibernate.type.ObjectType@7bde1f3a
[DEBUG] 2021-03-01 17:06:09.745 [main] BasicTypeRegistry - Adding type registration imm_date -> org.hibernate.type.AdaptedImmutableType@5cf8edcf
[DEBUG] 2021-03-01 17:06:09.749 [main] BasicTypeRegistry - Adding type registration imm_time -> org.hibernate.type.AdaptedImmutableType@58cec85b
[DEBUG] 2021-03-01 17:06:09.753 [main] BasicTypeRegistry - Adding type registration imm_timestamp -> org.hibernate.type.AdaptedImmutableType@629f066f
[DEBUG] 2021-03-01 17:06:09.753 [main] BasicTypeRegistry - Adding type registration imm_dbtimestamp -> org.hibernate.type.AdaptedImmutableType@1542af63
[DEBUG] 2021-03-01 17:06:09.753 [main] BasicTypeRegistry - Adding type registration imm_calendar -> org.hibernate.type.AdaptedImmutableType@ecfbe91
[DEBUG] 2021-03-01 17:06:09.753 [main] BasicTypeRegistry - Adding type registration imm_calendar_date -> org.hibernate.type.AdaptedImmutableType@20ed3303
[DEBUG] 2021-03-01 17:06:09.753 [main] BasicTypeRegistry - Adding type registration imm_binary -> org.hibernate.type.AdaptedImmutableType@3adbe50f
[DEBUG] 2021-03-01 17:06:09.753 [main] BasicTypeRegistry - Adding type registration imm_serializable -> org.hibernate.type.AdaptedImmutableType@3a627c80
[DEBUG] 2021-03-01 17:06:09.819 [main] DefaultIdentifierGeneratorFactory - Registering IdentifierGenerator strategy [uuid2] -> [org.hibernate.id.UUIDGenerator]
[DEBUG] 2021-03-01 17:06:09.822 [main] DefaultIdentifierGeneratorFactory - Registering IdentifierGenerator strategy [guid] -> [org.hibernate.id.GUIDGenerator]
[DEBUG] 2021-03-01 17:06:09.824 [main] DefaultIdentifierGeneratorFactory - Registering IdentifierGenerator strategy [uuid] -> [org.hibernate.id.UUIDHexGenerator]
[DEBUG] 2021-03-01 17:06:09.825 [main] DefaultIdentifierGeneratorFactory - Registering IdentifierGenerator strategy [uuid.hex] -> [org.hibernate.id.UUIDHexGenerator]
[DEBUG] 2021-03-01 17:06:09.827 [main] DefaultIdentifierGeneratorFactory - Registering IdentifierGenerator strategy [assigned] -> [org.hibernate.id.Assigned]
[DEBUG] 2021-03-01 17:06:09.837 [main] DefaultIdentifierGeneratorFactory - Registering IdentifierGenerator strategy [identity] -> [org.hibernate.id.IdentityGenerator]
[DEBUG] 2021-03-01 17:06:09.838 [main] DefaultIdentifierGeneratorFactory - Registering IdentifierGenerator strategy [select] -> [org.hibernate.id.SelectGenerator]
[DEBUG] 2021-03-01 17:06:09.846 [main] DefaultIdentifierGeneratorFactory - Registering IdentifierGenerator strategy [sequence] -> [org.hibernate.id.enhanced.SequenceStyleGenerator]
[DEBUG] 2021-03-01 17:06:09.847 [main] DefaultIdentifierGeneratorFactory - Registering IdentifierGenerator strategy [seqhilo] -> [org.hibernate.id.SequenceHiLoGenerator]
[DEBUG] 2021-03-01 17:06:09.848 [main] DefaultIdentifierGeneratorFactory - Registering IdentifierGenerator strategy [increment] -> [org.hibernate.id.IncrementGenerator]
[DEBUG] 2021-03-01 17:06:09.849 [main] DefaultIdentifierGeneratorFactory - Registering IdentifierGenerator strategy [foreign] -> [org.hibernate.id.ForeignGenerator]
[DEBUG] 2021-03-01 17:06:09.850 [main] DefaultIdentifierGeneratorFactory - Registering IdentifierGenerator strategy [sequence-identity] -> [org.hibernate.id.SequenceIdentityGenerator]
[DEBUG] 2021-03-01 17:06:09.850 [main] DefaultIdentifierGeneratorFactory - Registering IdentifierGenerator strategy [enhanced-sequence] -> [org.hibernate.id.enhanced.SequenceStyleGenerator]
[DEBUG] 2021-03-01 17:06:09.851 [main] DefaultIdentifierGeneratorFactory - Registering IdentifierGenerator strategy [enhanced-table] -> [org.hibernate.id.enhanced.TableGenerator]
[INFO ] 2021-03-01 17:06:09.858 [main] C3P0ConnectionProvider - HHH010002: C3P0 using driver: com.mysql.cj.jdbc.Driver at URL: jdbc:mysql://localhost:3306/test_BookCollection
[INFO ] 2021-03-01 17:06:09.858 [main] C3P0ConnectionProvider - HHH10001001: Connection properties: {password=****, user=root}
[INFO ] 2021-03-01 17:06:09.858 [main] C3P0ConnectionProvider - HHH10001003: Autocommit mode: false
[INFO ] 2021-03-01 17:06:10.328 [main] C3P0ConnectionProvider - HHH10001007: JDBC isolation level: <unknown>
[DEBUG] 2021-03-01 17:06:26.227 [main] JdbcEnvironmentInitiator - Database ->
       name : MySQL
    version : 8.0.22
      major : 8
      minor : 0
[DEBUG] 2021-03-01 17:06:26.312 [main] JdbcEnvironmentInitiator - Driver ->
       name : MySQL Connector/J
    version : mysql-connector-java-8.0.22 (Revision: d64b664fa93e81296a377de031b8123a67e6def2)
      major : 8
      minor : 0
[DEBUG] 2021-03-01 17:06:26.312 [main] JdbcEnvironmentInitiator - JDBC version : 4.2
[INFO ] 2021-03-01 17:06:28.317 [main] Dialect - HHH000400: Using dialect: org.hibernate.dialect.MySQL8Dialect
[DEBUG] 2021-03-01 17:06:28.957 [main] IdentifierHelperBuilder - JDBC driver metadata reported database stores quoted identifiers in more than one case
[DEBUG] 2021-03-01 17:06:29.888 [main] IdentifierHelperBuilder - IdentifierCaseStrategy for both quoted and unquoted identifiers was set to the same strategy [MIXED]; that will likely lead to problems in schema update and validation if using quoted identifiers
[DEBUG] 2021-03-01 17:06:31.427 [main] Namespace - Created database namespace [logicalName=Name{catalog=null, schema=null}, physicalName=Name{catalog=null, schema=null}]
[DEBUG] 2021-03-01 17:06:32.164 [main] TypeConfiguration$Scope - Scoping TypeConfiguration [org.hibernate.type.spi.TypeConfiguration@341672e] to MetadataBuildingContext [org.hibernate.boot.internal.MetadataBuildingContextRootImpl@2bebb74f]
[DEBUG] 2021-03-01 17:06:34.062 [main] AnnotationBinder - Binding entity from annotated class: Author
[DEBUG] 2021-03-01 17:06:35.302 [main] Ejb3Column - Binding column: Ejb3DiscriminatorColumn{logicalColumnName'DTYPE', discriminatorTypeName='string'}
[DEBUG] 2021-03-01 17:06:35.782 [main] EntityBinder - Import with entity name Author
[DEBUG] 2021-03-01 17:06:36.330 [main] EntityBinder - Bind entity Author on table author
[DEBUG] 2021-03-01 17:06:38.792 [main] Ejb3Column - Binding column: Ejb3Column{table=org.hibernate.mapping.Table(author), mappingColumn=id, insertable=true, updatable=true, unique=false}
[DEBUG] 2021-03-01 17:06:39.410 [main] PropertyBinder - MetadataSourceProcessor property id with lazy=false
[DEBUG] 2021-03-01 17:06:39.927 [main] AbstractPropertyHolder - Attempting to locate auto-apply AttributeConverter for property [Author:id]
[DEBUG] 2021-03-01 17:06:40.416 [main] SimpleValueBinder - building SimpleValue for id
[DEBUG] 2021-03-01 17:06:40.870 [main] PropertyBinder - Building property id
[DEBUG] 2021-03-01 17:06:41.442 [main] BinderHelper - #makeIdGenerator(org.hibernate.mapping.SimpleValue([org.hibernate.mapping.Column(id)]), id, org.hibernate.id.enhanced.SequenceStyleGenerator, native, ...)
[DEBUG] 2021-03-01 17:06:41.617 [main] Ejb3Column - Binding column: Ejb3Column{table=org.hibernate.mapping.Table(author), mappingColumn=first_name, insertable=true, updatable=true, unique=false}
[DEBUG] 2021-03-01 17:06:41.643 [main] PropertyBinder - MetadataSourceProcessor property firstName with lazy=false
[DEBUG] 2021-03-01 17:06:41.643 [main] AbstractPropertyHolder - Attempting to locate auto-apply AttributeConverter for property [Author:firstName]
[DEBUG] 2021-03-01 17:06:41.663 [main] SimpleValueBinder - building SimpleValue for firstName
[DEBUG] 2021-03-01 17:06:41.664 [main] PropertyBinder - Building property firstName
[DEBUG] 2021-03-01 17:06:41.733 [main] Ejb3Column - Binding column: Ejb3Column{table=org.hibernate.mapping.Table(author), mappingColumn=last_name, insertable=true, updatable=true, unique=false}
[DEBUG] 2021-03-01 17:06:41.750 [main] PropertyBinder - MetadataSourceProcessor property lastName with lazy=false
[DEBUG] 2021-03-01 17:06:41.750 [main] AbstractPropertyHolder - Attempting to locate auto-apply AttributeConverter for property [Author:lastName]
[DEBUG] 2021-03-01 17:06:41.751 [main] SimpleValueBinder - building SimpleValue for lastName
[DEBUG] 2021-03-01 17:06:41.751 [main] PropertyBinder - Building property lastName
[DEBUG] 2021-03-01 17:06:41.881 [main] AnnotationBinder - Binding entity from annotated class: Book
[DEBUG] 2021-03-01 17:06:41.891 [main] Ejb3Column - Binding column: Ejb3DiscriminatorColumn{logicalColumnName'DTYPE', discriminatorTypeName='string'}
[DEBUG] 2021-03-01 17:06:41.891 [main] EntityBinder - Import with entity name Book
[DEBUG] 2021-03-01 17:06:41.906 [main] EntityBinder - Bind entity Book on table book
[DEBUG] 2021-03-01 17:06:42.048 [main] Ejb3Column - Binding column: Ejb3Column{table=org.hibernate.mapping.Table(book), mappingColumn=id, insertable=true, updatable=true, unique=false}
[DEBUG] 2021-03-01 17:06:42.051 [main] PropertyBinder - MetadataSourceProcessor property id with lazy=false
[DEBUG] 2021-03-01 17:06:42.051 [main] AbstractPropertyHolder - Attempting to locate auto-apply AttributeConverter for property [Book:id]
[DEBUG] 2021-03-01 17:06:42.057 [main] SimpleValueBinder - building SimpleValue for id
[DEBUG] 2021-03-01 17:06:42.057 [main] PropertyBinder - Building property id
[DEBUG] 2021-03-01 17:06:42.070 [main] BinderHelper - #makeIdGenerator(org.hibernate.mapping.SimpleValue([org.hibernate.mapping.Column(id)]), id, org.hibernate.id.enhanced.SequenceStyleGenerator, native, ...)
[DEBUG] 2021-03-01 17:06:42.093 [main] Ejb3Column - Binding column: Ejb3JoinColumn{logicalColumnName='null', referencedColumn='null', mappedBy='null'}
[DEBUG] 2021-03-01 17:06:42.093 [main] Ejb3Column - Binding column: Ejb3Column{table=org.hibernate.mapping.Table(book), mappingColumn=author, insertable=true, updatable=true, unique=false}
[DEBUG] 2021-03-01 17:06:42.224 [main] PropertyBinder - Building property author
[DEBUG] 2021-03-01 17:06:42.240 [main] Ejb3Column - Binding column: Ejb3JoinColumn{logicalColumnName='null', referencedColumn='null', mappedBy='null'}
[DEBUG] 2021-03-01 17:06:42.240 [main] Ejb3Column - Binding column: Ejb3Column{table=org.hibernate.mapping.Table(book), mappingColumn=genre, insertable=true, updatable=true, unique=false}
[DEBUG] 2021-03-01 17:06:42.240 [main] PropertyBinder - Building property genre
[DEBUG] 2021-03-01 17:06:42.241 [main] Ejb3Column - Binding column: Ejb3Column{table=org.hibernate.mapping.Table(book), mappingColumn=isbn, insertable=true, updatable=true, unique=false}
[DEBUG] 2021-03-01 17:06:42.241 [main] PropertyBinder - MetadataSourceProcessor property isbn with lazy=false
[DEBUG] 2021-03-01 17:06:42.245 [main] AbstractPropertyHolder - Attempting to locate auto-apply AttributeConverter for property [Book:isbn]
[DEBUG] 2021-03-01 17:06:42.248 [main] SimpleValueBinder - building SimpleValue for isbn
[DEBUG] 2021-03-01 17:06:42.251 [main] PropertyBinder - Building property isbn
[DEBUG] 2021-03-01 17:06:42.252 [main] Ejb3Column - Binding column: Ejb3Column{table=org.hibernate.mapping.Table(book), mappingColumn=title, insertable=true, updatable=true, unique=false}
[DEBUG] 2021-03-01 17:06:42.252 [main] PropertyBinder - MetadataSourceProcessor property title with lazy=false
[DEBUG] 2021-03-01 17:06:42.252 [main] AbstractPropertyHolder - Attempting to locate auto-apply AttributeConverter for property [Book:title]
[DEBUG] 2021-03-01 17:06:42.262 [main] SimpleValueBinder - building SimpleValue for title
[DEBUG] 2021-03-01 17:06:42.262 [main] PropertyBinder - Building property title
[DEBUG] 2021-03-01 17:06:42.265 [main] Ejb3Column - Binding column: Ejb3JoinColumn{logicalColumnName='null', referencedColumn='null', mappedBy='null'}
[DEBUG] 2021-03-01 17:06:42.265 [main] Ejb3Column - Binding column: Ejb3Column{table=org.hibernate.mapping.Table(book), mappingColumn=user, insertable=true, updatable=true, unique=false}
[DEBUG] 2021-03-01 17:06:42.271 [main] PropertyBinder - Building property user
[DEBUG] 2021-03-01 17:06:42.271 [main] AnnotationBinder - Binding entity from annotated class: Genre
[DEBUG] 2021-03-01 17:06:42.272 [main] Ejb3Column - Binding column: Ejb3DiscriminatorColumn{logicalColumnName'DTYPE', discriminatorTypeName='string'}
[DEBUG] 2021-03-01 17:06:42.272 [main] EntityBinder - Import with entity name Genre
[DEBUG] 2021-03-01 17:06:42.272 [main] EntityBinder - Bind entity Genre on table genre
[DEBUG] 2021-03-01 17:06:42.294 [main] Ejb3Column - Binding column: Ejb3Column{table=org.hibernate.mapping.Table(genre), mappingColumn=id, insertable=true, updatable=true, unique=false}
[DEBUG] 2021-03-01 17:06:42.294 [main] PropertyBinder - MetadataSourceProcessor property id with lazy=false
[DEBUG] 2021-03-01 17:06:42.294 [main] AbstractPropertyHolder - Attempting to locate auto-apply AttributeConverter for property [Genre:id]
[DEBUG] 2021-03-01 17:06:42.294 [main] SimpleValueBinder - building SimpleValue for id
[DEBUG] 2021-03-01 17:06:42.294 [main] PropertyBinder - Building property id
[DEBUG] 2021-03-01 17:06:42.294 [main] BinderHelper - #makeIdGenerator(org.hibernate.mapping.SimpleValue([org.hibernate.mapping.Column(id)]), id, org.hibernate.id.enhanced.SequenceStyleGenerator, native, ...)
[DEBUG] 2021-03-01 17:06:42.308 [main] Ejb3Column - Binding column: Ejb3Column{table=org.hibernate.mapping.Table(genre), mappingColumn=name, insertable=true, updatable=true, unique=false}
[DEBUG] 2021-03-01 17:06:42.308 [main] PropertyBinder - MetadataSourceProcessor property name with lazy=false
[DEBUG] 2021-03-01 17:06:42.308 [main] AbstractPropertyHolder - Attempting to locate auto-apply AttributeConverter for property [Genre:name]
[DEBUG] 2021-03-01 17:06:42.308 [main] SimpleValueBinder - building SimpleValue for name
[DEBUG] 2021-03-01 17:06:42.309 [main] PropertyBinder - Building property name
[DEBUG] 2021-03-01 17:06:42.311 [main] AnnotationBinder - Binding entity from annotated class: User
[DEBUG] 2021-03-01 17:06:42.315 [main] Ejb3Column - Binding column: Ejb3DiscriminatorColumn{logicalColumnName'DTYPE', discriminatorTypeName='string'}
[DEBUG] 2021-03-01 17:06:42.315 [main] EntityBinder - Import with entity name User
[DEBUG] 2021-03-01 17:06:42.315 [main] EntityBinder - Bind entity User on table user
[DEBUG] 2021-03-01 17:06:42.321 [main] Ejb3Column - Binding column: Ejb3Column{table=org.hibernate.mapping.Table(user), mappingColumn=id, insertable=true, updatable=true, unique=false}
[DEBUG] 2021-03-01 17:06:42.321 [main] PropertyBinder - MetadataSourceProcessor property id with lazy=false
[DEBUG] 2021-03-01 17:06:42.321 [main] AbstractPropertyHolder - Attempting to locate auto-apply AttributeConverter for property [User:id]
[DEBUG] 2021-03-01 17:06:42.334 [main] SimpleValueBinder - building SimpleValue for id
[DEBUG] 2021-03-01 17:06:42.335 [main] PropertyBinder - Building property id
[DEBUG] 2021-03-01 17:06:42.335 [main] BinderHelper - #makeIdGenerator(org.hibernate.mapping.SimpleValue([org.hibernate.mapping.Column(id)]), id, org.hibernate.id.enhanced.SequenceStyleGenerator, native, ...)
[DEBUG] 2021-03-01 17:06:42.335 [main] Ejb3Column - Binding column: Ejb3Column{table=org.hibernate.mapping.Table(user), mappingColumn=email, insertable=true, updatable=true, unique=false}
[DEBUG] 2021-03-01 17:06:42.335 [main] PropertyBinder - MetadataSourceProcessor property email with lazy=false
[DEBUG] 2021-03-01 17:06:42.335 [main] AbstractPropertyHolder - Attempting to locate auto-apply AttributeConverter for property [User:email]
[DEBUG] 2021-03-01 17:06:42.343 [main] SimpleValueBinder - building SimpleValue for email
[DEBUG] 2021-03-01 17:06:42.352 [main] PropertyBinder - Building property email
[DEBUG] 2021-03-01 17:06:42.352 [main] Ejb3Column - Binding column: Ejb3Column{table=org.hibernate.mapping.Table(user), mappingColumn=first_name, insertable=true, updatable=true, unique=false}
[DEBUG] 2021-03-01 17:06:42.352 [main] PropertyBinder - MetadataSourceProcessor property firstName with lazy=false
[DEBUG] 2021-03-01 17:06:42.352 [main] AbstractPropertyHolder - Attempting to locate auto-apply AttributeConverter for property [User:firstName]
[DEBUG] 2021-03-01 17:06:42.364 [main] SimpleValueBinder - building SimpleValue for firstName
[DEBUG] 2021-03-01 17:06:42.364 [main] PropertyBinder - Building property firstName
[DEBUG] 2021-03-01 17:06:42.372 [main] Ejb3Column - Binding column: Ejb3Column{table=org.hibernate.mapping.Table(user), mappingColumn=last_name, insertable=true, updatable=true, unique=false}
[DEBUG] 2021-03-01 17:06:42.401 [main] PropertyBinder - MetadataSourceProcessor property lastName with lazy=false
[DEBUG] 2021-03-01 17:06:42.401 [main] AbstractPropertyHolder - Attempting to locate auto-apply AttributeConverter for property [User:lastName]
[DEBUG] 2021-03-01 17:06:42.401 [main] SimpleValueBinder - building SimpleValue for lastName
[DEBUG] 2021-03-01 17:06:42.401 [main] PropertyBinder - Building property lastName
[DEBUG] 2021-03-01 17:06:42.402 [main] Ejb3Column - Binding column: Ejb3Column{table=org.hibernate.mapping.Table(user), mappingColumn=password, insertable=true, updatable=true, unique=false}
[DEBUG] 2021-03-01 17:06:42.409 [main] PropertyBinder - MetadataSourceProcessor property password with lazy=false
[DEBUG] 2021-03-01 17:06:42.410 [main] AbstractPropertyHolder - Attempting to locate auto-apply AttributeConverter for property [User:password]
[DEBUG] 2021-03-01 17:06:42.418 [main] SimpleValueBinder - building SimpleValue for password
[DEBUG] 2021-03-01 17:06:42.418 [main] PropertyBinder - Building property password
[DEBUG] 2021-03-01 17:06:42.422 [main] Ejb3Column - Binding column: Ejb3Column{table=org.hibernate.mapping.Table(user), mappingColumn=username, insertable=true, updatable=true, unique=false}
[DEBUG] 2021-03-01 17:06:42.422 [main] PropertyBinder - MetadataSourceProcessor property userName with lazy=false
[DEBUG] 2021-03-01 17:06:42.422 [main] AbstractPropertyHolder - Attempting to locate auto-apply AttributeConverter for property [User:userName]
[DEBUG] 2021-03-01 17:06:42.422 [main] SimpleValueBinder - building SimpleValue for userName
[DEBUG] 2021-03-01 17:06:42.422 [main] PropertyBinder - Building property userName
[DEBUG] 2021-03-01 17:06:42.470 [main] SimpleValueBinder - Starting fillSimpleValue for id
[DEBUG] 2021-03-01 17:06:42.470 [main] SimpleValueBinder - Starting fillSimpleValue for firstName
[DEBUG] 2021-03-01 17:06:42.470 [main] SimpleValueBinder - Starting fillSimpleValue for lastName
[DEBUG] 2021-03-01 17:06:42.474 [main] SimpleValueBinder - Starting fillSimpleValue for id
[DEBUG] 2021-03-01 17:06:42.479 [main] SimpleValueBinder - Starting fillSimpleValue for isbn
[DEBUG] 2021-03-01 17:06:42.480 [main] SimpleValueBinder - Starting fillSimpleValue for title
[DEBUG] 2021-03-01 17:06:42.483 [main] SimpleValueBinder - Starting fillSimpleValue for id
[DEBUG] 2021-03-01 17:06:42.483 [main] SimpleValueBinder - Starting fillSimpleValue for name
[DEBUG] 2021-03-01 17:06:42.483 [main] SimpleValueBinder - Starting fillSimpleValue for id
[DEBUG] 2021-03-01 17:06:42.483 [main] SimpleValueBinder - Starting fillSimpleValue for email
[DEBUG] 2021-03-01 17:06:42.483 [main] SimpleValueBinder - Starting fillSimpleValue for firstName
[DEBUG] 2021-03-01 17:06:42.483 [main] SimpleValueBinder - Starting fillSimpleValue for lastName
[DEBUG] 2021-03-01 17:06:42.484 [main] SimpleValueBinder - Starting fillSimpleValue for password
[DEBUG] 2021-03-01 17:06:42.484 [main] SimpleValueBinder - Starting fillSimpleValue for userName
[DEBUG] 2021-03-01 17:06:42.803 [main] PrimaryKey - Forcing column [id] to be non-null as it is part of the primary key for table [author]
[DEBUG] 2021-03-01 17:06:42.868 [main] PrimaryKey - Forcing column [id] to be non-null as it is part of the primary key for table [book]
[DEBUG] 2021-03-01 17:06:42.870 [main] PrimaryKey - Forcing column [id] to be non-null as it is part of the primary key for table [genre]
[DEBUG] 2021-03-01 17:06:42.870 [main] PrimaryKey - Forcing column [id] to be non-null as it is part of the primary key for table [user]
[DEBUG] 2021-03-01 17:06:42.886 [main] InFlightMetadataCollectorImpl - Resolving reference to class: Author
[DEBUG] 2021-03-01 17:06:42.970 [main] InFlightMetadataCollectorImpl - Resolving reference to class: Genre
[DEBUG] 2021-03-01 17:06:42.974 [main] InFlightMetadataCollectorImpl - Resolving reference to class: User
[DEBUG] 2021-03-01 17:06:43.142 [main] InFlightMetadataCollectorImpl - Resolving reference to class: Author
[DEBUG] 2021-03-01 17:06:43.153 [main] InFlightMetadataCollectorImpl - Resolving reference to class: Genre
[DEBUG] 2021-03-01 17:06:43.155 [main] InFlightMetadataCollectorImpl - Resolving reference to class: User
[DEBUG] 2021-03-01 17:06:44.505 [main] SessionFactoryImpl - Building session factory
[DEBUG] 2021-03-01 17:06:44.659 [main] Settings - SessionFactory name : null
[DEBUG] 2021-03-01 17:06:44.671 [main] Settings - Automatic flush during beforeCompletion(): enabled
[DEBUG] 2021-03-01 17:06:44.671 [main] Settings - Automatic session close at end of transaction: disabled
[DEBUG] 2021-03-01 17:06:44.671 [main] Settings - Statistics: disabled
[DEBUG] 2021-03-01 17:06:44.673 [main] Settings - Deleted entity synthetic identifier rollback: disabled
[DEBUG] 2021-03-01 17:06:44.673 [main] Settings - Default entity-mode: pojo
[DEBUG] 2021-03-01 17:06:44.677 [main] Settings - Check Nullability in Core (should be disabled when Bean Validation is on): enabled
[DEBUG] 2021-03-01 17:06:44.677 [main] Settings - Allow initialization of lazy state outside session : disabled
[DEBUG] 2021-03-01 17:06:44.677 [main] Settings - Using BatchFetchStyle : LEGACY
[DEBUG] 2021-03-01 17:06:44.677 [main] Settings - Default batch fetch size: -1
[DEBUG] 2021-03-01 17:06:44.677 [main] Settings - Maximum outer join fetch depth: 2
[DEBUG] 2021-03-01 17:06:44.677 [main] Settings - Default null ordering: NONE
[DEBUG] 2021-03-01 17:06:44.678 [main] Settings - Order SQL updates by primary key: disabled
[DEBUG] 2021-03-01 17:06:44.678 [main] Settings - Order SQL inserts for batching: disabled
[DEBUG] 2021-03-01 17:06:44.678 [main] Settings - multi-tenancy strategy : NONE
[DEBUG] 2021-03-01 17:06:44.678 [main] Settings - JTA Track by Thread: enabled
[DEBUG] 2021-03-01 17:06:44.678 [main] Settings - Query language substitutions: {}
[DEBUG] 2021-03-01 17:06:44.687 [main] Settings - Named query checking : enabled
[DEBUG] 2021-03-01 17:06:44.687 [main] Settings - Second-level cache: disabled
[DEBUG] 2021-03-01 17:06:44.687 [main] Settings - Second-level query cache: disabled
[DEBUG] 2021-03-01 17:06:44.687 [main] Settings - Second-level query cache factory: null
[DEBUG] 2021-03-01 17:06:44.687 [main] Settings - Second-level cache region prefix: null
[DEBUG] 2021-03-01 17:06:44.688 [main] Settings - Optimize second-level cache for minimal puts: disabled
[DEBUG] 2021-03-01 17:06:44.688 [main] Settings - Structured second-level cache entries: disabled
[DEBUG] 2021-03-01 17:06:44.688 [main] Settings - Second-level cache direct-reference entries: disabled
[DEBUG] 2021-03-01 17:06:44.688 [main] Settings - Automatic eviction of collection cache: disabled
[DEBUG] 2021-03-01 17:06:44.688 [main] Settings - JDBC batch size: 15
[DEBUG] 2021-03-01 17:06:44.688 [main] Settings - JDBC batch updates for versioned data: enabled
[DEBUG] 2021-03-01 17:06:44.695 [main] Settings - Scrollable result sets: enabled
[DEBUG] 2021-03-01 17:06:44.698 [main] Settings - Wrap result sets: disabled
[DEBUG] 2021-03-01 17:06:44.698 [main] Settings - JDBC3 getGeneratedKeys(): enabled
[DEBUG] 2021-03-01 17:06:44.698 [main] Settings - JDBC result set fetch size: null
[DEBUG] 2021-03-01 17:06:44.698 [main] Settings - Connection release mode: AFTER_TRANSACTION
[DEBUG] 2021-03-01 17:06:44.698 [main] Settings - Generate SQL with comments: disabled
[DEBUG] 2021-03-01 17:06:44.698 [main] Settings - JPA compliance - query : 
[DEBUG] 2021-03-01 17:06:44.698 [main] Settings - JPA compliance - closed-handling : 
[DEBUG] 2021-03-01 17:06:44.698 [main] Settings - JPA compliance - lists : 
[DEBUG] 2021-03-01 17:06:44.698 [main] Settings - JPA compliance - transactions : 
[INFO ] 2021-03-01 17:06:46.880 [main] beans - HHH10005002: No explicit CDI BeanManager reference was passed to Hibernate, but CDI is available on the Hibernate ClassLoader.
[DEBUG] 2021-03-01 17:06:47.414 [main] SessionFactoryImpl - Session factory constructed with filter configurations : {}
[DEBUG] 2021-03-01 17:06:47.447 [main] SessionFactoryImpl - Instantiating session factory with properties: {sun.desktop=gnome, awt.toolkit=sun.awt.X11.XToolkit, java.specification.version=11, sun.cpu.isalist=, hibernate.c3p0.idle_test_period=3000, sun.jnu.encoding=UTF-8, hibernate.c3p0.min_size=5, java.class.path=/home/student/intellij/lib/idea_rt.jar:/home/student/intellij/plugins/junit/lib/junit5-rt.jar:/home/student/intellij/plugins/junit/lib/junit-rt.jar:/home/student/IdeaProjects/BookCollection/target/test-classes:/home/student/IdeaProjects/BookCollection/target/classes:/home/student/.m2/repository/junit/junit/4.12/junit-4.12.jar:/home/student/.m2/repository/org/hamcrest/hamcrest-core/1.3/hamcrest-core-1.3.jar:/home/student/.m2/repository/javax/javaee-web-api/7.0/javaee-web-api-7.0.jar:/home/student/.m2/repository/mysql/mysql-connector-java/8.0.22/mysql-connector-java-8.0.22.jar:/home/student/.m2/repository/com/google/protobuf/protobuf-java/3.11.4/protobuf-java-3.11.4.jar:/home/student/.m2/repository/javax/servlet/jsp/jstl/jstl-api/1.2/jstl-api-1.2.jar:/home/student/.m2/repository/javax/servlet/servlet-api/2.5/servlet-api-2.5.jar:/home/student/.m2/repository/javax/servlet/jsp/jsp-api/2.1/jsp-api-2.1.jar:/home/student/.m2/repository/javax/servlet/jstl/1.2/jstl-1.2.jar:/home/student/.m2/repository/taglibs/standard/1.1.2/standard-1.1.2.jar:/home/student/.m2/repository/org/apache/logging/log4j/log4j-api/2.10.0/log4j-api-2.10.0.jar:/home/student/.m2/repository/org/apache/logging/log4j/log4j-core/2.10.0/log4j-core-2.10.0.jar:/home/student/.m2/repository/org/junit/platform/junit-platform-runner/1.0.0/junit-platform-runner-1.0.0.jar:/home/student/.m2/repository/org/apiguardian/apiguardian-api/1.0.0/apiguardian-api-1.0.0.jar:/home/student/.m2/repository/org/junit/platform/junit-platform-launcher/1.0.0/junit-platform-launcher-1.0.0.jar:/home/student/.m2/repository/org/junit/platform/junit-platform-suite-api/1.0.0/junit-platform-suite-api-1.0.0.jar:/home/student/.m2/repository/org/junit/platform/junit-platform-commons/1.0.0/junit-platform-commons-1.0.0.jar:/home/student/.m2/repository/org/junit/vintage/junit-vintage-engine/4.12.0/junit-vintage-engine-4.12.0.jar:/home/student/.m2/repository/org/junit/platform/junit-platform-engine/1.0.0/junit-platform-engine-1.0.0.jar:/home/student/.m2/repository/org/opentest4j/opentest4j/1.0.0/opentest4j-1.0.0.jar:/home/student/.m2/repository/org/junit/jupiter/junit-jupiter-engine/5.0.0/junit-jupiter-engine-5.0.0.jar:/home/student/.m2/repository/org/junit/jupiter/junit-jupiter-api/5.0.0/junit-jupiter-api-5.0.0.jar:/home/student/.m2/repository/org/hibernate/hibernate-core/5.4.4.Final/hibernate-core-5.4.4.Final.jar:/home/student/.m2/repository/org/jboss/logging/jboss-logging/3.3.2.Final/jboss-logging-3.3.2.Final.jar:/home/student/.m2/repository/javax/persistence/javax.persistence-api/2.2/javax.persistence-api-2.2.jar:/home/student/.m2/repository/org/javassist/javassist/3.24.0-GA/javassist-3.24.0-GA.jar:/home/student/.m2/repository/net/bytebuddy/byte-buddy/1.9.11/byte-buddy-1.9.11.jar:/home/student/.m2/repository/antlr/antlr/2.7.7/antlr-2.7.7.jar:/home/student/.m2/repository/org/jboss/spec/javax/transaction/jboss-transaction-api_1.2_spec/1.1.1.Final/jboss-transaction-api_1.2_spec-1.1.1.Final.jar:/home/student/.m2/repository/org/jboss/jandex/2.0.5.Final/jandex-2.0.5.Final.jar:/home/student/.m2/repository/com/fasterxml/classmate/1.3.4/classmate-1.3.4.jar:/home/student/.m2/repository/javax/activation/javax.activation-api/1.2.0/javax.activation-api-1.2.0.jar:/home/student/.m2/repository/org/dom4j/dom4j/2.1.1/dom4j-2.1.1.jar:/home/student/.m2/repository/org/hibernate/common/hibernate-commons-annotations/5.1.0.Final/hibernate-commons-annotations-5.1.0.Final.jar:/home/student/.m2/repository/javax/xml/bind/jaxb-api/2.3.1/jaxb-api-2.3.1.jar:/home/student/.m2/repository/org/glassfish/jaxb/jaxb-runtime/2.3.1/jaxb-runtime-2.3.1.jar:/home/student/.m2/repository/org/glassfish/jaxb/txw2/2.3.1/txw2-2.3.1.jar:/home/student/.m2/repository/com/sun/istack/istack-commons-runtime/3.0.7/istack-commons-runtime-3.0.7.jar:/home/student/.m2/repository/org/jvnet/staxex/stax-ex/1.8/stax-ex-1.8.jar:/home/student/.m2/repository/com/sun/xml/fastinfoset/FastInfoset/1.2.15/FastInfoset-1.2.15.jar:/home/student/.m2/repository/org/hibernate/hibernate-c3p0/5.4.4.Final/hibernate-c3p0-5.4.4.Final.jar:/home/student/.m2/repository/com/mchange/c3p0/0.9.5.3/c3p0-0.9.5.3.jar:/home/student/.m2/repository/com/mchange/mchange-commons-java/0.2.15/mchange-commons-java-0.2.15.jar, java.vm.vendor=Ubuntu, sun.arch.data.model=64, idea.test.cyclic.buffer.size=1048576, java.vendor.url=https://ubuntu.com/, user.timezone=America/Chicago, os.name=Linux, java.vm.specification.version=11, sun.java.launcher=SUN_STANDARD, user.country=US, sun.boot.library.path=/usr/lib/jvm/java-11-openjdk-amd64/lib, sun.java.command=com.intellij.rt.junit.JUnitStarter -ideVersion5 -junit5 test.persistence.BookDaoTest,getBooksByGenre, jdk.debug=release, sun.cpu.endian=little, user.home=/home/student, hibernate.c3p0.max_statements=50, user.language=en, java.specification.vendor=Oracle Corporation, java.version.date=2021-01-19, java.home=/usr/lib/jvm/java-11-openjdk-amd64, file.separator=/, java.vm.compressedOopsMode=32-bit, line.separator=
, hibernate.c3p0.timeout=300, java.specification.name=Java Platform API Specification, java.vm.specification.vendor=Oracle Corporation, java.awt.graphicsenv=sun.awt.X11GraphicsEnvironment, connection.password=student, sun.management.compiler=HotSpot 64-Bit Tiered Compilers, hibernate.c3p0.max_size=20, java.runtime.version=11.0.10+9-Ubuntu-0ubuntu1.20.04, user.name=student, path.separator=:, hibernate.connection.username=****, os.version=5.4.0-66-generic, java.runtime.name=OpenJDK Runtime Environment, hibernate.connection.url=jdbc:mysql://localhost:3306/test_BookCollection, file.encoding=UTF-8, java.vm.name=OpenJDK 64-Bit Server VM, hibernate.connection.driver_class=com.mysql.cj.jdbc.Driver, java.vendor.url.bug=https://bugs.launchpad.net/ubuntu/+source/openjdk-lts, java.io.tmpdir=/tmp, java.version=11.0.10, user.dir=/home/student/IdeaProjects/BookCollection, os.arch=amd64, connection.username=root, java.vm.specification.name=Java Virtual Machine Specification, java.awt.printerjob=sun.print.PSPrinterJob, hibernate.connection.password=****, sun.os.patch.level=unknown, connection.driver_class=com.mysql.cj.jdbc.Driver, hibernate.boot.CfgXmlAccessService.key=org.hibernate.boot.cfgxml.spi.LoadedConfig@6b6b3572, java.library.path=/usr/java/packages/lib:/usr/lib/x86_64-linux-gnu/jni:/lib/x86_64-linux-gnu:/usr/lib/x86_64-linux-gnu:/usr/lib/jni:/lib:/usr/lib, java.vendor=Ubuntu, java.vm.info=mixed mode, sharing, java.vm.version=11.0.10+9-Ubuntu-0ubuntu1.20.04, hibernate.bytecode.use_reflection_optimizer=false, sun.io.unicode.encoding=UnicodeLittle, connection.url=jdbc:mysql://localhost:3306/test_BookCollection, java.class.version=55.0}
[DEBUG] 2021-03-01 17:06:48.492 [main] TypeSafeActivator - Unable to acquire Bean Validation ValidatorFactory, skipping activation
[DEBUG] 2021-03-01 17:06:48.503 [main] JaccIntegrator - Skipping JACC integration as it was not enabled
[DEBUG] 2021-03-01 17:06:48.630 [main] SessionFactoryImpl - Instantiated session factory
[DEBUG] 2021-03-01 17:06:48.636 [main] TypeConfiguration$Scope - Scoping TypeConfiguration [org.hibernate.type.spi.TypeConfiguration@341672e] to SessionFactoryImpl [org.hibernate.internal.SessionFactoryImpl@459b6c53]
[DEBUG] 2021-03-01 17:06:50.402 [main] ClassLoaderAccessImpl - Not known whether passed class name [User] is safe
[DEBUG] 2021-03-01 17:06:50.417 [main] ClassLoaderAccessImpl - No temp ClassLoader provided; using live ClassLoader for loading potentially unsafe class : User
[DEBUG] 2021-03-01 17:06:50.655 [main] ClassLoaderAccessImpl - Not known whether passed class name [User] is safe
[DEBUG] 2021-03-01 17:06:50.656 [main] ClassLoaderAccessImpl - No temp ClassLoader provided; using live ClassLoader for loading potentially unsafe class : User
[DEBUG] 2021-03-01 17:06:55.683 [main] ClassLoaderAccessImpl - Not known whether passed class name [Genre] is safe
[DEBUG] 2021-03-01 17:06:55.687 [main] ClassLoaderAccessImpl - No temp ClassLoader provided; using live ClassLoader for loading potentially unsafe class : Genre
[DEBUG] 2021-03-01 17:06:55.688 [main] ClassLoaderAccessImpl - Not known whether passed class name [Genre] is safe
[DEBUG] 2021-03-01 17:06:55.688 [main] ClassLoaderAccessImpl - No temp ClassLoader provided; using live ClassLoader for loading potentially unsafe class : Genre
[DEBUG] 2021-03-01 17:06:55.755 [main] ClassLoaderAccessImpl - Not known whether passed class name [Author] is safe
[DEBUG] 2021-03-01 17:06:55.755 [main] ClassLoaderAccessImpl - No temp ClassLoader provided; using live ClassLoader for loading potentially unsafe class : Author
[DEBUG] 2021-03-01 17:06:55.755 [main] ClassLoaderAccessImpl - Not known whether passed class name [Author] is safe
[DEBUG] 2021-03-01 17:06:55.755 [main] ClassLoaderAccessImpl - No temp ClassLoader provided; using live ClassLoader for loading potentially unsafe class : Author
[DEBUG] 2021-03-01 17:06:55.859 [main] ClassLoaderAccessImpl - Not known whether passed class name [Book] is safe
[DEBUG] 2021-03-01 17:06:55.861 [main] ClassLoaderAccessImpl - No temp ClassLoader provided; using live ClassLoader for loading potentially unsafe class : Book
[DEBUG] 2021-03-01 17:06:55.878 [main] ClassLoaderAccessImpl - Not known whether passed class name [Book] is safe
[DEBUG] 2021-03-01 17:06:55.881 [main] ClassLoaderAccessImpl - No temp ClassLoader provided; using live ClassLoader for loading potentially unsafe class : Book
[DEBUG] 2021-03-01 17:06:56.120 [main] AbstractEntityPersister - Static SQL for entity: User
[DEBUG] 2021-03-01 17:06:56.121 [main] AbstractEntityPersister -  Version select: select id from user where id =?
[DEBUG] 2021-03-01 17:06:56.121 [main] AbstractEntityPersister -  Snapshot select: select user_.id, user_.email as email2_3_, user_.first_name as first_na3_3_, user_.last_name as last_nam4_3_, user_.password as password5_3_, user_.username as username6_3_ from user user_ where user_.id=?
[DEBUG] 2021-03-01 17:06:56.121 [main] AbstractEntityPersister -  Insert 0: insert into user (email, first_name, last_name, password, username, id) values (?, ?, ?, ?, ?, ?)
[DEBUG] 2021-03-01 17:06:56.122 [main] AbstractEntityPersister -  Update 0: update user set email=?, first_name=?, last_name=?, password=?, username=? where id=?
[DEBUG] 2021-03-01 17:06:56.123 [main] AbstractEntityPersister -  Delete 0: delete from user where id=?
[DEBUG] 2021-03-01 17:06:56.124 [main] AbstractEntityPersister -  Identity insert: insert into user (email, first_name, last_name, password, username) values (?, ?, ?, ?, ?)
[DEBUG] 2021-03-01 17:06:56.205 [main] QuerySpacesImpl - Adding QuerySpace : uid = <gen:0> -> org.hibernate.loader.plan.build.internal.spaces.EntityQuerySpaceImpl@67f63d26]
[DEBUG] 2021-03-01 17:06:56.206 [main] MetamodelGraphWalker - Visiting attribute path : email
[DEBUG] 2021-03-01 17:06:56.206 [main] MetamodelGraphWalker - Visiting attribute path : firstName
[DEBUG] 2021-03-01 17:06:56.206 [main] MetamodelGraphWalker - Visiting attribute path : lastName
[DEBUG] 2021-03-01 17:06:56.206 [main] MetamodelGraphWalker - Visiting attribute path : password
[DEBUG] 2021-03-01 17:06:56.206 [main] MetamodelGraphWalker - Visiting attribute path : userName
[DEBUG] 2021-03-01 17:06:56.206 [main] FetchStyleLoadPlanBuildingAssociationVisitationStrategy - Building LoadPlan...
[DEBUG] 2021-03-01 17:06:56.245 [main] LoadQueryJoinAndFetchProcessor - processing queryspace <gen:0>
[DEBUG] 2021-03-01 17:06:56.250 [main] LoadPlanTreePrinter - LoadPlan(entity=User)
    - Returns
       - EntityReturnImpl(entity=User, querySpaceUid=<gen:0>, path=User)
    - QuerySpaces
       - EntityQuerySpaceImpl(uid=<gen:0>, entity=User)
          - SQL table alias mapping - user0_
          - alias suffix - 0_
          - suffixed key columns - {id1_3_0_}

[DEBUG] 2021-03-01 17:06:56.257 [main] EntityLoader - Static select for entity User [NONE]: select user0_.id as id1_3_0_, user0_.email as email2_3_0_, user0_.first_name as first_na3_3_0_, user0_.last_name as last_nam4_3_0_, user0_.password as password5_3_0_, user0_.username as username6_3_0_ from user user0_ where user0_.id=?
[DEBUG] 2021-03-01 17:06:56.257 [main] QuerySpacesImpl - Adding QuerySpace : uid = <gen:0> -> org.hibernate.loader.plan.build.internal.spaces.EntityQuerySpaceImpl@3fe512d2]
[DEBUG] 2021-03-01 17:06:56.257 [main] MetamodelGraphWalker - Visiting attribute path : email
[DEBUG] 2021-03-01 17:06:56.257 [main] MetamodelGraphWalker - Visiting attribute path : firstName
[DEBUG] 2021-03-01 17:06:56.257 [main] MetamodelGraphWalker - Visiting attribute path : lastName
[DEBUG] 2021-03-01 17:06:56.258 [main] MetamodelGraphWalker - Visiting attribute path : password
[DEBUG] 2021-03-01 17:06:56.258 [main] MetamodelGraphWalker - Visiting attribute path : userName
[DEBUG] 2021-03-01 17:06:56.258 [main] FetchStyleLoadPlanBuildingAssociationVisitationStrategy - Building LoadPlan...
[DEBUG] 2021-03-01 17:06:56.258 [main] LoadQueryJoinAndFetchProcessor - processing queryspace <gen:0>
[DEBUG] 2021-03-01 17:06:56.258 [main] LoadPlanTreePrinter - LoadPlan(entity=User)
    - Returns
       - EntityReturnImpl(entity=User, querySpaceUid=<gen:0>, path=User)
    - QuerySpaces
       - EntityQuerySpaceImpl(uid=<gen:0>, entity=User)
          - SQL table alias mapping - user0_
          - alias suffix - 0_
          - suffixed key columns - {id1_3_0_}

[DEBUG] 2021-03-01 17:06:56.258 [main] EntityLoader - Static select for entity User [READ]: select user0_.id as id1_3_0_, user0_.email as email2_3_0_, user0_.first_name as first_na3_3_0_, user0_.last_name as last_nam4_3_0_, user0_.password as password5_3_0_, user0_.username as username6_3_0_ from user user0_ where user0_.id=?
[DEBUG] 2021-03-01 17:06:56.293 [main] Loader - Static select for action ACTION_MERGE on entity User: select user0_.id as id1_3_0_, user0_.email as email2_3_0_, user0_.first_name as first_na3_3_0_, user0_.last_name as last_nam4_3_0_, user0_.password as password5_3_0_, user0_.username as username6_3_0_ from user user0_ where user0_.id=?
[DEBUG] 2021-03-01 17:06:56.294 [main] Loader - Static select for action ACTION_REFRESH on entity User: select user0_.id as id1_3_0_, user0_.email as email2_3_0_, user0_.first_name as first_na3_3_0_, user0_.last_name as last_nam4_3_0_, user0_.password as password5_3_0_, user0_.username as username6_3_0_ from user user0_ where user0_.id=?
[DEBUG] 2021-03-01 17:06:56.294 [main] AbstractEntityPersister - Static SQL for entity: Genre
[DEBUG] 2021-03-01 17:06:56.294 [main] AbstractEntityPersister -  Version select: select id from genre where id =?
[DEBUG] 2021-03-01 17:06:56.294 [main] AbstractEntityPersister -  Snapshot select: select genre_.id, genre_.name as name2_2_ from genre genre_ where genre_.id=?
[DEBUG] 2021-03-01 17:06:56.294 [main] AbstractEntityPersister -  Insert 0: insert into genre (name, id) values (?, ?)
[DEBUG] 2021-03-01 17:06:56.294 [main] AbstractEntityPersister -  Update 0: update genre set name=? where id=?
[DEBUG] 2021-03-01 17:06:56.294 [main] AbstractEntityPersister -  Delete 0: delete from genre where id=?
[DEBUG] 2021-03-01 17:06:56.299 [main] AbstractEntityPersister -  Identity insert: insert into genre (name) values (?)
[DEBUG] 2021-03-01 17:06:56.301 [main] QuerySpacesImpl - Adding QuerySpace : uid = <gen:0> -> org.hibernate.loader.plan.build.internal.spaces.EntityQuerySpaceImpl@59838256]
[DEBUG] 2021-03-01 17:06:56.301 [main] MetamodelGraphWalker - Visiting attribute path : name
[DEBUG] 2021-03-01 17:06:56.301 [main] FetchStyleLoadPlanBuildingAssociationVisitationStrategy - Building LoadPlan...
[DEBUG] 2021-03-01 17:06:56.301 [main] LoadQueryJoinAndFetchProcessor - processing queryspace <gen:0>
[DEBUG] 2021-03-01 17:06:56.302 [main] LoadPlanTreePrinter - LoadPlan(entity=Genre)
    - Returns
       - EntityReturnImpl(entity=Genre, querySpaceUid=<gen:0>, path=Genre)
    - QuerySpaces
       - EntityQuerySpaceImpl(uid=<gen:0>, entity=Genre)
          - SQL table alias mapping - genre0_
          - alias suffix - 0_
          - suffixed key columns - {id1_2_0_}

[DEBUG] 2021-03-01 17:06:56.302 [main] EntityLoader - Static select for entity Genre [NONE]: select genre0_.id as id1_2_0_, genre0_.name as name2_2_0_ from genre genre0_ where genre0_.id=?
[DEBUG] 2021-03-01 17:06:56.302 [main] QuerySpacesImpl - Adding QuerySpace : uid = <gen:0> -> org.hibernate.loader.plan.build.internal.spaces.EntityQuerySpaceImpl@5ae15]
[DEBUG] 2021-03-01 17:06:56.302 [main] MetamodelGraphWalker - Visiting attribute path : name
[DEBUG] 2021-03-01 17:06:56.302 [main] FetchStyleLoadPlanBuildingAssociationVisitationStrategy - Building LoadPlan...
[DEBUG] 2021-03-01 17:06:56.309 [main] LoadQueryJoinAndFetchProcessor - processing queryspace <gen:0>
[DEBUG] 2021-03-01 17:06:56.312 [main] LoadPlanTreePrinter - LoadPlan(entity=Genre)
    - Returns
       - EntityReturnImpl(entity=Genre, querySpaceUid=<gen:0>, path=Genre)
    - QuerySpaces
       - EntityQuerySpaceImpl(uid=<gen:0>, entity=Genre)
          - SQL table alias mapping - genre0_
          - alias suffix - 0_
          - suffixed key columns - {id1_2_0_}

[DEBUG] 2021-03-01 17:06:56.312 [main] EntityLoader - Static select for entity Genre [READ]: select genre0_.id as id1_2_0_, genre0_.name as name2_2_0_ from genre genre0_ where genre0_.id=?
[DEBUG] 2021-03-01 17:06:56.313 [main] Loader - Static select for action ACTION_MERGE on entity Genre: select genre0_.id as id1_2_0_, genre0_.name as name2_2_0_ from genre genre0_ where genre0_.id=?
[DEBUG] 2021-03-01 17:06:56.314 [main] Loader - Static select for action ACTION_REFRESH on entity Genre: select genre0_.id as id1_2_0_, genre0_.name as name2_2_0_ from genre genre0_ where genre0_.id=?
[DEBUG] 2021-03-01 17:06:56.314 [main] AbstractEntityPersister - Static SQL for entity: Author
[DEBUG] 2021-03-01 17:06:56.314 [main] AbstractEntityPersister -  Version select: select id from author where id =?
[DEBUG] 2021-03-01 17:06:56.314 [main] AbstractEntityPersister -  Snapshot select: select author_.id, author_.first_name as first_na2_0_, author_.last_name as last_nam3_0_ from author author_ where author_.id=?
[DEBUG] 2021-03-01 17:06:56.314 [main] AbstractEntityPersister -  Insert 0: insert into author (first_name, last_name, id) values (?, ?, ?)
[DEBUG] 2021-03-01 17:06:56.314 [main] AbstractEntityPersister -  Update 0: update author set first_name=?, last_name=? where id=?
[DEBUG] 2021-03-01 17:06:56.314 [main] AbstractEntityPersister -  Delete 0: delete from author where id=?
[DEBUG] 2021-03-01 17:06:56.314 [main] AbstractEntityPersister -  Identity insert: insert into author (first_name, last_name) values (?, ?)
[DEBUG] 2021-03-01 17:06:56.314 [main] QuerySpacesImpl - Adding QuerySpace : uid = <gen:0> -> org.hibernate.loader.plan.build.internal.spaces.EntityQuerySpaceImpl@12219f6a]
[DEBUG] 2021-03-01 17:06:56.314 [main] MetamodelGraphWalker - Visiting attribute path : firstName
[DEBUG] 2021-03-01 17:06:56.314 [main] MetamodelGraphWalker - Visiting attribute path : lastName
[DEBUG] 2021-03-01 17:06:56.314 [main] FetchStyleLoadPlanBuildingAssociationVisitationStrategy - Building LoadPlan...
[DEBUG] 2021-03-01 17:06:56.315 [main] LoadQueryJoinAndFetchProcessor - processing queryspace <gen:0>
[DEBUG] 2021-03-01 17:06:56.315 [main] LoadPlanTreePrinter - LoadPlan(entity=Author)
    - Returns
       - EntityReturnImpl(entity=Author, querySpaceUid=<gen:0>, path=Author)
    - QuerySpaces
       - EntityQuerySpaceImpl(uid=<gen:0>, entity=Author)
          - SQL table alias mapping - author0_
          - alias suffix - 0_
          - suffixed key columns - {id1_0_0_}

[DEBUG] 2021-03-01 17:06:56.315 [main] EntityLoader - Static select for entity Author [NONE]: select author0_.id as id1_0_0_, author0_.first_name as first_na2_0_0_, author0_.last_name as last_nam3_0_0_ from author author0_ where author0_.id=?
[DEBUG] 2021-03-01 17:06:56.315 [main] QuerySpacesImpl - Adding QuerySpace : uid = <gen:0> -> org.hibernate.loader.plan.build.internal.spaces.EntityQuerySpaceImpl@7f0b93b4]
[DEBUG] 2021-03-01 17:06:56.315 [main] MetamodelGraphWalker - Visiting attribute path : firstName
[DEBUG] 2021-03-01 17:06:56.315 [main] MetamodelGraphWalker - Visiting attribute path : lastName
[DEBUG] 2021-03-01 17:06:56.315 [main] FetchStyleLoadPlanBuildingAssociationVisitationStrategy - Building LoadPlan...
[DEBUG] 2021-03-01 17:06:56.315 [main] LoadQueryJoinAndFetchProcessor - processing queryspace <gen:0>
[DEBUG] 2021-03-01 17:06:56.315 [main] LoadPlanTreePrinter - LoadPlan(entity=Author)
    - Returns
       - EntityReturnImpl(entity=Author, querySpaceUid=<gen:0>, path=Author)
    - QuerySpaces
       - EntityQuerySpaceImpl(uid=<gen:0>, entity=Author)
          - SQL table alias mapping - author0_
          - alias suffix - 0_
          - suffixed key columns - {id1_0_0_}

[DEBUG] 2021-03-01 17:06:56.316 [main] EntityLoader - Static select for entity Author [READ]: select author0_.id as id1_0_0_, author0_.first_name as first_na2_0_0_, author0_.last_name as last_nam3_0_0_ from author author0_ where author0_.id=?
[DEBUG] 2021-03-01 17:06:56.316 [main] Loader - Static select for action ACTION_MERGE on entity Author: select author0_.id as id1_0_0_, author0_.first_name as first_na2_0_0_, author0_.last_name as last_nam3_0_0_ from author author0_ where author0_.id=?
[DEBUG] 2021-03-01 17:06:56.316 [main] Loader - Static select for action ACTION_REFRESH on entity Author: select author0_.id as id1_0_0_, author0_.first_name as first_na2_0_0_, author0_.last_name as last_nam3_0_0_ from author author0_ where author0_.id=?
[DEBUG] 2021-03-01 17:06:56.322 [main] AbstractEntityPersister - Static SQL for entity: Book
[DEBUG] 2021-03-01 17:06:56.322 [main] AbstractEntityPersister -  Version select: select id from book where id =?
[DEBUG] 2021-03-01 17:06:56.322 [main] AbstractEntityPersister -  Snapshot select: select book_.id, book_.author_id as author_i4_1_, book_.genre_id as genre_id5_1_, book_.isbn as isbn2_1_, book_.title as title3_1_, book_.user_id as user_id6_1_ from book book_ where book_.id=?
[DEBUG] 2021-03-01 17:06:56.328 [main] AbstractEntityPersister -  Insert 0: insert into book (author_id, genre_id, isbn, title, user_id, id) values (?, ?, ?, ?, ?, ?)
[DEBUG] 2021-03-01 17:06:56.328 [main] AbstractEntityPersister -  Update 0: update book set author_id=?, genre_id=?, isbn=?, title=?, user_id=? where id=?
[DEBUG] 2021-03-01 17:06:56.328 [main] AbstractEntityPersister -  Delete 0: delete from book where id=?
[DEBUG] 2021-03-01 17:06:56.328 [main] AbstractEntityPersister -  Identity insert: insert into book (author_id, genre_id, isbn, title, user_id) values (?, ?, ?, ?, ?)
[DEBUG] 2021-03-01 17:06:56.328 [main] QuerySpacesImpl - Adding QuerySpace : uid = <gen:0> -> org.hibernate.loader.plan.build.internal.spaces.EntityQuerySpaceImpl@1f736d00]
[DEBUG] 2021-03-01 17:06:56.328 [main] MetamodelGraphWalker - Visiting attribute path : author
[DEBUG] 2021-03-01 17:06:56.335 [main] QuerySpacesImpl - Adding QuerySpace : uid = <gen:1> -> org.hibernate.loader.plan.build.internal.spaces.EntityQuerySpaceImpl@35adf623]
[DEBUG] 2021-03-01 17:06:56.336 [main] MetamodelGraphWalker - Visiting attribute path : author.firstName
[DEBUG] 2021-03-01 17:06:56.336 [main] MetamodelGraphWalker - Visiting attribute path : author.lastName
[DEBUG] 2021-03-01 17:06:56.337 [main] MetamodelGraphWalker - Visiting attribute path : genre
[DEBUG] 2021-03-01 17:06:56.337 [main] QuerySpacesImpl - Adding QuerySpace : uid = <gen:2> -> org.hibernate.loader.plan.build.internal.spaces.EntityQuerySpaceImpl@1c8f6c66]
[DEBUG] 2021-03-01 17:06:56.337 [main] MetamodelGraphWalker - Visiting attribute path : genre.name
[DEBUG] 2021-03-01 17:06:56.337 [main] MetamodelGraphWalker - Visiting attribute path : isbn
[DEBUG] 2021-03-01 17:06:56.337 [main] MetamodelGraphWalker - Visiting attribute path : title
[DEBUG] 2021-03-01 17:06:56.337 [main] MetamodelGraphWalker - Visiting attribute path : user
[DEBUG] 2021-03-01 17:06:56.337 [main] QuerySpacesImpl - Adding QuerySpace : uid = <gen:3> -> org.hibernate.loader.plan.build.internal.spaces.EntityQuerySpaceImpl@1b7f06c7]
[DEBUG] 2021-03-01 17:06:56.337 [main] MetamodelGraphWalker - Visiting attribute path : user.email
[DEBUG] 2021-03-01 17:06:56.337 [main] MetamodelGraphWalker - Visiting attribute path : user.firstName
[DEBUG] 2021-03-01 17:06:56.338 [main] MetamodelGraphWalker - Visiting attribute path : user.lastName
[DEBUG] 2021-03-01 17:06:56.338 [main] MetamodelGraphWalker - Visiting attribute path : user.password
[DEBUG] 2021-03-01 17:06:56.338 [main] MetamodelGraphWalker - Visiting attribute path : user.userName
[DEBUG] 2021-03-01 17:06:56.338 [main] FetchStyleLoadPlanBuildingAssociationVisitationStrategy - Building LoadPlan...
[DEBUG] 2021-03-01 17:06:56.338 [main] LoadQueryJoinAndFetchProcessor - processing queryspace <gen:0>
[DEBUG] 2021-03-01 17:06:56.341 [main] LoadPlanTreePrinter - LoadPlan(entity=Book)
    - Returns
       - EntityReturnImpl(entity=Book, querySpaceUid=<gen:0>, path=Book)
          - EntityAttributeFetchImpl(entity=Author, querySpaceUid=<gen:1>, path=Book.author)
          - EntityAttributeFetchImpl(entity=Genre, querySpaceUid=<gen:2>, path=Book.genre)
          - EntityAttributeFetchImpl(entity=User, querySpaceUid=<gen:3>, path=Book.user)
    - QuerySpaces
       - EntityQuerySpaceImpl(uid=<gen:0>, entity=Book)
          - SQL table alias mapping - book0_
          - alias suffix - 0_
          - suffixed key columns - {id1_1_0_}
          - JOIN (JoinDefinedByMetadata(author)) : <gen:0> -> <gen:1>
             - EntityQuerySpaceImpl(uid=<gen:1>, entity=Author)
                - SQL table alias mapping - author1_
                - alias suffix - 1_
                - suffixed key columns - {id1_0_1_}
          - JOIN (JoinDefinedByMetadata(genre)) : <gen:0> -> <gen:2>
             - EntityQuerySpaceImpl(uid=<gen:2>, entity=Genre)
                - SQL table alias mapping - genre2_
                - alias suffix - 2_
                - suffixed key columns - {id1_2_2_}
          - JOIN (JoinDefinedByMetadata(user)) : <gen:0> -> <gen:3>
             - EntityQuerySpaceImpl(uid=<gen:3>, entity=User)
                - SQL table alias mapping - user3_
                - alias suffix - 3_
                - suffixed key columns - {id1_3_3_}

[DEBUG] 2021-03-01 17:06:56.353 [main] EntityLoader - Static select for entity Book [NONE]: select book0_.id as id1_1_0_, book0_.author_id as author_i4_1_0_, book0_.genre_id as genre_id5_1_0_, book0_.isbn as isbn2_1_0_, book0_.title as title3_1_0_, book0_.user_id as user_id6_1_0_, author1_.id as id1_0_1_, author1_.first_name as first_na2_0_1_, author1_.last_name as last_nam3_0_1_, genre2_.id as id1_2_2_, genre2_.name as name2_2_2_, user3_.id as id1_3_3_, user3_.email as email2_3_3_, user3_.first_name as first_na3_3_3_, user3_.last_name as last_nam4_3_3_, user3_.password as password5_3_3_, user3_.username as username6_3_3_ from book book0_ left outer join author author1_ on book0_.author_id=author1_.id left outer join genre genre2_ on book0_.genre_id=genre2_.id left outer join user user3_ on book0_.user_id=user3_.id where book0_.id=?
[DEBUG] 2021-03-01 17:06:56.353 [main] QuerySpacesImpl - Adding QuerySpace : uid = <gen:0> -> org.hibernate.loader.plan.build.internal.spaces.EntityQuerySpaceImpl@feb098f]
[DEBUG] 2021-03-01 17:06:56.354 [main] MetamodelGraphWalker - Visiting attribute path : author
[DEBUG] 2021-03-01 17:06:56.354 [main] QuerySpacesImpl - Adding QuerySpace : uid = <gen:1> -> org.hibernate.loader.plan.build.internal.spaces.EntityQuerySpaceImpl@31e739bf]
[DEBUG] 2021-03-01 17:06:56.354 [main] MetamodelGraphWalker - Visiting attribute path : author.firstName
[DEBUG] 2021-03-01 17:06:56.355 [main] MetamodelGraphWalker - Visiting attribute path : author.lastName
[DEBUG] 2021-03-01 17:06:56.355 [main] MetamodelGraphWalker - Visiting attribute path : genre
[DEBUG] 2021-03-01 17:06:56.356 [main] QuerySpacesImpl - Adding QuerySpace : uid = <gen:2> -> org.hibernate.loader.plan.build.internal.spaces.EntityQuerySpaceImpl@7e7743ec]
[DEBUG] 2021-03-01 17:06:56.356 [main] MetamodelGraphWalker - Visiting attribute path : genre.name
[DEBUG] 2021-03-01 17:06:56.360 [main] MetamodelGraphWalker - Visiting attribute path : isbn
[DEBUG] 2021-03-01 17:06:56.360 [main] MetamodelGraphWalker - Visiting attribute path : title
[DEBUG] 2021-03-01 17:06:56.364 [main] MetamodelGraphWalker - Visiting attribute path : user
[DEBUG] 2021-03-01 17:06:56.364 [main] QuerySpacesImpl - Adding QuerySpace : uid = <gen:3> -> org.hibernate.loader.plan.build.internal.spaces.EntityQuerySpaceImpl@7f42e06e]
[DEBUG] 2021-03-01 17:06:56.364 [main] MetamodelGraphWalker - Visiting attribute path : user.email
[DEBUG] 2021-03-01 17:06:56.364 [main] MetamodelGraphWalker - Visiting attribute path : user.firstName
[DEBUG] 2021-03-01 17:06:56.364 [main] MetamodelGraphWalker - Visiting attribute path : user.lastName
[DEBUG] 2021-03-01 17:06:56.364 [main] MetamodelGraphWalker - Visiting attribute path : user.password
[DEBUG] 2021-03-01 17:06:56.364 [main] MetamodelGraphWalker - Visiting attribute path : user.userName
[DEBUG] 2021-03-01 17:06:56.364 [main] FetchStyleLoadPlanBuildingAssociationVisitationStrategy - Building LoadPlan...
[DEBUG] 2021-03-01 17:06:56.366 [main] LoadQueryJoinAndFetchProcessor - processing queryspace <gen:0>
[DEBUG] 2021-03-01 17:06:56.390 [main] LoadPlanTreePrinter - LoadPlan(entity=Book)
    - Returns
       - EntityReturnImpl(entity=Book, querySpaceUid=<gen:0>, path=Book)
          - EntityAttributeFetchImpl(entity=Author, querySpaceUid=<gen:1>, path=Book.author)
          - EntityAttributeFetchImpl(entity=Genre, querySpaceUid=<gen:2>, path=Book.genre)
          - EntityAttributeFetchImpl(entity=User, querySpaceUid=<gen:3>, path=Book.user)
    - QuerySpaces
       - EntityQuerySpaceImpl(uid=<gen:0>, entity=Book)
          - SQL table alias mapping - book0_
          - alias suffix - 0_
          - suffixed key columns - {id1_1_0_}
          - JOIN (JoinDefinedByMetadata(author)) : <gen:0> -> <gen:1>
             - EntityQuerySpaceImpl(uid=<gen:1>, entity=Author)
                - SQL table alias mapping - author1_
                - alias suffix - 1_
                - suffixed key columns - {id1_0_1_}
          - JOIN (JoinDefinedByMetadata(genre)) : <gen:0> -> <gen:2>
             - EntityQuerySpaceImpl(uid=<gen:2>, entity=Genre)
                - SQL table alias mapping - genre2_
                - alias suffix - 2_
                - suffixed key columns - {id1_2_2_}
          - JOIN (JoinDefinedByMetadata(user)) : <gen:0> -> <gen:3>
             - EntityQuerySpaceImpl(uid=<gen:3>, entity=User)
                - SQL table alias mapping - user3_
                - alias suffix - 3_
                - suffixed key columns - {id1_3_3_}

[DEBUG] 2021-03-01 17:06:56.417 [main] EntityLoader - Static select for entity Book [READ]: select book0_.id as id1_1_0_, book0_.author_id as author_i4_1_0_, book0_.genre_id as genre_id5_1_0_, book0_.isbn as isbn2_1_0_, book0_.title as title3_1_0_, book0_.user_id as user_id6_1_0_, author1_.id as id1_0_1_, author1_.first_name as first_na2_0_1_, author1_.last_name as last_nam3_0_1_, genre2_.id as id1_2_2_, genre2_.name as name2_2_2_, user3_.id as id1_3_3_, user3_.email as email2_3_3_, user3_.first_name as first_na3_3_3_, user3_.last_name as last_nam4_3_3_, user3_.password as password5_3_3_, user3_.username as username6_3_3_ from book book0_ left outer join author author1_ on book0_.author_id=author1_.id left outer join genre genre2_ on book0_.genre_id=genre2_.id left outer join user user3_ on book0_.user_id=user3_.id where book0_.id=?
[DEBUG] 2021-03-01 17:06:56.424 [main] Loader - Static select for action ACTION_MERGE on entity Book: select book0_.id as id1_1_0_, book0_.author_id as author_i4_1_0_, book0_.genre_id as genre_id5_1_0_, book0_.isbn as isbn2_1_0_, book0_.title as title3_1_0_, book0_.user_id as user_id6_1_0_ from book book0_ where book0_.id=?
[DEBUG] 2021-03-01 17:06:56.428 [main] Loader - Static select for action ACTION_REFRESH on entity Book: select book0_.id as id1_1_0_, book0_.author_id as author_i4_1_0_, book0_.genre_id as genre_id5_1_0_, book0_.isbn as isbn2_1_0_, book0_.title as title3_1_0_, book0_.user_id as user_id6_1_0_ from book book0_ where book0_.id=?
[DEBUG] 2021-03-01 17:06:56.626 [main] SchemaManagementToolCoordinator - No actions specified; doing nothing
[DEBUG] 2021-03-01 17:06:56.627 [main] JtaPlatformInitiator - No JtaPlatform was specified, checking resolver
[DEBUG] 2021-03-01 17:06:56.630 [main] JtaPlatformResolverInitiator - No JtaPlatformResolver was specified, using default [org.hibernate.engine.transaction.jta.platform.internal.StandardJtaPlatformResolver]
[DEBUG] 2021-03-01 17:06:56.654 [main] StandardJtaPlatformResolver - Could not resolve JtaPlatform, using default [org.hibernate.engine.transaction.jta.platform.internal.NoJtaPlatform]
[INFO ] 2021-03-01 17:06:56.654 [main] JtaPlatformInitiator - HHH000490: Using JtaPlatform implementation: [org.hibernate.engine.transaction.jta.platform.internal.NoJtaPlatform]
[DEBUG] 2021-03-01 17:06:56.689 [main] NamedQueryRepository - Checking 0 named HQL queries
[DEBUG] 2021-03-01 17:06:56.689 [main] NamedQueryRepository - Checking 0 named SQL queries
[DEBUG] 2021-03-01 17:06:56.723 [main] SessionFactoryRegistry - Initializing SessionFactoryRegistry : org.hibernate.internal.SessionFactoryRegistry@4a058df8
[DEBUG] 2021-03-01 17:06:56.734 [main] SessionFactoryRegistry - Registering SessionFactory: 24ef5820-95c8-48d4-a858-6e36d6f42ef9 (<unnamed>)
[DEBUG] 2021-03-01 17:06:56.734 [main] SessionFactoryRegistry - Not binding SessionFactory to JNDI, no JNDI name configured
[DEBUG] 2021-03-01 17:07:00.134 [main] StatisticsInitiator - Statistics initialized [enabled=false]
[DEBUG] 2021-03-01 17:07:00.320 [main] SQL - select genre0_.id as id1_2_0_, genre0_.name as name2_2_0_ from genre genre0_ where genre0_.id=?
[DEBUG] 2021-03-01 17:07:00.574 [main] ResultSetProcessorImpl - Starting ResultSet row #0
[DEBUG] 2021-03-01 17:07:00.575 [main] EntityReferenceInitializerImpl - On call to EntityIdentifierReaderImpl#resolve, EntityKey was already known; should only happen on root returns with an optional identifier specified
[DEBUG] 2021-03-01 17:07:00.639 [main] TwoPhaseLoad - Resolving attributes for [Genre#1]
[DEBUG] 2021-03-01 17:07:00.683 [main] TwoPhaseLoad - Processing attribute `name` : value = Young Adult
[DEBUG] 2021-03-01 17:07:00.690 [main] TwoPhaseLoad - Attribute (`name`)  - enhanced for lazy-loading? - false
[DEBUG] 2021-03-01 17:07:00.698 [main] TwoPhaseLoad - Done materializing entity [Genre#1]
[DEBUG] 2021-03-01 17:07:00.701 [main] ResourceRegistryStandardImpl - HHH000387: ResultSet's statement was not registered
[DEBUG] 2021-03-01 17:07:00.709 [main] AbstractLoadPlanBasedEntityLoader - Done entity load : Genre#1
[DEBUG] 2021-03-01 17:07:00.709 [main] LogicalConnectionManagedImpl - Initiating JDBC connection release from afterTransaction
[DEBUG] 2021-03-01 17:07:00.821 [main] CriteriaQueryImpl - Rendered criteria query -> select generatedAlias0 from Book as generatedAlias0 where generatedAlias0.genre=2
[DEBUG] 2021-03-01 17:07:00.933 [main] QueryTranslatorFactoryInitiator - QueryTranslatorFactory: org.hibernate.hql.internal.ast.ASTQueryTranslatorFactory@5287ba5f
[DEBUG] 2021-03-01 17:07:01.242 [main] QueryTranslatorImpl - parse() - HQL: select generatedAlias0 from Book as generatedAlias0 where generatedAlias0.genre=2
[DEBUG] 2021-03-01 17:07:01.408 [main] ErrorTracker - throwQueryException() : no errors
[DEBUG] 2021-03-01 17:07:01.946 [main] QueryTranslatorImpl - --- HQL AST ---
 \-[QUERY] Node: 'query'
    +-[SELECT_FROM] Node: 'SELECT_FROM'
    |  +-[FROM] Node: 'from'
    |  |  \-[RANGE] Node: 'RANGE'
    |  |     +-[DOT] Node: '.'
    |  |     |  +-[IDENT] Node: 'entity'
    |  |     |  \-[IDENT] Node: 'Book'
    |  |     \-[ALIAS] Node: 'generatedAlias0'
    |  \-[SELECT] Node: 'select'
    |     \-[IDENT] Node: 'generatedAlias0'
    \-[WHERE] Node: 'where'
       \-[EQ] Node: '='
          +-[DOT] Node: '.'
          |  +-[IDENT] Node: 'generatedAlias0'
          |  \-[IDENT] Node: 'genre'
          \-[NUM_INT] Node: '2'

[DEBUG] 2021-03-01 17:07:06.973 [main] HqlSqlBaseWalker - select << begin [level=1, statement=select]
[DEBUG] 2021-03-01 17:07:15.127 [main] FromElement - FromClause{level=1} : Book (generatedAlias0) -> book0_
[DEBUG] 2021-03-01 17:07:15.402 [main] FromReferenceNode - Resolved : generatedAlias0 -> book0_.id
[DEBUG] 2021-03-01 17:07:15.716 [main] FromReferenceNode - Resolved : generatedAlias0 -> book0_.id
[DEBUG] 2021-03-01 17:07:16.161 [main] DotNode - getDataType() : genre -> org.hibernate.type.ManyToOneType(Genre)
[DEBUG] 2021-03-01 17:07:16.226 [main] DotNode - dereferenceShortcut() : property genre in Book does not require a join.
[DEBUG] 2021-03-01 17:07:16.228 [main] DotNode - Terminal getPropertyPath = [genre]
[DEBUG] 2021-03-01 17:07:16.237 [main] FromReferenceNode - Resolved : generatedAlias0.genre -> book0_.genre_id
[DEBUG] 2021-03-01 17:07:16.329 [main] HqlSqlBaseWalker - select : finishing up [level=1, statement=select]
[DEBUG] 2021-03-01 17:07:16.372 [main] HqlSqlWalker - processQuery() :  ( SELECT ( {select clause} book0_.id ) ( FromClause{level=1} book book0_ ) ( where ( = ( book0_.genre_id book0_.id genre ) 2 ) ) )
[DEBUG] 2021-03-01 17:07:16.753 [main] JoinProcessor - Using FROM fragment [book book0_]
[DEBUG] 2021-03-01 17:07:16.765 [main] HqlSqlBaseWalker - select >> end [level=1, statement=select]
[DEBUG] 2021-03-01 17:07:16.778 [main] QueryTranslatorImpl - --- SQL AST ---
 \-[SELECT] QueryNode: 'SELECT'  querySpaces (book)
    +-[SELECT_CLAUSE] SelectClause: '{select clause}'
    |  +-[ALIAS_REF] IdentNode: 'book0_.id as id1_1_' {alias=generatedAlias0, className=Book, tableAlias=book0_}
    |  \-[SQL_TOKEN] SqlFragment: 'book0_.author_id as author_i4_1_, book0_.genre_id as genre_id5_1_, book0_.isbn as isbn2_1_, book0_.title as title3_1_, book0_.user_id as user_id6_1_'
    +-[FROM] FromClause: 'from' FromClause{level=1, fromElementCounter=1, fromElements=1, fromElementByClassAlias=[generatedAlias0], fromElementByTableAlias=[book0_], fromElementsByPath=[], collectionJoinFromElementsByPath=[], impliedElements=[]}
    |  \-[FROM_FRAGMENT] FromElement: 'book book0_' FromElement{explicit,not a collection join,not a fetch join,fetch non-lazy properties,classAlias=generatedAlias0,role=null,tableName=book,tableAlias=book0_,origin=null,columns={,className=Book}}
    \-[WHERE] SqlNode: 'where'
       \-[EQ] BinaryLogicOperatorNode: '='
          +-[DOT] DotNode: 'book0_.genre_id' {propertyName=genre,dereferenceType=UNKNOWN,getPropertyPath=genre,path=generatedAlias0.genre,tableAlias=book0_,className=Book,classAlias=generatedAlias0}
          |  +-[ALIAS_REF] IdentNode: 'book0_.id' {alias=generatedAlias0, className=Book, tableAlias=book0_}
          |  \-[IDENT] IdentNode: 'genre' {originalText=genre}
          \-[NUM_INT] LiteralNode: '2'

[DEBUG] 2021-03-01 17:07:16.778 [main] ErrorTracker - throwQueryException() : no errors
[DEBUG] 2021-03-01 17:07:16.867 [main] QueryTranslatorImpl - HQL: select generatedAlias0 from Book as generatedAlias0 where generatedAlias0.genre=2
[DEBUG] 2021-03-01 17:07:16.872 [main] QueryTranslatorImpl - SQL: select book0_.id as id1_1_, book0_.author_id as author_i4_1_, book0_.genre_id as genre_id5_1_, book0_.isbn as isbn2_1_, book0_.title as title3_1_, book0_.user_id as user_id6_1_ from book book0_ where book0_.genre_id=2
[DEBUG] 2021-03-01 17:07:16.872 [main] ErrorTracker - throwQueryException() : no errors
[DEBUG] 2021-03-01 17:07:17.045 [main] SQL - select book0_.id as id1_1_, book0_.author_id as author_i4_1_, book0_.genre_id as genre_id5_1_, book0_.isbn as isbn2_1_, book0_.title as title3_1_, book0_.user_id as user_id6_1_ from book book0_ where book0_.genre_id=2
[DEBUG] 2021-03-01 17:07:17.245 [main] Loader - Result set row: 0
[DEBUG] 2021-03-01 17:07:17.285 [main] Loader - Result row: EntityKey[Book#2]
[DEBUG] 2021-03-01 17:07:17.308 [main] TwoPhaseLoad - Resolving attributes for [Book#2]
[DEBUG] 2021-03-01 17:07:17.326 [main] TwoPhaseLoad - Processing attribute `author` : value = 4
[DEBUG] 2021-03-01 17:07:17.329 [main] TwoPhaseLoad - Attribute (`author`)  - enhanced for lazy-loading? - false
[DEBUG] 2021-03-01 17:07:17.330 [main] SQL - select author0_.id as id1_0_0_, author0_.first_name as first_na2_0_0_, author0_.last_name as last_nam3_0_0_ from author author0_ where author0_.id=?
[DEBUG] 2021-03-01 17:07:17.350 [main] ResultSetProcessorImpl - Starting ResultSet row #0
[DEBUG] 2021-03-01 17:07:17.366 [main] EntityReferenceInitializerImpl - On call to EntityIdentifierReaderImpl#resolve, EntityKey was already known; should only happen on root returns with an optional identifier specified
[DEBUG] 2021-03-01 17:07:17.388 [main] TwoPhaseLoad - Resolving attributes for [Author#4]
[DEBUG] 2021-03-01 17:07:17.403 [main] TwoPhaseLoad - Processing attribute `firstName` : value = Brandon
[DEBUG] 2021-03-01 17:07:17.403 [main] TwoPhaseLoad - Attribute (`firstName`)  - enhanced for lazy-loading? - false
[DEBUG] 2021-03-01 17:07:17.403 [main] TwoPhaseLoad - Processing attribute `lastName` : value = Sanderson
[DEBUG] 2021-03-01 17:07:17.403 [main] TwoPhaseLoad - Attribute (`lastName`)  - enhanced for lazy-loading? - false
[DEBUG] 2021-03-01 17:07:17.445 [main] TwoPhaseLoad - Done materializing entity [Author#4]
[DEBUG] 2021-03-01 17:07:17.445 [main] ResourceRegistryStandardImpl - HHH000387: ResultSet's statement was not registered
[DEBUG] 2021-03-01 17:07:17.453 [main] AbstractLoadPlanBasedEntityLoader - Done entity load : Author#4
[DEBUG] 2021-03-01 17:07:17.465 [main] TwoPhaseLoad - Processing attribute `genre` : value = 2
[DEBUG] 2021-03-01 17:07:17.465 [main] TwoPhaseLoad - Attribute (`genre`)  - enhanced for lazy-loading? - false
[DEBUG] 2021-03-01 17:07:17.465 [main] SQL - select genre0_.id as id1_2_0_, genre0_.name as name2_2_0_ from genre genre0_ where genre0_.id=?
[DEBUG] 2021-03-01 17:07:17.483 [main] ResultSetProcessorImpl - Starting ResultSet row #0
[DEBUG] 2021-03-01 17:07:17.483 [main] EntityReferenceInitializerImpl - On call to EntityIdentifierReaderImpl#resolve, EntityKey was already known; should only happen on root returns with an optional identifier specified
[DEBUG] 2021-03-01 17:07:17.484 [main] TwoPhaseLoad - Resolving attributes for [Genre#2]
[DEBUG] 2021-03-01 17:07:17.484 [main] TwoPhaseLoad - Processing attribute `name` : value = Science Fiction
[DEBUG] 2021-03-01 17:07:17.484 [main] TwoPhaseLoad - Attribute (`name`)  - enhanced for lazy-loading? - false
[DEBUG] 2021-03-01 17:07:17.484 [main] TwoPhaseLoad - Done materializing entity [Genre#2]
[DEBUG] 2021-03-01 17:07:17.484 [main] ResourceRegistryStandardImpl - HHH000387: ResultSet's statement was not registered
[DEBUG] 2021-03-01 17:07:17.484 [main] AbstractLoadPlanBasedEntityLoader - Done entity load : Genre#2
[DEBUG] 2021-03-01 17:07:17.484 [main] TwoPhaseLoad - Processing attribute `isbn` : value = 978-0765365279
[DEBUG] 2021-03-01 17:07:17.484 [main] TwoPhaseLoad - Attribute (`isbn`)  - enhanced for lazy-loading? - false
[DEBUG] 2021-03-01 17:07:17.484 [main] TwoPhaseLoad - Processing attribute `title` : value = The Way of Kings
[DEBUG] 2021-03-01 17:07:17.484 [main] TwoPhaseLoad - Attribute (`title`)  - enhanced for lazy-loading? - false
[DEBUG] 2021-03-01 17:07:17.484 [main] TwoPhaseLoad - Processing attribute `user` : value = 4
[DEBUG] 2021-03-01 17:07:17.484 [main] TwoPhaseLoad - Attribute (`user`)  - enhanced for lazy-loading? - false
[DEBUG] 2021-03-01 17:07:17.484 [main] SQL - select user0_.id as id1_3_0_, user0_.email as email2_3_0_, user0_.first_name as first_na3_3_0_, user0_.last_name as last_nam4_3_0_, user0_.password as password5_3_0_, user0_.username as username6_3_0_ from user user0_ where user0_.id=?
[DEBUG] 2021-03-01 17:07:17.514 [main] ResultSetProcessorImpl - Starting ResultSet row #0
[DEBUG] 2021-03-01 17:07:17.515 [main] EntityReferenceInitializerImpl - On call to EntityIdentifierReaderImpl#resolve, EntityKey was already known; should only happen on root returns with an optional identifier specified
[DEBUG] 2021-03-01 17:07:17.515 [main] TwoPhaseLoad - Resolving attributes for [User#4]
[DEBUG] 2021-03-01 17:07:17.515 [main] TwoPhaseLoad - Processing attribute `email` : value = email@something.com
[DEBUG] 2021-03-01 17:07:17.515 [main] TwoPhaseLoad - Attribute (`email`)  - enhanced for lazy-loading? - false
[DEBUG] 2021-03-01 17:07:17.515 [main] TwoPhaseLoad - Processing attribute `firstName` : value = Anthony
[DEBUG] 2021-03-01 17:07:17.515 [main] TwoPhaseLoad - Attribute (`firstName`)  - enhanced for lazy-loading? - false
[DEBUG] 2021-03-01 17:07:17.515 [main] TwoPhaseLoad - Processing attribute `lastName` : value = Rice
[DEBUG] 2021-03-01 17:07:17.515 [main] TwoPhaseLoad - Attribute (`lastName`)  - enhanced for lazy-loading? - false
[DEBUG] 2021-03-01 17:07:17.515 [main] TwoPhaseLoad - Processing attribute `password` : value = password
[DEBUG] 2021-03-01 17:07:17.515 [main] TwoPhaseLoad - Attribute (`password`)  - enhanced for lazy-loading? - false
[DEBUG] 2021-03-01 17:07:17.515 [main] TwoPhaseLoad - Processing attribute `userName` : value = ricerocks
[DEBUG] 2021-03-01 17:07:17.515 [main] TwoPhaseLoad - Attribute (`userName`)  - enhanced for lazy-loading? - false
[DEBUG] 2021-03-01 17:07:17.516 [main] TwoPhaseLoad - Done materializing entity [User#4]
[DEBUG] 2021-03-01 17:07:17.516 [main] ResourceRegistryStandardImpl - HHH000387: ResultSet's statement was not registered
[DEBUG] 2021-03-01 17:07:17.516 [main] AbstractLoadPlanBasedEntityLoader - Done entity load : User#4
[DEBUG] 2021-03-01 17:07:17.516 [main] TwoPhaseLoad - Done materializing entity [Book#2]
[DEBUG] 2021-03-01 17:07:17.586 [main] LogicalConnectionManagedImpl - Initiating JDBC connection release from afterTransaction
