[DEBUG] 2021-03-01 10:42:48.637 [main] IntegratorServiceImpl - Adding Integrator [org.hibernate.cfg.beanvalidation.BeanValidationIntegrator].
[DEBUG] 2021-03-01 10:42:48.660 [main] IntegratorServiceImpl - Adding Integrator [org.hibernate.secure.spi.JaccIntegrator].
[DEBUG] 2021-03-01 10:42:48.674 [main] IntegratorServiceImpl - Adding Integrator [org.hibernate.cache.internal.CollectionCacheInvalidator].
[INFO ] 2021-03-01 10:42:49.034 [main] Version - HHH000412: Hibernate Core {5.4.4.Final}
[DEBUG] 2021-03-01 10:42:49.044 [main] Environment - HHH000206: hibernate.properties not found
[DEBUG] 2021-03-01 10:42:49.847 [main] LocalXmlResourceResolver - Interpreting public/system identifier : [-//Hibernate/Hibernate Configuration DTD//EN] - [http://www.hibernate.org/dtd/hibernate-configuration-3.0.dtd]
[DEBUG] 2021-03-01 10:42:49.854 [main] LocalXmlResourceResolver - Recognized hibernate-configuration identifier; attempting to resolve on classpath under org/hibernate/
[DEBUG] 2021-03-01 10:42:49.883 [main] JaxbCfgProcessor - cfg.xml document did not define namespaces; wrapping in custom event reader to introduce namespace information
[DEBUG] 2021-03-01 10:42:51.367 [main] ServiceBinding - Overriding existing service binding [org.hibernate.secure.spi.JaccService]
[DEBUG] 2021-03-01 10:42:51.423 [main] RegionFactoryInitiator - Cannot default RegionFactory based on registered strategies as `[]` RegionFactory strategies were registered
[DEBUG] 2021-03-01 10:42:51.430 [main] RegionFactoryInitiator - Cache region factory : org.hibernate.cache.internal.NoCachingRegionFactory
[INFO ] 2021-03-01 10:42:51.500 [main] Version - HCANN000001: Hibernate Commons Annotations {5.1.0.Final}
[DEBUG] 2021-03-01 10:42:51.597 [main] BasicTypeRegistry - Adding type registration boolean -> org.hibernate.type.BooleanType@42f22995
[DEBUG] 2021-03-01 10:42:51.602 [main] BasicTypeRegistry - Adding type registration boolean -> org.hibernate.type.BooleanType@42f22995
[DEBUG] 2021-03-01 10:42:51.606 [main] BasicTypeRegistry - Adding type registration java.lang.Boolean -> org.hibernate.type.BooleanType@42f22995
[DEBUG] 2021-03-01 10:42:51.608 [main] BasicTypeRegistry - Adding type registration numeric_boolean -> org.hibernate.type.NumericBooleanType@75f2099
[DEBUG] 2021-03-01 10:42:51.613 [main] BasicTypeRegistry - Adding type registration true_false -> org.hibernate.type.TrueFalseType@57bd802b
[DEBUG] 2021-03-01 10:42:51.613 [main] BasicTypeRegistry - Adding type registration yes_no -> org.hibernate.type.YesNoType@5183d589
[DEBUG] 2021-03-01 10:42:51.620 [main] BasicTypeRegistry - Adding type registration byte -> org.hibernate.type.ByteType@11653e3b
[DEBUG] 2021-03-01 10:42:51.620 [main] BasicTypeRegistry - Adding type registration byte -> org.hibernate.type.ByteType@11653e3b
[DEBUG] 2021-03-01 10:42:51.623 [main] BasicTypeRegistry - Adding type registration java.lang.Byte -> org.hibernate.type.ByteType@11653e3b
[DEBUG] 2021-03-01 10:42:51.632 [main] BasicTypeRegistry - Adding type registration character -> org.hibernate.type.CharacterType@7c974942
[DEBUG] 2021-03-01 10:42:51.633 [main] BasicTypeRegistry - Adding type registration char -> org.hibernate.type.CharacterType@7c974942
[DEBUG] 2021-03-01 10:42:51.633 [main] BasicTypeRegistry - Adding type registration java.lang.Character -> org.hibernate.type.CharacterType@7c974942
[DEBUG] 2021-03-01 10:42:51.634 [main] BasicTypeRegistry - Adding type registration short -> org.hibernate.type.ShortType@6b580b88
[DEBUG] 2021-03-01 10:42:51.635 [main] BasicTypeRegistry - Adding type registration short -> org.hibernate.type.ShortType@6b580b88
[DEBUG] 2021-03-01 10:42:51.635 [main] BasicTypeRegistry - Adding type registration java.lang.Short -> org.hibernate.type.ShortType@6b580b88
[DEBUG] 2021-03-01 10:42:51.636 [main] BasicTypeRegistry - Adding type registration integer -> org.hibernate.type.IntegerType@6f8f8a80
[DEBUG] 2021-03-01 10:42:51.636 [main] BasicTypeRegistry - Adding type registration int -> org.hibernate.type.IntegerType@6f8f8a80
[DEBUG] 2021-03-01 10:42:51.636 [main] BasicTypeRegistry - Adding type registration java.lang.Integer -> org.hibernate.type.IntegerType@6f8f8a80
[DEBUG] 2021-03-01 10:42:51.640 [main] BasicTypeRegistry - Adding type registration long -> org.hibernate.type.LongType@7004e3d
[DEBUG] 2021-03-01 10:42:51.645 [main] BasicTypeRegistry - Adding type registration long -> org.hibernate.type.LongType@7004e3d
[DEBUG] 2021-03-01 10:42:51.646 [main] BasicTypeRegistry - Adding type registration java.lang.Long -> org.hibernate.type.LongType@7004e3d
[DEBUG] 2021-03-01 10:42:51.647 [main] BasicTypeRegistry - Adding type registration float -> org.hibernate.type.FloatType@25d958c6
[DEBUG] 2021-03-01 10:42:51.651 [main] BasicTypeRegistry - Adding type registration float -> org.hibernate.type.FloatType@25d958c6
[DEBUG] 2021-03-01 10:42:51.652 [main] BasicTypeRegistry - Adding type registration java.lang.Float -> org.hibernate.type.FloatType@25d958c6
[DEBUG] 2021-03-01 10:42:51.653 [main] BasicTypeRegistry - Adding type registration double -> org.hibernate.type.DoubleType@695a69a1
[DEBUG] 2021-03-01 10:42:51.653 [main] BasicTypeRegistry - Adding type registration double -> org.hibernate.type.DoubleType@695a69a1
[DEBUG] 2021-03-01 10:42:51.655 [main] BasicTypeRegistry - Adding type registration java.lang.Double -> org.hibernate.type.DoubleType@695a69a1
[DEBUG] 2021-03-01 10:42:51.655 [main] BasicTypeRegistry - Adding type registration big_decimal -> org.hibernate.type.BigDecimalType@332f25c8
[DEBUG] 2021-03-01 10:42:51.659 [main] BasicTypeRegistry - Adding type registration java.math.BigDecimal -> org.hibernate.type.BigDecimalType@332f25c8
[DEBUG] 2021-03-01 10:42:51.662 [main] BasicTypeRegistry - Adding type registration big_integer -> org.hibernate.type.BigIntegerType@69cac930
[DEBUG] 2021-03-01 10:42:51.662 [main] BasicTypeRegistry - Adding type registration java.math.BigInteger -> org.hibernate.type.BigIntegerType@69cac930
[DEBUG] 2021-03-01 10:42:51.666 [main] BasicTypeRegistry - Adding type registration string -> org.hibernate.type.StringType@4a03bb68
[DEBUG] 2021-03-01 10:42:51.666 [main] BasicTypeRegistry - Adding type registration java.lang.String -> org.hibernate.type.StringType@4a03bb68
[DEBUG] 2021-03-01 10:42:51.667 [main] BasicTypeRegistry - Adding type registration nstring -> org.hibernate.type.StringNVarcharType@67a056f1
[DEBUG] 2021-03-01 10:42:51.668 [main] BasicTypeRegistry - Adding type registration ncharacter -> org.hibernate.type.CharacterNCharType@afb5821
[DEBUG] 2021-03-01 10:42:51.675 [main] BasicTypeRegistry - Adding type registration url -> org.hibernate.type.UrlType@56ccd751
[DEBUG] 2021-03-01 10:42:51.676 [main] BasicTypeRegistry - Adding type registration java.net.URL -> org.hibernate.type.UrlType@56ccd751
[DEBUG] 2021-03-01 10:42:51.677 [main] BasicTypeRegistry - Adding type registration Duration -> org.hibernate.type.DurationType@59712875
[DEBUG] 2021-03-01 10:42:51.677 [main] BasicTypeRegistry - Adding type registration java.time.Duration -> org.hibernate.type.DurationType@59712875
[DEBUG] 2021-03-01 10:42:51.687 [main] BasicTypeRegistry - Adding type registration Instant -> org.hibernate.type.InstantType@52a36910
[DEBUG] 2021-03-01 10:42:51.695 [main] BasicTypeRegistry - Adding type registration java.time.Instant -> org.hibernate.type.InstantType@52a36910
[DEBUG] 2021-03-01 10:42:51.697 [main] BasicTypeRegistry - Adding type registration LocalDateTime -> org.hibernate.type.LocalDateTimeType@22fba58c
[DEBUG] 2021-03-01 10:42:51.697 [main] BasicTypeRegistry - Adding type registration java.time.LocalDateTime -> org.hibernate.type.LocalDateTimeType@22fba58c
[DEBUG] 2021-03-01 10:42:51.698 [main] BasicTypeRegistry - Adding type registration LocalDate -> org.hibernate.type.LocalDateType@6079cf5
[DEBUG] 2021-03-01 10:42:51.698 [main] BasicTypeRegistry - Adding type registration java.time.LocalDate -> org.hibernate.type.LocalDateType@6079cf5
[DEBUG] 2021-03-01 10:42:51.710 [main] BasicTypeRegistry - Adding type registration LocalTime -> org.hibernate.type.LocalTimeType@189b5fb1
[DEBUG] 2021-03-01 10:42:51.710 [main] BasicTypeRegistry - Adding type registration java.time.LocalTime -> org.hibernate.type.LocalTimeType@189b5fb1
[DEBUG] 2021-03-01 10:42:51.718 [main] BasicTypeRegistry - Adding type registration OffsetDateTime -> org.hibernate.type.OffsetDateTimeType@1c025cb
[DEBUG] 2021-03-01 10:42:51.719 [main] BasicTypeRegistry - Adding type registration java.time.OffsetDateTime -> org.hibernate.type.OffsetDateTimeType@1c025cb
[DEBUG] 2021-03-01 10:42:51.730 [main] BasicTypeRegistry - Adding type registration OffsetTime -> org.hibernate.type.OffsetTimeType@512d4583
[DEBUG] 2021-03-01 10:42:51.732 [main] BasicTypeRegistry - Adding type registration java.time.OffsetTime -> org.hibernate.type.OffsetTimeType@512d4583
[DEBUG] 2021-03-01 10:42:51.733 [main] BasicTypeRegistry - Adding type registration ZonedDateTime -> org.hibernate.type.ZonedDateTimeType@64f555e7
[DEBUG] 2021-03-01 10:42:51.734 [main] BasicTypeRegistry - Adding type registration java.time.ZonedDateTime -> org.hibernate.type.ZonedDateTimeType@64f555e7
[DEBUG] 2021-03-01 10:42:51.745 [main] BasicTypeRegistry - Adding type registration date -> org.hibernate.type.DateType@4650a407
[DEBUG] 2021-03-01 10:42:51.745 [main] BasicTypeRegistry - Adding type registration java.sql.Date -> org.hibernate.type.DateType@4650a407
[DEBUG] 2021-03-01 10:42:51.749 [main] BasicTypeRegistry - Adding type registration time -> org.hibernate.type.TimeType@245a060f
[DEBUG] 2021-03-01 10:42:51.750 [main] BasicTypeRegistry - Adding type registration java.sql.Time -> org.hibernate.type.TimeType@245a060f
[DEBUG] 2021-03-01 10:42:51.756 [main] BasicTypeRegistry - Adding type registration timestamp -> org.hibernate.type.TimestampType@29314cc9
[DEBUG] 2021-03-01 10:42:51.756 [main] BasicTypeRegistry - Adding type registration java.sql.Timestamp -> org.hibernate.type.TimestampType@29314cc9
[DEBUG] 2021-03-01 10:42:51.757 [main] BasicTypeRegistry - Adding type registration java.util.Date -> org.hibernate.type.TimestampType@29314cc9
[DEBUG] 2021-03-01 10:42:51.769 [main] BasicTypeRegistry - Adding type registration dbtimestamp -> org.hibernate.type.DbTimestampType@6b1e7ad3
[DEBUG] 2021-03-01 10:42:51.771 [main] BasicTypeRegistry - Adding type registration calendar -> org.hibernate.type.CalendarType@4fcc0416
[DEBUG] 2021-03-01 10:42:51.774 [main] BasicTypeRegistry - Adding type registration java.util.Calendar -> org.hibernate.type.CalendarType@4fcc0416
[DEBUG] 2021-03-01 10:42:51.775 [main] BasicTypeRegistry - Adding type registration java.util.GregorianCalendar -> org.hibernate.type.CalendarType@4fcc0416
[DEBUG] 2021-03-01 10:42:51.784 [main] BasicTypeRegistry - Adding type registration calendar_date -> org.hibernate.type.CalendarDateType@5ca1f591
[DEBUG] 2021-03-01 10:42:51.788 [main] BasicTypeRegistry - Adding type registration locale -> org.hibernate.type.LocaleType@6a969fb8
[DEBUG] 2021-03-01 10:42:51.789 [main] BasicTypeRegistry - Adding type registration java.util.Locale -> org.hibernate.type.LocaleType@6a969fb8
[DEBUG] 2021-03-01 10:42:51.795 [main] BasicTypeRegistry - Adding type registration currency -> org.hibernate.type.CurrencyType@27aae97b
[DEBUG] 2021-03-01 10:42:51.795 [main] BasicTypeRegistry - Adding type registration java.util.Currency -> org.hibernate.type.CurrencyType@27aae97b
[DEBUG] 2021-03-01 10:42:51.796 [main] BasicTypeRegistry - Adding type registration timezone -> org.hibernate.type.TimeZoneType@5dc3fcb7
[DEBUG] 2021-03-01 10:42:51.796 [main] BasicTypeRegistry - Adding type registration java.util.TimeZone -> org.hibernate.type.TimeZoneType@5dc3fcb7
[DEBUG] 2021-03-01 10:42:51.797 [main] BasicTypeRegistry - Adding type registration class -> org.hibernate.type.ClassType@6ff37443
[DEBUG] 2021-03-01 10:42:51.797 [main] BasicTypeRegistry - Adding type registration java.lang.Class -> org.hibernate.type.ClassType@6ff37443
[DEBUG] 2021-03-01 10:42:51.798 [main] BasicTypeRegistry - Adding type registration uuid-binary -> org.hibernate.type.UUIDBinaryType@57b9e423
[DEBUG] 2021-03-01 10:42:51.806 [main] BasicTypeRegistry - Adding type registration java.util.UUID -> org.hibernate.type.UUIDBinaryType@57b9e423
[DEBUG] 2021-03-01 10:42:51.807 [main] BasicTypeRegistry - Adding type registration uuid-char -> org.hibernate.type.UUIDCharType@aa10649
[DEBUG] 2021-03-01 10:42:51.809 [main] BasicTypeRegistry - Adding type registration binary -> org.hibernate.type.BinaryType@7578e06a
[DEBUG] 2021-03-01 10:42:51.809 [main] BasicTypeRegistry - Adding type registration byte[] -> org.hibernate.type.BinaryType@7578e06a
[DEBUG] 2021-03-01 10:42:51.809 [main] BasicTypeRegistry - Adding type registration [B -> org.hibernate.type.BinaryType@7578e06a
[DEBUG] 2021-03-01 10:42:51.811 [main] BasicTypeRegistry - Adding type registration wrapper-binary -> org.hibernate.type.WrapperBinaryType@6050462a
[DEBUG] 2021-03-01 10:42:51.811 [main] BasicTypeRegistry - Adding type registration Byte[] -> org.hibernate.type.WrapperBinaryType@6050462a
[DEBUG] 2021-03-01 10:42:51.812 [main] BasicTypeRegistry - Adding type registration [Ljava.lang.Byte; -> org.hibernate.type.WrapperBinaryType@6050462a
[DEBUG] 2021-03-01 10:42:51.813 [main] BasicTypeRegistry - Adding type registration row_version -> org.hibernate.type.RowVersionType@34523d46
[DEBUG] 2021-03-01 10:42:51.813 [main] BasicTypeRegistry - Adding type registration image -> org.hibernate.type.ImageType@5d235104
[DEBUG] 2021-03-01 10:42:51.819 [main] BasicTypeRegistry - Adding type registration characters -> org.hibernate.type.CharArrayType@2b0b4d53
[DEBUG] 2021-03-01 10:42:51.819 [main] BasicTypeRegistry - Adding type registration char[] -> org.hibernate.type.CharArrayType@2b0b4d53
[DEBUG] 2021-03-01 10:42:51.819 [main] BasicTypeRegistry - Adding type registration [C -> org.hibernate.type.CharArrayType@2b0b4d53
[DEBUG] 2021-03-01 10:42:51.820 [main] BasicTypeRegistry - Adding type registration wrapper-characters -> org.hibernate.type.CharacterArrayType@d1a10ac
[DEBUG] 2021-03-01 10:42:51.820 [main] BasicTypeRegistry - Adding type registration [Ljava.lang.Character; -> org.hibernate.type.CharacterArrayType@d1a10ac
[DEBUG] 2021-03-01 10:42:51.820 [main] BasicTypeRegistry - Adding type registration Character[] -> org.hibernate.type.CharacterArrayType@d1a10ac
[DEBUG] 2021-03-01 10:42:51.821 [main] BasicTypeRegistry - Adding type registration text -> org.hibernate.type.TextType@2cfbeac4
[DEBUG] 2021-03-01 10:42:51.821 [main] BasicTypeRegistry - Adding type registration ntext -> org.hibernate.type.NTextType@a7f0ab6
[DEBUG] 2021-03-01 10:42:51.825 [main] BasicTypeRegistry - Adding type registration blob -> org.hibernate.type.BlobType@3013909b
[DEBUG] 2021-03-01 10:42:51.825 [main] BasicTypeRegistry - Adding type registration java.sql.Blob -> org.hibernate.type.BlobType@3013909b
[DEBUG] 2021-03-01 10:42:51.826 [main] BasicTypeRegistry - Adding type registration materialized_blob -> org.hibernate.type.MaterializedBlobType@76954a33
[DEBUG] 2021-03-01 10:42:51.831 [main] BasicTypeRegistry - Adding type registration clob -> org.hibernate.type.ClobType@44c5a16f
[DEBUG] 2021-03-01 10:42:51.832 [main] BasicTypeRegistry - Adding type registration java.sql.Clob -> org.hibernate.type.ClobType@44c5a16f
[DEBUG] 2021-03-01 10:42:51.834 [main] BasicTypeRegistry - Adding type registration nclob -> org.hibernate.type.NClobType@3df978b9
[DEBUG] 2021-03-01 10:42:51.839 [main] BasicTypeRegistry - Adding type registration java.sql.NClob -> org.hibernate.type.NClobType@3df978b9
[DEBUG] 2021-03-01 10:42:51.843 [main] BasicTypeRegistry - Adding type registration materialized_clob -> org.hibernate.type.MaterializedClobType@1763992e
[DEBUG] 2021-03-01 10:42:51.844 [main] BasicTypeRegistry - Adding type registration materialized_nclob -> org.hibernate.type.MaterializedNClobType@47f08b81
[DEBUG] 2021-03-01 10:42:51.845 [main] BasicTypeRegistry - Adding type registration serializable -> org.hibernate.type.SerializableType@1bc425e7
[DEBUG] 2021-03-01 10:42:51.853 [main] BasicTypeRegistry - Adding type registration object -> org.hibernate.type.ObjectType@6b587673
[DEBUG] 2021-03-01 10:42:51.854 [main] BasicTypeRegistry - Adding type registration java.lang.Object -> org.hibernate.type.ObjectType@6b587673
[DEBUG] 2021-03-01 10:42:51.856 [main] BasicTypeRegistry - Adding type registration imm_date -> org.hibernate.type.AdaptedImmutableType@7b2a3ff8
[DEBUG] 2021-03-01 10:42:51.861 [main] BasicTypeRegistry - Adding type registration imm_time -> org.hibernate.type.AdaptedImmutableType@1bbae752
[DEBUG] 2021-03-01 10:42:51.861 [main] BasicTypeRegistry - Adding type registration imm_timestamp -> org.hibernate.type.AdaptedImmutableType@460b6d54
[DEBUG] 2021-03-01 10:42:51.861 [main] BasicTypeRegistry - Adding type registration imm_dbtimestamp -> org.hibernate.type.AdaptedImmutableType@5cf87cfd
[DEBUG] 2021-03-01 10:42:51.861 [main] BasicTypeRegistry - Adding type registration imm_calendar -> org.hibernate.type.AdaptedImmutableType@76075d65
[DEBUG] 2021-03-01 10:42:51.861 [main] BasicTypeRegistry - Adding type registration imm_calendar_date -> org.hibernate.type.AdaptedImmutableType@3a4ba480
[DEBUG] 2021-03-01 10:42:51.861 [main] BasicTypeRegistry - Adding type registration imm_binary -> org.hibernate.type.AdaptedImmutableType@27b71f50
[DEBUG] 2021-03-01 10:42:51.861 [main] BasicTypeRegistry - Adding type registration imm_serializable -> org.hibernate.type.AdaptedImmutableType@383790cf
[DEBUG] 2021-03-01 10:42:51.948 [main] DefaultIdentifierGeneratorFactory - Registering IdentifierGenerator strategy [uuid2] -> [org.hibernate.id.UUIDGenerator]
[DEBUG] 2021-03-01 10:42:51.949 [main] DefaultIdentifierGeneratorFactory - Registering IdentifierGenerator strategy [guid] -> [org.hibernate.id.GUIDGenerator]
[DEBUG] 2021-03-01 10:42:51.950 [main] DefaultIdentifierGeneratorFactory - Registering IdentifierGenerator strategy [uuid] -> [org.hibernate.id.UUIDHexGenerator]
[DEBUG] 2021-03-01 10:42:51.951 [main] DefaultIdentifierGeneratorFactory - Registering IdentifierGenerator strategy [uuid.hex] -> [org.hibernate.id.UUIDHexGenerator]
[DEBUG] 2021-03-01 10:42:51.954 [main] DefaultIdentifierGeneratorFactory - Registering IdentifierGenerator strategy [assigned] -> [org.hibernate.id.Assigned]
[DEBUG] 2021-03-01 10:42:51.956 [main] DefaultIdentifierGeneratorFactory - Registering IdentifierGenerator strategy [identity] -> [org.hibernate.id.IdentityGenerator]
[DEBUG] 2021-03-01 10:42:51.956 [main] DefaultIdentifierGeneratorFactory - Registering IdentifierGenerator strategy [select] -> [org.hibernate.id.SelectGenerator]
[DEBUG] 2021-03-01 10:42:51.957 [main] DefaultIdentifierGeneratorFactory - Registering IdentifierGenerator strategy [sequence] -> [org.hibernate.id.enhanced.SequenceStyleGenerator]
[DEBUG] 2021-03-01 10:42:51.961 [main] DefaultIdentifierGeneratorFactory - Registering IdentifierGenerator strategy [seqhilo] -> [org.hibernate.id.SequenceHiLoGenerator]
[DEBUG] 2021-03-01 10:42:51.962 [main] DefaultIdentifierGeneratorFactory - Registering IdentifierGenerator strategy [increment] -> [org.hibernate.id.IncrementGenerator]
[DEBUG] 2021-03-01 10:42:51.962 [main] DefaultIdentifierGeneratorFactory - Registering IdentifierGenerator strategy [foreign] -> [org.hibernate.id.ForeignGenerator]
[DEBUG] 2021-03-01 10:42:51.962 [main] DefaultIdentifierGeneratorFactory - Registering IdentifierGenerator strategy [sequence-identity] -> [org.hibernate.id.SequenceIdentityGenerator]
[DEBUG] 2021-03-01 10:42:51.962 [main] DefaultIdentifierGeneratorFactory - Registering IdentifierGenerator strategy [enhanced-sequence] -> [org.hibernate.id.enhanced.SequenceStyleGenerator]
[DEBUG] 2021-03-01 10:42:51.963 [main] DefaultIdentifierGeneratorFactory - Registering IdentifierGenerator strategy [enhanced-table] -> [org.hibernate.id.enhanced.TableGenerator]
[INFO ] 2021-03-01 10:42:51.973 [main] C3P0ConnectionProvider - HHH010002: C3P0 using driver: com.mysql.cj.jdbc.Driver at URL: jdbc:mysql://localhost:3306/test_BookCollection
[INFO ] 2021-03-01 10:42:51.973 [main] C3P0ConnectionProvider - HHH10001001: Connection properties: {password=****, user=root}
[INFO ] 2021-03-01 10:42:51.973 [main] C3P0ConnectionProvider - HHH10001003: Autocommit mode: false
[INFO ] 2021-03-01 10:42:52.287 [main] C3P0ConnectionProvider - HHH10001007: JDBC isolation level: <unknown>
[DEBUG] 2021-03-01 10:42:53.346 [main] JdbcEnvironmentInitiator - Database ->
       name : MySQL
    version : 8.0.22
      major : 8
      minor : 0
[DEBUG] 2021-03-01 10:42:53.363 [main] JdbcEnvironmentInitiator - Driver ->
       name : MySQL Connector/J
    version : mysql-connector-java-8.0.22 (Revision: d64b664fa93e81296a377de031b8123a67e6def2)
      major : 8
      minor : 0
[DEBUG] 2021-03-01 10:42:53.363 [main] JdbcEnvironmentInitiator - JDBC version : 4.2
[INFO ] 2021-03-01 10:42:53.460 [main] Dialect - HHH000400: Using dialect: org.hibernate.dialect.MySQL8Dialect
[DEBUG] 2021-03-01 10:42:53.531 [main] IdentifierHelperBuilder - JDBC driver metadata reported database stores quoted identifiers in more than one case
[DEBUG] 2021-03-01 10:42:53.585 [main] IdentifierHelperBuilder - IdentifierCaseStrategy for both quoted and unquoted identifiers was set to the same strategy [MIXED]; that will likely lead to problems in schema update and validation if using quoted identifiers
[DEBUG] 2021-03-01 10:42:53.682 [main] Namespace - Created database namespace [logicalName=Name{catalog=null, schema=null}, physicalName=Name{catalog=null, schema=null}]
[DEBUG] 2021-03-01 10:42:53.685 [main] TypeConfiguration$Scope - Scoping TypeConfiguration [org.hibernate.type.spi.TypeConfiguration@3a01773b] to MetadataBuildingContext [org.hibernate.boot.internal.MetadataBuildingContextRootImpl@20e3c449]
[DEBUG] 2021-03-01 10:42:53.786 [main] AnnotationBinder - Binding entity from annotated class: Author
[DEBUG] 2021-03-01 10:42:53.815 [main] Ejb3Column - Binding column: Ejb3DiscriminatorColumn{logicalColumnName'DTYPE', discriminatorTypeName='string'}
[DEBUG] 2021-03-01 10:42:53.820 [main] EntityBinder - Import with entity name Author
[DEBUG] 2021-03-01 10:42:53.825 [main] EntityBinder - Bind entity Author on table author
[DEBUG] 2021-03-01 10:42:53.865 [main] Ejb3Column - Binding column: Ejb3Column{table=org.hibernate.mapping.Table(author), mappingColumn=id, insertable=true, updatable=true, unique=false}
[DEBUG] 2021-03-01 10:42:53.867 [main] PropertyBinder - MetadataSourceProcessor property id with lazy=false
[DEBUG] 2021-03-01 10:42:53.878 [main] AbstractPropertyHolder - Attempting to locate auto-apply AttributeConverter for property [Author:id]
[DEBUG] 2021-03-01 10:42:53.885 [main] SimpleValueBinder - building SimpleValue for id
[DEBUG] 2021-03-01 10:42:53.887 [main] PropertyBinder - Building property id
[DEBUG] 2021-03-01 10:42:53.897 [main] BinderHelper - #makeIdGenerator(org.hibernate.mapping.SimpleValue([org.hibernate.mapping.Column(id)]), id, org.hibernate.id.enhanced.SequenceStyleGenerator, native, ...)
[DEBUG] 2021-03-01 10:42:53.898 [main] Ejb3Column - Binding column: Ejb3Column{table=org.hibernate.mapping.Table(author), mappingColumn=first_name, insertable=true, updatable=true, unique=false}
[DEBUG] 2021-03-01 10:42:53.898 [main] PropertyBinder - MetadataSourceProcessor property firstName with lazy=false
[DEBUG] 2021-03-01 10:42:53.898 [main] AbstractPropertyHolder - Attempting to locate auto-apply AttributeConverter for property [Author:firstName]
[DEBUG] 2021-03-01 10:42:53.904 [main] SimpleValueBinder - building SimpleValue for firstName
[DEBUG] 2021-03-01 10:42:53.904 [main] PropertyBinder - Building property firstName
[DEBUG] 2021-03-01 10:42:53.905 [main] Ejb3Column - Binding column: Ejb3Column{table=org.hibernate.mapping.Table(author), mappingColumn=last_name, insertable=true, updatable=true, unique=false}
[DEBUG] 2021-03-01 10:42:53.905 [main] PropertyBinder - MetadataSourceProcessor property lastName with lazy=false
[DEBUG] 2021-03-01 10:42:53.905 [main] AbstractPropertyHolder - Attempting to locate auto-apply AttributeConverter for property [Author:lastName]
[DEBUG] 2021-03-01 10:42:53.905 [main] SimpleValueBinder - building SimpleValue for lastName
[DEBUG] 2021-03-01 10:42:53.905 [main] PropertyBinder - Building property lastName
[DEBUG] 2021-03-01 10:42:53.910 [main] AnnotationBinder - Binding entity from annotated class: Book
[DEBUG] 2021-03-01 10:42:53.910 [main] Ejb3Column - Binding column: Ejb3DiscriminatorColumn{logicalColumnName'DTYPE', discriminatorTypeName='string'}
[DEBUG] 2021-03-01 10:42:53.910 [main] EntityBinder - Import with entity name Book
[DEBUG] 2021-03-01 10:42:53.914 [main] EntityBinder - Bind entity Book on table book
[DEBUG] 2021-03-01 10:42:53.924 [main] Ejb3Column - Binding column: Ejb3Column{table=org.hibernate.mapping.Table(book), mappingColumn=id, insertable=true, updatable=true, unique=false}
[DEBUG] 2021-03-01 10:42:53.925 [main] PropertyBinder - MetadataSourceProcessor property id with lazy=false
[DEBUG] 2021-03-01 10:42:53.925 [main] AbstractPropertyHolder - Attempting to locate auto-apply AttributeConverter for property [Book:id]
[DEBUG] 2021-03-01 10:42:53.925 [main] SimpleValueBinder - building SimpleValue for id
[DEBUG] 2021-03-01 10:42:53.925 [main] PropertyBinder - Building property id
[DEBUG] 2021-03-01 10:42:53.925 [main] BinderHelper - #makeIdGenerator(org.hibernate.mapping.SimpleValue([org.hibernate.mapping.Column(id)]), id, org.hibernate.id.enhanced.SequenceStyleGenerator, native, ...)
[DEBUG] 2021-03-01 10:42:53.927 [main] Ejb3Column - Binding column: Ejb3JoinColumn{logicalColumnName='null', referencedColumn='null', mappedBy='null'}
[DEBUG] 2021-03-01 10:42:53.931 [main] Ejb3Column - Binding column: Ejb3Column{table=org.hibernate.mapping.Table(book), mappingColumn=author, insertable=true, updatable=true, unique=false}
[DEBUG] 2021-03-01 10:42:53.944 [main] PropertyBinder - Building property author
[DEBUG] 2021-03-01 10:42:53.945 [main] Ejb3Column - Binding column: Ejb3JoinColumn{logicalColumnName='null', referencedColumn='null', mappedBy='null'}
[DEBUG] 2021-03-01 10:42:53.946 [main] Ejb3Column - Binding column: Ejb3Column{table=org.hibernate.mapping.Table(book), mappingColumn=genre, insertable=true, updatable=true, unique=false}
[DEBUG] 2021-03-01 10:42:53.946 [main] PropertyBinder - Building property genre
[DEBUG] 2021-03-01 10:42:53.946 [main] Ejb3Column - Binding column: Ejb3Column{table=org.hibernate.mapping.Table(book), mappingColumn=isbn, insertable=true, updatable=true, unique=false}
[DEBUG] 2021-03-01 10:42:53.946 [main] PropertyBinder - MetadataSourceProcessor property isbn with lazy=false
[DEBUG] 2021-03-01 10:42:53.946 [main] AbstractPropertyHolder - Attempting to locate auto-apply AttributeConverter for property [Book:isbn]
[DEBUG] 2021-03-01 10:42:53.946 [main] SimpleValueBinder - building SimpleValue for isbn
[DEBUG] 2021-03-01 10:42:53.946 [main] PropertyBinder - Building property isbn
[DEBUG] 2021-03-01 10:42:53.947 [main] Ejb3Column - Binding column: Ejb3Column{table=org.hibernate.mapping.Table(book), mappingColumn=title, insertable=true, updatable=true, unique=false}
[DEBUG] 2021-03-01 10:42:53.947 [main] PropertyBinder - MetadataSourceProcessor property title with lazy=false
[DEBUG] 2021-03-01 10:42:53.947 [main] AbstractPropertyHolder - Attempting to locate auto-apply AttributeConverter for property [Book:title]
[DEBUG] 2021-03-01 10:42:53.947 [main] SimpleValueBinder - building SimpleValue for title
[DEBUG] 2021-03-01 10:42:53.947 [main] PropertyBinder - Building property title
[DEBUG] 2021-03-01 10:42:53.951 [main] Ejb3Column - Binding column: Ejb3JoinColumn{logicalColumnName='null', referencedColumn='null', mappedBy='null'}
[DEBUG] 2021-03-01 10:42:53.952 [main] Ejb3Column - Binding column: Ejb3Column{table=org.hibernate.mapping.Table(book), mappingColumn=user, insertable=true, updatable=true, unique=false}
[DEBUG] 2021-03-01 10:42:53.953 [main] PropertyBinder - Building property user
[DEBUG] 2021-03-01 10:42:53.953 [main] AnnotationBinder - Binding entity from annotated class: Genre
[DEBUG] 2021-03-01 10:42:53.953 [main] Ejb3Column - Binding column: Ejb3DiscriminatorColumn{logicalColumnName'DTYPE', discriminatorTypeName='string'}
[DEBUG] 2021-03-01 10:42:53.953 [main] EntityBinder - Import with entity name Genre
[DEBUG] 2021-03-01 10:42:53.953 [main] EntityBinder - Bind entity Genre on table genre
[DEBUG] 2021-03-01 10:42:53.958 [main] Ejb3Column - Binding column: Ejb3Column{table=org.hibernate.mapping.Table(genre), mappingColumn=id, insertable=true, updatable=true, unique=false}
[DEBUG] 2021-03-01 10:42:53.958 [main] PropertyBinder - MetadataSourceProcessor property id with lazy=false
[DEBUG] 2021-03-01 10:42:53.958 [main] AbstractPropertyHolder - Attempting to locate auto-apply AttributeConverter for property [Genre:id]
[DEBUG] 2021-03-01 10:42:53.958 [main] SimpleValueBinder - building SimpleValue for id
[DEBUG] 2021-03-01 10:42:53.963 [main] PropertyBinder - Building property id
[DEBUG] 2021-03-01 10:42:53.966 [main] BinderHelper - #makeIdGenerator(org.hibernate.mapping.SimpleValue([org.hibernate.mapping.Column(id)]), id, org.hibernate.id.enhanced.SequenceStyleGenerator, native, ...)
[DEBUG] 2021-03-01 10:42:53.966 [main] Ejb3Column - Binding column: Ejb3Column{table=org.hibernate.mapping.Table(genre), mappingColumn=name, insertable=true, updatable=true, unique=false}
[DEBUG] 2021-03-01 10:42:53.966 [main] PropertyBinder - MetadataSourceProcessor property name with lazy=false
[DEBUG] 2021-03-01 10:42:53.966 [main] AbstractPropertyHolder - Attempting to locate auto-apply AttributeConverter for property [Genre:name]
[DEBUG] 2021-03-01 10:42:53.966 [main] SimpleValueBinder - building SimpleValue for name
[DEBUG] 2021-03-01 10:42:53.966 [main] PropertyBinder - Building property name
[DEBUG] 2021-03-01 10:42:53.967 [main] AnnotationBinder - Binding entity from annotated class: User
[DEBUG] 2021-03-01 10:42:53.967 [main] Ejb3Column - Binding column: Ejb3DiscriminatorColumn{logicalColumnName'DTYPE', discriminatorTypeName='string'}
[DEBUG] 2021-03-01 10:42:53.967 [main] EntityBinder - Import with entity name User
[DEBUG] 2021-03-01 10:42:53.967 [main] EntityBinder - Bind entity User on table user
[DEBUG] 2021-03-01 10:42:53.969 [main] Ejb3Column - Binding column: Ejb3Column{table=org.hibernate.mapping.Table(user), mappingColumn=id, insertable=true, updatable=true, unique=false}
[DEBUG] 2021-03-01 10:42:53.969 [main] PropertyBinder - MetadataSourceProcessor property id with lazy=false
[DEBUG] 2021-03-01 10:42:53.970 [main] AbstractPropertyHolder - Attempting to locate auto-apply AttributeConverter for property [User:id]
[DEBUG] 2021-03-01 10:42:53.974 [main] SimpleValueBinder - building SimpleValue for id
[DEBUG] 2021-03-01 10:42:53.974 [main] PropertyBinder - Building property id
[DEBUG] 2021-03-01 10:42:53.978 [main] BinderHelper - #makeIdGenerator(org.hibernate.mapping.SimpleValue([org.hibernate.mapping.Column(id)]), id, org.hibernate.id.enhanced.SequenceStyleGenerator, native, ...)
[DEBUG] 2021-03-01 10:42:53.979 [main] Ejb3Column - Binding column: Ejb3Column{table=org.hibernate.mapping.Table(user), mappingColumn=email, insertable=true, updatable=true, unique=false}
[DEBUG] 2021-03-01 10:42:53.979 [main] PropertyBinder - MetadataSourceProcessor property email with lazy=false
[DEBUG] 2021-03-01 10:42:53.979 [main] AbstractPropertyHolder - Attempting to locate auto-apply AttributeConverter for property [User:email]
[DEBUG] 2021-03-01 10:42:53.979 [main] SimpleValueBinder - building SimpleValue for email
[DEBUG] 2021-03-01 10:42:53.979 [main] PropertyBinder - Building property email
[DEBUG] 2021-03-01 10:42:53.979 [main] Ejb3Column - Binding column: Ejb3Column{table=org.hibernate.mapping.Table(user), mappingColumn=first_name, insertable=true, updatable=true, unique=false}
[DEBUG] 2021-03-01 10:42:53.980 [main] PropertyBinder - MetadataSourceProcessor property firstName with lazy=false
[DEBUG] 2021-03-01 10:42:53.980 [main] AbstractPropertyHolder - Attempting to locate auto-apply AttributeConverter for property [User:firstName]
[DEBUG] 2021-03-01 10:42:53.980 [main] SimpleValueBinder - building SimpleValue for firstName
[DEBUG] 2021-03-01 10:42:53.980 [main] PropertyBinder - Building property firstName
[DEBUG] 2021-03-01 10:42:53.981 [main] Ejb3Column - Binding column: Ejb3Column{table=org.hibernate.mapping.Table(user), mappingColumn=last_name, insertable=true, updatable=true, unique=false}
[DEBUG] 2021-03-01 10:42:53.981 [main] PropertyBinder - MetadataSourceProcessor property lastName with lazy=false
[DEBUG] 2021-03-01 10:42:53.981 [main] AbstractPropertyHolder - Attempting to locate auto-apply AttributeConverter for property [User:lastName]
[DEBUG] 2021-03-01 10:42:53.981 [main] SimpleValueBinder - building SimpleValue for lastName
[DEBUG] 2021-03-01 10:42:53.981 [main] PropertyBinder - Building property lastName
[DEBUG] 2021-03-01 10:42:53.981 [main] Ejb3Column - Binding column: Ejb3Column{table=org.hibernate.mapping.Table(user), mappingColumn=password, insertable=true, updatable=true, unique=false}
[DEBUG] 2021-03-01 10:42:53.981 [main] PropertyBinder - MetadataSourceProcessor property password with lazy=false
[DEBUG] 2021-03-01 10:42:53.981 [main] AbstractPropertyHolder - Attempting to locate auto-apply AttributeConverter for property [User:password]
[DEBUG] 2021-03-01 10:42:53.983 [main] SimpleValueBinder - building SimpleValue for password
[DEBUG] 2021-03-01 10:42:53.984 [main] PropertyBinder - Building property password
[DEBUG] 2021-03-01 10:42:53.984 [main] Ejb3Column - Binding column: Ejb3Column{table=org.hibernate.mapping.Table(user), mappingColumn=username, insertable=true, updatable=true, unique=false}
[DEBUG] 2021-03-01 10:42:53.984 [main] PropertyBinder - MetadataSourceProcessor property userName with lazy=false
[DEBUG] 2021-03-01 10:42:53.984 [main] AbstractPropertyHolder - Attempting to locate auto-apply AttributeConverter for property [User:userName]
[DEBUG] 2021-03-01 10:42:53.984 [main] SimpleValueBinder - building SimpleValue for userName
[DEBUG] 2021-03-01 10:42:53.984 [main] PropertyBinder - Building property userName
[DEBUG] 2021-03-01 10:42:53.988 [main] SimpleValueBinder - Starting fillSimpleValue for id
[DEBUG] 2021-03-01 10:42:53.988 [main] SimpleValueBinder - Starting fillSimpleValue for firstName
[DEBUG] 2021-03-01 10:42:53.989 [main] SimpleValueBinder - Starting fillSimpleValue for lastName
[DEBUG] 2021-03-01 10:42:53.989 [main] SimpleValueBinder - Starting fillSimpleValue for id
[DEBUG] 2021-03-01 10:42:53.989 [main] SimpleValueBinder - Starting fillSimpleValue for isbn
[DEBUG] 2021-03-01 10:42:53.992 [main] SimpleValueBinder - Starting fillSimpleValue for title
[DEBUG] 2021-03-01 10:42:53.996 [main] SimpleValueBinder - Starting fillSimpleValue for id
[DEBUG] 2021-03-01 10:42:53.996 [main] SimpleValueBinder - Starting fillSimpleValue for name
[DEBUG] 2021-03-01 10:42:53.996 [main] SimpleValueBinder - Starting fillSimpleValue for id
[DEBUG] 2021-03-01 10:42:53.996 [main] SimpleValueBinder - Starting fillSimpleValue for email
[DEBUG] 2021-03-01 10:42:53.996 [main] SimpleValueBinder - Starting fillSimpleValue for firstName
[DEBUG] 2021-03-01 10:42:53.996 [main] SimpleValueBinder - Starting fillSimpleValue for lastName
[DEBUG] 2021-03-01 10:42:53.996 [main] SimpleValueBinder - Starting fillSimpleValue for password
[DEBUG] 2021-03-01 10:42:53.996 [main] SimpleValueBinder - Starting fillSimpleValue for userName
[DEBUG] 2021-03-01 10:42:54.015 [main] PrimaryKey - Forcing column [id] to be non-null as it is part of the primary key for table [author]
[DEBUG] 2021-03-01 10:42:54.019 [main] PrimaryKey - Forcing column [id] to be non-null as it is part of the primary key for table [book]
[DEBUG] 2021-03-01 10:42:54.019 [main] PrimaryKey - Forcing column [id] to be non-null as it is part of the primary key for table [genre]
[DEBUG] 2021-03-01 10:42:54.019 [main] PrimaryKey - Forcing column [id] to be non-null as it is part of the primary key for table [user]
[DEBUG] 2021-03-01 10:42:54.020 [main] InFlightMetadataCollectorImpl - Resolving reference to class: Author
[DEBUG] 2021-03-01 10:42:54.022 [main] InFlightMetadataCollectorImpl - Resolving reference to class: Genre
[DEBUG] 2021-03-01 10:42:54.022 [main] InFlightMetadataCollectorImpl - Resolving reference to class: User
[DEBUG] 2021-03-01 10:42:54.030 [main] InFlightMetadataCollectorImpl - Resolving reference to class: Author
[DEBUG] 2021-03-01 10:42:54.030 [main] InFlightMetadataCollectorImpl - Resolving reference to class: Genre
[DEBUG] 2021-03-01 10:42:54.030 [main] InFlightMetadataCollectorImpl - Resolving reference to class: User
[DEBUG] 2021-03-01 10:42:54.093 [main] SessionFactoryImpl - Building session factory
[DEBUG] 2021-03-01 10:42:54.101 [main] Settings - SessionFactory name : null
[DEBUG] 2021-03-01 10:42:54.104 [main] Settings - Automatic flush during beforeCompletion(): enabled
[DEBUG] 2021-03-01 10:42:54.105 [main] Settings - Automatic session close at end of transaction: disabled
[DEBUG] 2021-03-01 10:42:54.105 [main] Settings - Statistics: disabled
[DEBUG] 2021-03-01 10:42:54.107 [main] Settings - Deleted entity synthetic identifier rollback: disabled
[DEBUG] 2021-03-01 10:42:54.107 [main] Settings - Default entity-mode: pojo
[DEBUG] 2021-03-01 10:42:54.107 [main] Settings - Check Nullability in Core (should be disabled when Bean Validation is on): enabled
[DEBUG] 2021-03-01 10:42:54.107 [main] Settings - Allow initialization of lazy state outside session : disabled
[DEBUG] 2021-03-01 10:42:54.111 [main] Settings - Using BatchFetchStyle : LEGACY
[DEBUG] 2021-03-01 10:42:54.111 [main] Settings - Default batch fetch size: -1
[DEBUG] 2021-03-01 10:42:54.112 [main] Settings - Maximum outer join fetch depth: 2
[DEBUG] 2021-03-01 10:42:54.112 [main] Settings - Default null ordering: NONE
[DEBUG] 2021-03-01 10:42:54.112 [main] Settings - Order SQL updates by primary key: disabled
[DEBUG] 2021-03-01 10:42:54.112 [main] Settings - Order SQL inserts for batching: disabled
[DEBUG] 2021-03-01 10:42:54.112 [main] Settings - multi-tenancy strategy : NONE
[DEBUG] 2021-03-01 10:42:54.112 [main] Settings - JTA Track by Thread: enabled
[DEBUG] 2021-03-01 10:42:54.112 [main] Settings - Query language substitutions: {}
[DEBUG] 2021-03-01 10:42:54.112 [main] Settings - Named query checking : enabled
[DEBUG] 2021-03-01 10:42:54.112 [main] Settings - Second-level cache: disabled
[DEBUG] 2021-03-01 10:42:54.112 [main] Settings - Second-level query cache: disabled
[DEBUG] 2021-03-01 10:42:54.112 [main] Settings - Second-level query cache factory: null
[DEBUG] 2021-03-01 10:42:54.112 [main] Settings - Second-level cache region prefix: null
[DEBUG] 2021-03-01 10:42:54.112 [main] Settings - Optimize second-level cache for minimal puts: disabled
[DEBUG] 2021-03-01 10:42:54.112 [main] Settings - Structured second-level cache entries: disabled
[DEBUG] 2021-03-01 10:42:54.112 [main] Settings - Second-level cache direct-reference entries: disabled
[DEBUG] 2021-03-01 10:42:54.112 [main] Settings - Automatic eviction of collection cache: disabled
[DEBUG] 2021-03-01 10:42:54.112 [main] Settings - JDBC batch size: 15
[DEBUG] 2021-03-01 10:42:54.112 [main] Settings - JDBC batch updates for versioned data: enabled
[DEBUG] 2021-03-01 10:42:54.113 [main] Settings - Scrollable result sets: enabled
[DEBUG] 2021-03-01 10:42:54.113 [main] Settings - Wrap result sets: disabled
[DEBUG] 2021-03-01 10:42:54.113 [main] Settings - JDBC3 getGeneratedKeys(): enabled
[DEBUG] 2021-03-01 10:42:54.113 [main] Settings - JDBC result set fetch size: null
[DEBUG] 2021-03-01 10:42:54.113 [main] Settings - Connection release mode: AFTER_TRANSACTION
[DEBUG] 2021-03-01 10:42:54.113 [main] Settings - Generate SQL with comments: disabled
[DEBUG] 2021-03-01 10:42:54.114 [main] Settings - JPA compliance - query : 
[DEBUG] 2021-03-01 10:42:54.114 [main] Settings - JPA compliance - closed-handling : 
[DEBUG] 2021-03-01 10:42:54.114 [main] Settings - JPA compliance - lists : 
[DEBUG] 2021-03-01 10:42:54.114 [main] Settings - JPA compliance - transactions : 
[INFO ] 2021-03-01 10:42:54.218 [main] beans - HHH10005002: No explicit CDI BeanManager reference was passed to Hibernate, but CDI is available on the Hibernate ClassLoader.
[DEBUG] 2021-03-01 10:42:54.265 [main] SessionFactoryImpl - Session factory constructed with filter configurations : {}
[DEBUG] 2021-03-01 10:42:54.265 [main] SessionFactoryImpl - Instantiating session factory with properties: {sun.desktop=gnome, awt.toolkit=sun.awt.X11.XToolkit, java.specification.version=11, sun.cpu.isalist=, hibernate.c3p0.idle_test_period=3000, sun.jnu.encoding=UTF-8, hibernate.c3p0.min_size=5, java.class.path=/home/student/intellij/lib/idea_rt.jar:/home/student/intellij/plugins/junit/lib/junit5-rt.jar:/home/student/intellij/plugins/junit/lib/junit-rt.jar:/home/student/IdeaProjects/BookCollection/target/test-classes:/home/student/IdeaProjects/BookCollection/target/classes:/home/student/.m2/repository/junit/junit/4.12/junit-4.12.jar:/home/student/.m2/repository/org/hamcrest/hamcrest-core/1.3/hamcrest-core-1.3.jar:/home/student/.m2/repository/javax/javaee-web-api/7.0/javaee-web-api-7.0.jar:/home/student/.m2/repository/mysql/mysql-connector-java/8.0.22/mysql-connector-java-8.0.22.jar:/home/student/.m2/repository/com/google/protobuf/protobuf-java/3.11.4/protobuf-java-3.11.4.jar:/home/student/.m2/repository/javax/servlet/jsp/jstl/jstl-api/1.2/jstl-api-1.2.jar:/home/student/.m2/repository/javax/servlet/servlet-api/2.5/servlet-api-2.5.jar:/home/student/.m2/repository/javax/servlet/jsp/jsp-api/2.1/jsp-api-2.1.jar:/home/student/.m2/repository/javax/servlet/jstl/1.2/jstl-1.2.jar:/home/student/.m2/repository/taglibs/standard/1.1.2/standard-1.1.2.jar:/home/student/.m2/repository/org/apache/logging/log4j/log4j-api/2.10.0/log4j-api-2.10.0.jar:/home/student/.m2/repository/org/apache/logging/log4j/log4j-core/2.10.0/log4j-core-2.10.0.jar:/home/student/.m2/repository/org/junit/platform/junit-platform-runner/1.0.0/junit-platform-runner-1.0.0.jar:/home/student/.m2/repository/org/apiguardian/apiguardian-api/1.0.0/apiguardian-api-1.0.0.jar:/home/student/.m2/repository/org/junit/platform/junit-platform-launcher/1.0.0/junit-platform-launcher-1.0.0.jar:/home/student/.m2/repository/org/junit/platform/junit-platform-suite-api/1.0.0/junit-platform-suite-api-1.0.0.jar:/home/student/.m2/repository/org/junit/platform/junit-platform-commons/1.0.0/junit-platform-commons-1.0.0.jar:/home/student/.m2/repository/org/junit/vintage/junit-vintage-engine/4.12.0/junit-vintage-engine-4.12.0.jar:/home/student/.m2/repository/org/junit/platform/junit-platform-engine/1.0.0/junit-platform-engine-1.0.0.jar:/home/student/.m2/repository/org/opentest4j/opentest4j/1.0.0/opentest4j-1.0.0.jar:/home/student/.m2/repository/org/junit/jupiter/junit-jupiter-engine/5.0.0/junit-jupiter-engine-5.0.0.jar:/home/student/.m2/repository/org/junit/jupiter/junit-jupiter-api/5.0.0/junit-jupiter-api-5.0.0.jar:/home/student/.m2/repository/org/hibernate/hibernate-core/5.4.4.Final/hibernate-core-5.4.4.Final.jar:/home/student/.m2/repository/org/jboss/logging/jboss-logging/3.3.2.Final/jboss-logging-3.3.2.Final.jar:/home/student/.m2/repository/javax/persistence/javax.persistence-api/2.2/javax.persistence-api-2.2.jar:/home/student/.m2/repository/org/javassist/javassist/3.24.0-GA/javassist-3.24.0-GA.jar:/home/student/.m2/repository/net/bytebuddy/byte-buddy/1.9.11/byte-buddy-1.9.11.jar:/home/student/.m2/repository/antlr/antlr/2.7.7/antlr-2.7.7.jar:/home/student/.m2/repository/org/jboss/spec/javax/transaction/jboss-transaction-api_1.2_spec/1.1.1.Final/jboss-transaction-api_1.2_spec-1.1.1.Final.jar:/home/student/.m2/repository/org/jboss/jandex/2.0.5.Final/jandex-2.0.5.Final.jar:/home/student/.m2/repository/com/fasterxml/classmate/1.3.4/classmate-1.3.4.jar:/home/student/.m2/repository/javax/activation/javax.activation-api/1.2.0/javax.activation-api-1.2.0.jar:/home/student/.m2/repository/org/dom4j/dom4j/2.1.1/dom4j-2.1.1.jar:/home/student/.m2/repository/org/hibernate/common/hibernate-commons-annotations/5.1.0.Final/hibernate-commons-annotations-5.1.0.Final.jar:/home/student/.m2/repository/javax/xml/bind/jaxb-api/2.3.1/jaxb-api-2.3.1.jar:/home/student/.m2/repository/org/glassfish/jaxb/jaxb-runtime/2.3.1/jaxb-runtime-2.3.1.jar:/home/student/.m2/repository/org/glassfish/jaxb/txw2/2.3.1/txw2-2.3.1.jar:/home/student/.m2/repository/com/sun/istack/istack-commons-runtime/3.0.7/istack-commons-runtime-3.0.7.jar:/home/student/.m2/repository/org/jvnet/staxex/stax-ex/1.8/stax-ex-1.8.jar:/home/student/.m2/repository/com/sun/xml/fastinfoset/FastInfoset/1.2.15/FastInfoset-1.2.15.jar:/home/student/.m2/repository/org/hibernate/hibernate-c3p0/5.4.4.Final/hibernate-c3p0-5.4.4.Final.jar:/home/student/.m2/repository/com/mchange/c3p0/0.9.5.3/c3p0-0.9.5.3.jar:/home/student/.m2/repository/com/mchange/mchange-commons-java/0.2.15/mchange-commons-java-0.2.15.jar, java.vm.vendor=Ubuntu, sun.arch.data.model=64, idea.test.cyclic.buffer.size=1048576, java.vendor.url=https://ubuntu.com/, user.timezone=America/Chicago, os.name=Linux, java.vm.specification.version=11, sun.java.launcher=SUN_STANDARD, user.country=US, sun.boot.library.path=/usr/lib/jvm/java-11-openjdk-amd64/lib, sun.java.command=com.intellij.rt.junit.JUnitStarter -ideVersion5 -junit5 test.persistence.AuthorDaoTest,getAllAuthorsSuccess, jdk.debug=release, sun.cpu.endian=little, user.home=/home/student, hibernate.c3p0.max_statements=50, user.language=en, java.specification.vendor=Oracle Corporation, java.version.date=2021-01-19, java.home=/usr/lib/jvm/java-11-openjdk-amd64, file.separator=/, java.vm.compressedOopsMode=32-bit, line.separator=
, hibernate.c3p0.timeout=300, java.specification.name=Java Platform API Specification, java.vm.specification.vendor=Oracle Corporation, java.awt.graphicsenv=sun.awt.X11GraphicsEnvironment, connection.password=student, sun.management.compiler=HotSpot 64-Bit Tiered Compilers, hibernate.c3p0.max_size=20, java.runtime.version=11.0.10+9-Ubuntu-0ubuntu1.20.04, user.name=student, path.separator=:, hibernate.connection.username=****, os.version=5.4.0-66-generic, java.runtime.name=OpenJDK Runtime Environment, hibernate.connection.url=jdbc:mysql://localhost:3306/test_BookCollection, file.encoding=UTF-8, java.vm.name=OpenJDK 64-Bit Server VM, hibernate.connection.driver_class=com.mysql.cj.jdbc.Driver, java.vendor.url.bug=https://bugs.launchpad.net/ubuntu/+source/openjdk-lts, java.io.tmpdir=/tmp, java.version=11.0.10, user.dir=/home/student/IdeaProjects/BookCollection, os.arch=amd64, connection.username=root, java.vm.specification.name=Java Virtual Machine Specification, java.awt.printerjob=sun.print.PSPrinterJob, hibernate.connection.password=****, sun.os.patch.level=unknown, connection.driver_class=com.mysql.cj.jdbc.Driver, hibernate.boot.CfgXmlAccessService.key=org.hibernate.boot.cfgxml.spi.LoadedConfig@4288d98e, java.library.path=/usr/java/packages/lib:/usr/lib/x86_64-linux-gnu/jni:/lib/x86_64-linux-gnu:/usr/lib/x86_64-linux-gnu:/usr/lib/jni:/lib:/usr/lib, java.vendor=Ubuntu, java.vm.info=mixed mode, sharing, java.vm.version=11.0.10+9-Ubuntu-0ubuntu1.20.04, hibernate.bytecode.use_reflection_optimizer=false, sun.io.unicode.encoding=UnicodeLittle, connection.url=jdbc:mysql://localhost:3306/test_BookCollection, java.class.version=55.0}
[DEBUG] 2021-03-01 10:42:54.304 [main] TypeSafeActivator - Unable to acquire Bean Validation ValidatorFactory, skipping activation
[DEBUG] 2021-03-01 10:42:54.305 [main] JaccIntegrator - Skipping JACC integration as it was not enabled
[DEBUG] 2021-03-01 10:42:54.310 [main] SessionFactoryImpl - Instantiated session factory
[DEBUG] 2021-03-01 10:42:54.310 [main] TypeConfiguration$Scope - Scoping TypeConfiguration [org.hibernate.type.spi.TypeConfiguration@3a01773b] to SessionFactoryImpl [org.hibernate.internal.SessionFactoryImpl@a22c4d8]
[DEBUG] 2021-03-01 10:42:54.512 [main] ClassLoaderAccessImpl - Not known whether passed class name [User] is safe
[DEBUG] 2021-03-01 10:42:54.513 [main] ClassLoaderAccessImpl - No temp ClassLoader provided; using live ClassLoader for loading potentially unsafe class : User
[DEBUG] 2021-03-01 10:42:54.553 [main] ClassLoaderAccessImpl - Not known whether passed class name [User] is safe
[DEBUG] 2021-03-01 10:42:54.553 [main] ClassLoaderAccessImpl - No temp ClassLoader provided; using live ClassLoader for loading potentially unsafe class : User
[DEBUG] 2021-03-01 10:42:55.012 [main] ClassLoaderAccessImpl - Not known whether passed class name [Genre] is safe
[DEBUG] 2021-03-01 10:42:55.017 [main] ClassLoaderAccessImpl - No temp ClassLoader provided; using live ClassLoader for loading potentially unsafe class : Genre
[DEBUG] 2021-03-01 10:42:55.017 [main] ClassLoaderAccessImpl - Not known whether passed class name [Genre] is safe
[DEBUG] 2021-03-01 10:42:55.017 [main] ClassLoaderAccessImpl - No temp ClassLoader provided; using live ClassLoader for loading potentially unsafe class : Genre
[DEBUG] 2021-03-01 10:42:55.055 [main] ClassLoaderAccessImpl - Not known whether passed class name [Author] is safe
[DEBUG] 2021-03-01 10:42:55.056 [main] ClassLoaderAccessImpl - No temp ClassLoader provided; using live ClassLoader for loading potentially unsafe class : Author
[DEBUG] 2021-03-01 10:42:55.056 [main] ClassLoaderAccessImpl - Not known whether passed class name [Author] is safe
[DEBUG] 2021-03-01 10:42:55.056 [main] ClassLoaderAccessImpl - No temp ClassLoader provided; using live ClassLoader for loading potentially unsafe class : Author
[DEBUG] 2021-03-01 10:42:55.106 [main] ClassLoaderAccessImpl - Not known whether passed class name [Book] is safe
[DEBUG] 2021-03-01 10:42:55.106 [main] ClassLoaderAccessImpl - No temp ClassLoader provided; using live ClassLoader for loading potentially unsafe class : Book
[DEBUG] 2021-03-01 10:42:55.112 [main] ClassLoaderAccessImpl - Not known whether passed class name [Book] is safe
[DEBUG] 2021-03-01 10:42:55.112 [main] ClassLoaderAccessImpl - No temp ClassLoader provided; using live ClassLoader for loading potentially unsafe class : Book
[DEBUG] 2021-03-01 10:42:55.180 [main] AbstractEntityPersister - Static SQL for entity: User
[DEBUG] 2021-03-01 10:42:55.182 [main] AbstractEntityPersister -  Version select: select id from user where id =?
[DEBUG] 2021-03-01 10:42:55.183 [main] AbstractEntityPersister -  Snapshot select: select user_.id, user_.email as email2_3_, user_.first_name as first_na3_3_, user_.last_name as last_nam4_3_, user_.password as password5_3_, user_.username as username6_3_ from user user_ where user_.id=?
[DEBUG] 2021-03-01 10:42:55.183 [main] AbstractEntityPersister -  Insert 0: insert into user (email, first_name, last_name, password, username, id) values (?, ?, ?, ?, ?, ?)
[DEBUG] 2021-03-01 10:42:55.188 [main] AbstractEntityPersister -  Update 0: update user set email=?, first_name=?, last_name=?, password=?, username=? where id=?
[DEBUG] 2021-03-01 10:42:55.188 [main] AbstractEntityPersister -  Delete 0: delete from user where id=?
[DEBUG] 2021-03-01 10:42:55.188 [main] AbstractEntityPersister -  Identity insert: insert into user (email, first_name, last_name, password, username) values (?, ?, ?, ?, ?)
[DEBUG] 2021-03-01 10:42:55.237 [main] QuerySpacesImpl - Adding QuerySpace : uid = <gen:0> -> org.hibernate.loader.plan.build.internal.spaces.EntityQuerySpaceImpl@6042d663]
[DEBUG] 2021-03-01 10:42:55.243 [main] MetamodelGraphWalker - Visiting attribute path : email
[DEBUG] 2021-03-01 10:42:55.243 [main] MetamodelGraphWalker - Visiting attribute path : firstName
[DEBUG] 2021-03-01 10:42:55.243 [main] MetamodelGraphWalker - Visiting attribute path : lastName
[DEBUG] 2021-03-01 10:42:55.243 [main] MetamodelGraphWalker - Visiting attribute path : password
[DEBUG] 2021-03-01 10:42:55.243 [main] MetamodelGraphWalker - Visiting attribute path : userName
[DEBUG] 2021-03-01 10:42:55.243 [main] FetchStyleLoadPlanBuildingAssociationVisitationStrategy - Building LoadPlan...
[DEBUG] 2021-03-01 10:42:55.264 [main] LoadQueryJoinAndFetchProcessor - processing queryspace <gen:0>
[DEBUG] 2021-03-01 10:42:55.274 [main] LoadPlanTreePrinter - LoadPlan(entity=User)
    - Returns
       - EntityReturnImpl(entity=User, querySpaceUid=<gen:0>, path=User)
    - QuerySpaces
       - EntityQuerySpaceImpl(uid=<gen:0>, entity=User)
          - SQL table alias mapping - user0_
          - alias suffix - 0_
          - suffixed key columns - {id1_3_0_}

[DEBUG] 2021-03-01 10:42:55.281 [main] EntityLoader - Static select for entity User [NONE]: select user0_.id as id1_3_0_, user0_.email as email2_3_0_, user0_.first_name as first_na3_3_0_, user0_.last_name as last_nam4_3_0_, user0_.password as password5_3_0_, user0_.username as username6_3_0_ from user user0_ where user0_.id=?
[DEBUG] 2021-03-01 10:42:55.281 [main] QuerySpacesImpl - Adding QuerySpace : uid = <gen:0> -> org.hibernate.loader.plan.build.internal.spaces.EntityQuerySpaceImpl@159424e2]
[DEBUG] 2021-03-01 10:42:55.289 [main] MetamodelGraphWalker - Visiting attribute path : email
[DEBUG] 2021-03-01 10:42:55.290 [main] MetamodelGraphWalker - Visiting attribute path : firstName
[DEBUG] 2021-03-01 10:42:55.290 [main] MetamodelGraphWalker - Visiting attribute path : lastName
[DEBUG] 2021-03-01 10:42:55.290 [main] MetamodelGraphWalker - Visiting attribute path : password
[DEBUG] 2021-03-01 10:42:55.290 [main] MetamodelGraphWalker - Visiting attribute path : userName
[DEBUG] 2021-03-01 10:42:55.290 [main] FetchStyleLoadPlanBuildingAssociationVisitationStrategy - Building LoadPlan...
[DEBUG] 2021-03-01 10:42:55.290 [main] LoadQueryJoinAndFetchProcessor - processing queryspace <gen:0>
[DEBUG] 2021-03-01 10:42:55.290 [main] LoadPlanTreePrinter - LoadPlan(entity=User)
    - Returns
       - EntityReturnImpl(entity=User, querySpaceUid=<gen:0>, path=User)
    - QuerySpaces
       - EntityQuerySpaceImpl(uid=<gen:0>, entity=User)
          - SQL table alias mapping - user0_
          - alias suffix - 0_
          - suffixed key columns - {id1_3_0_}

[DEBUG] 2021-03-01 10:42:55.291 [main] EntityLoader - Static select for entity User [READ]: select user0_.id as id1_3_0_, user0_.email as email2_3_0_, user0_.first_name as first_na3_3_0_, user0_.last_name as last_nam4_3_0_, user0_.password as password5_3_0_, user0_.username as username6_3_0_ from user user0_ where user0_.id=?
[DEBUG] 2021-03-01 10:42:55.319 [main] Loader - Static select for action ACTION_MERGE on entity User: select user0_.id as id1_3_0_, user0_.email as email2_3_0_, user0_.first_name as first_na3_3_0_, user0_.last_name as last_nam4_3_0_, user0_.password as password5_3_0_, user0_.username as username6_3_0_ from user user0_ where user0_.id=?
[DEBUG] 2021-03-01 10:42:55.324 [main] Loader - Static select for action ACTION_REFRESH on entity User: select user0_.id as id1_3_0_, user0_.email as email2_3_0_, user0_.first_name as first_na3_3_0_, user0_.last_name as last_nam4_3_0_, user0_.password as password5_3_0_, user0_.username as username6_3_0_ from user user0_ where user0_.id=?
[DEBUG] 2021-03-01 10:42:55.325 [main] AbstractEntityPersister - Static SQL for entity: Genre
[DEBUG] 2021-03-01 10:42:55.325 [main] AbstractEntityPersister -  Version select: select id from genre where id =?
[DEBUG] 2021-03-01 10:42:55.325 [main] AbstractEntityPersister -  Snapshot select: select genre_.id, genre_.name as name2_2_ from genre genre_ where genre_.id=?
[DEBUG] 2021-03-01 10:42:55.325 [main] AbstractEntityPersister -  Insert 0: insert into genre (name, id) values (?, ?)
[DEBUG] 2021-03-01 10:42:55.325 [main] AbstractEntityPersister -  Update 0: update genre set name=? where id=?
[DEBUG] 2021-03-01 10:42:55.325 [main] AbstractEntityPersister -  Delete 0: delete from genre where id=?
[DEBUG] 2021-03-01 10:42:55.325 [main] AbstractEntityPersister -  Identity insert: insert into genre (name) values (?)
[DEBUG] 2021-03-01 10:42:55.325 [main] QuerySpacesImpl - Adding QuerySpace : uid = <gen:0> -> org.hibernate.loader.plan.build.internal.spaces.EntityQuerySpaceImpl@64b018f3]
[DEBUG] 2021-03-01 10:42:55.325 [main] MetamodelGraphWalker - Visiting attribute path : name
[DEBUG] 2021-03-01 10:42:55.326 [main] FetchStyleLoadPlanBuildingAssociationVisitationStrategy - Building LoadPlan...
[DEBUG] 2021-03-01 10:42:55.326 [main] LoadQueryJoinAndFetchProcessor - processing queryspace <gen:0>
[DEBUG] 2021-03-01 10:42:55.326 [main] LoadPlanTreePrinter - LoadPlan(entity=Genre)
    - Returns
       - EntityReturnImpl(entity=Genre, querySpaceUid=<gen:0>, path=Genre)
    - QuerySpaces
       - EntityQuerySpaceImpl(uid=<gen:0>, entity=Genre)
          - SQL table alias mapping - genre0_
          - alias suffix - 0_
          - suffixed key columns - {id1_2_0_}

[DEBUG] 2021-03-01 10:42:55.326 [main] EntityLoader - Static select for entity Genre [NONE]: select genre0_.id as id1_2_0_, genre0_.name as name2_2_0_ from genre genre0_ where genre0_.id=?
[DEBUG] 2021-03-01 10:42:55.326 [main] QuerySpacesImpl - Adding QuerySpace : uid = <gen:0> -> org.hibernate.loader.plan.build.internal.spaces.EntityQuerySpaceImpl@581b1c08]
[DEBUG] 2021-03-01 10:42:55.327 [main] MetamodelGraphWalker - Visiting attribute path : name
[DEBUG] 2021-03-01 10:42:55.327 [main] FetchStyleLoadPlanBuildingAssociationVisitationStrategy - Building LoadPlan...
[DEBUG] 2021-03-01 10:42:55.327 [main] LoadQueryJoinAndFetchProcessor - processing queryspace <gen:0>
[DEBUG] 2021-03-01 10:42:55.327 [main] LoadPlanTreePrinter - LoadPlan(entity=Genre)
    - Returns
       - EntityReturnImpl(entity=Genre, querySpaceUid=<gen:0>, path=Genre)
    - QuerySpaces
       - EntityQuerySpaceImpl(uid=<gen:0>, entity=Genre)
          - SQL table alias mapping - genre0_
          - alias suffix - 0_
          - suffixed key columns - {id1_2_0_}

[DEBUG] 2021-03-01 10:42:55.332 [main] EntityLoader - Static select for entity Genre [READ]: select genre0_.id as id1_2_0_, genre0_.name as name2_2_0_ from genre genre0_ where genre0_.id=?
[DEBUG] 2021-03-01 10:42:55.334 [main] Loader - Static select for action ACTION_MERGE on entity Genre: select genre0_.id as id1_2_0_, genre0_.name as name2_2_0_ from genre genre0_ where genre0_.id=?
[DEBUG] 2021-03-01 10:42:55.335 [main] Loader - Static select for action ACTION_REFRESH on entity Genre: select genre0_.id as id1_2_0_, genre0_.name as name2_2_0_ from genre genre0_ where genre0_.id=?
[DEBUG] 2021-03-01 10:42:55.335 [main] AbstractEntityPersister - Static SQL for entity: Author
[DEBUG] 2021-03-01 10:42:55.335 [main] AbstractEntityPersister -  Version select: select id from author where id =?
[DEBUG] 2021-03-01 10:42:55.335 [main] AbstractEntityPersister -  Snapshot select: select author_.id, author_.first_name as first_na2_0_, author_.last_name as last_nam3_0_ from author author_ where author_.id=?
[DEBUG] 2021-03-01 10:42:55.335 [main] AbstractEntityPersister -  Insert 0: insert into author (first_name, last_name, id) values (?, ?, ?)
[DEBUG] 2021-03-01 10:42:55.335 [main] AbstractEntityPersister -  Update 0: update author set first_name=?, last_name=? where id=?
[DEBUG] 2021-03-01 10:42:55.336 [main] AbstractEntityPersister -  Delete 0: delete from author where id=?
[DEBUG] 2021-03-01 10:42:55.336 [main] AbstractEntityPersister -  Identity insert: insert into author (first_name, last_name) values (?, ?)
[DEBUG] 2021-03-01 10:42:55.336 [main] QuerySpacesImpl - Adding QuerySpace : uid = <gen:0> -> org.hibernate.loader.plan.build.internal.spaces.EntityQuerySpaceImpl@78b7f805]
[DEBUG] 2021-03-01 10:42:55.336 [main] MetamodelGraphWalker - Visiting attribute path : firstName
[DEBUG] 2021-03-01 10:42:55.336 [main] MetamodelGraphWalker - Visiting attribute path : lastName
[DEBUG] 2021-03-01 10:42:55.336 [main] FetchStyleLoadPlanBuildingAssociationVisitationStrategy - Building LoadPlan...
[DEBUG] 2021-03-01 10:42:55.336 [main] LoadQueryJoinAndFetchProcessor - processing queryspace <gen:0>
[DEBUG] 2021-03-01 10:42:55.336 [main] LoadPlanTreePrinter - LoadPlan(entity=Author)
    - Returns
       - EntityReturnImpl(entity=Author, querySpaceUid=<gen:0>, path=Author)
    - QuerySpaces
       - EntityQuerySpaceImpl(uid=<gen:0>, entity=Author)
          - SQL table alias mapping - author0_
          - alias suffix - 0_
          - suffixed key columns - {id1_0_0_}

[DEBUG] 2021-03-01 10:42:55.336 [main] EntityLoader - Static select for entity Author [NONE]: select author0_.id as id1_0_0_, author0_.first_name as first_na2_0_0_, author0_.last_name as last_nam3_0_0_ from author author0_ where author0_.id=?
[DEBUG] 2021-03-01 10:42:55.337 [main] QuerySpacesImpl - Adding QuerySpace : uid = <gen:0> -> org.hibernate.loader.plan.build.internal.spaces.EntityQuerySpaceImpl@5809fa26]
[DEBUG] 2021-03-01 10:42:55.337 [main] MetamodelGraphWalker - Visiting attribute path : firstName
[DEBUG] 2021-03-01 10:42:55.337 [main] MetamodelGraphWalker - Visiting attribute path : lastName
[DEBUG] 2021-03-01 10:42:55.337 [main] FetchStyleLoadPlanBuildingAssociationVisitationStrategy - Building LoadPlan...
[DEBUG] 2021-03-01 10:42:55.337 [main] LoadQueryJoinAndFetchProcessor - processing queryspace <gen:0>
[DEBUG] 2021-03-01 10:42:55.337 [main] LoadPlanTreePrinter - LoadPlan(entity=Author)
    - Returns
       - EntityReturnImpl(entity=Author, querySpaceUid=<gen:0>, path=Author)
    - QuerySpaces
       - EntityQuerySpaceImpl(uid=<gen:0>, entity=Author)
          - SQL table alias mapping - author0_
          - alias suffix - 0_
          - suffixed key columns - {id1_0_0_}

[DEBUG] 2021-03-01 10:42:55.337 [main] EntityLoader - Static select for entity Author [READ]: select author0_.id as id1_0_0_, author0_.first_name as first_na2_0_0_, author0_.last_name as last_nam3_0_0_ from author author0_ where author0_.id=?
[DEBUG] 2021-03-01 10:42:55.337 [main] Loader - Static select for action ACTION_MERGE on entity Author: select author0_.id as id1_0_0_, author0_.first_name as first_na2_0_0_, author0_.last_name as last_nam3_0_0_ from author author0_ where author0_.id=?
[DEBUG] 2021-03-01 10:42:55.338 [main] Loader - Static select for action ACTION_REFRESH on entity Author: select author0_.id as id1_0_0_, author0_.first_name as first_na2_0_0_, author0_.last_name as last_nam3_0_0_ from author author0_ where author0_.id=?
[DEBUG] 2021-03-01 10:42:55.338 [main] AbstractEntityPersister - Static SQL for entity: Book
[DEBUG] 2021-03-01 10:42:55.338 [main] AbstractEntityPersister -  Version select: select id from book where id =?
[DEBUG] 2021-03-01 10:42:55.338 [main] AbstractEntityPersister -  Snapshot select: select book_.id, book_.author_id as author_i4_1_, book_.genre_id as genre_id5_1_, book_.isbn as isbn2_1_, book_.title as title3_1_, book_.user_id as user_id6_1_ from book book_ where book_.id=?
[DEBUG] 2021-03-01 10:42:55.338 [main] AbstractEntityPersister -  Insert 0: insert into book (author_id, genre_id, isbn, title, user_id, id) values (?, ?, ?, ?, ?, ?)
[DEBUG] 2021-03-01 10:42:55.338 [main] AbstractEntityPersister -  Update 0: update book set author_id=?, genre_id=?, isbn=?, title=?, user_id=? where id=?
[DEBUG] 2021-03-01 10:42:55.338 [main] AbstractEntityPersister -  Delete 0: delete from book where id=?
[DEBUG] 2021-03-01 10:42:55.345 [main] AbstractEntityPersister -  Identity insert: insert into book (author_id, genre_id, isbn, title, user_id) values (?, ?, ?, ?, ?)
[DEBUG] 2021-03-01 10:42:55.345 [main] QuerySpacesImpl - Adding QuerySpace : uid = <gen:0> -> org.hibernate.loader.plan.build.internal.spaces.EntityQuerySpaceImpl@23468512]
[DEBUG] 2021-03-01 10:42:55.345 [main] MetamodelGraphWalker - Visiting attribute path : author
[DEBUG] 2021-03-01 10:42:55.365 [main] QuerySpacesImpl - Adding QuerySpace : uid = <gen:1> -> org.hibernate.loader.plan.build.internal.spaces.EntityQuerySpaceImpl@5f0a2638]
[DEBUG] 2021-03-01 10:42:55.366 [main] MetamodelGraphWalker - Visiting attribute path : author.firstName
[DEBUG] 2021-03-01 10:42:55.367 [main] MetamodelGraphWalker - Visiting attribute path : author.lastName
[DEBUG] 2021-03-01 10:42:55.367 [main] MetamodelGraphWalker - Visiting attribute path : genre
[DEBUG] 2021-03-01 10:42:55.384 [main] QuerySpacesImpl - Adding QuerySpace : uid = <gen:2> -> org.hibernate.loader.plan.build.internal.spaces.EntityQuerySpaceImpl@44286963]
[DEBUG] 2021-03-01 10:42:55.385 [main] MetamodelGraphWalker - Visiting attribute path : genre.name
[DEBUG] 2021-03-01 10:42:55.385 [main] MetamodelGraphWalker - Visiting attribute path : isbn
[DEBUG] 2021-03-01 10:42:55.385 [main] MetamodelGraphWalker - Visiting attribute path : title
[DEBUG] 2021-03-01 10:42:55.385 [main] MetamodelGraphWalker - Visiting attribute path : user
[DEBUG] 2021-03-01 10:42:55.385 [main] QuerySpacesImpl - Adding QuerySpace : uid = <gen:3> -> org.hibernate.loader.plan.build.internal.spaces.EntityQuerySpaceImpl@2b736fee]
[DEBUG] 2021-03-01 10:42:55.385 [main] MetamodelGraphWalker - Visiting attribute path : user.email
[DEBUG] 2021-03-01 10:42:55.385 [main] MetamodelGraphWalker - Visiting attribute path : user.firstName
[DEBUG] 2021-03-01 10:42:55.394 [main] MetamodelGraphWalker - Visiting attribute path : user.lastName
[DEBUG] 2021-03-01 10:42:55.395 [main] MetamodelGraphWalker - Visiting attribute path : user.password
[DEBUG] 2021-03-01 10:42:55.395 [main] MetamodelGraphWalker - Visiting attribute path : user.userName
[DEBUG] 2021-03-01 10:42:55.395 [main] FetchStyleLoadPlanBuildingAssociationVisitationStrategy - Building LoadPlan...
[DEBUG] 2021-03-01 10:42:55.395 [main] LoadQueryJoinAndFetchProcessor - processing queryspace <gen:0>
[DEBUG] 2021-03-01 10:42:55.413 [main] LoadPlanTreePrinter - LoadPlan(entity=Book)
    - Returns
       - EntityReturnImpl(entity=Book, querySpaceUid=<gen:0>, path=Book)
          - EntityAttributeFetchImpl(entity=Author, querySpaceUid=<gen:1>, path=Book.author)
          - EntityAttributeFetchImpl(entity=Genre, querySpaceUid=<gen:2>, path=Book.genre)
          - EntityAttributeFetchImpl(entity=User, querySpaceUid=<gen:3>, path=Book.user)
    - QuerySpaces
       - EntityQuerySpaceImpl(uid=<gen:0>, entity=Book)
          - SQL table alias mapping - book0_
          - alias suffix - 0_
          - suffixed key columns - {id1_1_0_}
          - JOIN (JoinDefinedByMetadata(author)) : <gen:0> -> <gen:1>
             - EntityQuerySpaceImpl(uid=<gen:1>, entity=Author)
                - SQL table alias mapping - author1_
                - alias suffix - 1_
                - suffixed key columns - {id1_0_1_}
          - JOIN (JoinDefinedByMetadata(genre)) : <gen:0> -> <gen:2>
             - EntityQuerySpaceImpl(uid=<gen:2>, entity=Genre)
                - SQL table alias mapping - genre2_
                - alias suffix - 2_
                - suffixed key columns - {id1_2_2_}
          - JOIN (JoinDefinedByMetadata(user)) : <gen:0> -> <gen:3>
             - EntityQuerySpaceImpl(uid=<gen:3>, entity=User)
                - SQL table alias mapping - user3_
                - alias suffix - 3_
                - suffixed key columns - {id1_3_3_}

[DEBUG] 2021-03-01 10:42:55.424 [main] EntityLoader - Static select for entity Book [NONE]: select book0_.id as id1_1_0_, book0_.author_id as author_i4_1_0_, book0_.genre_id as genre_id5_1_0_, book0_.isbn as isbn2_1_0_, book0_.title as title3_1_0_, book0_.user_id as user_id6_1_0_, author1_.id as id1_0_1_, author1_.first_name as first_na2_0_1_, author1_.last_name as last_nam3_0_1_, genre2_.id as id1_2_2_, genre2_.name as name2_2_2_, user3_.id as id1_3_3_, user3_.email as email2_3_3_, user3_.first_name as first_na3_3_3_, user3_.last_name as last_nam4_3_3_, user3_.password as password5_3_3_, user3_.username as username6_3_3_ from book book0_ left outer join author author1_ on book0_.author_id=author1_.id left outer join genre genre2_ on book0_.genre_id=genre2_.id left outer join user user3_ on book0_.user_id=user3_.id where book0_.id=?
[DEBUG] 2021-03-01 10:42:55.425 [main] QuerySpacesImpl - Adding QuerySpace : uid = <gen:0> -> org.hibernate.loader.plan.build.internal.spaces.EntityQuerySpaceImpl@8f40022]
[DEBUG] 2021-03-01 10:42:55.427 [main] MetamodelGraphWalker - Visiting attribute path : author
[DEBUG] 2021-03-01 10:42:55.427 [main] QuerySpacesImpl - Adding QuerySpace : uid = <gen:1> -> org.hibernate.loader.plan.build.internal.spaces.EntityQuerySpaceImpl@6c8fe7a4]
[DEBUG] 2021-03-01 10:42:55.428 [main] MetamodelGraphWalker - Visiting attribute path : author.firstName
[DEBUG] 2021-03-01 10:42:55.428 [main] MetamodelGraphWalker - Visiting attribute path : author.lastName
[DEBUG] 2021-03-01 10:42:55.428 [main] MetamodelGraphWalker - Visiting attribute path : genre
[DEBUG] 2021-03-01 10:42:55.428 [main] QuerySpacesImpl - Adding QuerySpace : uid = <gen:2> -> org.hibernate.loader.plan.build.internal.spaces.EntityQuerySpaceImpl@2ad99cf3]
[DEBUG] 2021-03-01 10:42:55.428 [main] MetamodelGraphWalker - Visiting attribute path : genre.name
[DEBUG] 2021-03-01 10:42:55.428 [main] MetamodelGraphWalker - Visiting attribute path : isbn
[DEBUG] 2021-03-01 10:42:55.428 [main] MetamodelGraphWalker - Visiting attribute path : title
[DEBUG] 2021-03-01 10:42:55.429 [main] MetamodelGraphWalker - Visiting attribute path : user
[DEBUG] 2021-03-01 10:42:55.429 [main] QuerySpacesImpl - Adding QuerySpace : uid = <gen:3> -> org.hibernate.loader.plan.build.internal.spaces.EntityQuerySpaceImpl@7c90b7b7]
[DEBUG] 2021-03-01 10:42:55.429 [main] MetamodelGraphWalker - Visiting attribute path : user.email
[DEBUG] 2021-03-01 10:42:55.429 [main] MetamodelGraphWalker - Visiting attribute path : user.firstName
[DEBUG] 2021-03-01 10:42:55.429 [main] MetamodelGraphWalker - Visiting attribute path : user.lastName
[DEBUG] 2021-03-01 10:42:55.429 [main] MetamodelGraphWalker - Visiting attribute path : user.password
[DEBUG] 2021-03-01 10:42:55.429 [main] MetamodelGraphWalker - Visiting attribute path : user.userName
[DEBUG] 2021-03-01 10:42:55.429 [main] FetchStyleLoadPlanBuildingAssociationVisitationStrategy - Building LoadPlan...
[DEBUG] 2021-03-01 10:42:55.440 [main] LoadQueryJoinAndFetchProcessor - processing queryspace <gen:0>
[DEBUG] 2021-03-01 10:42:55.444 [main] LoadPlanTreePrinter - LoadPlan(entity=Book)
    - Returns
       - EntityReturnImpl(entity=Book, querySpaceUid=<gen:0>, path=Book)
          - EntityAttributeFetchImpl(entity=Author, querySpaceUid=<gen:1>, path=Book.author)
          - EntityAttributeFetchImpl(entity=Genre, querySpaceUid=<gen:2>, path=Book.genre)
          - EntityAttributeFetchImpl(entity=User, querySpaceUid=<gen:3>, path=Book.user)
    - QuerySpaces
       - EntityQuerySpaceImpl(uid=<gen:0>, entity=Book)
          - SQL table alias mapping - book0_
          - alias suffix - 0_
          - suffixed key columns - {id1_1_0_}
          - JOIN (JoinDefinedByMetadata(author)) : <gen:0> -> <gen:1>
             - EntityQuerySpaceImpl(uid=<gen:1>, entity=Author)
                - SQL table alias mapping - author1_
                - alias suffix - 1_
                - suffixed key columns - {id1_0_1_}
          - JOIN (JoinDefinedByMetadata(genre)) : <gen:0> -> <gen:2>
             - EntityQuerySpaceImpl(uid=<gen:2>, entity=Genre)
                - SQL table alias mapping - genre2_
                - alias suffix - 2_
                - suffixed key columns - {id1_2_2_}
          - JOIN (JoinDefinedByMetadata(user)) : <gen:0> -> <gen:3>
             - EntityQuerySpaceImpl(uid=<gen:3>, entity=User)
                - SQL table alias mapping - user3_
                - alias suffix - 3_
                - suffixed key columns - {id1_3_3_}

[DEBUG] 2021-03-01 10:42:55.445 [main] EntityLoader - Static select for entity Book [READ]: select book0_.id as id1_1_0_, book0_.author_id as author_i4_1_0_, book0_.genre_id as genre_id5_1_0_, book0_.isbn as isbn2_1_0_, book0_.title as title3_1_0_, book0_.user_id as user_id6_1_0_, author1_.id as id1_0_1_, author1_.first_name as first_na2_0_1_, author1_.last_name as last_nam3_0_1_, genre2_.id as id1_2_2_, genre2_.name as name2_2_2_, user3_.id as id1_3_3_, user3_.email as email2_3_3_, user3_.first_name as first_na3_3_3_, user3_.last_name as last_nam4_3_3_, user3_.password as password5_3_3_, user3_.username as username6_3_3_ from book book0_ left outer join author author1_ on book0_.author_id=author1_.id left outer join genre genre2_ on book0_.genre_id=genre2_.id left outer join user user3_ on book0_.user_id=user3_.id where book0_.id=?
[DEBUG] 2021-03-01 10:42:55.453 [main] Loader - Static select for action ACTION_MERGE on entity Book: select book0_.id as id1_1_0_, book0_.author_id as author_i4_1_0_, book0_.genre_id as genre_id5_1_0_, book0_.isbn as isbn2_1_0_, book0_.title as title3_1_0_, book0_.user_id as user_id6_1_0_ from book book0_ where book0_.id=?
[DEBUG] 2021-03-01 10:42:55.454 [main] Loader - Static select for action ACTION_REFRESH on entity Book: select book0_.id as id1_1_0_, book0_.author_id as author_i4_1_0_, book0_.genre_id as genre_id5_1_0_, book0_.isbn as isbn2_1_0_, book0_.title as title3_1_0_, book0_.user_id as user_id6_1_0_ from book book0_ where book0_.id=?
[DEBUG] 2021-03-01 10:42:55.576 [main] SchemaManagementToolCoordinator - No actions specified; doing nothing
[DEBUG] 2021-03-01 10:42:55.579 [main] JtaPlatformInitiator - No JtaPlatform was specified, checking resolver
[DEBUG] 2021-03-01 10:42:55.580 [main] JtaPlatformResolverInitiator - No JtaPlatformResolver was specified, using default [org.hibernate.engine.transaction.jta.platform.internal.StandardJtaPlatformResolver]
[DEBUG] 2021-03-01 10:42:55.593 [main] StandardJtaPlatformResolver - Could not resolve JtaPlatform, using default [org.hibernate.engine.transaction.jta.platform.internal.NoJtaPlatform]
[INFO ] 2021-03-01 10:42:55.593 [main] JtaPlatformInitiator - HHH000490: Using JtaPlatform implementation: [org.hibernate.engine.transaction.jta.platform.internal.NoJtaPlatform]
[DEBUG] 2021-03-01 10:42:55.594 [main] NamedQueryRepository - Checking 0 named HQL queries
[DEBUG] 2021-03-01 10:42:55.594 [main] NamedQueryRepository - Checking 0 named SQL queries
[DEBUG] 2021-03-01 10:42:55.601 [main] SessionFactoryRegistry - Initializing SessionFactoryRegistry : org.hibernate.internal.SessionFactoryRegistry@36c7cbe1
[DEBUG] 2021-03-01 10:42:55.602 [main] SessionFactoryRegistry - Registering SessionFactory: 1207966a-5441-4db4-84c4-2bcf87883ce7 (<unnamed>)
[DEBUG] 2021-03-01 10:42:55.607 [main] SessionFactoryRegistry - Not binding SessionFactory to JNDI, no JNDI name configured
[DEBUG] 2021-03-01 10:42:55.804 [main] StatisticsInitiator - Statistics initialized [enabled=false]
[DEBUG] 2021-03-01 10:42:55.837 [main] CriteriaQueryImpl - Rendered criteria query -> select generatedAlias0 from Author as generatedAlias0
[DEBUG] 2021-03-01 10:42:55.858 [main] QueryTranslatorFactoryInitiator - QueryTranslatorFactory: org.hibernate.hql.internal.ast.ASTQueryTranslatorFactory@1472208d
[DEBUG] 2021-03-01 10:42:55.897 [main] QueryTranslatorImpl - parse() - HQL: select generatedAlias0 from Author as generatedAlias0
[DEBUG] 2021-03-01 10:42:55.911 [main] ErrorTracker - throwQueryException() : no errors
[DEBUG] 2021-03-01 10:42:55.928 [main] QueryTranslatorImpl - --- HQL AST ---
 \-[QUERY] Node: 'query'
    \-[SELECT_FROM] Node: 'SELECT_FROM'
       +-[FROM] Node: 'from'
       |  \-[RANGE] Node: 'RANGE'
       |     +-[DOT] Node: '.'
       |     |  +-[IDENT] Node: 'entity'
       |     |  \-[IDENT] Node: 'Author'
       |     \-[ALIAS] Node: 'generatedAlias0'
       \-[SELECT] Node: 'select'
          \-[IDENT] Node: 'generatedAlias0'

[DEBUG] 2021-03-01 10:42:55.990 [main] HqlSqlBaseWalker - select << begin [level=1, statement=select]
[DEBUG] 2021-03-01 10:42:56.018 [main] FromElement - FromClause{level=1} : Author (generatedAlias0) -> author0_
[DEBUG] 2021-03-01 10:42:56.023 [main] FromReferenceNode - Resolved : generatedAlias0 -> author0_.id
[DEBUG] 2021-03-01 10:42:56.025 [main] HqlSqlBaseWalker - select : finishing up [level=1, statement=select]
[DEBUG] 2021-03-01 10:42:56.026 [main] HqlSqlWalker - processQuery() :  ( SELECT ( {select clause} author0_.id ) ( FromClause{level=1} author author0_ ) )
[DEBUG] 2021-03-01 10:42:56.043 [main] JoinProcessor - Using FROM fragment [author author0_]
[DEBUG] 2021-03-01 10:42:56.044 [main] HqlSqlBaseWalker - select >> end [level=1, statement=select]
[DEBUG] 2021-03-01 10:42:56.045 [main] QueryTranslatorImpl - --- SQL AST ---
 \-[SELECT] QueryNode: 'SELECT'  querySpaces (author)
    +-[SELECT_CLAUSE] SelectClause: '{select clause}'
    |  +-[ALIAS_REF] IdentNode: 'author0_.id as id1_0_' {alias=generatedAlias0, className=Author, tableAlias=author0_}
    |  \-[SQL_TOKEN] SqlFragment: 'author0_.first_name as first_na2_0_, author0_.last_name as last_nam3_0_'
    \-[FROM] FromClause: 'from' FromClause{level=1, fromElementCounter=1, fromElements=1, fromElementByClassAlias=[generatedAlias0], fromElementByTableAlias=[author0_], fromElementsByPath=[], collectionJoinFromElementsByPath=[], impliedElements=[]}
       \-[FROM_FRAGMENT] FromElement: 'author author0_' FromElement{explicit,not a collection join,not a fetch join,fetch non-lazy properties,classAlias=generatedAlias0,role=null,tableName=author,tableAlias=author0_,origin=null,columns={,className=Author}}

[DEBUG] 2021-03-01 10:42:56.045 [main] ErrorTracker - throwQueryException() : no errors
[DEBUG] 2021-03-01 10:42:56.054 [main] QueryTranslatorImpl - HQL: select generatedAlias0 from Author as generatedAlias0
[DEBUG] 2021-03-01 10:42:56.054 [main] QueryTranslatorImpl - SQL: select author0_.id as id1_0_, author0_.first_name as first_na2_0_, author0_.last_name as last_nam3_0_ from author author0_
[DEBUG] 2021-03-01 10:42:56.055 [main] ErrorTracker - throwQueryException() : no errors
[DEBUG] 2021-03-01 10:42:56.079 [main] SQL - select author0_.id as id1_0_, author0_.first_name as first_na2_0_, author0_.last_name as last_nam3_0_ from author author0_
[DEBUG] 2021-03-01 10:42:56.129 [main] Loader - Result set row: 0
[DEBUG] 2021-03-01 10:42:56.132 [main] Loader - Result row: EntityKey[Author#1]
[DEBUG] 2021-03-01 10:42:56.146 [main] Loader - Result set row: 1
[DEBUG] 2021-03-01 10:42:56.146 [main] Loader - Result row: EntityKey[Author#2]
[DEBUG] 2021-03-01 10:42:56.146 [main] Loader - Result set row: 2
[DEBUG] 2021-03-01 10:42:56.146 [main] Loader - Result row: EntityKey[Author#3]
[DEBUG] 2021-03-01 10:42:56.147 [main] Loader - Result set row: 3
[DEBUG] 2021-03-01 10:42:56.147 [main] Loader - Result row: EntityKey[Author#4]
[DEBUG] 2021-03-01 10:42:56.147 [main] Loader - Result set row: 4
[DEBUG] 2021-03-01 10:42:56.147 [main] Loader - Result row: EntityKey[Author#5]
[DEBUG] 2021-03-01 10:42:56.153 [main] TwoPhaseLoad - Resolving attributes for [Author#1]
[DEBUG] 2021-03-01 10:42:56.156 [main] TwoPhaseLoad - Processing attribute `firstName` : value = Sarah J.
[DEBUG] 2021-03-01 10:42:56.158 [main] TwoPhaseLoad - Attribute (`firstName`)  - enhanced for lazy-loading? - false
[DEBUG] 2021-03-01 10:42:56.158 [main] TwoPhaseLoad - Processing attribute `lastName` : value = Maas
[DEBUG] 2021-03-01 10:42:56.158 [main] TwoPhaseLoad - Attribute (`lastName`)  - enhanced for lazy-loading? - false
[DEBUG] 2021-03-01 10:42:56.159 [main] TwoPhaseLoad - Done materializing entity [Author#1]
[DEBUG] 2021-03-01 10:42:56.159 [main] TwoPhaseLoad - Resolving attributes for [Author#2]
[DEBUG] 2021-03-01 10:42:56.159 [main] TwoPhaseLoad - Processing attribute `firstName` : value = Cassandra
[DEBUG] 2021-03-01 10:42:56.159 [main] TwoPhaseLoad - Attribute (`firstName`)  - enhanced for lazy-loading? - false
[DEBUG] 2021-03-01 10:42:56.159 [main] TwoPhaseLoad - Processing attribute `lastName` : value = Clare
[DEBUG] 2021-03-01 10:42:56.159 [main] TwoPhaseLoad - Attribute (`lastName`)  - enhanced for lazy-loading? - false
[DEBUG] 2021-03-01 10:42:56.160 [main] TwoPhaseLoad - Done materializing entity [Author#2]
[DEBUG] 2021-03-01 10:42:56.162 [main] TwoPhaseLoad - Resolving attributes for [Author#3]
[DEBUG] 2021-03-01 10:42:56.162 [main] TwoPhaseLoad - Processing attribute `firstName` : value = Stephen
[DEBUG] 2021-03-01 10:42:56.162 [main] TwoPhaseLoad - Attribute (`firstName`)  - enhanced for lazy-loading? - false
[DEBUG] 2021-03-01 10:42:56.162 [main] TwoPhaseLoad - Processing attribute `lastName` : value = King
[DEBUG] 2021-03-01 10:42:56.162 [main] TwoPhaseLoad - Attribute (`lastName`)  - enhanced for lazy-loading? - false
[DEBUG] 2021-03-01 10:42:56.163 [main] TwoPhaseLoad - Done materializing entity [Author#3]
[DEBUG] 2021-03-01 10:42:56.163 [main] TwoPhaseLoad - Resolving attributes for [Author#4]
[DEBUG] 2021-03-01 10:42:56.163 [main] TwoPhaseLoad - Processing attribute `firstName` : value = Brandon
[DEBUG] 2021-03-01 10:42:56.166 [main] TwoPhaseLoad - Attribute (`firstName`)  - enhanced for lazy-loading? - false
[DEBUG] 2021-03-01 10:42:56.166 [main] TwoPhaseLoad - Processing attribute `lastName` : value = Sanderson
[DEBUG] 2021-03-01 10:42:56.166 [main] TwoPhaseLoad - Attribute (`lastName`)  - enhanced for lazy-loading? - false
[DEBUG] 2021-03-01 10:42:56.166 [main] TwoPhaseLoad - Done materializing entity [Author#4]
[DEBUG] 2021-03-01 10:42:56.166 [main] TwoPhaseLoad - Resolving attributes for [Author#5]
[DEBUG] 2021-03-01 10:42:56.166 [main] TwoPhaseLoad - Processing attribute `firstName` : value = Nora
[DEBUG] 2021-03-01 10:42:56.166 [main] TwoPhaseLoad - Attribute (`firstName`)  - enhanced for lazy-loading? - false
[DEBUG] 2021-03-01 10:42:56.166 [main] TwoPhaseLoad - Processing attribute `lastName` : value = Roberts
[DEBUG] 2021-03-01 10:42:56.166 [main] TwoPhaseLoad - Attribute (`lastName`)  - enhanced for lazy-loading? - false
[DEBUG] 2021-03-01 10:42:56.166 [main] TwoPhaseLoad - Done materializing entity [Author#5]
[DEBUG] 2021-03-01 10:42:56.168 [main] LogicalConnectionManagedImpl - Initiating JDBC connection release from afterTransaction
