[DEBUG] 2021-03-01 10:52:14.910 [main] IntegratorServiceImpl - Adding Integrator [org.hibernate.cfg.beanvalidation.BeanValidationIntegrator].
[DEBUG] 2021-03-01 10:52:14.947 [main] IntegratorServiceImpl - Adding Integrator [org.hibernate.secure.spi.JaccIntegrator].
[DEBUG] 2021-03-01 10:52:14.954 [main] IntegratorServiceImpl - Adding Integrator [org.hibernate.cache.internal.CollectionCacheInvalidator].
[INFO ] 2021-03-01 10:52:15.261 [main] Version - HHH000412: Hibernate Core {5.4.4.Final}
[DEBUG] 2021-03-01 10:52:15.277 [main] Environment - HHH000206: hibernate.properties not found
[DEBUG] 2021-03-01 10:52:16.120 [main] LocalXmlResourceResolver - Interpreting public/system identifier : [-//Hibernate/Hibernate Configuration DTD//EN] - [http://www.hibernate.org/dtd/hibernate-configuration-3.0.dtd]
[DEBUG] 2021-03-01 10:52:16.126 [main] LocalXmlResourceResolver - Recognized hibernate-configuration identifier; attempting to resolve on classpath under org/hibernate/
[DEBUG] 2021-03-01 10:52:16.158 [main] JaxbCfgProcessor - cfg.xml document did not define namespaces; wrapping in custom event reader to introduce namespace information
[DEBUG] 2021-03-01 10:52:17.418 [main] ServiceBinding - Overriding existing service binding [org.hibernate.secure.spi.JaccService]
[DEBUG] 2021-03-01 10:52:17.499 [main] RegionFactoryInitiator - Cannot default RegionFactory based on registered strategies as `[]` RegionFactory strategies were registered
[DEBUG] 2021-03-01 10:52:17.502 [main] RegionFactoryInitiator - Cache region factory : org.hibernate.cache.internal.NoCachingRegionFactory
[INFO ] 2021-03-01 10:52:17.545 [main] Version - HCANN000001: Hibernate Commons Annotations {5.1.0.Final}
[DEBUG] 2021-03-01 10:52:17.669 [main] BasicTypeRegistry - Adding type registration boolean -> org.hibernate.type.BooleanType@6a84bc2a
[DEBUG] 2021-03-01 10:52:17.670 [main] BasicTypeRegistry - Adding type registration boolean -> org.hibernate.type.BooleanType@6a84bc2a
[DEBUG] 2021-03-01 10:52:17.670 [main] BasicTypeRegistry - Adding type registration java.lang.Boolean -> org.hibernate.type.BooleanType@6a84bc2a
[DEBUG] 2021-03-01 10:52:17.671 [main] BasicTypeRegistry - Adding type registration numeric_boolean -> org.hibernate.type.NumericBooleanType@27068a50
[DEBUG] 2021-03-01 10:52:17.672 [main] BasicTypeRegistry - Adding type registration true_false -> org.hibernate.type.TrueFalseType@48bfb884
[DEBUG] 2021-03-01 10:52:17.672 [main] BasicTypeRegistry - Adding type registration yes_no -> org.hibernate.type.YesNoType@2e52fb3e
[DEBUG] 2021-03-01 10:52:17.673 [main] BasicTypeRegistry - Adding type registration byte -> org.hibernate.type.ByteType@4d4960c8
[DEBUG] 2021-03-01 10:52:17.675 [main] BasicTypeRegistry - Adding type registration byte -> org.hibernate.type.ByteType@4d4960c8
[DEBUG] 2021-03-01 10:52:17.675 [main] BasicTypeRegistry - Adding type registration java.lang.Byte -> org.hibernate.type.ByteType@4d4960c8
[DEBUG] 2021-03-01 10:52:17.676 [main] BasicTypeRegistry - Adding type registration character -> org.hibernate.type.CharacterType@6ce90bc5
[DEBUG] 2021-03-01 10:52:17.677 [main] BasicTypeRegistry - Adding type registration char -> org.hibernate.type.CharacterType@6ce90bc5
[DEBUG] 2021-03-01 10:52:17.677 [main] BasicTypeRegistry - Adding type registration java.lang.Character -> org.hibernate.type.CharacterType@6ce90bc5
[DEBUG] 2021-03-01 10:52:17.679 [main] BasicTypeRegistry - Adding type registration short -> org.hibernate.type.ShortType@27f1bbe0
[DEBUG] 2021-03-01 10:52:17.679 [main] BasicTypeRegistry - Adding type registration short -> org.hibernate.type.ShortType@27f1bbe0
[DEBUG] 2021-03-01 10:52:17.679 [main] BasicTypeRegistry - Adding type registration java.lang.Short -> org.hibernate.type.ShortType@27f1bbe0
[DEBUG] 2021-03-01 10:52:17.680 [main] BasicTypeRegistry - Adding type registration integer -> org.hibernate.type.IntegerType@7c28c1
[DEBUG] 2021-03-01 10:52:17.680 [main] BasicTypeRegistry - Adding type registration int -> org.hibernate.type.IntegerType@7c28c1
[DEBUG] 2021-03-01 10:52:17.680 [main] BasicTypeRegistry - Adding type registration java.lang.Integer -> org.hibernate.type.IntegerType@7c28c1
[DEBUG] 2021-03-01 10:52:17.686 [main] BasicTypeRegistry - Adding type registration long -> org.hibernate.type.LongType@5b3f3ba0
[DEBUG] 2021-03-01 10:52:17.686 [main] BasicTypeRegistry - Adding type registration long -> org.hibernate.type.LongType@5b3f3ba0
[DEBUG] 2021-03-01 10:52:17.687 [main] BasicTypeRegistry - Adding type registration java.lang.Long -> org.hibernate.type.LongType@5b3f3ba0
[DEBUG] 2021-03-01 10:52:17.688 [main] BasicTypeRegistry - Adding type registration float -> org.hibernate.type.FloatType@5eeedb60
[DEBUG] 2021-03-01 10:52:17.688 [main] BasicTypeRegistry - Adding type registration float -> org.hibernate.type.FloatType@5eeedb60
[DEBUG] 2021-03-01 10:52:17.688 [main] BasicTypeRegistry - Adding type registration java.lang.Float -> org.hibernate.type.FloatType@5eeedb60
[DEBUG] 2021-03-01 10:52:17.689 [main] BasicTypeRegistry - Adding type registration double -> org.hibernate.type.DoubleType@2b9b7f1f
[DEBUG] 2021-03-01 10:52:17.689 [main] BasicTypeRegistry - Adding type registration double -> org.hibernate.type.DoubleType@2b9b7f1f
[DEBUG] 2021-03-01 10:52:17.690 [main] BasicTypeRegistry - Adding type registration java.lang.Double -> org.hibernate.type.DoubleType@2b9b7f1f
[DEBUG] 2021-03-01 10:52:17.691 [main] BasicTypeRegistry - Adding type registration big_decimal -> org.hibernate.type.BigDecimalType@55ea2d70
[DEBUG] 2021-03-01 10:52:17.692 [main] BasicTypeRegistry - Adding type registration java.math.BigDecimal -> org.hibernate.type.BigDecimalType@55ea2d70
[DEBUG] 2021-03-01 10:52:17.693 [main] BasicTypeRegistry - Adding type registration big_integer -> org.hibernate.type.BigIntegerType@67a056f1
[DEBUG] 2021-03-01 10:52:17.693 [main] BasicTypeRegistry - Adding type registration java.math.BigInteger -> org.hibernate.type.BigIntegerType@67a056f1
[DEBUG] 2021-03-01 10:52:17.694 [main] BasicTypeRegistry - Adding type registration string -> org.hibernate.type.StringType@7fedfe27
[DEBUG] 2021-03-01 10:52:17.694 [main] BasicTypeRegistry - Adding type registration java.lang.String -> org.hibernate.type.StringType@7fedfe27
[DEBUG] 2021-03-01 10:52:17.695 [main] BasicTypeRegistry - Adding type registration nstring -> org.hibernate.type.StringNVarcharType@56ccd751
[DEBUG] 2021-03-01 10:52:17.695 [main] BasicTypeRegistry - Adding type registration ncharacter -> org.hibernate.type.CharacterNCharType@1d207fad
[DEBUG] 2021-03-01 10:52:17.697 [main] BasicTypeRegistry - Adding type registration url -> org.hibernate.type.UrlType@488b50ec
[DEBUG] 2021-03-01 10:52:17.697 [main] BasicTypeRegistry - Adding type registration java.net.URL -> org.hibernate.type.UrlType@488b50ec
[DEBUG] 2021-03-01 10:52:17.701 [main] BasicTypeRegistry - Adding type registration Duration -> org.hibernate.type.DurationType@6d2d99fc
[DEBUG] 2021-03-01 10:52:17.701 [main] BasicTypeRegistry - Adding type registration java.time.Duration -> org.hibernate.type.DurationType@6d2d99fc
[DEBUG] 2021-03-01 10:52:17.707 [main] BasicTypeRegistry - Adding type registration Instant -> org.hibernate.type.InstantType@66bfd864
[DEBUG] 2021-03-01 10:52:17.708 [main] BasicTypeRegistry - Adding type registration java.time.Instant -> org.hibernate.type.InstantType@66bfd864
[DEBUG] 2021-03-01 10:52:17.710 [main] BasicTypeRegistry - Adding type registration LocalDateTime -> org.hibernate.type.LocalDateTimeType@5486887b
[DEBUG] 2021-03-01 10:52:17.710 [main] BasicTypeRegistry - Adding type registration java.time.LocalDateTime -> org.hibernate.type.LocalDateTimeType@5486887b
[DEBUG] 2021-03-01 10:52:17.712 [main] BasicTypeRegistry - Adding type registration LocalDate -> org.hibernate.type.LocalDateType@4d33940d
[DEBUG] 2021-03-01 10:52:17.712 [main] BasicTypeRegistry - Adding type registration java.time.LocalDate -> org.hibernate.type.LocalDateType@4d33940d
[DEBUG] 2021-03-01 10:52:17.714 [main] BasicTypeRegistry - Adding type registration LocalTime -> org.hibernate.type.LocalTimeType@7051777c
[DEBUG] 2021-03-01 10:52:17.715 [main] BasicTypeRegistry - Adding type registration java.time.LocalTime -> org.hibernate.type.LocalTimeType@7051777c
[DEBUG] 2021-03-01 10:52:17.716 [main] BasicTypeRegistry - Adding type registration OffsetDateTime -> org.hibernate.type.OffsetDateTimeType@2b97cc1f
[DEBUG] 2021-03-01 10:52:17.717 [main] BasicTypeRegistry - Adding type registration java.time.OffsetDateTime -> org.hibernate.type.OffsetDateTimeType@2b97cc1f
[DEBUG] 2021-03-01 10:52:17.719 [main] BasicTypeRegistry - Adding type registration OffsetTime -> org.hibernate.type.OffsetTimeType@44afefd5
[DEBUG] 2021-03-01 10:52:17.719 [main] BasicTypeRegistry - Adding type registration java.time.OffsetTime -> org.hibernate.type.OffsetTimeType@44afefd5
[DEBUG] 2021-03-01 10:52:17.721 [main] BasicTypeRegistry - Adding type registration ZonedDateTime -> org.hibernate.type.ZonedDateTimeType@4650a407
[DEBUG] 2021-03-01 10:52:17.721 [main] BasicTypeRegistry - Adding type registration java.time.ZonedDateTime -> org.hibernate.type.ZonedDateTimeType@4650a407
[DEBUG] 2021-03-01 10:52:17.723 [main] BasicTypeRegistry - Adding type registration date -> org.hibernate.type.DateType@62ddd21b
[DEBUG] 2021-03-01 10:52:17.723 [main] BasicTypeRegistry - Adding type registration java.sql.Date -> org.hibernate.type.DateType@62ddd21b
[DEBUG] 2021-03-01 10:52:17.725 [main] BasicTypeRegistry - Adding type registration time -> org.hibernate.type.TimeType@48ea2003
[DEBUG] 2021-03-01 10:52:17.726 [main] BasicTypeRegistry - Adding type registration java.sql.Time -> org.hibernate.type.TimeType@48ea2003
[DEBUG] 2021-03-01 10:52:17.729 [main] BasicTypeRegistry - Adding type registration timestamp -> org.hibernate.type.TimestampType@5972d253
[DEBUG] 2021-03-01 10:52:17.729 [main] BasicTypeRegistry - Adding type registration java.sql.Timestamp -> org.hibernate.type.TimestampType@5972d253
[DEBUG] 2021-03-01 10:52:17.734 [main] BasicTypeRegistry - Adding type registration java.util.Date -> org.hibernate.type.TimestampType@5972d253
[DEBUG] 2021-03-01 10:52:17.736 [main] BasicTypeRegistry - Adding type registration dbtimestamp -> org.hibernate.type.DbTimestampType@5b5c0057
[DEBUG] 2021-03-01 10:52:17.737 [main] BasicTypeRegistry - Adding type registration calendar -> org.hibernate.type.CalendarType@273842a6
[DEBUG] 2021-03-01 10:52:17.740 [main] BasicTypeRegistry - Adding type registration java.util.Calendar -> org.hibernate.type.CalendarType@273842a6
[DEBUG] 2021-03-01 10:52:17.741 [main] BasicTypeRegistry - Adding type registration java.util.GregorianCalendar -> org.hibernate.type.CalendarType@273842a6
[DEBUG] 2021-03-01 10:52:17.743 [main] BasicTypeRegistry - Adding type registration calendar_date -> org.hibernate.type.CalendarDateType@b558294
[DEBUG] 2021-03-01 10:52:17.744 [main] BasicTypeRegistry - Adding type registration locale -> org.hibernate.type.LocaleType@3bcd426c
[DEBUG] 2021-03-01 10:52:17.744 [main] BasicTypeRegistry - Adding type registration java.util.Locale -> org.hibernate.type.LocaleType@3bcd426c
[DEBUG] 2021-03-01 10:52:17.746 [main] BasicTypeRegistry - Adding type registration currency -> org.hibernate.type.CurrencyType@160396db
[DEBUG] 2021-03-01 10:52:17.746 [main] BasicTypeRegistry - Adding type registration java.util.Currency -> org.hibernate.type.CurrencyType@160396db
[DEBUG] 2021-03-01 10:52:17.747 [main] BasicTypeRegistry - Adding type registration timezone -> org.hibernate.type.TimeZoneType@76b224cd
[DEBUG] 2021-03-01 10:52:17.748 [main] BasicTypeRegistry - Adding type registration java.util.TimeZone -> org.hibernate.type.TimeZoneType@76b224cd
[DEBUG] 2021-03-01 10:52:17.751 [main] BasicTypeRegistry - Adding type registration class -> org.hibernate.type.ClassType@aa10649
[DEBUG] 2021-03-01 10:52:17.751 [main] BasicTypeRegistry - Adding type registration java.lang.Class -> org.hibernate.type.ClassType@aa10649
[DEBUG] 2021-03-01 10:52:17.757 [main] BasicTypeRegistry - Adding type registration uuid-binary -> org.hibernate.type.UUIDBinaryType@6b63d445
[DEBUG] 2021-03-01 10:52:17.761 [main] BasicTypeRegistry - Adding type registration java.util.UUID -> org.hibernate.type.UUIDBinaryType@6b63d445
[DEBUG] 2021-03-01 10:52:17.762 [main] BasicTypeRegistry - Adding type registration uuid-char -> org.hibernate.type.UUIDCharType@23ee75c5
[DEBUG] 2021-03-01 10:52:17.763 [main] BasicTypeRegistry - Adding type registration binary -> org.hibernate.type.BinaryType@73877e19
[DEBUG] 2021-03-01 10:52:17.764 [main] BasicTypeRegistry - Adding type registration byte[] -> org.hibernate.type.BinaryType@73877e19
[DEBUG] 2021-03-01 10:52:17.764 [main] BasicTypeRegistry - Adding type registration [B -> org.hibernate.type.BinaryType@73877e19
[DEBUG] 2021-03-01 10:52:17.765 [main] BasicTypeRegistry - Adding type registration wrapper-binary -> org.hibernate.type.WrapperBinaryType@5d235104
[DEBUG] 2021-03-01 10:52:17.765 [main] BasicTypeRegistry - Adding type registration Byte[] -> org.hibernate.type.WrapperBinaryType@5d235104
[DEBUG] 2021-03-01 10:52:17.765 [main] BasicTypeRegistry - Adding type registration [Ljava.lang.Byte; -> org.hibernate.type.WrapperBinaryType@5d235104
[DEBUG] 2021-03-01 10:52:17.767 [main] BasicTypeRegistry - Adding type registration row_version -> org.hibernate.type.RowVersionType@2b0b4d53
[DEBUG] 2021-03-01 10:52:17.770 [main] BasicTypeRegistry - Adding type registration image -> org.hibernate.type.ImageType@303a5119
[DEBUG] 2021-03-01 10:52:17.772 [main] BasicTypeRegistry - Adding type registration characters -> org.hibernate.type.CharArrayType@2cfbeac4
[DEBUG] 2021-03-01 10:52:17.772 [main] BasicTypeRegistry - Adding type registration char[] -> org.hibernate.type.CharArrayType@2cfbeac4
[DEBUG] 2021-03-01 10:52:17.772 [main] BasicTypeRegistry - Adding type registration [C -> org.hibernate.type.CharArrayType@2cfbeac4
[DEBUG] 2021-03-01 10:52:17.773 [main] BasicTypeRegistry - Adding type registration wrapper-characters -> org.hibernate.type.CharacterArrayType@3005db4a
[DEBUG] 2021-03-01 10:52:17.773 [main] BasicTypeRegistry - Adding type registration [Ljava.lang.Character; -> org.hibernate.type.CharacterArrayType@3005db4a
[DEBUG] 2021-03-01 10:52:17.775 [main] BasicTypeRegistry - Adding type registration Character[] -> org.hibernate.type.CharacterArrayType@3005db4a
[DEBUG] 2021-03-01 10:52:17.775 [main] BasicTypeRegistry - Adding type registration text -> org.hibernate.type.TextType@52fc5eb1
[DEBUG] 2021-03-01 10:52:17.777 [main] BasicTypeRegistry - Adding type registration ntext -> org.hibernate.type.NTextType@2a49fe
[DEBUG] 2021-03-01 10:52:17.780 [main] BasicTypeRegistry - Adding type registration blob -> org.hibernate.type.BlobType@4a29f290
[DEBUG] 2021-03-01 10:52:17.781 [main] BasicTypeRegistry - Adding type registration java.sql.Blob -> org.hibernate.type.BlobType@4a29f290
[DEBUG] 2021-03-01 10:52:17.782 [main] BasicTypeRegistry - Adding type registration materialized_blob -> org.hibernate.type.MaterializedBlobType@417d6615
[DEBUG] 2021-03-01 10:52:17.786 [main] BasicTypeRegistry - Adding type registration clob -> org.hibernate.type.ClobType@7906578e
[DEBUG] 2021-03-01 10:52:17.790 [main] BasicTypeRegistry - Adding type registration java.sql.Clob -> org.hibernate.type.ClobType@7906578e
[DEBUG] 2021-03-01 10:52:17.792 [main] BasicTypeRegistry - Adding type registration nclob -> org.hibernate.type.NClobType@659a2455
[DEBUG] 2021-03-01 10:52:17.793 [main] BasicTypeRegistry - Adding type registration java.sql.NClob -> org.hibernate.type.NClobType@659a2455
[DEBUG] 2021-03-01 10:52:17.794 [main] BasicTypeRegistry - Adding type registration materialized_clob -> org.hibernate.type.MaterializedClobType@6f8e0cee
[DEBUG] 2021-03-01 10:52:17.794 [main] BasicTypeRegistry - Adding type registration materialized_nclob -> org.hibernate.type.MaterializedNClobType@4b2a30d
[DEBUG] 2021-03-01 10:52:17.800 [main] BasicTypeRegistry - Adding type registration serializable -> org.hibernate.type.SerializableType@5965844d
[DEBUG] 2021-03-01 10:52:17.803 [main] BasicTypeRegistry - Adding type registration object -> org.hibernate.type.ObjectType@383790cf
[DEBUG] 2021-03-01 10:52:17.811 [main] BasicTypeRegistry - Adding type registration java.lang.Object -> org.hibernate.type.ObjectType@383790cf
[DEBUG] 2021-03-01 10:52:17.843 [main] BasicTypeRegistry - Adding type registration imm_date -> org.hibernate.type.AdaptedImmutableType@878537d
[DEBUG] 2021-03-01 10:52:17.843 [main] BasicTypeRegistry - Adding type registration imm_time -> org.hibernate.type.AdaptedImmutableType@4455f57d
[DEBUG] 2021-03-01 10:52:17.843 [main] BasicTypeRegistry - Adding type registration imm_timestamp -> org.hibernate.type.AdaptedImmutableType@29fc1a2b
[DEBUG] 2021-03-01 10:52:17.843 [main] BasicTypeRegistry - Adding type registration imm_dbtimestamp -> org.hibernate.type.AdaptedImmutableType@4d0b0fd4
[DEBUG] 2021-03-01 10:52:17.843 [main] BasicTypeRegistry - Adding type registration imm_calendar -> org.hibernate.type.AdaptedImmutableType@7a24eb3
[DEBUG] 2021-03-01 10:52:17.843 [main] BasicTypeRegistry - Adding type registration imm_calendar_date -> org.hibernate.type.AdaptedImmutableType@6c37bd27
[DEBUG] 2021-03-01 10:52:17.843 [main] BasicTypeRegistry - Adding type registration imm_binary -> org.hibernate.type.AdaptedImmutableType@25d3cfc8
[DEBUG] 2021-03-01 10:52:17.844 [main] BasicTypeRegistry - Adding type registration imm_serializable -> org.hibernate.type.AdaptedImmutableType@30331109
[DEBUG] 2021-03-01 10:52:17.892 [main] DefaultIdentifierGeneratorFactory - Registering IdentifierGenerator strategy [uuid2] -> [org.hibernate.id.UUIDGenerator]
[DEBUG] 2021-03-01 10:52:17.893 [main] DefaultIdentifierGeneratorFactory - Registering IdentifierGenerator strategy [guid] -> [org.hibernate.id.GUIDGenerator]
[DEBUG] 2021-03-01 10:52:17.894 [main] DefaultIdentifierGeneratorFactory - Registering IdentifierGenerator strategy [uuid] -> [org.hibernate.id.UUIDHexGenerator]
[DEBUG] 2021-03-01 10:52:17.895 [main] DefaultIdentifierGeneratorFactory - Registering IdentifierGenerator strategy [uuid.hex] -> [org.hibernate.id.UUIDHexGenerator]
[DEBUG] 2021-03-01 10:52:17.897 [main] DefaultIdentifierGeneratorFactory - Registering IdentifierGenerator strategy [assigned] -> [org.hibernate.id.Assigned]
[DEBUG] 2021-03-01 10:52:17.898 [main] DefaultIdentifierGeneratorFactory - Registering IdentifierGenerator strategy [identity] -> [org.hibernate.id.IdentityGenerator]
[DEBUG] 2021-03-01 10:52:17.899 [main] DefaultIdentifierGeneratorFactory - Registering IdentifierGenerator strategy [select] -> [org.hibernate.id.SelectGenerator]
[DEBUG] 2021-03-01 10:52:17.900 [main] DefaultIdentifierGeneratorFactory - Registering IdentifierGenerator strategy [sequence] -> [org.hibernate.id.enhanced.SequenceStyleGenerator]
[DEBUG] 2021-03-01 10:52:17.902 [main] DefaultIdentifierGeneratorFactory - Registering IdentifierGenerator strategy [seqhilo] -> [org.hibernate.id.SequenceHiLoGenerator]
[DEBUG] 2021-03-01 10:52:17.902 [main] DefaultIdentifierGeneratorFactory - Registering IdentifierGenerator strategy [increment] -> [org.hibernate.id.IncrementGenerator]
[DEBUG] 2021-03-01 10:52:17.903 [main] DefaultIdentifierGeneratorFactory - Registering IdentifierGenerator strategy [foreign] -> [org.hibernate.id.ForeignGenerator]
[DEBUG] 2021-03-01 10:52:17.903 [main] DefaultIdentifierGeneratorFactory - Registering IdentifierGenerator strategy [sequence-identity] -> [org.hibernate.id.SequenceIdentityGenerator]
[DEBUG] 2021-03-01 10:52:17.904 [main] DefaultIdentifierGeneratorFactory - Registering IdentifierGenerator strategy [enhanced-sequence] -> [org.hibernate.id.enhanced.SequenceStyleGenerator]
[DEBUG] 2021-03-01 10:52:17.904 [main] DefaultIdentifierGeneratorFactory - Registering IdentifierGenerator strategy [enhanced-table] -> [org.hibernate.id.enhanced.TableGenerator]
[INFO ] 2021-03-01 10:52:17.916 [main] C3P0ConnectionProvider - HHH010002: C3P0 using driver: com.mysql.cj.jdbc.Driver at URL: jdbc:mysql://localhost:3306/test_BookCollection
[INFO ] 2021-03-01 10:52:17.917 [main] C3P0ConnectionProvider - HHH10001001: Connection properties: {password=****, user=root}
[INFO ] 2021-03-01 10:52:17.917 [main] C3P0ConnectionProvider - HHH10001003: Autocommit mode: false
[INFO ] 2021-03-01 10:52:18.230 [main] C3P0ConnectionProvider - HHH10001007: JDBC isolation level: <unknown>
[DEBUG] 2021-03-01 10:52:19.354 [main] JdbcEnvironmentInitiator - Database ->
       name : MySQL
    version : 8.0.22
      major : 8
      minor : 0
[DEBUG] 2021-03-01 10:52:19.384 [main] JdbcEnvironmentInitiator - Driver ->
       name : MySQL Connector/J
    version : mysql-connector-java-8.0.22 (Revision: d64b664fa93e81296a377de031b8123a67e6def2)
      major : 8
      minor : 0
[DEBUG] 2021-03-01 10:52:19.385 [main] JdbcEnvironmentInitiator - JDBC version : 4.2
[INFO ] 2021-03-01 10:52:19.516 [main] Dialect - HHH000400: Using dialect: org.hibernate.dialect.MySQL8Dialect
[DEBUG] 2021-03-01 10:52:19.574 [main] IdentifierHelperBuilder - JDBC driver metadata reported database stores quoted identifiers in more than one case
[DEBUG] 2021-03-01 10:52:19.625 [main] IdentifierHelperBuilder - IdentifierCaseStrategy for both quoted and unquoted identifiers was set to the same strategy [MIXED]; that will likely lead to problems in schema update and validation if using quoted identifiers
[DEBUG] 2021-03-01 10:52:19.736 [main] Namespace - Created database namespace [logicalName=Name{catalog=null, schema=null}, physicalName=Name{catalog=null, schema=null}]
[DEBUG] 2021-03-01 10:52:19.743 [main] TypeConfiguration$Scope - Scoping TypeConfiguration [org.hibernate.type.spi.TypeConfiguration@39fa8ad2] to MetadataBuildingContext [org.hibernate.boot.internal.MetadataBuildingContextRootImpl@76ddd61a]
[DEBUG] 2021-03-01 10:52:19.866 [main] AnnotationBinder - Binding entity from annotated class: Author
[DEBUG] 2021-03-01 10:52:19.893 [main] Ejb3Column - Binding column: Ejb3DiscriminatorColumn{logicalColumnName'DTYPE', discriminatorTypeName='string'}
[DEBUG] 2021-03-01 10:52:19.898 [main] EntityBinder - Import with entity name Author
[DEBUG] 2021-03-01 10:52:19.901 [main] EntityBinder - Bind entity Author on table author
[DEBUG] 2021-03-01 10:52:19.946 [main] Ejb3Column - Binding column: Ejb3Column{table=org.hibernate.mapping.Table(author), mappingColumn=id, insertable=true, updatable=true, unique=false}
[DEBUG] 2021-03-01 10:52:19.952 [main] PropertyBinder - MetadataSourceProcessor property id with lazy=false
[DEBUG] 2021-03-01 10:52:19.955 [main] AbstractPropertyHolder - Attempting to locate auto-apply AttributeConverter for property [Author:id]
[DEBUG] 2021-03-01 10:52:19.957 [main] SimpleValueBinder - building SimpleValue for id
[DEBUG] 2021-03-01 10:52:19.959 [main] PropertyBinder - Building property id
[DEBUG] 2021-03-01 10:52:19.974 [main] BinderHelper - #makeIdGenerator(org.hibernate.mapping.SimpleValue([org.hibernate.mapping.Column(id)]), id, org.hibernate.id.enhanced.SequenceStyleGenerator, native, ...)
[DEBUG] 2021-03-01 10:52:19.975 [main] Ejb3Column - Binding column: Ejb3Column{table=org.hibernate.mapping.Table(author), mappingColumn=first_name, insertable=true, updatable=true, unique=false}
[DEBUG] 2021-03-01 10:52:19.975 [main] PropertyBinder - MetadataSourceProcessor property firstName with lazy=false
[DEBUG] 2021-03-01 10:52:19.976 [main] AbstractPropertyHolder - Attempting to locate auto-apply AttributeConverter for property [Author:firstName]
[DEBUG] 2021-03-01 10:52:19.982 [main] SimpleValueBinder - building SimpleValue for firstName
[DEBUG] 2021-03-01 10:52:19.982 [main] PropertyBinder - Building property firstName
[DEBUG] 2021-03-01 10:52:19.983 [main] Ejb3Column - Binding column: Ejb3Column{table=org.hibernate.mapping.Table(author), mappingColumn=last_name, insertable=true, updatable=true, unique=false}
[DEBUG] 2021-03-01 10:52:19.983 [main] PropertyBinder - MetadataSourceProcessor property lastName with lazy=false
[DEBUG] 2021-03-01 10:52:19.985 [main] AbstractPropertyHolder - Attempting to locate auto-apply AttributeConverter for property [Author:lastName]
[DEBUG] 2021-03-01 10:52:19.986 [main] SimpleValueBinder - building SimpleValue for lastName
[DEBUG] 2021-03-01 10:52:19.986 [main] PropertyBinder - Building property lastName
[DEBUG] 2021-03-01 10:52:19.987 [main] AnnotationBinder - Binding entity from annotated class: Book
[DEBUG] 2021-03-01 10:52:19.987 [main] Ejb3Column - Binding column: Ejb3DiscriminatorColumn{logicalColumnName'DTYPE', discriminatorTypeName='string'}
[DEBUG] 2021-03-01 10:52:19.987 [main] EntityBinder - Import with entity name Book
[DEBUG] 2021-03-01 10:52:19.987 [main] EntityBinder - Bind entity Book on table book
[DEBUG] 2021-03-01 10:52:19.999 [main] Ejb3Column - Binding column: Ejb3Column{table=org.hibernate.mapping.Table(book), mappingColumn=id, insertable=true, updatable=true, unique=false}
[DEBUG] 2021-03-01 10:52:20.002 [main] PropertyBinder - MetadataSourceProcessor property id with lazy=false
[DEBUG] 2021-03-01 10:52:20.003 [main] AbstractPropertyHolder - Attempting to locate auto-apply AttributeConverter for property [Book:id]
[DEBUG] 2021-03-01 10:52:20.003 [main] SimpleValueBinder - building SimpleValue for id
[DEBUG] 2021-03-01 10:52:20.003 [main] PropertyBinder - Building property id
[DEBUG] 2021-03-01 10:52:20.003 [main] BinderHelper - #makeIdGenerator(org.hibernate.mapping.SimpleValue([org.hibernate.mapping.Column(id)]), id, org.hibernate.id.enhanced.SequenceStyleGenerator, native, ...)
[DEBUG] 2021-03-01 10:52:20.004 [main] Ejb3Column - Binding column: Ejb3JoinColumn{logicalColumnName='null', referencedColumn='null', mappedBy='null'}
[DEBUG] 2021-03-01 10:52:20.005 [main] Ejb3Column - Binding column: Ejb3Column{table=org.hibernate.mapping.Table(book), mappingColumn=author, insertable=true, updatable=true, unique=false}
[DEBUG] 2021-03-01 10:52:20.013 [main] PropertyBinder - Building property author
[DEBUG] 2021-03-01 10:52:20.014 [main] Ejb3Column - Binding column: Ejb3JoinColumn{logicalColumnName='null', referencedColumn='null', mappedBy='null'}
[DEBUG] 2021-03-01 10:52:20.015 [main] Ejb3Column - Binding column: Ejb3Column{table=org.hibernate.mapping.Table(book), mappingColumn=genre, insertable=true, updatable=true, unique=false}
[DEBUG] 2021-03-01 10:52:20.015 [main] PropertyBinder - Building property genre
[DEBUG] 2021-03-01 10:52:20.015 [main] Ejb3Column - Binding column: Ejb3Column{table=org.hibernate.mapping.Table(book), mappingColumn=isbn, insertable=true, updatable=true, unique=false}
[DEBUG] 2021-03-01 10:52:20.015 [main] PropertyBinder - MetadataSourceProcessor property isbn with lazy=false
[DEBUG] 2021-03-01 10:52:20.015 [main] AbstractPropertyHolder - Attempting to locate auto-apply AttributeConverter for property [Book:isbn]
[DEBUG] 2021-03-01 10:52:20.015 [main] SimpleValueBinder - building SimpleValue for isbn
[DEBUG] 2021-03-01 10:52:20.015 [main] PropertyBinder - Building property isbn
[DEBUG] 2021-03-01 10:52:20.016 [main] Ejb3Column - Binding column: Ejb3Column{table=org.hibernate.mapping.Table(book), mappingColumn=title, insertable=true, updatable=true, unique=false}
[DEBUG] 2021-03-01 10:52:20.016 [main] PropertyBinder - MetadataSourceProcessor property title with lazy=false
[DEBUG] 2021-03-01 10:52:20.017 [main] AbstractPropertyHolder - Attempting to locate auto-apply AttributeConverter for property [Book:title]
[DEBUG] 2021-03-01 10:52:20.017 [main] SimpleValueBinder - building SimpleValue for title
[DEBUG] 2021-03-01 10:52:20.019 [main] PropertyBinder - Building property title
[DEBUG] 2021-03-01 10:52:20.033 [main] Ejb3Column - Binding column: Ejb3JoinColumn{logicalColumnName='null', referencedColumn='null', mappedBy='null'}
[DEBUG] 2021-03-01 10:52:20.033 [main] Ejb3Column - Binding column: Ejb3Column{table=org.hibernate.mapping.Table(book), mappingColumn=user, insertable=true, updatable=true, unique=false}
[DEBUG] 2021-03-01 10:52:20.034 [main] PropertyBinder - Building property user
[DEBUG] 2021-03-01 10:52:20.034 [main] AnnotationBinder - Binding entity from annotated class: Genre
[DEBUG] 2021-03-01 10:52:20.034 [main] Ejb3Column - Binding column: Ejb3DiscriminatorColumn{logicalColumnName'DTYPE', discriminatorTypeName='string'}
[DEBUG] 2021-03-01 10:52:20.034 [main] EntityBinder - Import with entity name Genre
[DEBUG] 2021-03-01 10:52:20.034 [main] EntityBinder - Bind entity Genre on table genre
[DEBUG] 2021-03-01 10:52:20.035 [main] Ejb3Column - Binding column: Ejb3Column{table=org.hibernate.mapping.Table(genre), mappingColumn=id, insertable=true, updatable=true, unique=false}
[DEBUG] 2021-03-01 10:52:20.035 [main] PropertyBinder - MetadataSourceProcessor property id with lazy=false
[DEBUG] 2021-03-01 10:52:20.036 [main] AbstractPropertyHolder - Attempting to locate auto-apply AttributeConverter for property [Genre:id]
[DEBUG] 2021-03-01 10:52:20.037 [main] SimpleValueBinder - building SimpleValue for id
[DEBUG] 2021-03-01 10:52:20.040 [main] PropertyBinder - Building property id
[DEBUG] 2021-03-01 10:52:20.040 [main] BinderHelper - #makeIdGenerator(org.hibernate.mapping.SimpleValue([org.hibernate.mapping.Column(id)]), id, org.hibernate.id.enhanced.SequenceStyleGenerator, native, ...)
[DEBUG] 2021-03-01 10:52:20.040 [main] Ejb3Column - Binding column: Ejb3Column{table=org.hibernate.mapping.Table(genre), mappingColumn=name, insertable=true, updatable=true, unique=false}
[DEBUG] 2021-03-01 10:52:20.040 [main] PropertyBinder - MetadataSourceProcessor property name with lazy=false
[DEBUG] 2021-03-01 10:52:20.040 [main] AbstractPropertyHolder - Attempting to locate auto-apply AttributeConverter for property [Genre:name]
[DEBUG] 2021-03-01 10:52:20.041 [main] SimpleValueBinder - building SimpleValue for name
[DEBUG] 2021-03-01 10:52:20.041 [main] PropertyBinder - Building property name
[DEBUG] 2021-03-01 10:52:20.041 [main] AnnotationBinder - Binding entity from annotated class: User
[DEBUG] 2021-03-01 10:52:20.041 [main] Ejb3Column - Binding column: Ejb3DiscriminatorColumn{logicalColumnName'DTYPE', discriminatorTypeName='string'}
[DEBUG] 2021-03-01 10:52:20.041 [main] EntityBinder - Import with entity name User
[DEBUG] 2021-03-01 10:52:20.043 [main] EntityBinder - Bind entity User on table user
[DEBUG] 2021-03-01 10:52:20.045 [main] Ejb3Column - Binding column: Ejb3Column{table=org.hibernate.mapping.Table(user), mappingColumn=id, insertable=true, updatable=true, unique=false}
[DEBUG] 2021-03-01 10:52:20.046 [main] PropertyBinder - MetadataSourceProcessor property id with lazy=false
[DEBUG] 2021-03-01 10:52:20.047 [main] AbstractPropertyHolder - Attempting to locate auto-apply AttributeConverter for property [User:id]
[DEBUG] 2021-03-01 10:52:20.047 [main] SimpleValueBinder - building SimpleValue for id
[DEBUG] 2021-03-01 10:52:20.047 [main] PropertyBinder - Building property id
[DEBUG] 2021-03-01 10:52:20.048 [main] BinderHelper - #makeIdGenerator(org.hibernate.mapping.SimpleValue([org.hibernate.mapping.Column(id)]), id, org.hibernate.id.enhanced.SequenceStyleGenerator, native, ...)
[DEBUG] 2021-03-01 10:52:20.048 [main] Ejb3Column - Binding column: Ejb3Column{table=org.hibernate.mapping.Table(user), mappingColumn=email, insertable=true, updatable=true, unique=false}
[DEBUG] 2021-03-01 10:52:20.048 [main] PropertyBinder - MetadataSourceProcessor property email with lazy=false
[DEBUG] 2021-03-01 10:52:20.053 [main] AbstractPropertyHolder - Attempting to locate auto-apply AttributeConverter for property [User:email]
[DEBUG] 2021-03-01 10:52:20.053 [main] SimpleValueBinder - building SimpleValue for email
[DEBUG] 2021-03-01 10:52:20.054 [main] PropertyBinder - Building property email
[DEBUG] 2021-03-01 10:52:20.054 [main] Ejb3Column - Binding column: Ejb3Column{table=org.hibernate.mapping.Table(user), mappingColumn=first_name, insertable=true, updatable=true, unique=false}
[DEBUG] 2021-03-01 10:52:20.054 [main] PropertyBinder - MetadataSourceProcessor property firstName with lazy=false
[DEBUG] 2021-03-01 10:52:20.054 [main] AbstractPropertyHolder - Attempting to locate auto-apply AttributeConverter for property [User:firstName]
[DEBUG] 2021-03-01 10:52:20.055 [main] SimpleValueBinder - building SimpleValue for firstName
[DEBUG] 2021-03-01 10:52:20.055 [main] PropertyBinder - Building property firstName
[DEBUG] 2021-03-01 10:52:20.055 [main] Ejb3Column - Binding column: Ejb3Column{table=org.hibernate.mapping.Table(user), mappingColumn=last_name, insertable=true, updatable=true, unique=false}
[DEBUG] 2021-03-01 10:52:20.055 [main] PropertyBinder - MetadataSourceProcessor property lastName with lazy=false
[DEBUG] 2021-03-01 10:52:20.055 [main] AbstractPropertyHolder - Attempting to locate auto-apply AttributeConverter for property [User:lastName]
[DEBUG] 2021-03-01 10:52:20.055 [main] SimpleValueBinder - building SimpleValue for lastName
[DEBUG] 2021-03-01 10:52:20.055 [main] PropertyBinder - Building property lastName
[DEBUG] 2021-03-01 10:52:20.055 [main] Ejb3Column - Binding column: Ejb3Column{table=org.hibernate.mapping.Table(user), mappingColumn=password, insertable=true, updatable=true, unique=false}
[DEBUG] 2021-03-01 10:52:20.056 [main] PropertyBinder - MetadataSourceProcessor property password with lazy=false
[DEBUG] 2021-03-01 10:52:20.057 [main] AbstractPropertyHolder - Attempting to locate auto-apply AttributeConverter for property [User:password]
[DEBUG] 2021-03-01 10:52:20.057 [main] SimpleValueBinder - building SimpleValue for password
[DEBUG] 2021-03-01 10:52:20.057 [main] PropertyBinder - Building property password
[DEBUG] 2021-03-01 10:52:20.057 [main] Ejb3Column - Binding column: Ejb3Column{table=org.hibernate.mapping.Table(user), mappingColumn=username, insertable=true, updatable=true, unique=false}
[DEBUG] 2021-03-01 10:52:20.057 [main] PropertyBinder - MetadataSourceProcessor property userName with lazy=false
[DEBUG] 2021-03-01 10:52:20.057 [main] AbstractPropertyHolder - Attempting to locate auto-apply AttributeConverter for property [User:userName]
[DEBUG] 2021-03-01 10:52:20.058 [main] SimpleValueBinder - building SimpleValue for userName
[DEBUG] 2021-03-01 10:52:20.058 [main] PropertyBinder - Building property userName
[DEBUG] 2021-03-01 10:52:20.059 [main] SimpleValueBinder - Starting fillSimpleValue for id
[DEBUG] 2021-03-01 10:52:20.059 [main] SimpleValueBinder - Starting fillSimpleValue for firstName
[DEBUG] 2021-03-01 10:52:20.059 [main] SimpleValueBinder - Starting fillSimpleValue for lastName
[DEBUG] 2021-03-01 10:52:20.062 [main] SimpleValueBinder - Starting fillSimpleValue for id
[DEBUG] 2021-03-01 10:52:20.065 [main] SimpleValueBinder - Starting fillSimpleValue for isbn
[DEBUG] 2021-03-01 10:52:20.067 [main] SimpleValueBinder - Starting fillSimpleValue for title
[DEBUG] 2021-03-01 10:52:20.068 [main] SimpleValueBinder - Starting fillSimpleValue for id
[DEBUG] 2021-03-01 10:52:20.068 [main] SimpleValueBinder - Starting fillSimpleValue for name
[DEBUG] 2021-03-01 10:52:20.068 [main] SimpleValueBinder - Starting fillSimpleValue for id
[DEBUG] 2021-03-01 10:52:20.068 [main] SimpleValueBinder - Starting fillSimpleValue for email
[DEBUG] 2021-03-01 10:52:20.068 [main] SimpleValueBinder - Starting fillSimpleValue for firstName
[DEBUG] 2021-03-01 10:52:20.068 [main] SimpleValueBinder - Starting fillSimpleValue for lastName
[DEBUG] 2021-03-01 10:52:20.068 [main] SimpleValueBinder - Starting fillSimpleValue for password
[DEBUG] 2021-03-01 10:52:20.068 [main] SimpleValueBinder - Starting fillSimpleValue for userName
[DEBUG] 2021-03-01 10:52:20.086 [main] PrimaryKey - Forcing column [id] to be non-null as it is part of the primary key for table [author]
[DEBUG] 2021-03-01 10:52:20.086 [main] PrimaryKey - Forcing column [id] to be non-null as it is part of the primary key for table [book]
[DEBUG] 2021-03-01 10:52:20.086 [main] PrimaryKey - Forcing column [id] to be non-null as it is part of the primary key for table [genre]
[DEBUG] 2021-03-01 10:52:20.086 [main] PrimaryKey - Forcing column [id] to be non-null as it is part of the primary key for table [user]
[DEBUG] 2021-03-01 10:52:20.086 [main] InFlightMetadataCollectorImpl - Resolving reference to class: Author
[DEBUG] 2021-03-01 10:52:20.088 [main] InFlightMetadataCollectorImpl - Resolving reference to class: Genre
[DEBUG] 2021-03-01 10:52:20.089 [main] InFlightMetadataCollectorImpl - Resolving reference to class: User
[DEBUG] 2021-03-01 10:52:20.096 [main] InFlightMetadataCollectorImpl - Resolving reference to class: Author
[DEBUG] 2021-03-01 10:52:20.096 [main] InFlightMetadataCollectorImpl - Resolving reference to class: Genre
[DEBUG] 2021-03-01 10:52:20.096 [main] InFlightMetadataCollectorImpl - Resolving reference to class: User
[DEBUG] 2021-03-01 10:52:20.167 [main] SessionFactoryImpl - Building session factory
[DEBUG] 2021-03-01 10:52:20.169 [main] Settings - SessionFactory name : null
[DEBUG] 2021-03-01 10:52:20.169 [main] Settings - Automatic flush during beforeCompletion(): enabled
[DEBUG] 2021-03-01 10:52:20.169 [main] Settings - Automatic session close at end of transaction: disabled
[DEBUG] 2021-03-01 10:52:20.169 [main] Settings - Statistics: disabled
[DEBUG] 2021-03-01 10:52:20.170 [main] Settings - Deleted entity synthetic identifier rollback: disabled
[DEBUG] 2021-03-01 10:52:20.170 [main] Settings - Default entity-mode: pojo
[DEBUG] 2021-03-01 10:52:20.170 [main] Settings - Check Nullability in Core (should be disabled when Bean Validation is on): enabled
[DEBUG] 2021-03-01 10:52:20.170 [main] Settings - Allow initialization of lazy state outside session : disabled
[DEBUG] 2021-03-01 10:52:20.170 [main] Settings - Using BatchFetchStyle : LEGACY
[DEBUG] 2021-03-01 10:52:20.170 [main] Settings - Default batch fetch size: -1
[DEBUG] 2021-03-01 10:52:20.170 [main] Settings - Maximum outer join fetch depth: 2
[DEBUG] 2021-03-01 10:52:20.170 [main] Settings - Default null ordering: NONE
[DEBUG] 2021-03-01 10:52:20.170 [main] Settings - Order SQL updates by primary key: disabled
[DEBUG] 2021-03-01 10:52:20.170 [main] Settings - Order SQL inserts for batching: disabled
[DEBUG] 2021-03-01 10:52:20.171 [main] Settings - multi-tenancy strategy : NONE
[DEBUG] 2021-03-01 10:52:20.171 [main] Settings - JTA Track by Thread: enabled
[DEBUG] 2021-03-01 10:52:20.171 [main] Settings - Query language substitutions: {}
[DEBUG] 2021-03-01 10:52:20.171 [main] Settings - Named query checking : enabled
[DEBUG] 2021-03-01 10:52:20.171 [main] Settings - Second-level cache: disabled
[DEBUG] 2021-03-01 10:52:20.171 [main] Settings - Second-level query cache: disabled
[DEBUG] 2021-03-01 10:52:20.173 [main] Settings - Second-level query cache factory: null
[DEBUG] 2021-03-01 10:52:20.173 [main] Settings - Second-level cache region prefix: null
[DEBUG] 2021-03-01 10:52:20.173 [main] Settings - Optimize second-level cache for minimal puts: disabled
[DEBUG] 2021-03-01 10:52:20.173 [main] Settings - Structured second-level cache entries: disabled
[DEBUG] 2021-03-01 10:52:20.173 [main] Settings - Second-level cache direct-reference entries: disabled
[DEBUG] 2021-03-01 10:52:20.173 [main] Settings - Automatic eviction of collection cache: disabled
[DEBUG] 2021-03-01 10:52:20.174 [main] Settings - JDBC batch size: 15
[DEBUG] 2021-03-01 10:52:20.174 [main] Settings - JDBC batch updates for versioned data: enabled
[DEBUG] 2021-03-01 10:52:20.174 [main] Settings - Scrollable result sets: enabled
[DEBUG] 2021-03-01 10:52:20.174 [main] Settings - Wrap result sets: disabled
[DEBUG] 2021-03-01 10:52:20.175 [main] Settings - JDBC3 getGeneratedKeys(): enabled
[DEBUG] 2021-03-01 10:52:20.175 [main] Settings - JDBC result set fetch size: null
[DEBUG] 2021-03-01 10:52:20.175 [main] Settings - Connection release mode: AFTER_TRANSACTION
[DEBUG] 2021-03-01 10:52:20.175 [main] Settings - Generate SQL with comments: disabled
[DEBUG] 2021-03-01 10:52:20.175 [main] Settings - JPA compliance - query : 
[DEBUG] 2021-03-01 10:52:20.175 [main] Settings - JPA compliance - closed-handling : 
[DEBUG] 2021-03-01 10:52:20.175 [main] Settings - JPA compliance - lists : 
[DEBUG] 2021-03-01 10:52:20.175 [main] Settings - JPA compliance - transactions : 
[INFO ] 2021-03-01 10:52:20.292 [main] beans - HHH10005002: No explicit CDI BeanManager reference was passed to Hibernate, but CDI is available on the Hibernate ClassLoader.
[DEBUG] 2021-03-01 10:52:20.338 [main] SessionFactoryImpl - Session factory constructed with filter configurations : {}
[DEBUG] 2021-03-01 10:52:20.339 [main] SessionFactoryImpl - Instantiating session factory with properties: {sun.desktop=gnome, awt.toolkit=sun.awt.X11.XToolkit, java.specification.version=11, sun.cpu.isalist=, hibernate.c3p0.idle_test_period=3000, sun.jnu.encoding=UTF-8, hibernate.c3p0.min_size=5, java.class.path=/home/student/intellij/lib/idea_rt.jar:/home/student/intellij/plugins/junit/lib/junit5-rt.jar:/home/student/intellij/plugins/junit/lib/junit-rt.jar:/home/student/IdeaProjects/BookCollection/target/test-classes:/home/student/IdeaProjects/BookCollection/target/classes:/home/student/.m2/repository/junit/junit/4.12/junit-4.12.jar:/home/student/.m2/repository/org/hamcrest/hamcrest-core/1.3/hamcrest-core-1.3.jar:/home/student/.m2/repository/javax/javaee-web-api/7.0/javaee-web-api-7.0.jar:/home/student/.m2/repository/mysql/mysql-connector-java/8.0.22/mysql-connector-java-8.0.22.jar:/home/student/.m2/repository/com/google/protobuf/protobuf-java/3.11.4/protobuf-java-3.11.4.jar:/home/student/.m2/repository/javax/servlet/jsp/jstl/jstl-api/1.2/jstl-api-1.2.jar:/home/student/.m2/repository/javax/servlet/servlet-api/2.5/servlet-api-2.5.jar:/home/student/.m2/repository/javax/servlet/jsp/jsp-api/2.1/jsp-api-2.1.jar:/home/student/.m2/repository/javax/servlet/jstl/1.2/jstl-1.2.jar:/home/student/.m2/repository/taglibs/standard/1.1.2/standard-1.1.2.jar:/home/student/.m2/repository/org/apache/logging/log4j/log4j-api/2.10.0/log4j-api-2.10.0.jar:/home/student/.m2/repository/org/apache/logging/log4j/log4j-core/2.10.0/log4j-core-2.10.0.jar:/home/student/.m2/repository/org/junit/platform/junit-platform-runner/1.0.0/junit-platform-runner-1.0.0.jar:/home/student/.m2/repository/org/apiguardian/apiguardian-api/1.0.0/apiguardian-api-1.0.0.jar:/home/student/.m2/repository/org/junit/platform/junit-platform-launcher/1.0.0/junit-platform-launcher-1.0.0.jar:/home/student/.m2/repository/org/junit/platform/junit-platform-suite-api/1.0.0/junit-platform-suite-api-1.0.0.jar:/home/student/.m2/repository/org/junit/platform/junit-platform-commons/1.0.0/junit-platform-commons-1.0.0.jar:/home/student/.m2/repository/org/junit/vintage/junit-vintage-engine/4.12.0/junit-vintage-engine-4.12.0.jar:/home/student/.m2/repository/org/junit/platform/junit-platform-engine/1.0.0/junit-platform-engine-1.0.0.jar:/home/student/.m2/repository/org/opentest4j/opentest4j/1.0.0/opentest4j-1.0.0.jar:/home/student/.m2/repository/org/junit/jupiter/junit-jupiter-engine/5.0.0/junit-jupiter-engine-5.0.0.jar:/home/student/.m2/repository/org/junit/jupiter/junit-jupiter-api/5.0.0/junit-jupiter-api-5.0.0.jar:/home/student/.m2/repository/org/hibernate/hibernate-core/5.4.4.Final/hibernate-core-5.4.4.Final.jar:/home/student/.m2/repository/org/jboss/logging/jboss-logging/3.3.2.Final/jboss-logging-3.3.2.Final.jar:/home/student/.m2/repository/javax/persistence/javax.persistence-api/2.2/javax.persistence-api-2.2.jar:/home/student/.m2/repository/org/javassist/javassist/3.24.0-GA/javassist-3.24.0-GA.jar:/home/student/.m2/repository/net/bytebuddy/byte-buddy/1.9.11/byte-buddy-1.9.11.jar:/home/student/.m2/repository/antlr/antlr/2.7.7/antlr-2.7.7.jar:/home/student/.m2/repository/org/jboss/spec/javax/transaction/jboss-transaction-api_1.2_spec/1.1.1.Final/jboss-transaction-api_1.2_spec-1.1.1.Final.jar:/home/student/.m2/repository/org/jboss/jandex/2.0.5.Final/jandex-2.0.5.Final.jar:/home/student/.m2/repository/com/fasterxml/classmate/1.3.4/classmate-1.3.4.jar:/home/student/.m2/repository/javax/activation/javax.activation-api/1.2.0/javax.activation-api-1.2.0.jar:/home/student/.m2/repository/org/dom4j/dom4j/2.1.1/dom4j-2.1.1.jar:/home/student/.m2/repository/org/hibernate/common/hibernate-commons-annotations/5.1.0.Final/hibernate-commons-annotations-5.1.0.Final.jar:/home/student/.m2/repository/javax/xml/bind/jaxb-api/2.3.1/jaxb-api-2.3.1.jar:/home/student/.m2/repository/org/glassfish/jaxb/jaxb-runtime/2.3.1/jaxb-runtime-2.3.1.jar:/home/student/.m2/repository/org/glassfish/jaxb/txw2/2.3.1/txw2-2.3.1.jar:/home/student/.m2/repository/com/sun/istack/istack-commons-runtime/3.0.7/istack-commons-runtime-3.0.7.jar:/home/student/.m2/repository/org/jvnet/staxex/stax-ex/1.8/stax-ex-1.8.jar:/home/student/.m2/repository/com/sun/xml/fastinfoset/FastInfoset/1.2.15/FastInfoset-1.2.15.jar:/home/student/.m2/repository/org/hibernate/hibernate-c3p0/5.4.4.Final/hibernate-c3p0-5.4.4.Final.jar:/home/student/.m2/repository/com/mchange/c3p0/0.9.5.3/c3p0-0.9.5.3.jar:/home/student/.m2/repository/com/mchange/mchange-commons-java/0.2.15/mchange-commons-java-0.2.15.jar, java.vm.vendor=Ubuntu, sun.arch.data.model=64, idea.test.cyclic.buffer.size=1048576, java.vendor.url=https://ubuntu.com/, user.timezone=America/Chicago, os.name=Linux, java.vm.specification.version=11, sun.java.launcher=SUN_STANDARD, user.country=US, sun.boot.library.path=/usr/lib/jvm/java-11-openjdk-amd64/lib, sun.java.command=com.intellij.rt.junit.JUnitStarter -ideVersion5 -junit5 test.persistence.AuthorDaoTest, jdk.debug=release, sun.cpu.endian=little, user.home=/home/student, hibernate.c3p0.max_statements=50, user.language=en, java.specification.vendor=Oracle Corporation, java.version.date=2021-01-19, java.home=/usr/lib/jvm/java-11-openjdk-amd64, file.separator=/, java.vm.compressedOopsMode=32-bit, line.separator=
, hibernate.c3p0.timeout=300, java.specification.name=Java Platform API Specification, java.vm.specification.vendor=Oracle Corporation, java.awt.graphicsenv=sun.awt.X11GraphicsEnvironment, connection.password=student, sun.management.compiler=HotSpot 64-Bit Tiered Compilers, hibernate.c3p0.max_size=20, java.runtime.version=11.0.10+9-Ubuntu-0ubuntu1.20.04, user.name=student, path.separator=:, hibernate.connection.username=****, os.version=5.4.0-66-generic, java.runtime.name=OpenJDK Runtime Environment, hibernate.connection.url=jdbc:mysql://localhost:3306/test_BookCollection, file.encoding=UTF-8, java.vm.name=OpenJDK 64-Bit Server VM, hibernate.connection.driver_class=com.mysql.cj.jdbc.Driver, java.vendor.url.bug=https://bugs.launchpad.net/ubuntu/+source/openjdk-lts, java.io.tmpdir=/tmp, java.version=11.0.10, user.dir=/home/student/IdeaProjects/BookCollection, os.arch=amd64, connection.username=root, java.vm.specification.name=Java Virtual Machine Specification, java.awt.printerjob=sun.print.PSPrinterJob, hibernate.connection.password=****, sun.os.patch.level=unknown, connection.driver_class=com.mysql.cj.jdbc.Driver, hibernate.boot.CfgXmlAccessService.key=org.hibernate.boot.cfgxml.spi.LoadedConfig@79b2852b, java.library.path=/usr/java/packages/lib:/usr/lib/x86_64-linux-gnu/jni:/lib/x86_64-linux-gnu:/usr/lib/x86_64-linux-gnu:/usr/lib/jni:/lib:/usr/lib, java.vendor=Ubuntu, java.vm.info=mixed mode, sharing, java.vm.version=11.0.10+9-Ubuntu-0ubuntu1.20.04, hibernate.bytecode.use_reflection_optimizer=false, sun.io.unicode.encoding=UnicodeLittle, connection.url=jdbc:mysql://localhost:3306/test_BookCollection, java.class.version=55.0}
[DEBUG] 2021-03-01 10:52:20.384 [main] TypeSafeActivator - Unable to acquire Bean Validation ValidatorFactory, skipping activation
[DEBUG] 2021-03-01 10:52:20.386 [main] JaccIntegrator - Skipping JACC integration as it was not enabled
[DEBUG] 2021-03-01 10:52:20.393 [main] SessionFactoryImpl - Instantiated session factory
[DEBUG] 2021-03-01 10:52:20.394 [main] TypeConfiguration$Scope - Scoping TypeConfiguration [org.hibernate.type.spi.TypeConfiguration@39fa8ad2] to SessionFactoryImpl [org.hibernate.internal.SessionFactoryImpl@7c72ecc]
[DEBUG] 2021-03-01 10:52:20.602 [main] ClassLoaderAccessImpl - Not known whether passed class name [User] is safe
[DEBUG] 2021-03-01 10:52:20.604 [main] ClassLoaderAccessImpl - No temp ClassLoader provided; using live ClassLoader for loading potentially unsafe class : User
[DEBUG] 2021-03-01 10:52:20.672 [main] ClassLoaderAccessImpl - Not known whether passed class name [User] is safe
[DEBUG] 2021-03-01 10:52:20.672 [main] ClassLoaderAccessImpl - No temp ClassLoader provided; using live ClassLoader for loading potentially unsafe class : User
[DEBUG] 2021-03-01 10:52:21.215 [main] ClassLoaderAccessImpl - Not known whether passed class name [Genre] is safe
[DEBUG] 2021-03-01 10:52:21.215 [main] ClassLoaderAccessImpl - No temp ClassLoader provided; using live ClassLoader for loading potentially unsafe class : Genre
[DEBUG] 2021-03-01 10:52:21.216 [main] ClassLoaderAccessImpl - Not known whether passed class name [Genre] is safe
[DEBUG] 2021-03-01 10:52:21.216 [main] ClassLoaderAccessImpl - No temp ClassLoader provided; using live ClassLoader for loading potentially unsafe class : Genre
[DEBUG] 2021-03-01 10:52:21.252 [main] ClassLoaderAccessImpl - Not known whether passed class name [Author] is safe
[DEBUG] 2021-03-01 10:52:21.252 [main] ClassLoaderAccessImpl - No temp ClassLoader provided; using live ClassLoader for loading potentially unsafe class : Author
[DEBUG] 2021-03-01 10:52:21.256 [main] ClassLoaderAccessImpl - Not known whether passed class name [Author] is safe
[DEBUG] 2021-03-01 10:52:21.256 [main] ClassLoaderAccessImpl - No temp ClassLoader provided; using live ClassLoader for loading potentially unsafe class : Author
[DEBUG] 2021-03-01 10:52:21.311 [main] ClassLoaderAccessImpl - Not known whether passed class name [Book] is safe
[DEBUG] 2021-03-01 10:52:21.311 [main] ClassLoaderAccessImpl - No temp ClassLoader provided; using live ClassLoader for loading potentially unsafe class : Book
[DEBUG] 2021-03-01 10:52:21.317 [main] ClassLoaderAccessImpl - Not known whether passed class name [Book] is safe
[DEBUG] 2021-03-01 10:52:21.317 [main] ClassLoaderAccessImpl - No temp ClassLoader provided; using live ClassLoader for loading potentially unsafe class : Book
[DEBUG] 2021-03-01 10:52:21.383 [main] AbstractEntityPersister - Static SQL for entity: User
[DEBUG] 2021-03-01 10:52:21.384 [main] AbstractEntityPersister -  Version select: select id from user where id =?
[DEBUG] 2021-03-01 10:52:21.386 [main] AbstractEntityPersister -  Snapshot select: select user_.id, user_.email as email2_3_, user_.first_name as first_na3_3_, user_.last_name as last_nam4_3_, user_.password as password5_3_, user_.username as username6_3_ from user user_ where user_.id=?
[DEBUG] 2021-03-01 10:52:21.386 [main] AbstractEntityPersister -  Insert 0: insert into user (email, first_name, last_name, password, username, id) values (?, ?, ?, ?, ?, ?)
[DEBUG] 2021-03-01 10:52:21.387 [main] AbstractEntityPersister -  Update 0: update user set email=?, first_name=?, last_name=?, password=?, username=? where id=?
[DEBUG] 2021-03-01 10:52:21.387 [main] AbstractEntityPersister -  Delete 0: delete from user where id=?
[DEBUG] 2021-03-01 10:52:21.387 [main] AbstractEntityPersister -  Identity insert: insert into user (email, first_name, last_name, password, username) values (?, ?, ?, ?, ?)
[DEBUG] 2021-03-01 10:52:21.439 [main] QuerySpacesImpl - Adding QuerySpace : uid = <gen:0> -> org.hibernate.loader.plan.build.internal.spaces.EntityQuerySpaceImpl@3f1a9a53]
[DEBUG] 2021-03-01 10:52:21.442 [main] MetamodelGraphWalker - Visiting attribute path : email
[DEBUG] 2021-03-01 10:52:21.442 [main] MetamodelGraphWalker - Visiting attribute path : firstName
[DEBUG] 2021-03-01 10:52:21.442 [main] MetamodelGraphWalker - Visiting attribute path : lastName
[DEBUG] 2021-03-01 10:52:21.442 [main] MetamodelGraphWalker - Visiting attribute path : password
[DEBUG] 2021-03-01 10:52:21.442 [main] MetamodelGraphWalker - Visiting attribute path : userName
[DEBUG] 2021-03-01 10:52:21.443 [main] FetchStyleLoadPlanBuildingAssociationVisitationStrategy - Building LoadPlan...
[DEBUG] 2021-03-01 10:52:21.466 [main] LoadQueryJoinAndFetchProcessor - processing queryspace <gen:0>
[DEBUG] 2021-03-01 10:52:21.475 [main] LoadPlanTreePrinter - LoadPlan(entity=User)
    - Returns
       - EntityReturnImpl(entity=User, querySpaceUid=<gen:0>, path=User)
    - QuerySpaces
       - EntityQuerySpaceImpl(uid=<gen:0>, entity=User)
          - SQL table alias mapping - user0_
          - alias suffix - 0_
          - suffixed key columns - {id1_3_0_}

[DEBUG] 2021-03-01 10:52:21.483 [main] EntityLoader - Static select for entity User [NONE]: select user0_.id as id1_3_0_, user0_.email as email2_3_0_, user0_.first_name as first_na3_3_0_, user0_.last_name as last_nam4_3_0_, user0_.password as password5_3_0_, user0_.username as username6_3_0_ from user user0_ where user0_.id=?
[DEBUG] 2021-03-01 10:52:21.484 [main] QuerySpacesImpl - Adding QuerySpace : uid = <gen:0> -> org.hibernate.loader.plan.build.internal.spaces.EntityQuerySpaceImpl@75fe1619]
[DEBUG] 2021-03-01 10:52:21.484 [main] MetamodelGraphWalker - Visiting attribute path : email
[DEBUG] 2021-03-01 10:52:21.484 [main] MetamodelGraphWalker - Visiting attribute path : firstName
[DEBUG] 2021-03-01 10:52:21.484 [main] MetamodelGraphWalker - Visiting attribute path : lastName
[DEBUG] 2021-03-01 10:52:21.484 [main] MetamodelGraphWalker - Visiting attribute path : password
[DEBUG] 2021-03-01 10:52:21.484 [main] MetamodelGraphWalker - Visiting attribute path : userName
[DEBUG] 2021-03-01 10:52:21.484 [main] FetchStyleLoadPlanBuildingAssociationVisitationStrategy - Building LoadPlan...
[DEBUG] 2021-03-01 10:52:21.484 [main] LoadQueryJoinAndFetchProcessor - processing queryspace <gen:0>
[DEBUG] 2021-03-01 10:52:21.484 [main] LoadPlanTreePrinter - LoadPlan(entity=User)
    - Returns
       - EntityReturnImpl(entity=User, querySpaceUid=<gen:0>, path=User)
    - QuerySpaces
       - EntityQuerySpaceImpl(uid=<gen:0>, entity=User)
          - SQL table alias mapping - user0_
          - alias suffix - 0_
          - suffixed key columns - {id1_3_0_}

[DEBUG] 2021-03-01 10:52:21.485 [main] EntityLoader - Static select for entity User [READ]: select user0_.id as id1_3_0_, user0_.email as email2_3_0_, user0_.first_name as first_na3_3_0_, user0_.last_name as last_nam4_3_0_, user0_.password as password5_3_0_, user0_.username as username6_3_0_ from user user0_ where user0_.id=?
[DEBUG] 2021-03-01 10:52:21.517 [main] Loader - Static select for action ACTION_MERGE on entity User: select user0_.id as id1_3_0_, user0_.email as email2_3_0_, user0_.first_name as first_na3_3_0_, user0_.last_name as last_nam4_3_0_, user0_.password as password5_3_0_, user0_.username as username6_3_0_ from user user0_ where user0_.id=?
[DEBUG] 2021-03-01 10:52:21.518 [main] Loader - Static select for action ACTION_REFRESH on entity User: select user0_.id as id1_3_0_, user0_.email as email2_3_0_, user0_.first_name as first_na3_3_0_, user0_.last_name as last_nam4_3_0_, user0_.password as password5_3_0_, user0_.username as username6_3_0_ from user user0_ where user0_.id=?
[DEBUG] 2021-03-01 10:52:21.518 [main] AbstractEntityPersister - Static SQL for entity: Genre
[DEBUG] 2021-03-01 10:52:21.518 [main] AbstractEntityPersister -  Version select: select id from genre where id =?
[DEBUG] 2021-03-01 10:52:21.519 [main] AbstractEntityPersister -  Snapshot select: select genre_.id, genre_.name as name2_2_ from genre genre_ where genre_.id=?
[DEBUG] 2021-03-01 10:52:21.519 [main] AbstractEntityPersister -  Insert 0: insert into genre (name, id) values (?, ?)
[DEBUG] 2021-03-01 10:52:21.519 [main] AbstractEntityPersister -  Update 0: update genre set name=? where id=?
[DEBUG] 2021-03-01 10:52:21.519 [main] AbstractEntityPersister -  Delete 0: delete from genre where id=?
[DEBUG] 2021-03-01 10:52:21.519 [main] AbstractEntityPersister -  Identity insert: insert into genre (name) values (?)
[DEBUG] 2021-03-01 10:52:21.519 [main] QuerySpacesImpl - Adding QuerySpace : uid = <gen:0> -> org.hibernate.loader.plan.build.internal.spaces.EntityQuerySpaceImpl@58f2466c]
[DEBUG] 2021-03-01 10:52:21.519 [main] MetamodelGraphWalker - Visiting attribute path : name
[DEBUG] 2021-03-01 10:52:21.519 [main] FetchStyleLoadPlanBuildingAssociationVisitationStrategy - Building LoadPlan...
[DEBUG] 2021-03-01 10:52:21.519 [main] LoadQueryJoinAndFetchProcessor - processing queryspace <gen:0>
[DEBUG] 2021-03-01 10:52:21.519 [main] LoadPlanTreePrinter - LoadPlan(entity=Genre)
    - Returns
       - EntityReturnImpl(entity=Genre, querySpaceUid=<gen:0>, path=Genre)
    - QuerySpaces
       - EntityQuerySpaceImpl(uid=<gen:0>, entity=Genre)
          - SQL table alias mapping - genre0_
          - alias suffix - 0_
          - suffixed key columns - {id1_2_0_}

[DEBUG] 2021-03-01 10:52:21.520 [main] EntityLoader - Static select for entity Genre [NONE]: select genre0_.id as id1_2_0_, genre0_.name as name2_2_0_ from genre genre0_ where genre0_.id=?
[DEBUG] 2021-03-01 10:52:21.521 [main] QuerySpacesImpl - Adding QuerySpace : uid = <gen:0> -> org.hibernate.loader.plan.build.internal.spaces.EntityQuerySpaceImpl@64763e49]
[DEBUG] 2021-03-01 10:52:21.521 [main] MetamodelGraphWalker - Visiting attribute path : name
[DEBUG] 2021-03-01 10:52:21.521 [main] FetchStyleLoadPlanBuildingAssociationVisitationStrategy - Building LoadPlan...
[DEBUG] 2021-03-01 10:52:21.523 [main] LoadQueryJoinAndFetchProcessor - processing queryspace <gen:0>
[DEBUG] 2021-03-01 10:52:21.525 [main] LoadPlanTreePrinter - LoadPlan(entity=Genre)
    - Returns
       - EntityReturnImpl(entity=Genre, querySpaceUid=<gen:0>, path=Genre)
    - QuerySpaces
       - EntityQuerySpaceImpl(uid=<gen:0>, entity=Genre)
          - SQL table alias mapping - genre0_
          - alias suffix - 0_
          - suffixed key columns - {id1_2_0_}

[DEBUG] 2021-03-01 10:52:21.527 [main] EntityLoader - Static select for entity Genre [READ]: select genre0_.id as id1_2_0_, genre0_.name as name2_2_0_ from genre genre0_ where genre0_.id=?
[DEBUG] 2021-03-01 10:52:21.527 [main] Loader - Static select for action ACTION_MERGE on entity Genre: select genre0_.id as id1_2_0_, genre0_.name as name2_2_0_ from genre genre0_ where genre0_.id=?
[DEBUG] 2021-03-01 10:52:21.527 [main] Loader - Static select for action ACTION_REFRESH on entity Genre: select genre0_.id as id1_2_0_, genre0_.name as name2_2_0_ from genre genre0_ where genre0_.id=?
[DEBUG] 2021-03-01 10:52:21.528 [main] AbstractEntityPersister - Static SQL for entity: Author
[DEBUG] 2021-03-01 10:52:21.528 [main] AbstractEntityPersister -  Version select: select id from author where id =?
[DEBUG] 2021-03-01 10:52:21.528 [main] AbstractEntityPersister -  Snapshot select: select author_.id, author_.first_name as first_na2_0_, author_.last_name as last_nam3_0_ from author author_ where author_.id=?
[DEBUG] 2021-03-01 10:52:21.528 [main] AbstractEntityPersister -  Insert 0: insert into author (first_name, last_name, id) values (?, ?, ?)
[DEBUG] 2021-03-01 10:52:21.528 [main] AbstractEntityPersister -  Update 0: update author set first_name=?, last_name=? where id=?
[DEBUG] 2021-03-01 10:52:21.528 [main] AbstractEntityPersister -  Delete 0: delete from author where id=?
[DEBUG] 2021-03-01 10:52:21.528 [main] AbstractEntityPersister -  Identity insert: insert into author (first_name, last_name) values (?, ?)
[DEBUG] 2021-03-01 10:52:21.528 [main] QuerySpacesImpl - Adding QuerySpace : uid = <gen:0> -> org.hibernate.loader.plan.build.internal.spaces.EntityQuerySpaceImpl@69cd7630]
[DEBUG] 2021-03-01 10:52:21.528 [main] MetamodelGraphWalker - Visiting attribute path : firstName
[DEBUG] 2021-03-01 10:52:21.528 [main] MetamodelGraphWalker - Visiting attribute path : lastName
[DEBUG] 2021-03-01 10:52:21.528 [main] FetchStyleLoadPlanBuildingAssociationVisitationStrategy - Building LoadPlan...
[DEBUG] 2021-03-01 10:52:21.528 [main] LoadQueryJoinAndFetchProcessor - processing queryspace <gen:0>
[DEBUG] 2021-03-01 10:52:21.537 [main] LoadPlanTreePrinter - LoadPlan(entity=Author)
    - Returns
       - EntityReturnImpl(entity=Author, querySpaceUid=<gen:0>, path=Author)
    - QuerySpaces
       - EntityQuerySpaceImpl(uid=<gen:0>, entity=Author)
          - SQL table alias mapping - author0_
          - alias suffix - 0_
          - suffixed key columns - {id1_0_0_}

[DEBUG] 2021-03-01 10:52:21.537 [main] EntityLoader - Static select for entity Author [NONE]: select author0_.id as id1_0_0_, author0_.first_name as first_na2_0_0_, author0_.last_name as last_nam3_0_0_ from author author0_ where author0_.id=?
[DEBUG] 2021-03-01 10:52:21.538 [main] QuerySpacesImpl - Adding QuerySpace : uid = <gen:0> -> org.hibernate.loader.plan.build.internal.spaces.EntityQuerySpaceImpl@2b53840a]
[DEBUG] 2021-03-01 10:52:21.538 [main] MetamodelGraphWalker - Visiting attribute path : firstName
[DEBUG] 2021-03-01 10:52:21.538 [main] MetamodelGraphWalker - Visiting attribute path : lastName
[DEBUG] 2021-03-01 10:52:21.538 [main] FetchStyleLoadPlanBuildingAssociationVisitationStrategy - Building LoadPlan...
[DEBUG] 2021-03-01 10:52:21.538 [main] LoadQueryJoinAndFetchProcessor - processing queryspace <gen:0>
[DEBUG] 2021-03-01 10:52:21.538 [main] LoadPlanTreePrinter - LoadPlan(entity=Author)
    - Returns
       - EntityReturnImpl(entity=Author, querySpaceUid=<gen:0>, path=Author)
    - QuerySpaces
       - EntityQuerySpaceImpl(uid=<gen:0>, entity=Author)
          - SQL table alias mapping - author0_
          - alias suffix - 0_
          - suffixed key columns - {id1_0_0_}

[DEBUG] 2021-03-01 10:52:21.538 [main] EntityLoader - Static select for entity Author [READ]: select author0_.id as id1_0_0_, author0_.first_name as first_na2_0_0_, author0_.last_name as last_nam3_0_0_ from author author0_ where author0_.id=?
[DEBUG] 2021-03-01 10:52:21.539 [main] Loader - Static select for action ACTION_MERGE on entity Author: select author0_.id as id1_0_0_, author0_.first_name as first_na2_0_0_, author0_.last_name as last_nam3_0_0_ from author author0_ where author0_.id=?
[DEBUG] 2021-03-01 10:52:21.539 [main] Loader - Static select for action ACTION_REFRESH on entity Author: select author0_.id as id1_0_0_, author0_.first_name as first_na2_0_0_, author0_.last_name as last_nam3_0_0_ from author author0_ where author0_.id=?
[DEBUG] 2021-03-01 10:52:21.539 [main] AbstractEntityPersister - Static SQL for entity: Book
[DEBUG] 2021-03-01 10:52:21.539 [main] AbstractEntityPersister -  Version select: select id from book where id =?
[DEBUG] 2021-03-01 10:52:21.539 [main] AbstractEntityPersister -  Snapshot select: select book_.id, book_.author_id as author_i4_1_, book_.genre_id as genre_id5_1_, book_.isbn as isbn2_1_, book_.title as title3_1_, book_.user_id as user_id6_1_ from book book_ where book_.id=?
[DEBUG] 2021-03-01 10:52:21.539 [main] AbstractEntityPersister -  Insert 0: insert into book (author_id, genre_id, isbn, title, user_id, id) values (?, ?, ?, ?, ?, ?)
[DEBUG] 2021-03-01 10:52:21.539 [main] AbstractEntityPersister -  Update 0: update book set author_id=?, genre_id=?, isbn=?, title=?, user_id=? where id=?
[DEBUG] 2021-03-01 10:52:21.539 [main] AbstractEntityPersister -  Delete 0: delete from book where id=?
[DEBUG] 2021-03-01 10:52:21.539 [main] AbstractEntityPersister -  Identity insert: insert into book (author_id, genre_id, isbn, title, user_id) values (?, ?, ?, ?, ?)
[DEBUG] 2021-03-01 10:52:21.539 [main] QuerySpacesImpl - Adding QuerySpace : uid = <gen:0> -> org.hibernate.loader.plan.build.internal.spaces.EntityQuerySpaceImpl@3e546734]
[DEBUG] 2021-03-01 10:52:21.539 [main] MetamodelGraphWalker - Visiting attribute path : author
[DEBUG] 2021-03-01 10:52:21.548 [main] QuerySpacesImpl - Adding QuerySpace : uid = <gen:1> -> org.hibernate.loader.plan.build.internal.spaces.EntityQuerySpaceImpl@6f25bf88]
[DEBUG] 2021-03-01 10:52:21.558 [main] MetamodelGraphWalker - Visiting attribute path : author.firstName
[DEBUG] 2021-03-01 10:52:21.558 [main] MetamodelGraphWalker - Visiting attribute path : author.lastName
[DEBUG] 2021-03-01 10:52:21.558 [main] MetamodelGraphWalker - Visiting attribute path : genre
[DEBUG] 2021-03-01 10:52:21.558 [main] QuerySpacesImpl - Adding QuerySpace : uid = <gen:2> -> org.hibernate.loader.plan.build.internal.spaces.EntityQuerySpaceImpl@456f7d9e]
[DEBUG] 2021-03-01 10:52:21.558 [main] MetamodelGraphWalker - Visiting attribute path : genre.name
[DEBUG] 2021-03-01 10:52:21.558 [main] MetamodelGraphWalker - Visiting attribute path : isbn
[DEBUG] 2021-03-01 10:52:21.558 [main] MetamodelGraphWalker - Visiting attribute path : title
[DEBUG] 2021-03-01 10:52:21.558 [main] MetamodelGraphWalker - Visiting attribute path : user
[DEBUG] 2021-03-01 10:52:21.558 [main] QuerySpacesImpl - Adding QuerySpace : uid = <gen:3> -> org.hibernate.loader.plan.build.internal.spaces.EntityQuerySpaceImpl@8f40022]
[DEBUG] 2021-03-01 10:52:21.559 [main] MetamodelGraphWalker - Visiting attribute path : user.email
[DEBUG] 2021-03-01 10:52:21.559 [main] MetamodelGraphWalker - Visiting attribute path : user.firstName
[DEBUG] 2021-03-01 10:52:21.559 [main] MetamodelGraphWalker - Visiting attribute path : user.lastName
[DEBUG] 2021-03-01 10:52:21.559 [main] MetamodelGraphWalker - Visiting attribute path : user.password
[DEBUG] 2021-03-01 10:52:21.559 [main] MetamodelGraphWalker - Visiting attribute path : user.userName
[DEBUG] 2021-03-01 10:52:21.559 [main] FetchStyleLoadPlanBuildingAssociationVisitationStrategy - Building LoadPlan...
[DEBUG] 2021-03-01 10:52:21.559 [main] LoadQueryJoinAndFetchProcessor - processing queryspace <gen:0>
[DEBUG] 2021-03-01 10:52:21.562 [main] LoadPlanTreePrinter - LoadPlan(entity=Book)
    - Returns
       - EntityReturnImpl(entity=Book, querySpaceUid=<gen:0>, path=Book)
          - EntityAttributeFetchImpl(entity=Author, querySpaceUid=<gen:1>, path=Book.author)
          - EntityAttributeFetchImpl(entity=Genre, querySpaceUid=<gen:2>, path=Book.genre)
          - EntityAttributeFetchImpl(entity=User, querySpaceUid=<gen:3>, path=Book.user)
    - QuerySpaces
       - EntityQuerySpaceImpl(uid=<gen:0>, entity=Book)
          - SQL table alias mapping - book0_
          - alias suffix - 0_
          - suffixed key columns - {id1_1_0_}
          - JOIN (JoinDefinedByMetadata(author)) : <gen:0> -> <gen:1>
             - EntityQuerySpaceImpl(uid=<gen:1>, entity=Author)
                - SQL table alias mapping - author1_
                - alias suffix - 1_
                - suffixed key columns - {id1_0_1_}
          - JOIN (JoinDefinedByMetadata(genre)) : <gen:0> -> <gen:2>
             - EntityQuerySpaceImpl(uid=<gen:2>, entity=Genre)
                - SQL table alias mapping - genre2_
                - alias suffix - 2_
                - suffixed key columns - {id1_2_2_}
          - JOIN (JoinDefinedByMetadata(user)) : <gen:0> -> <gen:3>
             - EntityQuerySpaceImpl(uid=<gen:3>, entity=User)
                - SQL table alias mapping - user3_
                - alias suffix - 3_
                - suffixed key columns - {id1_3_3_}

[DEBUG] 2021-03-01 10:52:21.562 [main] EntityLoader - Static select for entity Book [NONE]: select book0_.id as id1_1_0_, book0_.author_id as author_i4_1_0_, book0_.genre_id as genre_id5_1_0_, book0_.isbn as isbn2_1_0_, book0_.title as title3_1_0_, book0_.user_id as user_id6_1_0_, author1_.id as id1_0_1_, author1_.first_name as first_na2_0_1_, author1_.last_name as last_nam3_0_1_, genre2_.id as id1_2_2_, genre2_.name as name2_2_2_, user3_.id as id1_3_3_, user3_.email as email2_3_3_, user3_.first_name as first_na3_3_3_, user3_.last_name as last_nam4_3_3_, user3_.password as password5_3_3_, user3_.username as username6_3_3_ from book book0_ left outer join author author1_ on book0_.author_id=author1_.id left outer join genre genre2_ on book0_.genre_id=genre2_.id left outer join user user3_ on book0_.user_id=user3_.id where book0_.id=?
[DEBUG] 2021-03-01 10:52:21.562 [main] QuerySpacesImpl - Adding QuerySpace : uid = <gen:0> -> org.hibernate.loader.plan.build.internal.spaces.EntityQuerySpaceImpl@6f31df32]
[DEBUG] 2021-03-01 10:52:21.565 [main] MetamodelGraphWalker - Visiting attribute path : author
[DEBUG] 2021-03-01 10:52:21.565 [main] QuerySpacesImpl - Adding QuerySpace : uid = <gen:1> -> org.hibernate.loader.plan.build.internal.spaces.EntityQuerySpaceImpl@5d7911d5]
[DEBUG] 2021-03-01 10:52:21.566 [main] MetamodelGraphWalker - Visiting attribute path : author.firstName
[DEBUG] 2021-03-01 10:52:21.566 [main] MetamodelGraphWalker - Visiting attribute path : author.lastName
[DEBUG] 2021-03-01 10:52:21.566 [main] MetamodelGraphWalker - Visiting attribute path : genre
[DEBUG] 2021-03-01 10:52:21.566 [main] QuerySpacesImpl - Adding QuerySpace : uid = <gen:2> -> org.hibernate.loader.plan.build.internal.spaces.EntityQuerySpaceImpl@5a08b084]
[DEBUG] 2021-03-01 10:52:21.566 [main] MetamodelGraphWalker - Visiting attribute path : genre.name
[DEBUG] 2021-03-01 10:52:21.566 [main] MetamodelGraphWalker - Visiting attribute path : isbn
[DEBUG] 2021-03-01 10:52:21.566 [main] MetamodelGraphWalker - Visiting attribute path : title
[DEBUG] 2021-03-01 10:52:21.566 [main] MetamodelGraphWalker - Visiting attribute path : user
[DEBUG] 2021-03-01 10:52:21.566 [main] QuerySpacesImpl - Adding QuerySpace : uid = <gen:3> -> org.hibernate.loader.plan.build.internal.spaces.EntityQuerySpaceImpl@36bed37a]
[DEBUG] 2021-03-01 10:52:21.566 [main] MetamodelGraphWalker - Visiting attribute path : user.email
[DEBUG] 2021-03-01 10:52:21.566 [main] MetamodelGraphWalker - Visiting attribute path : user.firstName
[DEBUG] 2021-03-01 10:52:21.566 [main] MetamodelGraphWalker - Visiting attribute path : user.lastName
[DEBUG] 2021-03-01 10:52:21.566 [main] MetamodelGraphWalker - Visiting attribute path : user.password
[DEBUG] 2021-03-01 10:52:21.566 [main] MetamodelGraphWalker - Visiting attribute path : user.userName
[DEBUG] 2021-03-01 10:52:21.566 [main] FetchStyleLoadPlanBuildingAssociationVisitationStrategy - Building LoadPlan...
[DEBUG] 2021-03-01 10:52:21.567 [main] LoadQueryJoinAndFetchProcessor - processing queryspace <gen:0>
[DEBUG] 2021-03-01 10:52:21.569 [main] LoadPlanTreePrinter - LoadPlan(entity=Book)
    - Returns
       - EntityReturnImpl(entity=Book, querySpaceUid=<gen:0>, path=Book)
          - EntityAttributeFetchImpl(entity=Author, querySpaceUid=<gen:1>, path=Book.author)
          - EntityAttributeFetchImpl(entity=Genre, querySpaceUid=<gen:2>, path=Book.genre)
          - EntityAttributeFetchImpl(entity=User, querySpaceUid=<gen:3>, path=Book.user)
    - QuerySpaces
       - EntityQuerySpaceImpl(uid=<gen:0>, entity=Book)
          - SQL table alias mapping - book0_
          - alias suffix - 0_
          - suffixed key columns - {id1_1_0_}
          - JOIN (JoinDefinedByMetadata(author)) : <gen:0> -> <gen:1>
             - EntityQuerySpaceImpl(uid=<gen:1>, entity=Author)
                - SQL table alias mapping - author1_
                - alias suffix - 1_
                - suffixed key columns - {id1_0_1_}
          - JOIN (JoinDefinedByMetadata(genre)) : <gen:0> -> <gen:2>
             - EntityQuerySpaceImpl(uid=<gen:2>, entity=Genre)
                - SQL table alias mapping - genre2_
                - alias suffix - 2_
                - suffixed key columns - {id1_2_2_}
          - JOIN (JoinDefinedByMetadata(user)) : <gen:0> -> <gen:3>
             - EntityQuerySpaceImpl(uid=<gen:3>, entity=User)
                - SQL table alias mapping - user3_
                - alias suffix - 3_
                - suffixed key columns - {id1_3_3_}

[DEBUG] 2021-03-01 10:52:21.570 [main] EntityLoader - Static select for entity Book [READ]: select book0_.id as id1_1_0_, book0_.author_id as author_i4_1_0_, book0_.genre_id as genre_id5_1_0_, book0_.isbn as isbn2_1_0_, book0_.title as title3_1_0_, book0_.user_id as user_id6_1_0_, author1_.id as id1_0_1_, author1_.first_name as first_na2_0_1_, author1_.last_name as last_nam3_0_1_, genre2_.id as id1_2_2_, genre2_.name as name2_2_2_, user3_.id as id1_3_3_, user3_.email as email2_3_3_, user3_.first_name as first_na3_3_3_, user3_.last_name as last_nam4_3_3_, user3_.password as password5_3_3_, user3_.username as username6_3_3_ from book book0_ left outer join author author1_ on book0_.author_id=author1_.id left outer join genre genre2_ on book0_.genre_id=genre2_.id left outer join user user3_ on book0_.user_id=user3_.id where book0_.id=?
[DEBUG] 2021-03-01 10:52:21.571 [main] Loader - Static select for action ACTION_MERGE on entity Book: select book0_.id as id1_1_0_, book0_.author_id as author_i4_1_0_, book0_.genre_id as genre_id5_1_0_, book0_.isbn as isbn2_1_0_, book0_.title as title3_1_0_, book0_.user_id as user_id6_1_0_ from book book0_ where book0_.id=?
[DEBUG] 2021-03-01 10:52:21.573 [main] Loader - Static select for action ACTION_REFRESH on entity Book: select book0_.id as id1_1_0_, book0_.author_id as author_i4_1_0_, book0_.genre_id as genre_id5_1_0_, book0_.isbn as isbn2_1_0_, book0_.title as title3_1_0_, book0_.user_id as user_id6_1_0_ from book book0_ where book0_.id=?
[DEBUG] 2021-03-01 10:52:21.628 [main] SchemaManagementToolCoordinator - No actions specified; doing nothing
[DEBUG] 2021-03-01 10:52:21.628 [main] JtaPlatformInitiator - No JtaPlatform was specified, checking resolver
[DEBUG] 2021-03-01 10:52:21.633 [main] JtaPlatformResolverInitiator - No JtaPlatformResolver was specified, using default [org.hibernate.engine.transaction.jta.platform.internal.StandardJtaPlatformResolver]
[DEBUG] 2021-03-01 10:52:21.643 [main] StandardJtaPlatformResolver - Could not resolve JtaPlatform, using default [org.hibernate.engine.transaction.jta.platform.internal.NoJtaPlatform]
[INFO ] 2021-03-01 10:52:21.645 [main] JtaPlatformInitiator - HHH000490: Using JtaPlatform implementation: [org.hibernate.engine.transaction.jta.platform.internal.NoJtaPlatform]
[DEBUG] 2021-03-01 10:52:21.646 [main] NamedQueryRepository - Checking 0 named HQL queries
[DEBUG] 2021-03-01 10:52:21.646 [main] NamedQueryRepository - Checking 0 named SQL queries
[DEBUG] 2021-03-01 10:52:21.647 [main] SessionFactoryRegistry - Initializing SessionFactoryRegistry : org.hibernate.internal.SessionFactoryRegistry@5d5c41e5
[DEBUG] 2021-03-01 10:52:21.653 [main] SessionFactoryRegistry - Registering SessionFactory: e5c80aed-d2e4-45fa-bc32-ef59f8e3863e (<unnamed>)
[DEBUG] 2021-03-01 10:52:21.653 [main] SessionFactoryRegistry - Not binding SessionFactory to JNDI, no JNDI name configured
[DEBUG] 2021-03-01 10:52:21.886 [main] StatisticsInitiator - Statistics initialized [enabled=false]
[DEBUG] 2021-03-01 10:52:21.939 [main] CriteriaQueryImpl - Rendered criteria query -> select generatedAlias0 from Author as generatedAlias0 where generatedAlias0.lastName like :param0
[DEBUG] 2021-03-01 10:52:21.955 [main] QueryTranslatorFactoryInitiator - QueryTranslatorFactory: org.hibernate.hql.internal.ast.ASTQueryTranslatorFactory@78c262ba
[DEBUG] 2021-03-01 10:52:21.988 [main] QueryTranslatorImpl - parse() - HQL: select generatedAlias0 from Author as generatedAlias0 where generatedAlias0.lastName like :param0
[DEBUG] 2021-03-01 10:52:21.997 [main] ErrorTracker - throwQueryException() : no errors
[DEBUG] 2021-03-01 10:52:22.019 [main] QueryTranslatorImpl - --- HQL AST ---
 \-[QUERY] Node: 'query'
    +-[SELECT_FROM] Node: 'SELECT_FROM'
    |  +-[FROM] Node: 'from'
    |  |  \-[RANGE] Node: 'RANGE'
    |  |     +-[DOT] Node: '.'
    |  |     |  +-[IDENT] Node: 'entity'
    |  |     |  \-[IDENT] Node: 'Author'
    |  |     \-[ALIAS] Node: 'generatedAlias0'
    |  \-[SELECT] Node: 'select'
    |     \-[IDENT] Node: 'generatedAlias0'
    \-[WHERE] Node: 'where'
       \-[LIKE] Node: 'like'
          +-[DOT] Node: '.'
          |  +-[IDENT] Node: 'generatedAlias0'
          |  \-[IDENT] Node: 'lastName'
          \-[COLON] Node: ':'
             \-[IDENT] Node: 'param0'

[DEBUG] 2021-03-01 10:52:22.069 [main] HqlSqlBaseWalker - select << begin [level=1, statement=select]
[DEBUG] 2021-03-01 10:52:22.101 [main] FromElement - FromClause{level=1} : Author (generatedAlias0) -> author0_
[DEBUG] 2021-03-01 10:52:22.102 [main] FromReferenceNode - Resolved : generatedAlias0 -> author0_.id
[DEBUG] 2021-03-01 10:52:22.109 [main] FromReferenceNode - Resolved : generatedAlias0 -> author0_.id
[DEBUG] 2021-03-01 10:52:22.113 [main] DotNode - getDataType() : lastName -> org.hibernate.type.StringType@7fedfe27
[DEBUG] 2021-03-01 10:52:22.114 [main] FromReferenceNode - Resolved : generatedAlias0.lastName -> author0_.last_name
[DEBUG] 2021-03-01 10:52:22.122 [main] HqlSqlBaseWalker - select : finishing up [level=1, statement=select]
[DEBUG] 2021-03-01 10:52:22.122 [main] HqlSqlWalker - processQuery() :  ( SELECT ( {select clause} author0_.id ) ( FromClause{level=1} author author0_ ) ( where ( like ( author0_.last_name author0_.id lastName ) ? ) ) )
[DEBUG] 2021-03-01 10:52:22.132 [main] JoinProcessor - Using FROM fragment [author author0_]
[DEBUG] 2021-03-01 10:52:22.135 [main] HqlSqlBaseWalker - select >> end [level=1, statement=select]
[DEBUG] 2021-03-01 10:52:22.139 [main] QueryTranslatorImpl - --- SQL AST ---
 \-[SELECT] QueryNode: 'SELECT'  querySpaces (author)
    +-[SELECT_CLAUSE] SelectClause: '{select clause}'
    |  +-[ALIAS_REF] IdentNode: 'author0_.id as id1_0_' {alias=generatedAlias0, className=Author, tableAlias=author0_}
    |  \-[SQL_TOKEN] SqlFragment: 'author0_.first_name as first_na2_0_, author0_.last_name as last_nam3_0_'
    +-[FROM] FromClause: 'from' FromClause{level=1, fromElementCounter=1, fromElements=1, fromElementByClassAlias=[generatedAlias0], fromElementByTableAlias=[author0_], fromElementsByPath=[], collectionJoinFromElementsByPath=[], impliedElements=[]}
    |  \-[FROM_FRAGMENT] FromElement: 'author author0_' FromElement{explicit,not a collection join,not a fetch join,fetch non-lazy properties,classAlias=generatedAlias0,role=null,tableName=author,tableAlias=author0_,origin=null,columns={,className=Author}}
    \-[WHERE] SqlNode: 'where'
       \-[LIKE] BinaryLogicOperatorNode: 'like'
          +-[DOT] DotNode: 'author0_.last_name' {propertyName=lastName,dereferenceType=PRIMITIVE,getPropertyPath=lastName,path=generatedAlias0.lastName,tableAlias=author0_,className=Author,classAlias=generatedAlias0}
          |  +-[ALIAS_REF] IdentNode: 'author0_.id' {alias=generatedAlias0, className=Author, tableAlias=author0_}
          |  \-[IDENT] IdentNode: 'lastName' {originalText=lastName}
          \-[NAMED_PARAM] ParameterNode: '?' {name=param0, expectedType=org.hibernate.type.StringType@7fedfe27}

[DEBUG] 2021-03-01 10:52:22.139 [main] ErrorTracker - throwQueryException() : no errors
[DEBUG] 2021-03-01 10:52:22.145 [main] QueryTranslatorImpl - HQL: select generatedAlias0 from Author as generatedAlias0 where generatedAlias0.lastName like :param0
[DEBUG] 2021-03-01 10:52:22.146 [main] QueryTranslatorImpl - SQL: select author0_.id as id1_0_, author0_.first_name as first_na2_0_, author0_.last_name as last_nam3_0_ from author author0_ where author0_.last_name like ?
[DEBUG] 2021-03-01 10:52:22.146 [main] ErrorTracker - throwQueryException() : no errors
[DEBUG] 2021-03-01 10:52:22.190 [main] SQL - select author0_.id as id1_0_, author0_.first_name as first_na2_0_, author0_.last_name as last_nam3_0_ from author author0_ where author0_.last_name like ?
[DEBUG] 2021-03-01 10:52:22.228 [main] Loader - Result set row: 0
[DEBUG] 2021-03-01 10:52:22.237 [main] Loader - Result row: EntityKey[Author#1]
[DEBUG] 2021-03-01 10:52:22.247 [main] TwoPhaseLoad - Resolving attributes for [Author#1]
[DEBUG] 2021-03-01 10:52:22.248 [main] TwoPhaseLoad - Processing attribute `firstName` : value = Sarah J.
[DEBUG] 2021-03-01 10:52:22.248 [main] TwoPhaseLoad - Attribute (`firstName`)  - enhanced for lazy-loading? - false
[DEBUG] 2021-03-01 10:52:22.248 [main] TwoPhaseLoad - Processing attribute `lastName` : value = Maas
[DEBUG] 2021-03-01 10:52:22.248 [main] TwoPhaseLoad - Attribute (`lastName`)  - enhanced for lazy-loading? - false
[DEBUG] 2021-03-01 10:52:22.249 [main] TwoPhaseLoad - Done materializing entity [Author#1]
[DEBUG] 2021-03-01 10:52:22.257 [main] LogicalConnectionManagedImpl - Initiating JDBC connection release from afterTransaction
[DEBUG] 2021-03-01 10:52:22.502 [main] CriteriaQueryImpl - Rendered criteria query -> select generatedAlias0 from Author as generatedAlias0
[DEBUG] 2021-03-01 10:52:22.506 [main] QueryTranslatorImpl - parse() - HQL: select generatedAlias0 from Author as generatedAlias0
[DEBUG] 2021-03-01 10:52:22.507 [main] ErrorTracker - throwQueryException() : no errors
[DEBUG] 2021-03-01 10:52:22.508 [main] QueryTranslatorImpl - --- HQL AST ---
 \-[QUERY] Node: 'query'
    \-[SELECT_FROM] Node: 'SELECT_FROM'
       +-[FROM] Node: 'from'
       |  \-[RANGE] Node: 'RANGE'
       |     +-[DOT] Node: '.'
       |     |  +-[IDENT] Node: 'entity'
       |     |  \-[IDENT] Node: 'Author'
       |     \-[ALIAS] Node: 'generatedAlias0'
       \-[SELECT] Node: 'select'
          \-[IDENT] Node: 'generatedAlias0'

[DEBUG] 2021-03-01 10:52:22.509 [main] HqlSqlBaseWalker - select << begin [level=1, statement=select]
[DEBUG] 2021-03-01 10:52:22.513 [main] FromElement - FromClause{level=1} : Author (generatedAlias0) -> author0_
[DEBUG] 2021-03-01 10:52:22.514 [main] FromReferenceNode - Resolved : generatedAlias0 -> author0_.id
[DEBUG] 2021-03-01 10:52:22.514 [main] HqlSqlBaseWalker - select : finishing up [level=1, statement=select]
[DEBUG] 2021-03-01 10:52:22.514 [main] HqlSqlWalker - processQuery() :  ( SELECT ( {select clause} author0_.id ) ( FromClause{level=1} author author0_ ) )
[DEBUG] 2021-03-01 10:52:22.515 [main] JoinProcessor - Using FROM fragment [author author0_]
[DEBUG] 2021-03-01 10:52:22.515 [main] HqlSqlBaseWalker - select >> end [level=1, statement=select]
[DEBUG] 2021-03-01 10:52:22.515 [main] QueryTranslatorImpl - --- SQL AST ---
 \-[SELECT] QueryNode: 'SELECT'  querySpaces (author)
    +-[SELECT_CLAUSE] SelectClause: '{select clause}'
    |  +-[ALIAS_REF] IdentNode: 'author0_.id as id1_0_' {alias=generatedAlias0, className=Author, tableAlias=author0_}
    |  \-[SQL_TOKEN] SqlFragment: 'author0_.first_name as first_na2_0_, author0_.last_name as last_nam3_0_'
    \-[FROM] FromClause: 'from' FromClause{level=1, fromElementCounter=1, fromElements=1, fromElementByClassAlias=[generatedAlias0], fromElementByTableAlias=[author0_], fromElementsByPath=[], collectionJoinFromElementsByPath=[], impliedElements=[]}
       \-[FROM_FRAGMENT] FromElement: 'author author0_' FromElement{explicit,not a collection join,not a fetch join,fetch non-lazy properties,classAlias=generatedAlias0,role=null,tableName=author,tableAlias=author0_,origin=null,columns={,className=Author}}

[DEBUG] 2021-03-01 10:52:22.519 [main] ErrorTracker - throwQueryException() : no errors
[DEBUG] 2021-03-01 10:52:22.519 [main] QueryTranslatorImpl - HQL: select generatedAlias0 from Author as generatedAlias0
[DEBUG] 2021-03-01 10:52:22.519 [main] QueryTranslatorImpl - SQL: select author0_.id as id1_0_, author0_.first_name as first_na2_0_, author0_.last_name as last_nam3_0_ from author author0_
[DEBUG] 2021-03-01 10:52:22.519 [main] ErrorTracker - throwQueryException() : no errors
[DEBUG] 2021-03-01 10:52:22.519 [main] SQL - select author0_.id as id1_0_, author0_.first_name as first_na2_0_, author0_.last_name as last_nam3_0_ from author author0_
[DEBUG] 2021-03-01 10:52:22.526 [main] Loader - Result set row: 0
[DEBUG] 2021-03-01 10:52:22.526 [main] Loader - Result row: EntityKey[Author#1]
[DEBUG] 2021-03-01 10:52:22.526 [main] Loader - Result set row: 1
[DEBUG] 2021-03-01 10:52:22.526 [main] Loader - Result row: EntityKey[Author#2]
[DEBUG] 2021-03-01 10:52:22.526 [main] Loader - Result set row: 2
[DEBUG] 2021-03-01 10:52:22.526 [main] Loader - Result row: EntityKey[Author#3]
[DEBUG] 2021-03-01 10:52:22.526 [main] Loader - Result set row: 3
[DEBUG] 2021-03-01 10:52:22.527 [main] Loader - Result row: EntityKey[Author#4]
[DEBUG] 2021-03-01 10:52:22.527 [main] Loader - Result set row: 4
[DEBUG] 2021-03-01 10:52:22.527 [main] Loader - Result row: EntityKey[Author#5]
[DEBUG] 2021-03-01 10:52:22.532 [main] TwoPhaseLoad - Resolving attributes for [Author#1]
[DEBUG] 2021-03-01 10:52:22.532 [main] TwoPhaseLoad - Processing attribute `firstName` : value = Sarah J.
[DEBUG] 2021-03-01 10:52:22.532 [main] TwoPhaseLoad - Attribute (`firstName`)  - enhanced for lazy-loading? - false
[DEBUG] 2021-03-01 10:52:22.532 [main] TwoPhaseLoad - Processing attribute `lastName` : value = Maas
[DEBUG] 2021-03-01 10:52:22.532 [main] TwoPhaseLoad - Attribute (`lastName`)  - enhanced for lazy-loading? - false
[DEBUG] 2021-03-01 10:52:22.532 [main] TwoPhaseLoad - Done materializing entity [Author#1]
[DEBUG] 2021-03-01 10:52:22.532 [main] TwoPhaseLoad - Resolving attributes for [Author#2]
[DEBUG] 2021-03-01 10:52:22.532 [main] TwoPhaseLoad - Processing attribute `firstName` : value = Cassandra
[DEBUG] 2021-03-01 10:52:22.532 [main] TwoPhaseLoad - Attribute (`firstName`)  - enhanced for lazy-loading? - false
[DEBUG] 2021-03-01 10:52:22.532 [main] TwoPhaseLoad - Processing attribute `lastName` : value = Clare
[DEBUG] 2021-03-01 10:52:22.532 [main] TwoPhaseLoad - Attribute (`lastName`)  - enhanced for lazy-loading? - false
[DEBUG] 2021-03-01 10:52:22.533 [main] TwoPhaseLoad - Done materializing entity [Author#2]
[DEBUG] 2021-03-01 10:52:22.533 [main] TwoPhaseLoad - Resolving attributes for [Author#3]
[DEBUG] 2021-03-01 10:52:22.533 [main] TwoPhaseLoad - Processing attribute `firstName` : value = Stephen
[DEBUG] 2021-03-01 10:52:22.533 [main] TwoPhaseLoad - Attribute (`firstName`)  - enhanced for lazy-loading? - false
[DEBUG] 2021-03-01 10:52:22.533 [main] TwoPhaseLoad - Processing attribute `lastName` : value = King
[DEBUG] 2021-03-01 10:52:22.533 [main] TwoPhaseLoad - Attribute (`lastName`)  - enhanced for lazy-loading? - false
[DEBUG] 2021-03-01 10:52:22.534 [main] TwoPhaseLoad - Done materializing entity [Author#3]
[DEBUG] 2021-03-01 10:52:22.534 [main] TwoPhaseLoad - Resolving attributes for [Author#4]
[DEBUG] 2021-03-01 10:52:22.534 [main] TwoPhaseLoad - Processing attribute `firstName` : value = Brandon
[DEBUG] 2021-03-01 10:52:22.534 [main] TwoPhaseLoad - Attribute (`firstName`)  - enhanced for lazy-loading? - false
[DEBUG] 2021-03-01 10:52:22.534 [main] TwoPhaseLoad - Processing attribute `lastName` : value = Sanderson
[DEBUG] 2021-03-01 10:52:22.534 [main] TwoPhaseLoad - Attribute (`lastName`)  - enhanced for lazy-loading? - false
[DEBUG] 2021-03-01 10:52:22.536 [main] TwoPhaseLoad - Done materializing entity [Author#4]
[DEBUG] 2021-03-01 10:52:22.536 [main] TwoPhaseLoad - Resolving attributes for [Author#5]
[DEBUG] 2021-03-01 10:52:22.536 [main] TwoPhaseLoad - Processing attribute `firstName` : value = Nora
[DEBUG] 2021-03-01 10:52:22.536 [main] TwoPhaseLoad - Attribute (`firstName`)  - enhanced for lazy-loading? - false
[DEBUG] 2021-03-01 10:52:22.536 [main] TwoPhaseLoad - Processing attribute `lastName` : value = Roberts
[DEBUG] 2021-03-01 10:52:22.536 [main] TwoPhaseLoad - Attribute (`lastName`)  - enhanced for lazy-loading? - false
[DEBUG] 2021-03-01 10:52:22.536 [main] TwoPhaseLoad - Done materializing entity [Author#5]
[DEBUG] 2021-03-01 10:52:22.537 [main] LogicalConnectionManagedImpl - Initiating JDBC connection release from afterTransaction
