[DEBUG] 2021-03-01 17:28:28.662 [main] IntegratorServiceImpl - Adding Integrator [org.hibernate.cfg.beanvalidation.BeanValidationIntegrator].
[DEBUG] 2021-03-01 17:28:28.799 [main] IntegratorServiceImpl - Adding Integrator [org.hibernate.secure.spi.JaccIntegrator].
[DEBUG] 2021-03-01 17:28:28.844 [main] IntegratorServiceImpl - Adding Integrator [org.hibernate.cache.internal.CollectionCacheInvalidator].
[INFO ] 2021-03-01 17:28:29.357 [main] Version - HHH000412: Hibernate Core {5.4.4.Final}
[DEBUG] 2021-03-01 17:28:29.362 [main] Environment - HHH000206: hibernate.properties not found
[DEBUG] 2021-03-01 17:28:30.599 [main] LocalXmlResourceResolver - Interpreting public/system identifier : [-//Hibernate/Hibernate Configuration DTD//EN] - [http://www.hibernate.org/dtd/hibernate-configuration-3.0.dtd]
[DEBUG] 2021-03-01 17:28:30.608 [main] LocalXmlResourceResolver - Recognized hibernate-configuration identifier; attempting to resolve on classpath under org/hibernate/
[DEBUG] 2021-03-01 17:28:30.636 [main] JaxbCfgProcessor - cfg.xml document did not define namespaces; wrapping in custom event reader to introduce namespace information
[DEBUG] 2021-03-01 17:28:32.556 [main] ServiceBinding - Overriding existing service binding [org.hibernate.secure.spi.JaccService]
[DEBUG] 2021-03-01 17:28:32.709 [main] RegionFactoryInitiator - Cannot default RegionFactory based on registered strategies as `[]` RegionFactory strategies were registered
[DEBUG] 2021-03-01 17:28:32.721 [main] RegionFactoryInitiator - Cache region factory : org.hibernate.cache.internal.NoCachingRegionFactory
[INFO ] 2021-03-01 17:28:32.817 [main] Version - HCANN000001: Hibernate Commons Annotations {5.1.0.Final}
[DEBUG] 2021-03-01 17:28:33.045 [main] BasicTypeRegistry - Adding type registration boolean -> org.hibernate.type.BooleanType@6d91790b
[DEBUG] 2021-03-01 17:28:33.048 [main] BasicTypeRegistry - Adding type registration boolean -> org.hibernate.type.BooleanType@6d91790b
[DEBUG] 2021-03-01 17:28:33.048 [main] BasicTypeRegistry - Adding type registration java.lang.Boolean -> org.hibernate.type.BooleanType@6d91790b
[DEBUG] 2021-03-01 17:28:33.049 [main] BasicTypeRegistry - Adding type registration numeric_boolean -> org.hibernate.type.NumericBooleanType@a567e72
[DEBUG] 2021-03-01 17:28:33.050 [main] BasicTypeRegistry - Adding type registration true_false -> org.hibernate.type.TrueFalseType@72805168
[DEBUG] 2021-03-01 17:28:33.059 [main] BasicTypeRegistry - Adding type registration yes_no -> org.hibernate.type.YesNoType@7c211fd0
[DEBUG] 2021-03-01 17:28:33.078 [main] BasicTypeRegistry - Adding type registration byte -> org.hibernate.type.ByteType@25d958c6
[DEBUG] 2021-03-01 17:28:33.078 [main] BasicTypeRegistry - Adding type registration byte -> org.hibernate.type.ByteType@25d958c6
[DEBUG] 2021-03-01 17:28:33.078 [main] BasicTypeRegistry - Adding type registration java.lang.Byte -> org.hibernate.type.ByteType@25d958c6
[DEBUG] 2021-03-01 17:28:33.082 [main] BasicTypeRegistry - Adding type registration character -> org.hibernate.type.CharacterType@695a69a1
[DEBUG] 2021-03-01 17:28:33.083 [main] BasicTypeRegistry - Adding type registration char -> org.hibernate.type.CharacterType@695a69a1
[DEBUG] 2021-03-01 17:28:33.084 [main] BasicTypeRegistry - Adding type registration java.lang.Character -> org.hibernate.type.CharacterType@695a69a1
[DEBUG] 2021-03-01 17:28:33.090 [main] BasicTypeRegistry - Adding type registration short -> org.hibernate.type.ShortType@332f25c8
[DEBUG] 2021-03-01 17:28:33.091 [main] BasicTypeRegistry - Adding type registration short -> org.hibernate.type.ShortType@332f25c8
[DEBUG] 2021-03-01 17:28:33.093 [main] BasicTypeRegistry - Adding type registration java.lang.Short -> org.hibernate.type.ShortType@332f25c8
[DEBUG] 2021-03-01 17:28:33.101 [main] BasicTypeRegistry - Adding type registration integer -> org.hibernate.type.IntegerType@69cac930
[DEBUG] 2021-03-01 17:28:33.101 [main] BasicTypeRegistry - Adding type registration int -> org.hibernate.type.IntegerType@69cac930
[DEBUG] 2021-03-01 17:28:33.101 [main] BasicTypeRegistry - Adding type registration java.lang.Integer -> org.hibernate.type.IntegerType@69cac930
[DEBUG] 2021-03-01 17:28:33.103 [main] BasicTypeRegistry - Adding type registration long -> org.hibernate.type.LongType@4a03bb68
[DEBUG] 2021-03-01 17:28:33.103 [main] BasicTypeRegistry - Adding type registration long -> org.hibernate.type.LongType@4a03bb68
[DEBUG] 2021-03-01 17:28:33.109 [main] BasicTypeRegistry - Adding type registration java.lang.Long -> org.hibernate.type.LongType@4a03bb68
[DEBUG] 2021-03-01 17:28:33.113 [main] BasicTypeRegistry - Adding type registration float -> org.hibernate.type.FloatType@6f099cef
[DEBUG] 2021-03-01 17:28:33.114 [main] BasicTypeRegistry - Adding type registration float -> org.hibernate.type.FloatType@6f099cef
[DEBUG] 2021-03-01 17:28:33.114 [main] BasicTypeRegistry - Adding type registration java.lang.Float -> org.hibernate.type.FloatType@6f099cef
[DEBUG] 2021-03-01 17:28:33.116 [main] BasicTypeRegistry - Adding type registration double -> org.hibernate.type.DoubleType@46c00568
[DEBUG] 2021-03-01 17:28:33.117 [main] BasicTypeRegistry - Adding type registration double -> org.hibernate.type.DoubleType@46c00568
[DEBUG] 2021-03-01 17:28:33.118 [main] BasicTypeRegistry - Adding type registration java.lang.Double -> org.hibernate.type.DoubleType@46c00568
[DEBUG] 2021-03-01 17:28:33.119 [main] BasicTypeRegistry - Adding type registration big_decimal -> org.hibernate.type.BigDecimalType@4690f583
[DEBUG] 2021-03-01 17:28:33.123 [main] BasicTypeRegistry - Adding type registration java.math.BigDecimal -> org.hibernate.type.BigDecimalType@4690f583
[DEBUG] 2021-03-01 17:28:33.125 [main] BasicTypeRegistry - Adding type registration big_integer -> org.hibernate.type.BigIntegerType@6090f3ca
[DEBUG] 2021-03-01 17:28:33.126 [main] BasicTypeRegistry - Adding type registration java.math.BigInteger -> org.hibernate.type.BigIntegerType@6090f3ca
[DEBUG] 2021-03-01 17:28:33.126 [main] BasicTypeRegistry - Adding type registration string -> org.hibernate.type.StringType@5e3a39cd
[DEBUG] 2021-03-01 17:28:33.127 [main] BasicTypeRegistry - Adding type registration java.lang.String -> org.hibernate.type.StringType@5e3a39cd
[DEBUG] 2021-03-01 17:28:33.130 [main] BasicTypeRegistry - Adding type registration nstring -> org.hibernate.type.StringNVarcharType@52a36910
[DEBUG] 2021-03-01 17:28:33.132 [main] BasicTypeRegistry - Adding type registration ncharacter -> org.hibernate.type.CharacterNCharType@1d782abe
[DEBUG] 2021-03-01 17:28:33.133 [main] BasicTypeRegistry - Adding type registration url -> org.hibernate.type.UrlType@66bfd864
[DEBUG] 2021-03-01 17:28:33.137 [main] BasicTypeRegistry - Adding type registration java.net.URL -> org.hibernate.type.UrlType@66bfd864
[DEBUG] 2021-03-01 17:28:33.139 [main] BasicTypeRegistry - Adding type registration Duration -> org.hibernate.type.DurationType@5486887b
[DEBUG] 2021-03-01 17:28:33.139 [main] BasicTypeRegistry - Adding type registration java.time.Duration -> org.hibernate.type.DurationType@5486887b
[DEBUG] 2021-03-01 17:28:33.155 [main] BasicTypeRegistry - Adding type registration Instant -> org.hibernate.type.InstantType@512d4583
[DEBUG] 2021-03-01 17:28:33.174 [main] BasicTypeRegistry - Adding type registration java.time.Instant -> org.hibernate.type.InstantType@512d4583
[DEBUG] 2021-03-01 17:28:33.188 [main] BasicTypeRegistry - Adding type registration LocalDateTime -> org.hibernate.type.LocalDateTimeType@64f555e7
[DEBUG] 2021-03-01 17:28:33.189 [main] BasicTypeRegistry - Adding type registration java.time.LocalDateTime -> org.hibernate.type.LocalDateTimeType@64f555e7
[DEBUG] 2021-03-01 17:28:33.191 [main] BasicTypeRegistry - Adding type registration LocalDate -> org.hibernate.type.LocalDateType@2687f956
[DEBUG] 2021-03-01 17:28:33.191 [main] BasicTypeRegistry - Adding type registration java.time.LocalDate -> org.hibernate.type.LocalDateType@2687f956
[DEBUG] 2021-03-01 17:28:33.192 [main] BasicTypeRegistry - Adding type registration LocalTime -> org.hibernate.type.LocalTimeType@10ec523c
[DEBUG] 2021-03-01 17:28:33.193 [main] BasicTypeRegistry - Adding type registration java.time.LocalTime -> org.hibernate.type.LocalTimeType@10ec523c
[DEBUG] 2021-03-01 17:28:33.201 [main] BasicTypeRegistry - Adding type registration OffsetDateTime -> org.hibernate.type.OffsetDateTimeType@1e63d216
[DEBUG] 2021-03-01 17:28:33.205 [main] BasicTypeRegistry - Adding type registration java.time.OffsetDateTime -> org.hibernate.type.OffsetDateTimeType@1e63d216
[DEBUG] 2021-03-01 17:28:33.207 [main] BasicTypeRegistry - Adding type registration OffsetTime -> org.hibernate.type.OffsetTimeType@4e38d975
[DEBUG] 2021-03-01 17:28:33.208 [main] BasicTypeRegistry - Adding type registration java.time.OffsetTime -> org.hibernate.type.OffsetTimeType@4e38d975
[DEBUG] 2021-03-01 17:28:33.218 [main] BasicTypeRegistry - Adding type registration ZonedDateTime -> org.hibernate.type.ZonedDateTimeType@1280851e
[DEBUG] 2021-03-01 17:28:33.219 [main] BasicTypeRegistry - Adding type registration java.time.ZonedDateTime -> org.hibernate.type.ZonedDateTimeType@1280851e
[DEBUG] 2021-03-01 17:28:33.225 [main] BasicTypeRegistry - Adding type registration date -> org.hibernate.type.DateType@6ef81f31
[DEBUG] 2021-03-01 17:28:33.225 [main] BasicTypeRegistry - Adding type registration java.sql.Date -> org.hibernate.type.DateType@6ef81f31
[DEBUG] 2021-03-01 17:28:33.233 [main] BasicTypeRegistry - Adding type registration time -> org.hibernate.type.TimeType@5560bcdf
[DEBUG] 2021-03-01 17:28:33.234 [main] BasicTypeRegistry - Adding type registration java.sql.Time -> org.hibernate.type.TimeType@5560bcdf
[DEBUG] 2021-03-01 17:28:33.235 [main] BasicTypeRegistry - Adding type registration timestamp -> org.hibernate.type.TimestampType@3bcd426c
[DEBUG] 2021-03-01 17:28:33.235 [main] BasicTypeRegistry - Adding type registration java.sql.Timestamp -> org.hibernate.type.TimestampType@3bcd426c
[DEBUG] 2021-03-01 17:28:33.235 [main] BasicTypeRegistry - Adding type registration java.util.Date -> org.hibernate.type.TimestampType@3bcd426c
[DEBUG] 2021-03-01 17:28:33.288 [main] BasicTypeRegistry - Adding type registration dbtimestamp -> org.hibernate.type.DbTimestampType@c4c0b41
[DEBUG] 2021-03-01 17:28:33.289 [main] BasicTypeRegistry - Adding type registration calendar -> org.hibernate.type.CalendarType@53093491
[DEBUG] 2021-03-01 17:28:33.289 [main] BasicTypeRegistry - Adding type registration java.util.Calendar -> org.hibernate.type.CalendarType@53093491
[DEBUG] 2021-03-01 17:28:33.289 [main] BasicTypeRegistry - Adding type registration java.util.GregorianCalendar -> org.hibernate.type.CalendarType@53093491
[DEBUG] 2021-03-01 17:28:33.294 [main] BasicTypeRegistry - Adding type registration calendar_date -> org.hibernate.type.CalendarDateType@57b9e423
[DEBUG] 2021-03-01 17:28:33.296 [main] BasicTypeRegistry - Adding type registration locale -> org.hibernate.type.LocaleType@2eb79cbe
[DEBUG] 2021-03-01 17:28:33.297 [main] BasicTypeRegistry - Adding type registration java.util.Locale -> org.hibernate.type.LocaleType@2eb79cbe
[DEBUG] 2021-03-01 17:28:33.298 [main] BasicTypeRegistry - Adding type registration currency -> org.hibernate.type.CurrencyType@56da52a7
[DEBUG] 2021-03-01 17:28:33.300 [main] BasicTypeRegistry - Adding type registration java.util.Currency -> org.hibernate.type.CurrencyType@56da52a7
[DEBUG] 2021-03-01 17:28:33.303 [main] BasicTypeRegistry - Adding type registration timezone -> org.hibernate.type.TimeZoneType@231baf51
[DEBUG] 2021-03-01 17:28:33.303 [main] BasicTypeRegistry - Adding type registration java.util.TimeZone -> org.hibernate.type.TimeZoneType@231baf51
[DEBUG] 2021-03-01 17:28:33.304 [main] BasicTypeRegistry - Adding type registration class -> org.hibernate.type.ClassType@3e83c18
[DEBUG] 2021-03-01 17:28:33.304 [main] BasicTypeRegistry - Adding type registration java.lang.Class -> org.hibernate.type.ClassType@3e83c18
[DEBUG] 2021-03-01 17:28:33.305 [main] BasicTypeRegistry - Adding type registration uuid-binary -> org.hibernate.type.UUIDBinaryType@7e46d648
[DEBUG] 2021-03-01 17:28:33.306 [main] BasicTypeRegistry - Adding type registration java.util.UUID -> org.hibernate.type.UUIDBinaryType@7e46d648
[DEBUG] 2021-03-01 17:28:33.307 [main] BasicTypeRegistry - Adding type registration uuid-char -> org.hibernate.type.UUIDCharType@38548b19
[DEBUG] 2021-03-01 17:28:33.308 [main] BasicTypeRegistry - Adding type registration binary -> org.hibernate.type.BinaryType@71391b3f
[DEBUG] 2021-03-01 17:28:33.309 [main] BasicTypeRegistry - Adding type registration byte[] -> org.hibernate.type.BinaryType@71391b3f
[DEBUG] 2021-03-01 17:28:33.309 [main] BasicTypeRegistry - Adding type registration [B -> org.hibernate.type.BinaryType@71391b3f
[DEBUG] 2021-03-01 17:28:33.310 [main] BasicTypeRegistry - Adding type registration wrapper-binary -> org.hibernate.type.WrapperBinaryType@42c2f48c
[DEBUG] 2021-03-01 17:28:33.311 [main] BasicTypeRegistry - Adding type registration Byte[] -> org.hibernate.type.WrapperBinaryType@42c2f48c
[DEBUG] 2021-03-01 17:28:33.311 [main] BasicTypeRegistry - Adding type registration [Ljava.lang.Byte; -> org.hibernate.type.WrapperBinaryType@42c2f48c
[DEBUG] 2021-03-01 17:28:33.312 [main] BasicTypeRegistry - Adding type registration row_version -> org.hibernate.type.RowVersionType@14151bc5
[DEBUG] 2021-03-01 17:28:33.313 [main] BasicTypeRegistry - Adding type registration image -> org.hibernate.type.ImageType@5aae8eb5
[DEBUG] 2021-03-01 17:28:33.314 [main] BasicTypeRegistry - Adding type registration characters -> org.hibernate.type.CharArrayType@57fae983
[DEBUG] 2021-03-01 17:28:33.314 [main] BasicTypeRegistry - Adding type registration char[] -> org.hibernate.type.CharArrayType@57fae983
[DEBUG] 2021-03-01 17:28:33.315 [main] BasicTypeRegistry - Adding type registration [C -> org.hibernate.type.CharArrayType@57fae983
[DEBUG] 2021-03-01 17:28:33.315 [main] BasicTypeRegistry - Adding type registration wrapper-characters -> org.hibernate.type.CharacterArrayType@21325036
[DEBUG] 2021-03-01 17:28:33.316 [main] BasicTypeRegistry - Adding type registration [Ljava.lang.Character; -> org.hibernate.type.CharacterArrayType@21325036
[DEBUG] 2021-03-01 17:28:33.316 [main] BasicTypeRegistry - Adding type registration Character[] -> org.hibernate.type.CharacterArrayType@21325036
[DEBUG] 2021-03-01 17:28:33.316 [main] BasicTypeRegistry - Adding type registration text -> org.hibernate.type.TextType@5ee34b1b
[DEBUG] 2021-03-01 17:28:33.317 [main] BasicTypeRegistry - Adding type registration ntext -> org.hibernate.type.NTextType@7906578e
[DEBUG] 2021-03-01 17:28:33.318 [main] BasicTypeRegistry - Adding type registration blob -> org.hibernate.type.BlobType@659a2455
[DEBUG] 2021-03-01 17:28:33.319 [main] BasicTypeRegistry - Adding type registration java.sql.Blob -> org.hibernate.type.BlobType@659a2455
[DEBUG] 2021-03-01 17:28:33.327 [main] BasicTypeRegistry - Adding type registration materialized_blob -> org.hibernate.type.MaterializedBlobType@6f8e0cee
[DEBUG] 2021-03-01 17:28:33.329 [main] BasicTypeRegistry - Adding type registration clob -> org.hibernate.type.ClobType@d176a31
[DEBUG] 2021-03-01 17:28:33.333 [main] BasicTypeRegistry - Adding type registration java.sql.Clob -> org.hibernate.type.ClobType@d176a31
[DEBUG] 2021-03-01 17:28:33.337 [main] BasicTypeRegistry - Adding type registration nclob -> org.hibernate.type.NClobType@dffa30b
[DEBUG] 2021-03-01 17:28:33.338 [main] BasicTypeRegistry - Adding type registration java.sql.NClob -> org.hibernate.type.NClobType@dffa30b
[DEBUG] 2021-03-01 17:28:33.339 [main] BasicTypeRegistry - Adding type registration materialized_clob -> org.hibernate.type.MaterializedClobType@1bcf67e8
[DEBUG] 2021-03-01 17:28:33.380 [main] BasicTypeRegistry - Adding type registration materialized_nclob -> org.hibernate.type.MaterializedNClobType@1bbae752
[DEBUG] 2021-03-01 17:28:33.384 [main] BasicTypeRegistry - Adding type registration serializable -> org.hibernate.type.SerializableType@878537d
[DEBUG] 2021-03-01 17:28:33.394 [main] BasicTypeRegistry - Adding type registration object -> org.hibernate.type.ObjectType@58cec85b
[DEBUG] 2021-03-01 17:28:33.394 [main] BasicTypeRegistry - Adding type registration java.lang.Object -> org.hibernate.type.ObjectType@58cec85b
[DEBUG] 2021-03-01 17:28:33.395 [main] BasicTypeRegistry - Adding type registration imm_date -> org.hibernate.type.AdaptedImmutableType@20ed3303
[DEBUG] 2021-03-01 17:28:33.404 [main] BasicTypeRegistry - Adding type registration imm_time -> org.hibernate.type.AdaptedImmutableType@3adbe50f
[DEBUG] 2021-03-01 17:28:33.404 [main] BasicTypeRegistry - Adding type registration imm_timestamp -> org.hibernate.type.AdaptedImmutableType@3a627c80
[DEBUG] 2021-03-01 17:28:33.404 [main] BasicTypeRegistry - Adding type registration imm_dbtimestamp -> org.hibernate.type.AdaptedImmutableType@49aa766b
[DEBUG] 2021-03-01 17:28:33.404 [main] BasicTypeRegistry - Adding type registration imm_calendar -> org.hibernate.type.AdaptedImmutableType@963176
[DEBUG] 2021-03-01 17:28:33.404 [main] BasicTypeRegistry - Adding type registration imm_calendar_date -> org.hibernate.type.AdaptedImmutableType@65004ff6
[DEBUG] 2021-03-01 17:28:33.404 [main] BasicTypeRegistry - Adding type registration imm_binary -> org.hibernate.type.AdaptedImmutableType@4cafa9aa
[DEBUG] 2021-03-01 17:28:33.404 [main] BasicTypeRegistry - Adding type registration imm_serializable -> org.hibernate.type.AdaptedImmutableType@562c877a
[DEBUG] 2021-03-01 17:28:33.519 [main] DefaultIdentifierGeneratorFactory - Registering IdentifierGenerator strategy [uuid2] -> [org.hibernate.id.UUIDGenerator]
[DEBUG] 2021-03-01 17:28:33.522 [main] DefaultIdentifierGeneratorFactory - Registering IdentifierGenerator strategy [guid] -> [org.hibernate.id.GUIDGenerator]
[DEBUG] 2021-03-01 17:28:33.524 [main] DefaultIdentifierGeneratorFactory - Registering IdentifierGenerator strategy [uuid] -> [org.hibernate.id.UUIDHexGenerator]
[DEBUG] 2021-03-01 17:28:33.525 [main] DefaultIdentifierGeneratorFactory - Registering IdentifierGenerator strategy [uuid.hex] -> [org.hibernate.id.UUIDHexGenerator]
[DEBUG] 2021-03-01 17:28:33.528 [main] DefaultIdentifierGeneratorFactory - Registering IdentifierGenerator strategy [assigned] -> [org.hibernate.id.Assigned]
[DEBUG] 2021-03-01 17:28:33.532 [main] DefaultIdentifierGeneratorFactory - Registering IdentifierGenerator strategy [identity] -> [org.hibernate.id.IdentityGenerator]
[DEBUG] 2021-03-01 17:28:33.533 [main] DefaultIdentifierGeneratorFactory - Registering IdentifierGenerator strategy [select] -> [org.hibernate.id.SelectGenerator]
[DEBUG] 2021-03-01 17:28:33.537 [main] DefaultIdentifierGeneratorFactory - Registering IdentifierGenerator strategy [sequence] -> [org.hibernate.id.enhanced.SequenceStyleGenerator]
[DEBUG] 2021-03-01 17:28:33.538 [main] DefaultIdentifierGeneratorFactory - Registering IdentifierGenerator strategy [seqhilo] -> [org.hibernate.id.SequenceHiLoGenerator]
[DEBUG] 2021-03-01 17:28:33.540 [main] DefaultIdentifierGeneratorFactory - Registering IdentifierGenerator strategy [increment] -> [org.hibernate.id.IncrementGenerator]
[DEBUG] 2021-03-01 17:28:33.541 [main] DefaultIdentifierGeneratorFactory - Registering IdentifierGenerator strategy [foreign] -> [org.hibernate.id.ForeignGenerator]
[DEBUG] 2021-03-01 17:28:33.542 [main] DefaultIdentifierGeneratorFactory - Registering IdentifierGenerator strategy [sequence-identity] -> [org.hibernate.id.SequenceIdentityGenerator]
[DEBUG] 2021-03-01 17:28:33.543 [main] DefaultIdentifierGeneratorFactory - Registering IdentifierGenerator strategy [enhanced-sequence] -> [org.hibernate.id.enhanced.SequenceStyleGenerator]
[DEBUG] 2021-03-01 17:28:33.544 [main] DefaultIdentifierGeneratorFactory - Registering IdentifierGenerator strategy [enhanced-table] -> [org.hibernate.id.enhanced.TableGenerator]
[INFO ] 2021-03-01 17:28:33.560 [main] C3P0ConnectionProvider - HHH010002: C3P0 using driver: com.mysql.cj.jdbc.Driver at URL: jdbc:mysql://localhost:3306/test_BookCollection
[INFO ] 2021-03-01 17:28:33.561 [main] C3P0ConnectionProvider - HHH10001001: Connection properties: {password=****, user=root}
[INFO ] 2021-03-01 17:28:33.562 [main] C3P0ConnectionProvider - HHH10001003: Autocommit mode: false
[INFO ] 2021-03-01 17:28:34.112 [main] C3P0ConnectionProvider - HHH10001007: JDBC isolation level: <unknown>
[DEBUG] 2021-03-01 17:28:42.252 [main] JdbcEnvironmentInitiator - Database ->
       name : MySQL
    version : 8.0.22
      major : 8
      minor : 0
[DEBUG] 2021-03-01 17:28:42.468 [main] JdbcEnvironmentInitiator - Driver ->
       name : MySQL Connector/J
    version : mysql-connector-java-8.0.22 (Revision: d64b664fa93e81296a377de031b8123a67e6def2)
      major : 8
      minor : 0
[DEBUG] 2021-03-01 17:28:42.484 [main] JdbcEnvironmentInitiator - JDBC version : 4.2
[INFO ] 2021-03-01 17:28:46.484 [main] Dialect - HHH000400: Using dialect: org.hibernate.dialect.MySQL8Dialect
[DEBUG] 2021-03-01 17:28:57.527 [main] IdentifierHelperBuilder - JDBC driver metadata reported database stores quoted identifiers in more than one case
[DEBUG] 2021-03-01 17:29:00.761 [main] IdentifierHelperBuilder - IdentifierCaseStrategy for both quoted and unquoted identifiers was set to the same strategy [MIXED]; that will likely lead to problems in schema update and validation if using quoted identifiers
[DEBUG] 2021-03-01 17:29:09.886 [main] Namespace - Created database namespace [logicalName=Name{catalog=null, schema=null}, physicalName=Name{catalog=null, schema=null}]
[DEBUG] 2021-03-01 17:29:10.681 [main] TypeConfiguration$Scope - Scoping TypeConfiguration [org.hibernate.type.spi.TypeConfiguration@10641c09] to MetadataBuildingContext [org.hibernate.boot.internal.MetadataBuildingContextRootImpl@34f392be]
[DEBUG] 2021-03-01 17:29:16.796 [main] AnnotationBinder - Binding entity from annotated class: entity.Author
[DEBUG] 2021-03-01 17:29:25.226 [main] Ejb3Column - Binding column: Ejb3DiscriminatorColumn{logicalColumnName'DTYPE', discriminatorTypeName='string'}
[DEBUG] 2021-03-01 17:29:26.598 [main] EntityBinder - Import with entity name Author
[DEBUG] 2021-03-01 17:29:27.288 [main] EntityBinder - Bind entity entity.Author on table author
[DEBUG] 2021-03-01 17:29:34.498 [main] Ejb3Column - Binding column: Ejb3Column{table=org.hibernate.mapping.Table(author), mappingColumn=id, insertable=true, updatable=true, unique=false}
[DEBUG] 2021-03-01 17:29:36.076 [main] PropertyBinder - MetadataSourceProcessor property id with lazy=false
[DEBUG] 2021-03-01 17:29:37.010 [main] AbstractPropertyHolder - Attempting to locate auto-apply AttributeConverter for property [entity.Author:id]
[DEBUG] 2021-03-01 17:29:39.274 [main] SimpleValueBinder - building SimpleValue for id
[DEBUG] 2021-03-01 17:29:41.233 [main] PropertyBinder - Building property id
[DEBUG] 2021-03-01 17:29:44.499 [main] BinderHelper - #makeIdGenerator(org.hibernate.mapping.SimpleValue([org.hibernate.mapping.Column(id)]), id, org.hibernate.id.enhanced.SequenceStyleGenerator, native, ...)
[DEBUG] 2021-03-01 17:29:45.328 [main] Ejb3Column - Binding column: Ejb3Column{table=org.hibernate.mapping.Table(author), mappingColumn=first_name, insertable=true, updatable=true, unique=false}
[DEBUG] 2021-03-01 17:29:45.385 [main] PropertyBinder - MetadataSourceProcessor property firstName with lazy=false
[DEBUG] 2021-03-01 17:29:45.390 [main] AbstractPropertyHolder - Attempting to locate auto-apply AttributeConverter for property [entity.Author:firstName]
[DEBUG] 2021-03-01 17:29:45.407 [main] SimpleValueBinder - building SimpleValue for firstName
[DEBUG] 2021-03-01 17:29:45.416 [main] PropertyBinder - Building property firstName
[DEBUG] 2021-03-01 17:29:45.552 [main] Ejb3Column - Binding column: Ejb3Column{table=org.hibernate.mapping.Table(author), mappingColumn=last_name, insertable=true, updatable=true, unique=false}
[DEBUG] 2021-03-01 17:29:45.600 [main] PropertyBinder - MetadataSourceProcessor property lastName with lazy=false
[DEBUG] 2021-03-01 17:29:45.609 [main] AbstractPropertyHolder - Attempting to locate auto-apply AttributeConverter for property [entity.Author:lastName]
[DEBUG] 2021-03-01 17:29:45.621 [main] SimpleValueBinder - building SimpleValue for lastName
[DEBUG] 2021-03-01 17:29:45.635 [main] PropertyBinder - Building property lastName
[DEBUG] 2021-03-01 17:29:46.543 [main] AnnotationBinder - Binding entity from annotated class: entity.Book
[DEBUG] 2021-03-01 17:29:46.650 [main] Ejb3Column - Binding column: Ejb3DiscriminatorColumn{logicalColumnName'DTYPE', discriminatorTypeName='string'}
[DEBUG] 2021-03-01 17:29:46.651 [main] EntityBinder - Import with entity name Book
[DEBUG] 2021-03-01 17:29:46.674 [main] EntityBinder - Bind entity entity.Book on table book
[DEBUG] 2021-03-01 17:29:47.347 [main] Ejb3Column - Binding column: Ejb3Column{table=org.hibernate.mapping.Table(book), mappingColumn=id, insertable=true, updatable=true, unique=false}
[DEBUG] 2021-03-01 17:29:47.402 [main] PropertyBinder - MetadataSourceProcessor property id with lazy=false
[DEBUG] 2021-03-01 17:29:47.417 [main] AbstractPropertyHolder - Attempting to locate auto-apply AttributeConverter for property [entity.Book:id]
[DEBUG] 2021-03-01 17:29:47.447 [main] SimpleValueBinder - building SimpleValue for id
[DEBUG] 2021-03-01 17:29:47.473 [main] PropertyBinder - Building property id
[DEBUG] 2021-03-01 17:29:47.562 [main] BinderHelper - #makeIdGenerator(org.hibernate.mapping.SimpleValue([org.hibernate.mapping.Column(id)]), id, org.hibernate.id.enhanced.SequenceStyleGenerator, native, ...)
[DEBUG] 2021-03-01 17:29:48.861 [main] Ejb3Column - Binding column: Ejb3JoinColumn{logicalColumnName='null', referencedColumn='null', mappedBy='null'}
[DEBUG] 2021-03-01 17:29:49.000 [main] Ejb3Column - Binding column: Ejb3Column{table=org.hibernate.mapping.Table(book), mappingColumn=author, insertable=true, updatable=true, unique=false}
[DEBUG] 2021-03-01 17:29:52.882 [main] PropertyBinder - Building property author
[DEBUG] 2021-03-01 17:29:53.251 [main] Ejb3Column - Binding column: Ejb3JoinColumn{logicalColumnName='null', referencedColumn='null', mappedBy='null'}
[DEBUG] 2021-03-01 17:29:53.370 [main] Ejb3Column - Binding column: Ejb3Column{table=org.hibernate.mapping.Table(book), mappingColumn=genre, insertable=true, updatable=true, unique=false}
[DEBUG] 2021-03-01 17:29:53.387 [main] PropertyBinder - Building property genre
[DEBUG] 2021-03-01 17:29:53.404 [main] Ejb3Column - Binding column: Ejb3Column{table=org.hibernate.mapping.Table(book), mappingColumn=isbn, insertable=true, updatable=true, unique=false}
[DEBUG] 2021-03-01 17:29:53.410 [main] PropertyBinder - MetadataSourceProcessor property isbn with lazy=false
[DEBUG] 2021-03-01 17:29:53.419 [main] AbstractPropertyHolder - Attempting to locate auto-apply AttributeConverter for property [entity.Book:isbn]
[DEBUG] 2021-03-01 17:29:53.454 [main] SimpleValueBinder - building SimpleValue for isbn
[DEBUG] 2021-03-01 17:29:53.465 [main] PropertyBinder - Building property isbn
[DEBUG] 2021-03-01 17:29:53.465 [main] Ejb3Column - Binding column: Ejb3Column{table=org.hibernate.mapping.Table(book), mappingColumn=title, insertable=true, updatable=true, unique=false}
[DEBUG] 2021-03-01 17:29:53.465 [main] PropertyBinder - MetadataSourceProcessor property title with lazy=false
[DEBUG] 2021-03-01 17:29:53.465 [main] AbstractPropertyHolder - Attempting to locate auto-apply AttributeConverter for property [entity.Book:title]
[DEBUG] 2021-03-01 17:29:53.505 [main] SimpleValueBinder - building SimpleValue for title
[DEBUG] 2021-03-01 17:29:53.505 [main] PropertyBinder - Building property title
[DEBUG] 2021-03-01 17:29:53.505 [main] Ejb3Column - Binding column: Ejb3JoinColumn{logicalColumnName='null', referencedColumn='null', mappedBy='null'}
[DEBUG] 2021-03-01 17:29:53.505 [main] Ejb3Column - Binding column: Ejb3Column{table=org.hibernate.mapping.Table(book), mappingColumn=user, insertable=true, updatable=true, unique=false}
[DEBUG] 2021-03-01 17:29:53.553 [main] PropertyBinder - Building property user
[DEBUG] 2021-03-01 17:29:53.594 [main] AnnotationBinder - Binding entity from annotated class: entity.Genre
[DEBUG] 2021-03-01 17:29:53.595 [main] Ejb3Column - Binding column: Ejb3DiscriminatorColumn{logicalColumnName'DTYPE', discriminatorTypeName='string'}
[DEBUG] 2021-03-01 17:29:53.595 [main] EntityBinder - Import with entity name Genre
[DEBUG] 2021-03-01 17:29:53.595 [main] EntityBinder - Bind entity entity.Genre on table genre
[DEBUG] 2021-03-01 17:29:53.711 [main] Ejb3Column - Binding column: Ejb3Column{table=org.hibernate.mapping.Table(genre), mappingColumn=id, insertable=true, updatable=true, unique=false}
[DEBUG] 2021-03-01 17:29:53.745 [main] PropertyBinder - MetadataSourceProcessor property id with lazy=false
[DEBUG] 2021-03-01 17:29:53.760 [main] AbstractPropertyHolder - Attempting to locate auto-apply AttributeConverter for property [entity.Genre:id]
[DEBUG] 2021-03-01 17:29:53.770 [main] SimpleValueBinder - building SimpleValue for id
[DEBUG] 2021-03-01 17:29:53.771 [main] PropertyBinder - Building property id
[DEBUG] 2021-03-01 17:29:53.783 [main] BinderHelper - #makeIdGenerator(org.hibernate.mapping.SimpleValue([org.hibernate.mapping.Column(id)]), id, org.hibernate.id.enhanced.SequenceStyleGenerator, native, ...)
[DEBUG] 2021-03-01 17:29:53.802 [main] Ejb3Column - Binding column: Ejb3Column{table=org.hibernate.mapping.Table(genre), mappingColumn=name, insertable=true, updatable=true, unique=false}
[DEBUG] 2021-03-01 17:29:53.802 [main] PropertyBinder - MetadataSourceProcessor property name with lazy=false
[DEBUG] 2021-03-01 17:29:53.802 [main] AbstractPropertyHolder - Attempting to locate auto-apply AttributeConverter for property [entity.Genre:name]
[DEBUG] 2021-03-01 17:29:53.802 [main] SimpleValueBinder - building SimpleValue for name
[DEBUG] 2021-03-01 17:29:53.803 [main] PropertyBinder - Building property name
[DEBUG] 2021-03-01 17:29:53.825 [main] AnnotationBinder - Binding entity from annotated class: entity.User
[DEBUG] 2021-03-01 17:29:53.825 [main] Ejb3Column - Binding column: Ejb3DiscriminatorColumn{logicalColumnName'DTYPE', discriminatorTypeName='string'}
[DEBUG] 2021-03-01 17:29:53.826 [main] EntityBinder - Import with entity name User
[DEBUG] 2021-03-01 17:29:53.826 [main] EntityBinder - Bind entity entity.User on table user
[DEBUG] 2021-03-01 17:29:54.771 [main] Ejb3Column - Binding column: Ejb3Column{table=org.hibernate.mapping.Table(user), mappingColumn=id, insertable=true, updatable=true, unique=false}
[DEBUG] 2021-03-01 17:29:54.807 [main] PropertyBinder - MetadataSourceProcessor property id with lazy=false
[DEBUG] 2021-03-01 17:29:54.819 [main] AbstractPropertyHolder - Attempting to locate auto-apply AttributeConverter for property [entity.User:id]
[DEBUG] 2021-03-01 17:29:54.845 [main] SimpleValueBinder - building SimpleValue for id
[DEBUG] 2021-03-01 17:29:54.846 [main] PropertyBinder - Building property id
[DEBUG] 2021-03-01 17:29:54.847 [main] BinderHelper - #makeIdGenerator(org.hibernate.mapping.SimpleValue([org.hibernate.mapping.Column(id)]), id, org.hibernate.id.enhanced.SequenceStyleGenerator, native, ...)
[DEBUG] 2021-03-01 17:29:54.847 [main] Ejb3Column - Binding column: Ejb3Column{table=org.hibernate.mapping.Table(user), mappingColumn=email, insertable=true, updatable=true, unique=false}
[DEBUG] 2021-03-01 17:29:54.848 [main] PropertyBinder - MetadataSourceProcessor property email with lazy=false
[DEBUG] 2021-03-01 17:29:54.848 [main] AbstractPropertyHolder - Attempting to locate auto-apply AttributeConverter for property [entity.User:email]
[DEBUG] 2021-03-01 17:29:54.848 [main] SimpleValueBinder - building SimpleValue for email
[DEBUG] 2021-03-01 17:29:55.021 [main] PropertyBinder - Building property email
[DEBUG] 2021-03-01 17:29:55.087 [main] Ejb3Column - Binding column: Ejb3Column{table=org.hibernate.mapping.Table(user), mappingColumn=first_name, insertable=true, updatable=true, unique=false}
[DEBUG] 2021-03-01 17:29:55.161 [main] PropertyBinder - MetadataSourceProcessor property firstName with lazy=false
[DEBUG] 2021-03-01 17:29:55.181 [main] AbstractPropertyHolder - Attempting to locate auto-apply AttributeConverter for property [entity.User:firstName]
[DEBUG] 2021-03-01 17:29:55.203 [main] SimpleValueBinder - building SimpleValue for firstName
[DEBUG] 2021-03-01 17:29:55.262 [main] PropertyBinder - Building property firstName
[DEBUG] 2021-03-01 17:29:55.270 [main] Ejb3Column - Binding column: Ejb3Column{table=org.hibernate.mapping.Table(user), mappingColumn=last_name, insertable=true, updatable=true, unique=false}
[DEBUG] 2021-03-01 17:29:55.271 [main] PropertyBinder - MetadataSourceProcessor property lastName with lazy=false
[DEBUG] 2021-03-01 17:29:55.271 [main] AbstractPropertyHolder - Attempting to locate auto-apply AttributeConverter for property [entity.User:lastName]
[DEBUG] 2021-03-01 17:29:55.271 [main] SimpleValueBinder - building SimpleValue for lastName
[DEBUG] 2021-03-01 17:29:55.271 [main] PropertyBinder - Building property lastName
[DEBUG] 2021-03-01 17:29:55.271 [main] Ejb3Column - Binding column: Ejb3Column{table=org.hibernate.mapping.Table(user), mappingColumn=password, insertable=true, updatable=true, unique=false}
[DEBUG] 2021-03-01 17:29:55.304 [main] PropertyBinder - MetadataSourceProcessor property password with lazy=false
[DEBUG] 2021-03-01 17:29:55.305 [main] AbstractPropertyHolder - Attempting to locate auto-apply AttributeConverter for property [entity.User:password]
[DEBUG] 2021-03-01 17:29:55.305 [main] SimpleValueBinder - building SimpleValue for password
[DEBUG] 2021-03-01 17:29:55.305 [main] PropertyBinder - Building property password
[DEBUG] 2021-03-01 17:29:55.305 [main] Ejb3Column - Binding column: Ejb3Column{table=org.hibernate.mapping.Table(user), mappingColumn=username, insertable=true, updatable=true, unique=false}
[DEBUG] 2021-03-01 17:29:55.305 [main] PropertyBinder - MetadataSourceProcessor property userName with lazy=false
[DEBUG] 2021-03-01 17:29:55.305 [main] AbstractPropertyHolder - Attempting to locate auto-apply AttributeConverter for property [entity.User:userName]
[DEBUG] 2021-03-01 17:29:55.333 [main] SimpleValueBinder - building SimpleValue for userName
[DEBUG] 2021-03-01 17:29:55.342 [main] PropertyBinder - Building property userName
[DEBUG] 2021-03-01 17:29:56.293 [main] SimpleValueBinder - Starting fillSimpleValue for id
[DEBUG] 2021-03-01 17:29:56.651 [main] SimpleValueBinder - Starting fillSimpleValue for firstName
[DEBUG] 2021-03-01 17:29:56.862 [main] SimpleValueBinder - Starting fillSimpleValue for lastName
[DEBUG] 2021-03-01 17:29:56.893 [main] SimpleValueBinder - Starting fillSimpleValue for id
[DEBUG] 2021-03-01 17:29:56.894 [main] SimpleValueBinder - Starting fillSimpleValue for isbn
[DEBUG] 2021-03-01 17:29:56.894 [main] SimpleValueBinder - Starting fillSimpleValue for title
[DEBUG] 2021-03-01 17:29:56.895 [main] SimpleValueBinder - Starting fillSimpleValue for id
[DEBUG] 2021-03-01 17:29:56.895 [main] SimpleValueBinder - Starting fillSimpleValue for name
[DEBUG] 2021-03-01 17:29:56.895 [main] SimpleValueBinder - Starting fillSimpleValue for id
[DEBUG] 2021-03-01 17:29:56.895 [main] SimpleValueBinder - Starting fillSimpleValue for email
[DEBUG] 2021-03-01 17:29:56.895 [main] SimpleValueBinder - Starting fillSimpleValue for firstName
[DEBUG] 2021-03-01 17:29:56.895 [main] SimpleValueBinder - Starting fillSimpleValue for lastName
[DEBUG] 2021-03-01 17:29:56.895 [main] SimpleValueBinder - Starting fillSimpleValue for password
[DEBUG] 2021-03-01 17:29:56.895 [main] SimpleValueBinder - Starting fillSimpleValue for userName
[DEBUG] 2021-03-01 17:30:03.266 [main] PrimaryKey - Forcing column [id] to be non-null as it is part of the primary key for table [author]
[DEBUG] 2021-03-01 17:30:03.456 [main] PrimaryKey - Forcing column [id] to be non-null as it is part of the primary key for table [book]
[DEBUG] 2021-03-01 17:30:03.463 [main] PrimaryKey - Forcing column [id] to be non-null as it is part of the primary key for table [genre]
[DEBUG] 2021-03-01 17:30:03.463 [main] PrimaryKey - Forcing column [id] to be non-null as it is part of the primary key for table [user]
[DEBUG] 2021-03-01 17:30:03.615 [main] InFlightMetadataCollectorImpl - Resolving reference to class: entity.Author
[DEBUG] 2021-03-01 17:30:06.184 [main] InFlightMetadataCollectorImpl - Resolving reference to class: entity.Genre
[DEBUG] 2021-03-01 17:30:06.553 [main] InFlightMetadataCollectorImpl - Resolving reference to class: entity.User
[DEBUG] 2021-03-01 17:30:08.673 [main] InFlightMetadataCollectorImpl - Resolving reference to class: entity.Author
[DEBUG] 2021-03-01 17:30:08.790 [main] InFlightMetadataCollectorImpl - Resolving reference to class: entity.Genre
[DEBUG] 2021-03-01 17:30:08.790 [main] InFlightMetadataCollectorImpl - Resolving reference to class: entity.User
[DEBUG] 2021-03-01 17:30:51.128 [main] SessionFactoryImpl - Building session factory
[DEBUG] 2021-03-01 17:30:52.322 [main] Settings - SessionFactory name : null
[DEBUG] 2021-03-01 17:30:52.590 [main] Settings - Automatic flush during beforeCompletion(): enabled
[DEBUG] 2021-03-01 17:30:52.819 [main] Settings - Automatic session close at end of transaction: disabled
[DEBUG] 2021-03-01 17:30:52.847 [main] Settings - Statistics: disabled
[DEBUG] 2021-03-01 17:30:52.893 [main] Settings - Deleted entity synthetic identifier rollback: disabled
[DEBUG] 2021-03-01 17:30:52.893 [main] Settings - Default entity-mode: pojo
[DEBUG] 2021-03-01 17:30:52.904 [main] Settings - Check Nullability in Core (should be disabled when Bean Validation is on): enabled
[DEBUG] 2021-03-01 17:30:52.904 [main] Settings - Allow initialization of lazy state outside session : disabled
[DEBUG] 2021-03-01 17:30:52.980 [main] Settings - Using BatchFetchStyle : LEGACY
[DEBUG] 2021-03-01 17:30:53.095 [main] Settings - Default batch fetch size: -1
[DEBUG] 2021-03-01 17:30:53.100 [main] Settings - Maximum outer join fetch depth: 2
[DEBUG] 2021-03-01 17:30:53.100 [main] Settings - Default null ordering: NONE
[DEBUG] 2021-03-01 17:30:53.117 [main] Settings - Order SQL updates by primary key: disabled
[DEBUG] 2021-03-01 17:30:53.117 [main] Settings - Order SQL inserts for batching: disabled
[DEBUG] 2021-03-01 17:30:53.117 [main] Settings - multi-tenancy strategy : NONE
[DEBUG] 2021-03-01 17:30:53.117 [main] Settings - JTA Track by Thread: enabled
[DEBUG] 2021-03-01 17:30:53.117 [main] Settings - Query language substitutions: {}
[DEBUG] 2021-03-01 17:30:53.146 [main] Settings - Named query checking : enabled
[DEBUG] 2021-03-01 17:30:53.147 [main] Settings - Second-level cache: disabled
[DEBUG] 2021-03-01 17:30:53.147 [main] Settings - Second-level query cache: disabled
[DEBUG] 2021-03-01 17:30:53.147 [main] Settings - Second-level query cache factory: null
[DEBUG] 2021-03-01 17:30:53.147 [main] Settings - Second-level cache region prefix: null
[DEBUG] 2021-03-01 17:30:53.147 [main] Settings - Optimize second-level cache for minimal puts: disabled
[DEBUG] 2021-03-01 17:30:53.147 [main] Settings - Structured second-level cache entries: disabled
[DEBUG] 2021-03-01 17:30:53.147 [main] Settings - Second-level cache direct-reference entries: disabled
[DEBUG] 2021-03-01 17:30:53.147 [main] Settings - Automatic eviction of collection cache: disabled
[DEBUG] 2021-03-01 17:30:53.147 [main] Settings - JDBC batch size: 15
[DEBUG] 2021-03-01 17:30:53.147 [main] Settings - JDBC batch updates for versioned data: enabled
[DEBUG] 2021-03-01 17:30:53.181 [main] Settings - Scrollable result sets: enabled
[DEBUG] 2021-03-01 17:30:53.181 [main] Settings - Wrap result sets: disabled
[DEBUG] 2021-03-01 17:30:53.181 [main] Settings - JDBC3 getGeneratedKeys(): enabled
[DEBUG] 2021-03-01 17:30:53.181 [main] Settings - JDBC result set fetch size: null
[DEBUG] 2021-03-01 17:30:53.181 [main] Settings - Connection release mode: AFTER_TRANSACTION
[DEBUG] 2021-03-01 17:30:53.181 [main] Settings - Generate SQL with comments: disabled
[DEBUG] 2021-03-01 17:30:53.181 [main] Settings - JPA compliance - query : 
[DEBUG] 2021-03-01 17:30:53.181 [main] Settings - JPA compliance - closed-handling : 
[DEBUG] 2021-03-01 17:30:53.181 [main] Settings - JPA compliance - lists : 
[DEBUG] 2021-03-01 17:30:53.181 [main] Settings - JPA compliance - transactions : 
[INFO ] 2021-03-01 17:31:58.320 [main] beans - HHH10005002: No explicit CDI BeanManager reference was passed to Hibernate, but CDI is available on the Hibernate ClassLoader.
[DEBUG] 2021-03-01 17:32:12.758 [main] SessionFactoryImpl - Session factory constructed with filter configurations : {}
[DEBUG] 2021-03-01 17:32:12.963 [main] SessionFactoryImpl - Instantiating session factory with properties: {sun.desktop=gnome, awt.toolkit=sun.awt.X11.XToolkit, java.specification.version=11, sun.cpu.isalist=, hibernate.c3p0.idle_test_period=3000, sun.jnu.encoding=UTF-8, hibernate.c3p0.min_size=5, java.class.path=/home/student/intellij/lib/idea_rt.jar:/home/student/intellij/plugins/junit/lib/junit5-rt.jar:/home/student/intellij/plugins/junit/lib/junit-rt.jar:/home/student/IdeaProjects/BookCollection/target/test-classes:/home/student/IdeaProjects/BookCollection/target/classes:/home/student/.m2/repository/junit/junit/4.12/junit-4.12.jar:/home/student/.m2/repository/org/hamcrest/hamcrest-core/1.3/hamcrest-core-1.3.jar:/home/student/.m2/repository/javax/javaee-web-api/7.0/javaee-web-api-7.0.jar:/home/student/.m2/repository/mysql/mysql-connector-java/8.0.22/mysql-connector-java-8.0.22.jar:/home/student/.m2/repository/com/google/protobuf/protobuf-java/3.11.4/protobuf-java-3.11.4.jar:/home/student/.m2/repository/javax/servlet/jsp/jstl/jstl-api/1.2/jstl-api-1.2.jar:/home/student/.m2/repository/javax/servlet/servlet-api/2.5/servlet-api-2.5.jar:/home/student/.m2/repository/javax/servlet/jsp/jsp-api/2.1/jsp-api-2.1.jar:/home/student/.m2/repository/javax/servlet/jstl/1.2/jstl-1.2.jar:/home/student/.m2/repository/taglibs/standard/1.1.2/standard-1.1.2.jar:/home/student/.m2/repository/org/apache/logging/log4j/log4j-api/2.10.0/log4j-api-2.10.0.jar:/home/student/.m2/repository/org/apache/logging/log4j/log4j-core/2.10.0/log4j-core-2.10.0.jar:/home/student/.m2/repository/org/junit/platform/junit-platform-runner/1.0.0/junit-platform-runner-1.0.0.jar:/home/student/.m2/repository/org/apiguardian/apiguardian-api/1.0.0/apiguardian-api-1.0.0.jar:/home/student/.m2/repository/org/junit/platform/junit-platform-launcher/1.0.0/junit-platform-launcher-1.0.0.jar:/home/student/.m2/repository/org/junit/platform/junit-platform-suite-api/1.0.0/junit-platform-suite-api-1.0.0.jar:/home/student/.m2/repository/org/junit/platform/junit-platform-commons/1.0.0/junit-platform-commons-1.0.0.jar:/home/student/.m2/repository/org/junit/vintage/junit-vintage-engine/4.12.0/junit-vintage-engine-4.12.0.jar:/home/student/.m2/repository/org/junit/platform/junit-platform-engine/1.0.0/junit-platform-engine-1.0.0.jar:/home/student/.m2/repository/org/opentest4j/opentest4j/1.0.0/opentest4j-1.0.0.jar:/home/student/.m2/repository/org/junit/jupiter/junit-jupiter-engine/5.0.0/junit-jupiter-engine-5.0.0.jar:/home/student/.m2/repository/org/junit/jupiter/junit-jupiter-api/5.0.0/junit-jupiter-api-5.0.0.jar:/home/student/.m2/repository/org/hibernate/hibernate-core/5.4.4.Final/hibernate-core-5.4.4.Final.jar:/home/student/.m2/repository/org/jboss/logging/jboss-logging/3.3.2.Final/jboss-logging-3.3.2.Final.jar:/home/student/.m2/repository/javax/persistence/javax.persistence-api/2.2/javax.persistence-api-2.2.jar:/home/student/.m2/repository/org/javassist/javassist/3.24.0-GA/javassist-3.24.0-GA.jar:/home/student/.m2/repository/net/bytebuddy/byte-buddy/1.9.11/byte-buddy-1.9.11.jar:/home/student/.m2/repository/antlr/antlr/2.7.7/antlr-2.7.7.jar:/home/student/.m2/repository/org/jboss/spec/javax/transaction/jboss-transaction-api_1.2_spec/1.1.1.Final/jboss-transaction-api_1.2_spec-1.1.1.Final.jar:/home/student/.m2/repository/org/jboss/jandex/2.0.5.Final/jandex-2.0.5.Final.jar:/home/student/.m2/repository/com/fasterxml/classmate/1.3.4/classmate-1.3.4.jar:/home/student/.m2/repository/javax/activation/javax.activation-api/1.2.0/javax.activation-api-1.2.0.jar:/home/student/.m2/repository/org/dom4j/dom4j/2.1.1/dom4j-2.1.1.jar:/home/student/.m2/repository/org/hibernate/common/hibernate-commons-annotations/5.1.0.Final/hibernate-commons-annotations-5.1.0.Final.jar:/home/student/.m2/repository/javax/xml/bind/jaxb-api/2.3.1/jaxb-api-2.3.1.jar:/home/student/.m2/repository/org/glassfish/jaxb/jaxb-runtime/2.3.1/jaxb-runtime-2.3.1.jar:/home/student/.m2/repository/org/glassfish/jaxb/txw2/2.3.1/txw2-2.3.1.jar:/home/student/.m2/repository/com/sun/istack/istack-commons-runtime/3.0.7/istack-commons-runtime-3.0.7.jar:/home/student/.m2/repository/org/jvnet/staxex/stax-ex/1.8/stax-ex-1.8.jar:/home/student/.m2/repository/com/sun/xml/fastinfoset/FastInfoset/1.2.15/FastInfoset-1.2.15.jar:/home/student/.m2/repository/org/hibernate/hibernate-c3p0/5.4.4.Final/hibernate-c3p0-5.4.4.Final.jar:/home/student/.m2/repository/com/mchange/c3p0/0.9.5.3/c3p0-0.9.5.3.jar:/home/student/.m2/repository/com/mchange/mchange-commons-java/0.2.15/mchange-commons-java-0.2.15.jar, java.vm.vendor=Ubuntu, sun.arch.data.model=64, idea.test.cyclic.buffer.size=1048576, java.vendor.url=https://ubuntu.com/, user.timezone=America/Chicago, os.name=Linux, java.vm.specification.version=11, sun.java.launcher=SUN_STANDARD, user.country=US, sun.boot.library.path=/usr/lib/jvm/java-11-openjdk-amd64/lib, sun.java.command=com.intellij.rt.junit.JUnitStarter -ideVersion5 -junit5 test.persistence.BookDaoTest,getBooksByUserSuccess, jdk.debug=release, sun.cpu.endian=little, user.home=/home/student, hibernate.c3p0.max_statements=50, user.language=en, java.specification.vendor=Oracle Corporation, java.version.date=2021-01-19, java.home=/usr/lib/jvm/java-11-openjdk-amd64, file.separator=/, java.vm.compressedOopsMode=32-bit, line.separator=
, hibernate.c3p0.timeout=300, java.specification.name=Java Platform API Specification, java.vm.specification.vendor=Oracle Corporation, java.awt.graphicsenv=sun.awt.X11GraphicsEnvironment, connection.password=student, sun.management.compiler=HotSpot 64-Bit Tiered Compilers, hibernate.c3p0.max_size=20, java.runtime.version=11.0.10+9-Ubuntu-0ubuntu1.20.04, user.name=student, path.separator=:, hibernate.connection.username=****, os.version=5.4.0-66-generic, java.runtime.name=OpenJDK Runtime Environment, hibernate.connection.url=jdbc:mysql://localhost:3306/test_BookCollection, file.encoding=UTF-8, java.vm.name=OpenJDK 64-Bit Server VM, hibernate.connection.driver_class=com.mysql.cj.jdbc.Driver, java.vendor.url.bug=https://bugs.launchpad.net/ubuntu/+source/openjdk-lts, java.io.tmpdir=/tmp, java.version=11.0.10, user.dir=/home/student/IdeaProjects/BookCollection, os.arch=amd64, connection.username=root, java.vm.specification.name=Java Virtual Machine Specification, java.awt.printerjob=sun.print.PSPrinterJob, hibernate.connection.password=****, sun.os.patch.level=unknown, connection.driver_class=com.mysql.cj.jdbc.Driver, hibernate.boot.CfgXmlAccessService.key=org.hibernate.boot.cfgxml.spi.LoadedConfig@2149594a, java.library.path=/usr/java/packages/lib:/usr/lib/x86_64-linux-gnu/jni:/lib/x86_64-linux-gnu:/usr/lib/x86_64-linux-gnu:/usr/lib/jni:/lib:/usr/lib, java.vendor=Ubuntu, java.vm.info=mixed mode, sharing, java.vm.version=11.0.10+9-Ubuntu-0ubuntu1.20.04, hibernate.bytecode.use_reflection_optimizer=false, sun.io.unicode.encoding=UnicodeLittle, connection.url=jdbc:mysql://localhost:3306/test_BookCollection, java.class.version=55.0}
[DEBUG] 2021-03-01 17:32:42.909 [main] TypeSafeActivator - Unable to acquire Bean Validation ValidatorFactory, skipping activation
[DEBUG] 2021-03-01 17:32:43.371 [main] JaccIntegrator - Skipping JACC integration as it was not enabled
[DEBUG] 2021-03-01 17:32:45.658 [main] SessionFactoryImpl - Instantiated session factory
[DEBUG] 2021-03-01 17:32:45.708 [main] TypeConfiguration$Scope - Scoping TypeConfiguration [org.hibernate.type.spi.TypeConfiguration@10641c09] to SessionFactoryImpl [org.hibernate.internal.SessionFactoryImpl@6d0b0da6]
[DEBUG] 2021-03-01 17:32:58.403 [main] ClassLoaderAccessImpl - Not known whether passed class name [entity.User] is safe
[DEBUG] 2021-03-01 17:32:58.465 [main] ClassLoaderAccessImpl - No temp ClassLoader provided; using live ClassLoader for loading potentially unsafe class : entity.User
[DEBUG] 2021-03-01 17:33:14.786 [main] ClassLoaderAccessImpl - Not known whether passed class name [entity.User] is safe
[DEBUG] 2021-03-01 17:33:14.847 [main] ClassLoaderAccessImpl - No temp ClassLoader provided; using live ClassLoader for loading potentially unsafe class : entity.User
[DEBUG] 2021-03-01 17:34:45.375 [main] ClassLoaderAccessImpl - Not known whether passed class name [entity.Genre] is safe
[DEBUG] 2021-03-01 17:34:45.402 [main] ClassLoaderAccessImpl - No temp ClassLoader provided; using live ClassLoader for loading potentially unsafe class : entity.Genre
[DEBUG] 2021-03-01 17:34:45.417 [main] ClassLoaderAccessImpl - Not known whether passed class name [entity.Genre] is safe
[DEBUG] 2021-03-01 17:34:45.417 [main] ClassLoaderAccessImpl - No temp ClassLoader provided; using live ClassLoader for loading potentially unsafe class : entity.Genre
[DEBUG] 2021-03-01 17:34:45.850 [main] ClassLoaderAccessImpl - Not known whether passed class name [entity.Author] is safe
[DEBUG] 2021-03-01 17:34:45.894 [main] ClassLoaderAccessImpl - No temp ClassLoader provided; using live ClassLoader for loading potentially unsafe class : entity.Author
[DEBUG] 2021-03-01 17:34:45.939 [main] ClassLoaderAccessImpl - Not known whether passed class name [entity.Author] is safe
[DEBUG] 2021-03-01 17:34:45.939 [main] ClassLoaderAccessImpl - No temp ClassLoader provided; using live ClassLoader for loading potentially unsafe class : entity.Author
[DEBUG] 2021-03-01 17:34:46.170 [main] ClassLoaderAccessImpl - Not known whether passed class name [entity.Book] is safe
[DEBUG] 2021-03-01 17:34:46.170 [main] ClassLoaderAccessImpl - No temp ClassLoader provided; using live ClassLoader for loading potentially unsafe class : entity.Book
[DEBUG] 2021-03-01 17:34:46.296 [main] ClassLoaderAccessImpl - Not known whether passed class name [entity.Book] is safe
[DEBUG] 2021-03-01 17:34:46.301 [main] ClassLoaderAccessImpl - No temp ClassLoader provided; using live ClassLoader for loading potentially unsafe class : entity.Book
[DEBUG] 2021-03-01 17:34:46.688 [main] AbstractEntityPersister - Static SQL for entity: entity.User
[DEBUG] 2021-03-01 17:34:46.722 [main] AbstractEntityPersister -  Version select: select id from user where id =?
[DEBUG] 2021-03-01 17:34:46.722 [main] AbstractEntityPersister -  Snapshot select: select user_.id, user_.email as email2_3_, user_.first_name as first_na3_3_, user_.last_name as last_nam4_3_, user_.password as password5_3_, user_.username as username6_3_ from user user_ where user_.id=?
[DEBUG] 2021-03-01 17:34:46.722 [main] AbstractEntityPersister -  Insert 0: insert into user (email, first_name, last_name, password, username, id) values (?, ?, ?, ?, ?, ?)
[DEBUG] 2021-03-01 17:34:46.730 [main] AbstractEntityPersister -  Update 0: update user set email=?, first_name=?, last_name=?, password=?, username=? where id=?
[DEBUG] 2021-03-01 17:34:46.742 [main] AbstractEntityPersister -  Delete 0: delete from user where id=?
[DEBUG] 2021-03-01 17:34:46.743 [main] AbstractEntityPersister -  Identity insert: insert into user (email, first_name, last_name, password, username) values (?, ?, ?, ?, ?)
[DEBUG] 2021-03-01 17:34:47.912 [main] QuerySpacesImpl - Adding QuerySpace : uid = <gen:0> -> org.hibernate.loader.plan.build.internal.spaces.EntityQuerySpaceImpl@67332b1e]
[DEBUG] 2021-03-01 17:34:47.992 [main] MetamodelGraphWalker - Visiting attribute path : email
[DEBUG] 2021-03-01 17:34:47.993 [main] MetamodelGraphWalker - Visiting attribute path : firstName
[DEBUG] 2021-03-01 17:34:48.000 [main] MetamodelGraphWalker - Visiting attribute path : lastName
[DEBUG] 2021-03-01 17:34:48.007 [main] MetamodelGraphWalker - Visiting attribute path : password
[DEBUG] 2021-03-01 17:34:48.007 [main] MetamodelGraphWalker - Visiting attribute path : userName
[DEBUG] 2021-03-01 17:34:48.007 [main] FetchStyleLoadPlanBuildingAssociationVisitationStrategy - Building LoadPlan...
[DEBUG] 2021-03-01 17:34:48.559 [main] LoadQueryJoinAndFetchProcessor - processing queryspace <gen:0>
[DEBUG] 2021-03-01 17:34:48.704 [main] LoadPlanTreePrinter - LoadPlan(entity=entity.User)
    - Returns
       - EntityReturnImpl(entity=entity.User, querySpaceUid=<gen:0>, path=entity.User)
    - QuerySpaces
       - EntityQuerySpaceImpl(uid=<gen:0>, entity=entity.User)
          - SQL table alias mapping - user0_
          - alias suffix - 0_
          - suffixed key columns - {id1_3_0_}

[DEBUG] 2021-03-01 17:34:48.788 [main] EntityLoader - Static select for entity entity.User [NONE]: select user0_.id as id1_3_0_, user0_.email as email2_3_0_, user0_.first_name as first_na3_3_0_, user0_.last_name as last_nam4_3_0_, user0_.password as password5_3_0_, user0_.username as username6_3_0_ from user user0_ where user0_.id=?
[DEBUG] 2021-03-01 17:34:48.803 [main] QuerySpacesImpl - Adding QuerySpace : uid = <gen:0> -> org.hibernate.loader.plan.build.internal.spaces.EntityQuerySpaceImpl@5ad6cc21]
[DEBUG] 2021-03-01 17:34:48.806 [main] MetamodelGraphWalker - Visiting attribute path : email
[DEBUG] 2021-03-01 17:34:48.806 [main] MetamodelGraphWalker - Visiting attribute path : firstName
[DEBUG] 2021-03-01 17:34:48.808 [main] MetamodelGraphWalker - Visiting attribute path : lastName
[DEBUG] 2021-03-01 17:34:48.809 [main] MetamodelGraphWalker - Visiting attribute path : password
[DEBUG] 2021-03-01 17:34:48.809 [main] MetamodelGraphWalker - Visiting attribute path : userName
[DEBUG] 2021-03-01 17:34:48.809 [main] FetchStyleLoadPlanBuildingAssociationVisitationStrategy - Building LoadPlan...
[DEBUG] 2021-03-01 17:34:48.813 [main] LoadQueryJoinAndFetchProcessor - processing queryspace <gen:0>
[DEBUG] 2021-03-01 17:34:48.813 [main] LoadPlanTreePrinter - LoadPlan(entity=entity.User)
    - Returns
       - EntityReturnImpl(entity=entity.User, querySpaceUid=<gen:0>, path=entity.User)
    - QuerySpaces
       - EntityQuerySpaceImpl(uid=<gen:0>, entity=entity.User)
          - SQL table alias mapping - user0_
          - alias suffix - 0_
          - suffixed key columns - {id1_3_0_}

[DEBUG] 2021-03-01 17:34:48.813 [main] EntityLoader - Static select for entity entity.User [READ]: select user0_.id as id1_3_0_, user0_.email as email2_3_0_, user0_.first_name as first_na3_3_0_, user0_.last_name as last_nam4_3_0_, user0_.password as password5_3_0_, user0_.username as username6_3_0_ from user user0_ where user0_.id=?
[DEBUG] 2021-03-01 17:34:49.031 [main] Loader - Static select for action ACTION_MERGE on entity entity.User: select user0_.id as id1_3_0_, user0_.email as email2_3_0_, user0_.first_name as first_na3_3_0_, user0_.last_name as last_nam4_3_0_, user0_.password as password5_3_0_, user0_.username as username6_3_0_ from user user0_ where user0_.id=?
[DEBUG] 2021-03-01 17:34:49.054 [main] Loader - Static select for action ACTION_REFRESH on entity entity.User: select user0_.id as id1_3_0_, user0_.email as email2_3_0_, user0_.first_name as first_na3_3_0_, user0_.last_name as last_nam4_3_0_, user0_.password as password5_3_0_, user0_.username as username6_3_0_ from user user0_ where user0_.id=?
[DEBUG] 2021-03-01 17:34:49.055 [main] AbstractEntityPersister - Static SQL for entity: entity.Genre
[DEBUG] 2021-03-01 17:34:49.055 [main] AbstractEntityPersister -  Version select: select id from genre where id =?
[DEBUG] 2021-03-01 17:34:49.055 [main] AbstractEntityPersister -  Snapshot select: select genre_.id, genre_.name as name2_2_ from genre genre_ where genre_.id=?
[DEBUG] 2021-03-01 17:34:49.055 [main] AbstractEntityPersister -  Insert 0: insert into genre (name, id) values (?, ?)
[DEBUG] 2021-03-01 17:34:49.055 [main] AbstractEntityPersister -  Update 0: update genre set name=? where id=?
[DEBUG] 2021-03-01 17:34:49.055 [main] AbstractEntityPersister -  Delete 0: delete from genre where id=?
[DEBUG] 2021-03-01 17:34:49.100 [main] AbstractEntityPersister -  Identity insert: insert into genre (name) values (?)
[DEBUG] 2021-03-01 17:34:49.110 [main] QuerySpacesImpl - Adding QuerySpace : uid = <gen:0> -> org.hibernate.loader.plan.build.internal.spaces.EntityQuerySpaceImpl@52d3fafd]
[DEBUG] 2021-03-01 17:34:49.110 [main] MetamodelGraphWalker - Visiting attribute path : name
[DEBUG] 2021-03-01 17:34:49.110 [main] FetchStyleLoadPlanBuildingAssociationVisitationStrategy - Building LoadPlan...
[DEBUG] 2021-03-01 17:34:49.111 [main] LoadQueryJoinAndFetchProcessor - processing queryspace <gen:0>
[DEBUG] 2021-03-01 17:34:49.114 [main] LoadPlanTreePrinter - LoadPlan(entity=entity.Genre)
    - Returns
       - EntityReturnImpl(entity=entity.Genre, querySpaceUid=<gen:0>, path=entity.Genre)
    - QuerySpaces
       - EntityQuerySpaceImpl(uid=<gen:0>, entity=entity.Genre)
          - SQL table alias mapping - genre0_
          - alias suffix - 0_
          - suffixed key columns - {id1_2_0_}

[DEBUG] 2021-03-01 17:34:49.115 [main] EntityLoader - Static select for entity entity.Genre [NONE]: select genre0_.id as id1_2_0_, genre0_.name as name2_2_0_ from genre genre0_ where genre0_.id=?
[DEBUG] 2021-03-01 17:34:49.125 [main] QuerySpacesImpl - Adding QuerySpace : uid = <gen:0> -> org.hibernate.loader.plan.build.internal.spaces.EntityQuerySpaceImpl@1376883]
[DEBUG] 2021-03-01 17:34:49.128 [main] MetamodelGraphWalker - Visiting attribute path : name
[DEBUG] 2021-03-01 17:34:49.128 [main] FetchStyleLoadPlanBuildingAssociationVisitationStrategy - Building LoadPlan...
[DEBUG] 2021-03-01 17:34:49.128 [main] LoadQueryJoinAndFetchProcessor - processing queryspace <gen:0>
[DEBUG] 2021-03-01 17:34:49.133 [main] LoadPlanTreePrinter - LoadPlan(entity=entity.Genre)
    - Returns
       - EntityReturnImpl(entity=entity.Genre, querySpaceUid=<gen:0>, path=entity.Genre)
    - QuerySpaces
       - EntityQuerySpaceImpl(uid=<gen:0>, entity=entity.Genre)
          - SQL table alias mapping - genre0_
          - alias suffix - 0_
          - suffixed key columns - {id1_2_0_}

[DEBUG] 2021-03-01 17:34:49.133 [main] EntityLoader - Static select for entity entity.Genre [READ]: select genre0_.id as id1_2_0_, genre0_.name as name2_2_0_ from genre genre0_ where genre0_.id=?
[DEBUG] 2021-03-01 17:34:49.134 [main] Loader - Static select for action ACTION_MERGE on entity entity.Genre: select genre0_.id as id1_2_0_, genre0_.name as name2_2_0_ from genre genre0_ where genre0_.id=?
[DEBUG] 2021-03-01 17:34:49.134 [main] Loader - Static select for action ACTION_REFRESH on entity entity.Genre: select genre0_.id as id1_2_0_, genre0_.name as name2_2_0_ from genre genre0_ where genre0_.id=?
[DEBUG] 2021-03-01 17:34:49.134 [main] AbstractEntityPersister - Static SQL for entity: entity.Author
[DEBUG] 2021-03-01 17:34:49.134 [main] AbstractEntityPersister -  Version select: select id from author where id =?
[DEBUG] 2021-03-01 17:34:49.134 [main] AbstractEntityPersister -  Snapshot select: select author_.id, author_.first_name as first_na2_0_, author_.last_name as last_nam3_0_ from author author_ where author_.id=?
[DEBUG] 2021-03-01 17:34:49.134 [main] AbstractEntityPersister -  Insert 0: insert into author (first_name, last_name, id) values (?, ?, ?)
[DEBUG] 2021-03-01 17:34:49.135 [main] AbstractEntityPersister -  Update 0: update author set first_name=?, last_name=? where id=?
[DEBUG] 2021-03-01 17:34:49.150 [main] AbstractEntityPersister -  Delete 0: delete from author where id=?
[DEBUG] 2021-03-01 17:34:49.150 [main] AbstractEntityPersister -  Identity insert: insert into author (first_name, last_name) values (?, ?)
[DEBUG] 2021-03-01 17:34:49.150 [main] QuerySpacesImpl - Adding QuerySpace : uid = <gen:0> -> org.hibernate.loader.plan.build.internal.spaces.EntityQuerySpaceImpl@523a7801]
[DEBUG] 2021-03-01 17:34:49.151 [main] MetamodelGraphWalker - Visiting attribute path : firstName
[DEBUG] 2021-03-01 17:34:49.151 [main] MetamodelGraphWalker - Visiting attribute path : lastName
[DEBUG] 2021-03-01 17:34:49.151 [main] FetchStyleLoadPlanBuildingAssociationVisitationStrategy - Building LoadPlan...
[DEBUG] 2021-03-01 17:34:49.151 [main] LoadQueryJoinAndFetchProcessor - processing queryspace <gen:0>
[DEBUG] 2021-03-01 17:34:49.151 [main] LoadPlanTreePrinter - LoadPlan(entity=entity.Author)
    - Returns
       - EntityReturnImpl(entity=entity.Author, querySpaceUid=<gen:0>, path=entity.Author)
    - QuerySpaces
       - EntityQuerySpaceImpl(uid=<gen:0>, entity=entity.Author)
          - SQL table alias mapping - author0_
          - alias suffix - 0_
          - suffixed key columns - {id1_0_0_}

[DEBUG] 2021-03-01 17:34:49.151 [main] EntityLoader - Static select for entity entity.Author [NONE]: select author0_.id as id1_0_0_, author0_.first_name as first_na2_0_0_, author0_.last_name as last_nam3_0_0_ from author author0_ where author0_.id=?
[DEBUG] 2021-03-01 17:34:49.151 [main] QuerySpacesImpl - Adding QuerySpace : uid = <gen:0> -> org.hibernate.loader.plan.build.internal.spaces.EntityQuerySpaceImpl@4bc6da03]
[DEBUG] 2021-03-01 17:34:49.161 [main] MetamodelGraphWalker - Visiting attribute path : firstName
[DEBUG] 2021-03-01 17:34:49.161 [main] MetamodelGraphWalker - Visiting attribute path : lastName
[DEBUG] 2021-03-01 17:34:49.161 [main] FetchStyleLoadPlanBuildingAssociationVisitationStrategy - Building LoadPlan...
[DEBUG] 2021-03-01 17:34:49.162 [main] LoadQueryJoinAndFetchProcessor - processing queryspace <gen:0>
[DEBUG] 2021-03-01 17:34:49.162 [main] LoadPlanTreePrinter - LoadPlan(entity=entity.Author)
    - Returns
       - EntityReturnImpl(entity=entity.Author, querySpaceUid=<gen:0>, path=entity.Author)
    - QuerySpaces
       - EntityQuerySpaceImpl(uid=<gen:0>, entity=entity.Author)
          - SQL table alias mapping - author0_
          - alias suffix - 0_
          - suffixed key columns - {id1_0_0_}

[DEBUG] 2021-03-01 17:34:49.163 [main] EntityLoader - Static select for entity entity.Author [READ]: select author0_.id as id1_0_0_, author0_.first_name as first_na2_0_0_, author0_.last_name as last_nam3_0_0_ from author author0_ where author0_.id=?
[DEBUG] 2021-03-01 17:34:49.164 [main] Loader - Static select for action ACTION_MERGE on entity entity.Author: select author0_.id as id1_0_0_, author0_.first_name as first_na2_0_0_, author0_.last_name as last_nam3_0_0_ from author author0_ where author0_.id=?
[DEBUG] 2021-03-01 17:34:49.167 [main] Loader - Static select for action ACTION_REFRESH on entity entity.Author: select author0_.id as id1_0_0_, author0_.first_name as first_na2_0_0_, author0_.last_name as last_nam3_0_0_ from author author0_ where author0_.id=?
[DEBUG] 2021-03-01 17:34:49.167 [main] AbstractEntityPersister - Static SQL for entity: entity.Book
[DEBUG] 2021-03-01 17:34:49.167 [main] AbstractEntityPersister -  Version select: select id from book where id =?
[DEBUG] 2021-03-01 17:34:49.167 [main] AbstractEntityPersister -  Snapshot select: select book_.id, book_.author_id as author_i4_1_, book_.genre_id as genre_id5_1_, book_.isbn as isbn2_1_, book_.title as title3_1_, book_.user_id as user_id6_1_ from book book_ where book_.id=?
[DEBUG] 2021-03-01 17:34:49.167 [main] AbstractEntityPersister -  Insert 0: insert into book (author_id, genre_id, isbn, title, user_id, id) values (?, ?, ?, ?, ?, ?)
[DEBUG] 2021-03-01 17:34:49.167 [main] AbstractEntityPersister -  Update 0: update book set author_id=?, genre_id=?, isbn=?, title=?, user_id=? where id=?
[DEBUG] 2021-03-01 17:34:49.172 [main] AbstractEntityPersister -  Delete 0: delete from book where id=?
[DEBUG] 2021-03-01 17:34:49.173 [main] AbstractEntityPersister -  Identity insert: insert into book (author_id, genre_id, isbn, title, user_id) values (?, ?, ?, ?, ?)
[DEBUG] 2021-03-01 17:34:49.173 [main] QuerySpacesImpl - Adding QuerySpace : uid = <gen:0> -> org.hibernate.loader.plan.build.internal.spaces.EntityQuerySpaceImpl@4e22368c]
[DEBUG] 2021-03-01 17:34:49.173 [main] MetamodelGraphWalker - Visiting attribute path : author
[DEBUG] 2021-03-01 17:34:49.272 [main] QuerySpacesImpl - Adding QuerySpace : uid = <gen:1> -> org.hibernate.loader.plan.build.internal.spaces.EntityQuerySpaceImpl@6c8fe7a4]
[DEBUG] 2021-03-01 17:34:49.290 [main] MetamodelGraphWalker - Visiting attribute path : author.firstName
[DEBUG] 2021-03-01 17:34:49.291 [main] MetamodelGraphWalker - Visiting attribute path : author.lastName
[DEBUG] 2021-03-01 17:34:49.303 [main] MetamodelGraphWalker - Visiting attribute path : genre
[DEBUG] 2021-03-01 17:34:49.303 [main] QuerySpacesImpl - Adding QuerySpace : uid = <gen:2> -> org.hibernate.loader.plan.build.internal.spaces.EntityQuerySpaceImpl@40ed1802]
[DEBUG] 2021-03-01 17:34:49.316 [main] MetamodelGraphWalker - Visiting attribute path : genre.name
[DEBUG] 2021-03-01 17:34:49.320 [main] MetamodelGraphWalker - Visiting attribute path : isbn
[DEBUG] 2021-03-01 17:34:49.320 [main] MetamodelGraphWalker - Visiting attribute path : title
[DEBUG] 2021-03-01 17:34:49.320 [main] MetamodelGraphWalker - Visiting attribute path : user
[DEBUG] 2021-03-01 17:34:49.320 [main] QuerySpacesImpl - Adding QuerySpace : uid = <gen:3> -> org.hibernate.loader.plan.build.internal.spaces.EntityQuerySpaceImpl@feb098f]
[DEBUG] 2021-03-01 17:34:49.346 [main] MetamodelGraphWalker - Visiting attribute path : user.email
[DEBUG] 2021-03-01 17:34:49.347 [main] MetamodelGraphWalker - Visiting attribute path : user.firstName
[DEBUG] 2021-03-01 17:34:49.401 [main] MetamodelGraphWalker - Visiting attribute path : user.lastName
[DEBUG] 2021-03-01 17:34:49.401 [main] MetamodelGraphWalker - Visiting attribute path : user.password
[DEBUG] 2021-03-01 17:34:49.401 [main] MetamodelGraphWalker - Visiting attribute path : user.userName
[DEBUG] 2021-03-01 17:34:49.401 [main] FetchStyleLoadPlanBuildingAssociationVisitationStrategy - Building LoadPlan...
[DEBUG] 2021-03-01 17:34:49.421 [main] LoadQueryJoinAndFetchProcessor - processing queryspace <gen:0>
[DEBUG] 2021-03-01 17:34:49.500 [main] LoadPlanTreePrinter - LoadPlan(entity=entity.Book)
    - Returns
       - EntityReturnImpl(entity=entity.Book, querySpaceUid=<gen:0>, path=entity.Book)
          - EntityAttributeFetchImpl(entity=entity.Author, querySpaceUid=<gen:1>, path=entity.Book.author)
          - EntityAttributeFetchImpl(entity=entity.Genre, querySpaceUid=<gen:2>, path=entity.Book.genre)
          - EntityAttributeFetchImpl(entity=entity.User, querySpaceUid=<gen:3>, path=entity.Book.user)
    - QuerySpaces
       - EntityQuerySpaceImpl(uid=<gen:0>, entity=entity.Book)
          - SQL table alias mapping - book0_
          - alias suffix - 0_
          - suffixed key columns - {id1_1_0_}
          - JOIN (JoinDefinedByMetadata(author)) : <gen:0> -> <gen:1>
             - EntityQuerySpaceImpl(uid=<gen:1>, entity=entity.Author)
                - SQL table alias mapping - author1_
                - alias suffix - 1_
                - suffixed key columns - {id1_0_1_}
          - JOIN (JoinDefinedByMetadata(genre)) : <gen:0> -> <gen:2>
             - EntityQuerySpaceImpl(uid=<gen:2>, entity=entity.Genre)
                - SQL table alias mapping - genre2_
                - alias suffix - 2_
                - suffixed key columns - {id1_2_2_}
          - JOIN (JoinDefinedByMetadata(user)) : <gen:0> -> <gen:3>
             - EntityQuerySpaceImpl(uid=<gen:3>, entity=entity.User)
                - SQL table alias mapping - user3_
                - alias suffix - 3_
                - suffixed key columns - {id1_3_3_}

[DEBUG] 2021-03-01 17:34:49.500 [main] EntityLoader - Static select for entity entity.Book [NONE]: select book0_.id as id1_1_0_, book0_.author_id as author_i4_1_0_, book0_.genre_id as genre_id5_1_0_, book0_.isbn as isbn2_1_0_, book0_.title as title3_1_0_, book0_.user_id as user_id6_1_0_, author1_.id as id1_0_1_, author1_.first_name as first_na2_0_1_, author1_.last_name as last_nam3_0_1_, genre2_.id as id1_2_2_, genre2_.name as name2_2_2_, user3_.id as id1_3_3_, user3_.email as email2_3_3_, user3_.first_name as first_na3_3_3_, user3_.last_name as last_nam4_3_3_, user3_.password as password5_3_3_, user3_.username as username6_3_3_ from book book0_ left outer join author author1_ on book0_.author_id=author1_.id left outer join genre genre2_ on book0_.genre_id=genre2_.id left outer join user user3_ on book0_.user_id=user3_.id where book0_.id=?
[DEBUG] 2021-03-01 17:34:49.515 [main] QuerySpacesImpl - Adding QuerySpace : uid = <gen:0> -> org.hibernate.loader.plan.build.internal.spaces.EntityQuerySpaceImpl@776015fc]
[DEBUG] 2021-03-01 17:34:49.515 [main] MetamodelGraphWalker - Visiting attribute path : author
[DEBUG] 2021-03-01 17:34:49.515 [main] QuerySpacesImpl - Adding QuerySpace : uid = <gen:1> -> org.hibernate.loader.plan.build.internal.spaces.EntityQuerySpaceImpl@6ad179b4]
[DEBUG] 2021-03-01 17:34:49.516 [main] MetamodelGraphWalker - Visiting attribute path : author.firstName
[DEBUG] 2021-03-01 17:34:49.516 [main] MetamodelGraphWalker - Visiting attribute path : author.lastName
[DEBUG] 2021-03-01 17:34:49.516 [main] MetamodelGraphWalker - Visiting attribute path : genre
[DEBUG] 2021-03-01 17:34:49.517 [main] QuerySpacesImpl - Adding QuerySpace : uid = <gen:2> -> org.hibernate.loader.plan.build.internal.spaces.EntityQuerySpaceImpl@59c500f7]
[DEBUG] 2021-03-01 17:34:49.517 [main] MetamodelGraphWalker - Visiting attribute path : genre.name
[DEBUG] 2021-03-01 17:34:49.517 [main] MetamodelGraphWalker - Visiting attribute path : isbn
[DEBUG] 2021-03-01 17:34:49.517 [main] MetamodelGraphWalker - Visiting attribute path : title
[DEBUG] 2021-03-01 17:34:49.517 [main] MetamodelGraphWalker - Visiting attribute path : user
[DEBUG] 2021-03-01 17:34:49.517 [main] QuerySpacesImpl - Adding QuerySpace : uid = <gen:3> -> org.hibernate.loader.plan.build.internal.spaces.EntityQuerySpaceImpl@50110971]
[DEBUG] 2021-03-01 17:34:49.517 [main] MetamodelGraphWalker - Visiting attribute path : user.email
[DEBUG] 2021-03-01 17:34:49.517 [main] MetamodelGraphWalker - Visiting attribute path : user.firstName
[DEBUG] 2021-03-01 17:34:49.517 [main] MetamodelGraphWalker - Visiting attribute path : user.lastName
[DEBUG] 2021-03-01 17:34:49.517 [main] MetamodelGraphWalker - Visiting attribute path : user.password
[DEBUG] 2021-03-01 17:34:49.517 [main] MetamodelGraphWalker - Visiting attribute path : user.userName
[DEBUG] 2021-03-01 17:34:49.517 [main] FetchStyleLoadPlanBuildingAssociationVisitationStrategy - Building LoadPlan...
[DEBUG] 2021-03-01 17:34:49.518 [main] LoadQueryJoinAndFetchProcessor - processing queryspace <gen:0>
[DEBUG] 2021-03-01 17:34:49.518 [main] LoadPlanTreePrinter - LoadPlan(entity=entity.Book)
    - Returns
       - EntityReturnImpl(entity=entity.Book, querySpaceUid=<gen:0>, path=entity.Book)
          - EntityAttributeFetchImpl(entity=entity.Author, querySpaceUid=<gen:1>, path=entity.Book.author)
          - EntityAttributeFetchImpl(entity=entity.Genre, querySpaceUid=<gen:2>, path=entity.Book.genre)
          - EntityAttributeFetchImpl(entity=entity.User, querySpaceUid=<gen:3>, path=entity.Book.user)
    - QuerySpaces
       - EntityQuerySpaceImpl(uid=<gen:0>, entity=entity.Book)
          - SQL table alias mapping - book0_
          - alias suffix - 0_
          - suffixed key columns - {id1_1_0_}
          - JOIN (JoinDefinedByMetadata(author)) : <gen:0> -> <gen:1>
             - EntityQuerySpaceImpl(uid=<gen:1>, entity=entity.Author)
                - SQL table alias mapping - author1_
                - alias suffix - 1_
                - suffixed key columns - {id1_0_1_}
          - JOIN (JoinDefinedByMetadata(genre)) : <gen:0> -> <gen:2>
             - EntityQuerySpaceImpl(uid=<gen:2>, entity=entity.Genre)
                - SQL table alias mapping - genre2_
                - alias suffix - 2_
                - suffixed key columns - {id1_2_2_}
          - JOIN (JoinDefinedByMetadata(user)) : <gen:0> -> <gen:3>
             - EntityQuerySpaceImpl(uid=<gen:3>, entity=entity.User)
                - SQL table alias mapping - user3_
                - alias suffix - 3_
                - suffixed key columns - {id1_3_3_}

[DEBUG] 2021-03-01 17:34:49.519 [main] EntityLoader - Static select for entity entity.Book [READ]: select book0_.id as id1_1_0_, book0_.author_id as author_i4_1_0_, book0_.genre_id as genre_id5_1_0_, book0_.isbn as isbn2_1_0_, book0_.title as title3_1_0_, book0_.user_id as user_id6_1_0_, author1_.id as id1_0_1_, author1_.first_name as first_na2_0_1_, author1_.last_name as last_nam3_0_1_, genre2_.id as id1_2_2_, genre2_.name as name2_2_2_, user3_.id as id1_3_3_, user3_.email as email2_3_3_, user3_.first_name as first_na3_3_3_, user3_.last_name as last_nam4_3_3_, user3_.password as password5_3_3_, user3_.username as username6_3_3_ from book book0_ left outer join author author1_ on book0_.author_id=author1_.id left outer join genre genre2_ on book0_.genre_id=genre2_.id left outer join user user3_ on book0_.user_id=user3_.id where book0_.id=?
[DEBUG] 2021-03-01 17:34:49.519 [main] Loader - Static select for action ACTION_MERGE on entity entity.Book: select book0_.id as id1_1_0_, book0_.author_id as author_i4_1_0_, book0_.genre_id as genre_id5_1_0_, book0_.isbn as isbn2_1_0_, book0_.title as title3_1_0_, book0_.user_id as user_id6_1_0_ from book book0_ where book0_.id=?
[DEBUG] 2021-03-01 17:34:49.519 [main] Loader - Static select for action ACTION_REFRESH on entity entity.Book: select book0_.id as id1_1_0_, book0_.author_id as author_i4_1_0_, book0_.genre_id as genre_id5_1_0_, book0_.isbn as isbn2_1_0_, book0_.title as title3_1_0_, book0_.user_id as user_id6_1_0_ from book book0_ where book0_.id=?
[DEBUG] 2021-03-01 17:34:50.983 [main] SchemaManagementToolCoordinator - No actions specified; doing nothing
[DEBUG] 2021-03-01 17:34:50.997 [main] JtaPlatformInitiator - No JtaPlatform was specified, checking resolver
[DEBUG] 2021-03-01 17:34:51.029 [main] JtaPlatformResolverInitiator - No JtaPlatformResolver was specified, using default [org.hibernate.engine.transaction.jta.platform.internal.StandardJtaPlatformResolver]
[DEBUG] 2021-03-01 17:34:51.220 [main] StandardJtaPlatformResolver - Could not resolve JtaPlatform, using default [org.hibernate.engine.transaction.jta.platform.internal.NoJtaPlatform]
[INFO ] 2021-03-01 17:34:51.229 [main] JtaPlatformInitiator - HHH000490: Using JtaPlatform implementation: [org.hibernate.engine.transaction.jta.platform.internal.NoJtaPlatform]
[DEBUG] 2021-03-01 17:34:51.256 [main] NamedQueryRepository - Checking 0 named HQL queries
[DEBUG] 2021-03-01 17:34:51.266 [main] NamedQueryRepository - Checking 0 named SQL queries
[DEBUG] 2021-03-01 17:34:51.353 [main] SessionFactoryRegistry - Initializing SessionFactoryRegistry : org.hibernate.internal.SessionFactoryRegistry@aa61e4e
[DEBUG] 2021-03-01 17:34:51.408 [main] SessionFactoryRegistry - Registering SessionFactory: cd4ead0f-a93f-48ed-80f5-c8c18a6b83a4 (<unnamed>)
[DEBUG] 2021-03-01 17:34:51.420 [main] SessionFactoryRegistry - Not binding SessionFactory to JNDI, no JNDI name configured
[DEBUG] 2021-03-01 17:34:54.568 [main] StatisticsInitiator - Statistics initialized [enabled=false]
[DEBUG] 2021-03-01 17:34:54.719 [main] CriteriaQueryImpl - Rendered criteria query -> select generatedAlias0 from Book as generatedAlias0 where generatedAlias0.user=1
[DEBUG] 2021-03-01 17:34:54.795 [main] QueryTranslatorFactoryInitiator - QueryTranslatorFactory: org.hibernate.hql.internal.ast.ASTQueryTranslatorFactory@29962b2f
[DEBUG] 2021-03-01 17:34:54.868 [main] QueryTranslatorImpl - parse() - HQL: select generatedAlias0 from entity.Book as generatedAlias0 where generatedAlias0.user=1
[DEBUG] 2021-03-01 17:34:54.880 [main] ErrorTracker - throwQueryException() : no errors
[DEBUG] 2021-03-01 17:34:54.927 [main] QueryTranslatorImpl - --- HQL AST ---
 \-[QUERY] Node: 'query'
    +-[SELECT_FROM] Node: 'SELECT_FROM'
    |  +-[FROM] Node: 'from'
    |  |  \-[RANGE] Node: 'RANGE'
    |  |     +-[DOT] Node: '.'
    |  |     |  +-[IDENT] Node: 'entity'
    |  |     |  \-[IDENT] Node: 'Book'
    |  |     \-[ALIAS] Node: 'generatedAlias0'
    |  \-[SELECT] Node: 'select'
    |     \-[IDENT] Node: 'generatedAlias0'
    \-[WHERE] Node: 'where'
       \-[EQ] Node: '='
          +-[DOT] Node: '.'
          |  +-[IDENT] Node: 'generatedAlias0'
          |  \-[IDENT] Node: 'user'
          \-[NUM_INT] Node: '1'

[DEBUG] 2021-03-01 17:34:54.987 [main] HqlSqlBaseWalker - select << begin [level=1, statement=select]
[DEBUG] 2021-03-01 17:34:55.021 [main] FromElement - FromClause{level=1} : entity.Book (generatedAlias0) -> book0_
[DEBUG] 2021-03-01 17:34:55.023 [main] FromReferenceNode - Resolved : generatedAlias0 -> book0_.id
[DEBUG] 2021-03-01 17:34:55.030 [main] FromReferenceNode - Resolved : generatedAlias0 -> book0_.id
[DEBUG] 2021-03-01 17:34:55.036 [main] DotNode - getDataType() : user -> org.hibernate.type.ManyToOneType(entity.User)
[DEBUG] 2021-03-01 17:34:55.036 [main] DotNode - dereferenceShortcut() : property user in entity.Book does not require a join.
[DEBUG] 2021-03-01 17:34:55.036 [main] DotNode - Terminal getPropertyPath = [user]
[DEBUG] 2021-03-01 17:34:55.037 [main] FromReferenceNode - Resolved : generatedAlias0.user -> book0_.user_id
[DEBUG] 2021-03-01 17:34:55.047 [main] HqlSqlBaseWalker - select : finishing up [level=1, statement=select]
[DEBUG] 2021-03-01 17:34:55.047 [main] HqlSqlWalker - processQuery() :  ( SELECT ( {select clause} book0_.id ) ( FromClause{level=1} book book0_ ) ( where ( = ( book0_.user_id book0_.id user ) 1 ) ) )
[DEBUG] 2021-03-01 17:34:55.089 [main] JoinProcessor - Using FROM fragment [book book0_]
[DEBUG] 2021-03-01 17:34:55.089 [main] HqlSqlBaseWalker - select >> end [level=1, statement=select]
[DEBUG] 2021-03-01 17:34:55.091 [main] QueryTranslatorImpl - --- SQL AST ---
 \-[SELECT] QueryNode: 'SELECT'  querySpaces (book)
    +-[SELECT_CLAUSE] SelectClause: '{select clause}'
    |  +-[ALIAS_REF] IdentNode: 'book0_.id as id1_1_' {alias=generatedAlias0, className=entity.Book, tableAlias=book0_}
    |  \-[SQL_TOKEN] SqlFragment: 'book0_.author_id as author_i4_1_, book0_.genre_id as genre_id5_1_, book0_.isbn as isbn2_1_, book0_.title as title3_1_, book0_.user_id as user_id6_1_'
    +-[FROM] FromClause: 'from' FromClause{level=1, fromElementCounter=1, fromElements=1, fromElementByClassAlias=[generatedAlias0], fromElementByTableAlias=[book0_], fromElementsByPath=[], collectionJoinFromElementsByPath=[], impliedElements=[]}
    |  \-[FROM_FRAGMENT] FromElement: 'book book0_' FromElement{explicit,not a collection join,not a fetch join,fetch non-lazy properties,classAlias=generatedAlias0,role=null,tableName=book,tableAlias=book0_,origin=null,columns={,className=entity.Book}}
    \-[WHERE] SqlNode: 'where'
       \-[EQ] BinaryLogicOperatorNode: '='
          +-[DOT] DotNode: 'book0_.user_id' {propertyName=user,dereferenceType=UNKNOWN,getPropertyPath=user,path=generatedAlias0.user,tableAlias=book0_,className=entity.Book,classAlias=generatedAlias0}
          |  +-[ALIAS_REF] IdentNode: 'book0_.id' {alias=generatedAlias0, className=entity.Book, tableAlias=book0_}
          |  \-[IDENT] IdentNode: 'user' {originalText=user}
          \-[NUM_INT] LiteralNode: '1'

[DEBUG] 2021-03-01 17:34:55.091 [main] ErrorTracker - throwQueryException() : no errors
[DEBUG] 2021-03-01 17:34:55.102 [main] QueryTranslatorImpl - HQL: select generatedAlias0 from entity.Book as generatedAlias0 where generatedAlias0.user=1
[DEBUG] 2021-03-01 17:34:55.103 [main] QueryTranslatorImpl - SQL: select book0_.id as id1_1_, book0_.author_id as author_i4_1_, book0_.genre_id as genre_id5_1_, book0_.isbn as isbn2_1_, book0_.title as title3_1_, book0_.user_id as user_id6_1_ from book book0_ where book0_.user_id=1
[DEBUG] 2021-03-01 17:34:55.103 [main] ErrorTracker - throwQueryException() : no errors
[DEBUG] 2021-03-01 17:34:55.146 [main] SQL - select book0_.id as id1_1_, book0_.author_id as author_i4_1_, book0_.genre_id as genre_id5_1_, book0_.isbn as isbn2_1_, book0_.title as title3_1_, book0_.user_id as user_id6_1_ from book book0_ where book0_.user_id=1
[DEBUG] 2021-03-01 17:34:55.379 [main] Loader - Result set row: 0
[DEBUG] 2021-03-01 17:34:55.432 [main] Loader - Result row: EntityKey[entity.Book#1]
[DEBUG] 2021-03-01 17:34:55.517 [main] Loader - Result set row: 1
[DEBUG] 2021-03-01 17:34:55.518 [main] Loader - Result row: EntityKey[entity.Book#3]
[DEBUG] 2021-03-01 17:34:55.526 [main] TwoPhaseLoad - Resolving attributes for [entity.Book#1]
[DEBUG] 2021-03-01 17:34:55.528 [main] TwoPhaseLoad - Processing attribute `author` : value = 1
[DEBUG] 2021-03-01 17:34:55.529 [main] TwoPhaseLoad - Attribute (`author`)  - enhanced for lazy-loading? - false
[DEBUG] 2021-03-01 17:34:55.555 [main] SQL - select author0_.id as id1_0_0_, author0_.first_name as first_na2_0_0_, author0_.last_name as last_nam3_0_0_ from author author0_ where author0_.id=?
[DEBUG] 2021-03-01 17:34:55.629 [main] ResultSetProcessorImpl - Starting ResultSet row #0
[DEBUG] 2021-03-01 17:34:55.632 [main] EntityReferenceInitializerImpl - On call to EntityIdentifierReaderImpl#resolve, EntityKey was already known; should only happen on root returns with an optional identifier specified
[DEBUG] 2021-03-01 17:34:55.638 [main] TwoPhaseLoad - Resolving attributes for [entity.Author#1]
[DEBUG] 2021-03-01 17:34:55.638 [main] TwoPhaseLoad - Processing attribute `firstName` : value = Sarah J.
[DEBUG] 2021-03-01 17:34:55.638 [main] TwoPhaseLoad - Attribute (`firstName`)  - enhanced for lazy-loading? - false
[DEBUG] 2021-03-01 17:34:55.639 [main] TwoPhaseLoad - Processing attribute `lastName` : value = Maas
[DEBUG] 2021-03-01 17:34:55.639 [main] TwoPhaseLoad - Attribute (`lastName`)  - enhanced for lazy-loading? - false
[DEBUG] 2021-03-01 17:34:55.649 [main] TwoPhaseLoad - Done materializing entity [entity.Author#1]
[DEBUG] 2021-03-01 17:34:55.653 [main] ResourceRegistryStandardImpl - HHH000387: ResultSet's statement was not registered
[DEBUG] 2021-03-01 17:34:55.658 [main] AbstractLoadPlanBasedEntityLoader - Done entity load : entity.Author#1
[DEBUG] 2021-03-01 17:34:55.661 [main] TwoPhaseLoad - Processing attribute `genre` : value = 1
[DEBUG] 2021-03-01 17:34:55.663 [main] TwoPhaseLoad - Attribute (`genre`)  - enhanced for lazy-loading? - false
[DEBUG] 2021-03-01 17:34:55.664 [main] SQL - select genre0_.id as id1_2_0_, genre0_.name as name2_2_0_ from genre genre0_ where genre0_.id=?
[DEBUG] 2021-03-01 17:34:55.671 [main] ResultSetProcessorImpl - Starting ResultSet row #0
[DEBUG] 2021-03-01 17:34:55.682 [main] EntityReferenceInitializerImpl - On call to EntityIdentifierReaderImpl#resolve, EntityKey was already known; should only happen on root returns with an optional identifier specified
[DEBUG] 2021-03-01 17:34:55.682 [main] TwoPhaseLoad - Resolving attributes for [entity.Genre#1]
[DEBUG] 2021-03-01 17:34:55.682 [main] TwoPhaseLoad - Processing attribute `name` : value = Young Adult
[DEBUG] 2021-03-01 17:34:55.682 [main] TwoPhaseLoad - Attribute (`name`)  - enhanced for lazy-loading? - false
[DEBUG] 2021-03-01 17:34:55.682 [main] TwoPhaseLoad - Done materializing entity [entity.Genre#1]
[DEBUG] 2021-03-01 17:34:55.682 [main] ResourceRegistryStandardImpl - HHH000387: ResultSet's statement was not registered
[DEBUG] 2021-03-01 17:34:55.683 [main] AbstractLoadPlanBasedEntityLoader - Done entity load : entity.Genre#1
[DEBUG] 2021-03-01 17:34:55.683 [main] TwoPhaseLoad - Processing attribute `isbn` : value = 978-1408857861
[DEBUG] 2021-03-01 17:34:55.683 [main] TwoPhaseLoad - Attribute (`isbn`)  - enhanced for lazy-loading? - false
[DEBUG] 2021-03-01 17:34:55.683 [main] TwoPhaseLoad - Processing attribute `title` : value = A Court Of Thorns and Roses
[DEBUG] 2021-03-01 17:34:55.683 [main] TwoPhaseLoad - Attribute (`title`)  - enhanced for lazy-loading? - false
[DEBUG] 2021-03-01 17:34:55.683 [main] TwoPhaseLoad - Processing attribute `user` : value = 1
[DEBUG] 2021-03-01 17:34:55.683 [main] TwoPhaseLoad - Attribute (`user`)  - enhanced for lazy-loading? - false
[DEBUG] 2021-03-01 17:34:55.683 [main] SQL - select user0_.id as id1_3_0_, user0_.email as email2_3_0_, user0_.first_name as first_na3_3_0_, user0_.last_name as last_nam4_3_0_, user0_.password as password5_3_0_, user0_.username as username6_3_0_ from user user0_ where user0_.id=?
[DEBUG] 2021-03-01 17:34:55.694 [main] ResultSetProcessorImpl - Starting ResultSet row #0
[DEBUG] 2021-03-01 17:34:55.696 [main] EntityReferenceInitializerImpl - On call to EntityIdentifierReaderImpl#resolve, EntityKey was already known; should only happen on root returns with an optional identifier specified
[DEBUG] 2021-03-01 17:34:55.698 [main] TwoPhaseLoad - Resolving attributes for [entity.User#1]
[DEBUG] 2021-03-01 17:34:55.698 [main] TwoPhaseLoad - Processing attribute `email` : value = email@something.com
[DEBUG] 2021-03-01 17:34:55.698 [main] TwoPhaseLoad - Attribute (`email`)  - enhanced for lazy-loading? - false
[DEBUG] 2021-03-01 17:34:55.698 [main] TwoPhaseLoad - Processing attribute `firstName` : value = LeeAnn
[DEBUG] 2021-03-01 17:34:55.698 [main] TwoPhaseLoad - Attribute (`firstName`)  - enhanced for lazy-loading? - false
[DEBUG] 2021-03-01 17:34:55.698 [main] TwoPhaseLoad - Processing attribute `lastName` : value = Jakel
[DEBUG] 2021-03-01 17:34:55.698 [main] TwoPhaseLoad - Attribute (`lastName`)  - enhanced for lazy-loading? - false
[DEBUG] 2021-03-01 17:34:55.698 [main] TwoPhaseLoad - Processing attribute `password` : value = password
[DEBUG] 2021-03-01 17:34:55.698 [main] TwoPhaseLoad - Attribute (`password`)  - enhanced for lazy-loading? - false
[DEBUG] 2021-03-01 17:34:55.698 [main] TwoPhaseLoad - Processing attribute `userName` : value = ljakel
[DEBUG] 2021-03-01 17:34:55.698 [main] TwoPhaseLoad - Attribute (`userName`)  - enhanced for lazy-loading? - false
[DEBUG] 2021-03-01 17:34:55.698 [main] TwoPhaseLoad - Done materializing entity [entity.User#1]
[DEBUG] 2021-03-01 17:34:55.698 [main] ResourceRegistryStandardImpl - HHH000387: ResultSet's statement was not registered
[DEBUG] 2021-03-01 17:34:55.698 [main] AbstractLoadPlanBasedEntityLoader - Done entity load : entity.User#1
[DEBUG] 2021-03-01 17:34:55.698 [main] TwoPhaseLoad - Done materializing entity [entity.Book#1]
[DEBUG] 2021-03-01 17:34:55.699 [main] TwoPhaseLoad - Resolving attributes for [entity.Book#3]
[DEBUG] 2021-03-01 17:34:55.699 [main] TwoPhaseLoad - Processing attribute `author` : value = 5
[DEBUG] 2021-03-01 17:34:55.699 [main] TwoPhaseLoad - Attribute (`author`)  - enhanced for lazy-loading? - false
[DEBUG] 2021-03-01 17:34:55.699 [main] SQL - select author0_.id as id1_0_0_, author0_.first_name as first_na2_0_0_, author0_.last_name as last_nam3_0_0_ from author author0_ where author0_.id=?
[DEBUG] 2021-03-01 17:34:55.711 [main] ResultSetProcessorImpl - Starting ResultSet row #0
[DEBUG] 2021-03-01 17:34:55.713 [main] EntityReferenceInitializerImpl - On call to EntityIdentifierReaderImpl#resolve, EntityKey was already known; should only happen on root returns with an optional identifier specified
[DEBUG] 2021-03-01 17:34:55.714 [main] TwoPhaseLoad - Resolving attributes for [entity.Author#5]
[DEBUG] 2021-03-01 17:34:55.714 [main] TwoPhaseLoad - Processing attribute `firstName` : value = Nora
[DEBUG] 2021-03-01 17:34:55.714 [main] TwoPhaseLoad - Attribute (`firstName`)  - enhanced for lazy-loading? - false
[DEBUG] 2021-03-01 17:34:55.714 [main] TwoPhaseLoad - Processing attribute `lastName` : value = Roberts
[DEBUG] 2021-03-01 17:34:55.714 [main] TwoPhaseLoad - Attribute (`lastName`)  - enhanced for lazy-loading? - false
[DEBUG] 2021-03-01 17:34:55.714 [main] TwoPhaseLoad - Done materializing entity [entity.Author#5]
[DEBUG] 2021-03-01 17:34:55.714 [main] ResourceRegistryStandardImpl - HHH000387: ResultSet's statement was not registered
[DEBUG] 2021-03-01 17:34:55.714 [main] AbstractLoadPlanBasedEntityLoader - Done entity load : entity.Author#5
[DEBUG] 2021-03-01 17:34:55.714 [main] TwoPhaseLoad - Processing attribute `genre` : value = 5
[DEBUG] 2021-03-01 17:34:55.714 [main] TwoPhaseLoad - Attribute (`genre`)  - enhanced for lazy-loading? - false
[DEBUG] 2021-03-01 17:34:55.714 [main] SQL - select genre0_.id as id1_2_0_, genre0_.name as name2_2_0_ from genre genre0_ where genre0_.id=?
[DEBUG] 2021-03-01 17:34:55.720 [main] ResultSetProcessorImpl - Starting ResultSet row #0
[DEBUG] 2021-03-01 17:34:55.722 [main] EntityReferenceInitializerImpl - On call to EntityIdentifierReaderImpl#resolve, EntityKey was already known; should only happen on root returns with an optional identifier specified
[DEBUG] 2021-03-01 17:34:55.722 [main] TwoPhaseLoad - Resolving attributes for [entity.Genre#5]
[DEBUG] 2021-03-01 17:34:55.722 [main] TwoPhaseLoad - Processing attribute `name` : value = Romance
[DEBUG] 2021-03-01 17:34:55.722 [main] TwoPhaseLoad - Attribute (`name`)  - enhanced for lazy-loading? - false
[DEBUG] 2021-03-01 17:34:55.722 [main] TwoPhaseLoad - Done materializing entity [entity.Genre#5]
[DEBUG] 2021-03-01 17:34:55.722 [main] ResourceRegistryStandardImpl - HHH000387: ResultSet's statement was not registered
[DEBUG] 2021-03-01 17:34:55.723 [main] AbstractLoadPlanBasedEntityLoader - Done entity load : entity.Genre#5
[DEBUG] 2021-03-01 17:34:55.723 [main] TwoPhaseLoad - Processing attribute `isbn` : value = 978-0425259856
[DEBUG] 2021-03-01 17:34:55.724 [main] TwoPhaseLoad - Attribute (`isbn`)  - enhanced for lazy-loading? - false
[DEBUG] 2021-03-01 17:34:55.724 [main] TwoPhaseLoad - Processing attribute `title` : value = Dark Witch
[DEBUG] 2021-03-01 17:34:55.724 [main] TwoPhaseLoad - Attribute (`title`)  - enhanced for lazy-loading? - false
[DEBUG] 2021-03-01 17:34:55.724 [main] TwoPhaseLoad - Processing attribute `user` : value = 1
[DEBUG] 2021-03-01 17:34:55.724 [main] TwoPhaseLoad - Attribute (`user`)  - enhanced for lazy-loading? - false
[DEBUG] 2021-03-01 17:34:55.729 [main] TwoPhaseLoad - Done materializing entity [entity.Book#3]
[DEBUG] 2021-03-01 17:34:55.737 [main] LogicalConnectionManagedImpl - Initiating JDBC connection release from afterTransaction
