[DEBUG] 2021-03-22 13:09:59.364 [main] IntegratorServiceImpl - Adding Integrator [org.hibernate.cfg.beanvalidation.BeanValidationIntegrator].
[DEBUG] 2021-03-22 13:09:59.423 [main] IntegratorServiceImpl - Adding Integrator [org.hibernate.secure.spi.JaccIntegrator].
[DEBUG] 2021-03-22 13:09:59.460 [main] IntegratorServiceImpl - Adding Integrator [org.hibernate.cache.internal.CollectionCacheInvalidator].
[INFO ] 2021-03-22 13:09:59.990 [main] Version - HHH000412: Hibernate Core {5.4.4.Final}
[DEBUG] 2021-03-22 13:10:00.015 [main] Environment - HHH000206: hibernate.properties not found
[DEBUG] 2021-03-22 13:10:01.129 [main] LocalXmlResourceResolver - Interpreting public/system identifier : [-//Hibernate/Hibernate Configuration DTD//EN] - [http://www.hibernate.org/dtd/hibernate-configuration-3.0.dtd]
[DEBUG] 2021-03-22 13:10:01.132 [main] LocalXmlResourceResolver - Recognized hibernate-configuration identifier; attempting to resolve on classpath under org/hibernate/
[DEBUG] 2021-03-22 13:10:01.163 [main] JaxbCfgProcessor - cfg.xml document did not define namespaces; wrapping in custom event reader to introduce namespace information
[DEBUG] 2021-03-22 13:10:02.246 [main] ServiceBinding - Overriding existing service binding [org.hibernate.secure.spi.JaccService]
[DEBUG] 2021-03-22 13:10:02.295 [main] RegionFactoryInitiator - Cannot default RegionFactory based on registered strategies as `[]` RegionFactory strategies were registered
[DEBUG] 2021-03-22 13:10:02.301 [main] RegionFactoryInitiator - Cache region factory : org.hibernate.cache.internal.NoCachingRegionFactory
[INFO ] 2021-03-22 13:10:02.354 [main] Version - HCANN000001: Hibernate Commons Annotations {5.1.0.Final}
[DEBUG] 2021-03-22 13:10:02.453 [main] BasicTypeRegistry - Adding type registration boolean -> org.hibernate.type.BooleanType@7bca6fac
[DEBUG] 2021-03-22 13:10:02.458 [main] BasicTypeRegistry - Adding type registration boolean -> org.hibernate.type.BooleanType@7bca6fac
[DEBUG] 2021-03-22 13:10:02.458 [main] BasicTypeRegistry - Adding type registration java.lang.Boolean -> org.hibernate.type.BooleanType@7bca6fac
[DEBUG] 2021-03-22 13:10:02.459 [main] BasicTypeRegistry - Adding type registration numeric_boolean -> org.hibernate.type.NumericBooleanType@5833f5cd
[DEBUG] 2021-03-22 13:10:02.460 [main] BasicTypeRegistry - Adding type registration true_false -> org.hibernate.type.TrueFalseType@760cf594
[DEBUG] 2021-03-22 13:10:02.461 [main] BasicTypeRegistry - Adding type registration yes_no -> org.hibernate.type.YesNoType@204e90f7
[DEBUG] 2021-03-22 13:10:02.467 [main] BasicTypeRegistry - Adding type registration byte -> org.hibernate.type.ByteType@763cf5b9
[DEBUG] 2021-03-22 13:10:02.474 [main] BasicTypeRegistry - Adding type registration byte -> org.hibernate.type.ByteType@763cf5b9
[DEBUG] 2021-03-22 13:10:02.474 [main] BasicTypeRegistry - Adding type registration java.lang.Byte -> org.hibernate.type.ByteType@763cf5b9
[DEBUG] 2021-03-22 13:10:02.477 [main] BasicTypeRegistry - Adding type registration character -> org.hibernate.type.CharacterType@3c35c345
[DEBUG] 2021-03-22 13:10:02.478 [main] BasicTypeRegistry - Adding type registration char -> org.hibernate.type.CharacterType@3c35c345
[DEBUG] 2021-03-22 13:10:02.478 [main] BasicTypeRegistry - Adding type registration java.lang.Character -> org.hibernate.type.CharacterType@3c35c345
[DEBUG] 2021-03-22 13:10:02.480 [main] BasicTypeRegistry - Adding type registration short -> org.hibernate.type.ShortType@69a2b3b6
[DEBUG] 2021-03-22 13:10:02.480 [main] BasicTypeRegistry - Adding type registration short -> org.hibernate.type.ShortType@69a2b3b6
[DEBUG] 2021-03-22 13:10:02.480 [main] BasicTypeRegistry - Adding type registration java.lang.Short -> org.hibernate.type.ShortType@69a2b3b6
[DEBUG] 2021-03-22 13:10:02.486 [main] BasicTypeRegistry - Adding type registration integer -> org.hibernate.type.IntegerType@46731692
[DEBUG] 2021-03-22 13:10:02.487 [main] BasicTypeRegistry - Adding type registration int -> org.hibernate.type.IntegerType@46731692
[DEBUG] 2021-03-22 13:10:02.488 [main] BasicTypeRegistry - Adding type registration java.lang.Integer -> org.hibernate.type.IntegerType@46731692
[DEBUG] 2021-03-22 13:10:02.494 [main] BasicTypeRegistry - Adding type registration long -> org.hibernate.type.LongType@151ef57f
[DEBUG] 2021-03-22 13:10:02.494 [main] BasicTypeRegistry - Adding type registration long -> org.hibernate.type.LongType@151ef57f
[DEBUG] 2021-03-22 13:10:02.495 [main] BasicTypeRegistry - Adding type registration java.lang.Long -> org.hibernate.type.LongType@151ef57f
[DEBUG] 2021-03-22 13:10:02.496 [main] BasicTypeRegistry - Adding type registration float -> org.hibernate.type.FloatType@497aec8c
[DEBUG] 2021-03-22 13:10:02.497 [main] BasicTypeRegistry - Adding type registration float -> org.hibernate.type.FloatType@497aec8c
[DEBUG] 2021-03-22 13:10:02.502 [main] BasicTypeRegistry - Adding type registration java.lang.Float -> org.hibernate.type.FloatType@497aec8c
[DEBUG] 2021-03-22 13:10:02.504 [main] BasicTypeRegistry - Adding type registration double -> org.hibernate.type.DoubleType@336880df
[DEBUG] 2021-03-22 13:10:02.509 [main] BasicTypeRegistry - Adding type registration double -> org.hibernate.type.DoubleType@336880df
[DEBUG] 2021-03-22 13:10:02.512 [main] BasicTypeRegistry - Adding type registration java.lang.Double -> org.hibernate.type.DoubleType@336880df
[DEBUG] 2021-03-22 13:10:02.514 [main] BasicTypeRegistry - Adding type registration big_decimal -> org.hibernate.type.BigDecimalType@129bd55d
[DEBUG] 2021-03-22 13:10:02.514 [main] BasicTypeRegistry - Adding type registration java.math.BigDecimal -> org.hibernate.type.BigDecimalType@129bd55d
[DEBUG] 2021-03-22 13:10:02.521 [main] BasicTypeRegistry - Adding type registration big_integer -> org.hibernate.type.BigIntegerType@4defd42
[DEBUG] 2021-03-22 13:10:02.522 [main] BasicTypeRegistry - Adding type registration java.math.BigInteger -> org.hibernate.type.BigIntegerType@4defd42
[DEBUG] 2021-03-22 13:10:02.524 [main] BasicTypeRegistry - Adding type registration string -> org.hibernate.type.StringType@40e60ece
[DEBUG] 2021-03-22 13:10:02.524 [main] BasicTypeRegistry - Adding type registration java.lang.String -> org.hibernate.type.StringType@40e60ece
[DEBUG] 2021-03-22 13:10:02.529 [main] BasicTypeRegistry - Adding type registration nstring -> org.hibernate.type.StringNVarcharType@2aa6311a
[DEBUG] 2021-03-22 13:10:02.531 [main] BasicTypeRegistry - Adding type registration ncharacter -> org.hibernate.type.CharacterNCharType@53a665ad
[DEBUG] 2021-03-22 13:10:02.532 [main] BasicTypeRegistry - Adding type registration url -> org.hibernate.type.UrlType@abff8b7
[DEBUG] 2021-03-22 13:10:02.533 [main] BasicTypeRegistry - Adding type registration java.net.URL -> org.hibernate.type.UrlType@abff8b7
[DEBUG] 2021-03-22 13:10:02.541 [main] BasicTypeRegistry - Adding type registration Duration -> org.hibernate.type.DurationType@1b4ae4e0
[DEBUG] 2021-03-22 13:10:02.542 [main] BasicTypeRegistry - Adding type registration java.time.Duration -> org.hibernate.type.DurationType@1b4ae4e0
[DEBUG] 2021-03-22 13:10:02.556 [main] BasicTypeRegistry - Adding type registration Instant -> org.hibernate.type.InstantType@57c47a9e
[DEBUG] 2021-03-22 13:10:02.557 [main] BasicTypeRegistry - Adding type registration java.time.Instant -> org.hibernate.type.InstantType@57c47a9e
[DEBUG] 2021-03-22 13:10:02.563 [main] BasicTypeRegistry - Adding type registration LocalDateTime -> org.hibernate.type.LocalDateTimeType@52d6cd34
[DEBUG] 2021-03-22 13:10:02.564 [main] BasicTypeRegistry - Adding type registration java.time.LocalDateTime -> org.hibernate.type.LocalDateTimeType@52d6cd34
[DEBUG] 2021-03-22 13:10:02.570 [main] BasicTypeRegistry - Adding type registration LocalDate -> org.hibernate.type.LocalDateType@c2e3264
[DEBUG] 2021-03-22 13:10:02.570 [main] BasicTypeRegistry - Adding type registration java.time.LocalDate -> org.hibernate.type.LocalDateType@c2e3264
[DEBUG] 2021-03-22 13:10:02.577 [main] BasicTypeRegistry - Adding type registration LocalTime -> org.hibernate.type.LocalTimeType@4a14c44f
[DEBUG] 2021-03-22 13:10:02.579 [main] BasicTypeRegistry - Adding type registration java.time.LocalTime -> org.hibernate.type.LocalTimeType@4a14c44f
[DEBUG] 2021-03-22 13:10:02.582 [main] BasicTypeRegistry - Adding type registration OffsetDateTime -> org.hibernate.type.OffsetDateTimeType@5c1f6d57
[DEBUG] 2021-03-22 13:10:02.582 [main] BasicTypeRegistry - Adding type registration java.time.OffsetDateTime -> org.hibernate.type.OffsetDateTimeType@5c1f6d57
[DEBUG] 2021-03-22 13:10:02.590 [main] BasicTypeRegistry - Adding type registration OffsetTime -> org.hibernate.type.OffsetTimeType@16872c4d
[DEBUG] 2021-03-22 13:10:02.590 [main] BasicTypeRegistry - Adding type registration java.time.OffsetTime -> org.hibernate.type.OffsetTimeType@16872c4d
[DEBUG] 2021-03-22 13:10:02.596 [main] BasicTypeRegistry - Adding type registration ZonedDateTime -> org.hibernate.type.ZonedDateTimeType@67fc2aad
[DEBUG] 2021-03-22 13:10:02.599 [main] BasicTypeRegistry - Adding type registration java.time.ZonedDateTime -> org.hibernate.type.ZonedDateTimeType@67fc2aad
[DEBUG] 2021-03-22 13:10:02.608 [main] BasicTypeRegistry - Adding type registration date -> org.hibernate.type.DateType@cf67838
[DEBUG] 2021-03-22 13:10:02.608 [main] BasicTypeRegistry - Adding type registration java.sql.Date -> org.hibernate.type.DateType@cf67838
[DEBUG] 2021-03-22 13:10:02.623 [main] BasicTypeRegistry - Adding type registration time -> org.hibernate.type.TimeType@24934262
[DEBUG] 2021-03-22 13:10:02.624 [main] BasicTypeRegistry - Adding type registration java.sql.Time -> org.hibernate.type.TimeType@24934262
[DEBUG] 2021-03-22 13:10:02.635 [main] BasicTypeRegistry - Adding type registration timestamp -> org.hibernate.type.TimestampType@2bebb74f
[DEBUG] 2021-03-22 13:10:02.637 [main] BasicTypeRegistry - Adding type registration java.sql.Timestamp -> org.hibernate.type.TimestampType@2bebb74f
[DEBUG] 2021-03-22 13:10:02.638 [main] BasicTypeRegistry - Adding type registration java.util.Date -> org.hibernate.type.TimestampType@2bebb74f
[DEBUG] 2021-03-22 13:10:02.643 [main] BasicTypeRegistry - Adding type registration dbtimestamp -> org.hibernate.type.DbTimestampType@10641c09
[DEBUG] 2021-03-22 13:10:02.653 [main] BasicTypeRegistry - Adding type registration calendar -> org.hibernate.type.CalendarType@523d6bdb
[DEBUG] 2021-03-22 13:10:02.654 [main] BasicTypeRegistry - Adding type registration java.util.Calendar -> org.hibernate.type.CalendarType@523d6bdb
[DEBUG] 2021-03-22 13:10:02.654 [main] BasicTypeRegistry - Adding type registration java.util.GregorianCalendar -> org.hibernate.type.CalendarType@523d6bdb
[DEBUG] 2021-03-22 13:10:02.658 [main] BasicTypeRegistry - Adding type registration calendar_date -> org.hibernate.type.CalendarDateType@12968227
[DEBUG] 2021-03-22 13:10:02.662 [main] BasicTypeRegistry - Adding type registration locale -> org.hibernate.type.LocaleType@2a066689
[DEBUG] 2021-03-22 13:10:02.665 [main] BasicTypeRegistry - Adding type registration java.util.Locale -> org.hibernate.type.LocaleType@2a066689
[DEBUG] 2021-03-22 13:10:02.667 [main] BasicTypeRegistry - Adding type registration currency -> org.hibernate.type.CurrencyType@79d06bbd
[DEBUG] 2021-03-22 13:10:02.668 [main] BasicTypeRegistry - Adding type registration java.util.Currency -> org.hibernate.type.CurrencyType@79d06bbd
[DEBUG] 2021-03-22 13:10:02.675 [main] BasicTypeRegistry - Adding type registration timezone -> org.hibernate.type.TimeZoneType@3efedc6f
[DEBUG] 2021-03-22 13:10:02.676 [main] BasicTypeRegistry - Adding type registration java.util.TimeZone -> org.hibernate.type.TimeZoneType@3efedc6f
[DEBUG] 2021-03-22 13:10:02.687 [main] BasicTypeRegistry - Adding type registration class -> org.hibernate.type.ClassType@3531f3ca
[DEBUG] 2021-03-22 13:10:02.688 [main] BasicTypeRegistry - Adding type registration java.lang.Class -> org.hibernate.type.ClassType@3531f3ca
[DEBUG] 2021-03-22 13:10:02.690 [main] BasicTypeRegistry - Adding type registration uuid-binary -> org.hibernate.type.UUIDBinaryType@5e671e20
[DEBUG] 2021-03-22 13:10:02.691 [main] BasicTypeRegistry - Adding type registration java.util.UUID -> org.hibernate.type.UUIDBinaryType@5e671e20
[DEBUG] 2021-03-22 13:10:02.697 [main] BasicTypeRegistry - Adding type registration uuid-char -> org.hibernate.type.UUIDCharType@5e8cda75
[DEBUG] 2021-03-22 13:10:02.701 [main] BasicTypeRegistry - Adding type registration binary -> org.hibernate.type.BinaryType@4c2fb9dd
[DEBUG] 2021-03-22 13:10:02.702 [main] BasicTypeRegistry - Adding type registration byte[] -> org.hibernate.type.BinaryType@4c2fb9dd
[DEBUG] 2021-03-22 13:10:02.707 [main] BasicTypeRegistry - Adding type registration [B -> org.hibernate.type.BinaryType@4c2fb9dd
[DEBUG] 2021-03-22 13:10:02.712 [main] BasicTypeRegistry - Adding type registration wrapper-binary -> org.hibernate.type.WrapperBinaryType@41522537
[DEBUG] 2021-03-22 13:10:02.716 [main] BasicTypeRegistry - Adding type registration Byte[] -> org.hibernate.type.WrapperBinaryType@41522537
[DEBUG] 2021-03-22 13:10:02.716 [main] BasicTypeRegistry - Adding type registration [Ljava.lang.Byte; -> org.hibernate.type.WrapperBinaryType@41522537
[DEBUG] 2021-03-22 13:10:02.719 [main] BasicTypeRegistry - Adding type registration row_version -> org.hibernate.type.RowVersionType@42c28305
[DEBUG] 2021-03-22 13:10:02.720 [main] BasicTypeRegistry - Adding type registration image -> org.hibernate.type.ImageType@35cd68d4
[DEBUG] 2021-03-22 13:10:02.728 [main] BasicTypeRegistry - Adding type registration characters -> org.hibernate.type.CharArrayType@2eadc9f6
[DEBUG] 2021-03-22 13:10:02.733 [main] BasicTypeRegistry - Adding type registration char[] -> org.hibernate.type.CharArrayType@2eadc9f6
[DEBUG] 2021-03-22 13:10:02.733 [main] BasicTypeRegistry - Adding type registration [C -> org.hibernate.type.CharArrayType@2eadc9f6
[DEBUG] 2021-03-22 13:10:02.736 [main] BasicTypeRegistry - Adding type registration wrapper-characters -> org.hibernate.type.CharacterArrayType@168cd36b
[DEBUG] 2021-03-22 13:10:02.737 [main] BasicTypeRegistry - Adding type registration [Ljava.lang.Character; -> org.hibernate.type.CharacterArrayType@168cd36b
[DEBUG] 2021-03-22 13:10:02.737 [main] BasicTypeRegistry - Adding type registration Character[] -> org.hibernate.type.CharacterArrayType@168cd36b
[DEBUG] 2021-03-22 13:10:02.737 [main] BasicTypeRegistry - Adding type registration text -> org.hibernate.type.TextType@10cd6753
[DEBUG] 2021-03-22 13:10:02.739 [main] BasicTypeRegistry - Adding type registration ntext -> org.hibernate.type.NTextType@b835727
[DEBUG] 2021-03-22 13:10:02.750 [main] BasicTypeRegistry - Adding type registration blob -> org.hibernate.type.BlobType@58860997
[DEBUG] 2021-03-22 13:10:02.751 [main] BasicTypeRegistry - Adding type registration java.sql.Blob -> org.hibernate.type.BlobType@58860997
[DEBUG] 2021-03-22 13:10:02.752 [main] BasicTypeRegistry - Adding type registration materialized_blob -> org.hibernate.type.MaterializedBlobType@199bc830
[DEBUG] 2021-03-22 13:10:02.759 [main] BasicTypeRegistry - Adding type registration clob -> org.hibernate.type.ClobType@4e1ce44
[DEBUG] 2021-03-22 13:10:02.760 [main] BasicTypeRegistry - Adding type registration java.sql.Clob -> org.hibernate.type.ClobType@4e1ce44
[DEBUG] 2021-03-22 13:10:02.762 [main] BasicTypeRegistry - Adding type registration nclob -> org.hibernate.type.NClobType@21f459fc
[DEBUG] 2021-03-22 13:10:02.763 [main] BasicTypeRegistry - Adding type registration java.sql.NClob -> org.hibernate.type.NClobType@21f459fc
[DEBUG] 2021-03-22 13:10:02.764 [main] BasicTypeRegistry - Adding type registration materialized_clob -> org.hibernate.type.MaterializedClobType@bfc14b9
[DEBUG] 2021-03-22 13:10:02.769 [main] BasicTypeRegistry - Adding type registration materialized_nclob -> org.hibernate.type.MaterializedNClobType@6a9b9909
[DEBUG] 2021-03-22 13:10:02.770 [main] BasicTypeRegistry - Adding type registration serializable -> org.hibernate.type.SerializableType@4fc142ec
[DEBUG] 2021-03-22 13:10:02.779 [main] BasicTypeRegistry - Adding type registration object -> org.hibernate.type.ObjectType@7158daf2
[DEBUG] 2021-03-22 13:10:02.779 [main] BasicTypeRegistry - Adding type registration java.lang.Object -> org.hibernate.type.ObjectType@7158daf2
[DEBUG] 2021-03-22 13:10:02.780 [main] BasicTypeRegistry - Adding type registration imm_date -> org.hibernate.type.AdaptedImmutableType@e8e0dec
[DEBUG] 2021-03-22 13:10:02.788 [main] BasicTypeRegistry - Adding type registration imm_time -> org.hibernate.type.AdaptedImmutableType@12d1f1d4
[DEBUG] 2021-03-22 13:10:02.788 [main] BasicTypeRegistry - Adding type registration imm_timestamp -> org.hibernate.type.AdaptedImmutableType@75fa1be3
[DEBUG] 2021-03-22 13:10:02.788 [main] BasicTypeRegistry - Adding type registration imm_dbtimestamp -> org.hibernate.type.AdaptedImmutableType@7a389761
[DEBUG] 2021-03-22 13:10:02.793 [main] BasicTypeRegistry - Adding type registration imm_calendar -> org.hibernate.type.AdaptedImmutableType@42714a7
[DEBUG] 2021-03-22 13:10:02.793 [main] BasicTypeRegistry - Adding type registration imm_calendar_date -> org.hibernate.type.AdaptedImmutableType@19650aa6
[DEBUG] 2021-03-22 13:10:02.793 [main] BasicTypeRegistry - Adding type registration imm_binary -> org.hibernate.type.AdaptedImmutableType@3ce53f6a
[DEBUG] 2021-03-22 13:10:02.793 [main] BasicTypeRegistry - Adding type registration imm_serializable -> org.hibernate.type.AdaptedImmutableType@2d82408
[DEBUG] 2021-03-22 13:10:02.864 [main] DefaultIdentifierGeneratorFactory - Registering IdentifierGenerator strategy [uuid2] -> [org.hibernate.id.UUIDGenerator]
[DEBUG] 2021-03-22 13:10:02.868 [main] DefaultIdentifierGeneratorFactory - Registering IdentifierGenerator strategy [guid] -> [org.hibernate.id.GUIDGenerator]
[DEBUG] 2021-03-22 13:10:02.870 [main] DefaultIdentifierGeneratorFactory - Registering IdentifierGenerator strategy [uuid] -> [org.hibernate.id.UUIDHexGenerator]
[DEBUG] 2021-03-22 13:10:02.871 [main] DefaultIdentifierGeneratorFactory - Registering IdentifierGenerator strategy [uuid.hex] -> [org.hibernate.id.UUIDHexGenerator]
[DEBUG] 2021-03-22 13:10:02.877 [main] DefaultIdentifierGeneratorFactory - Registering IdentifierGenerator strategy [assigned] -> [org.hibernate.id.Assigned]
[DEBUG] 2021-03-22 13:10:02.879 [main] DefaultIdentifierGeneratorFactory - Registering IdentifierGenerator strategy [identity] -> [org.hibernate.id.IdentityGenerator]
[DEBUG] 2021-03-22 13:10:02.880 [main] DefaultIdentifierGeneratorFactory - Registering IdentifierGenerator strategy [select] -> [org.hibernate.id.SelectGenerator]
[DEBUG] 2021-03-22 13:10:02.882 [main] DefaultIdentifierGeneratorFactory - Registering IdentifierGenerator strategy [sequence] -> [org.hibernate.id.enhanced.SequenceStyleGenerator]
[DEBUG] 2021-03-22 13:10:02.883 [main] DefaultIdentifierGeneratorFactory - Registering IdentifierGenerator strategy [seqhilo] -> [org.hibernate.id.SequenceHiLoGenerator]
[DEBUG] 2021-03-22 13:10:02.884 [main] DefaultIdentifierGeneratorFactory - Registering IdentifierGenerator strategy [increment] -> [org.hibernate.id.IncrementGenerator]
[DEBUG] 2021-03-22 13:10:02.885 [main] DefaultIdentifierGeneratorFactory - Registering IdentifierGenerator strategy [foreign] -> [org.hibernate.id.ForeignGenerator]
[DEBUG] 2021-03-22 13:10:02.885 [main] DefaultIdentifierGeneratorFactory - Registering IdentifierGenerator strategy [sequence-identity] -> [org.hibernate.id.SequenceIdentityGenerator]
[DEBUG] 2021-03-22 13:10:02.885 [main] DefaultIdentifierGeneratorFactory - Registering IdentifierGenerator strategy [enhanced-sequence] -> [org.hibernate.id.enhanced.SequenceStyleGenerator]
[DEBUG] 2021-03-22 13:10:02.886 [main] DefaultIdentifierGeneratorFactory - Registering IdentifierGenerator strategy [enhanced-table] -> [org.hibernate.id.enhanced.TableGenerator]
[INFO ] 2021-03-22 13:10:02.894 [main] C3P0ConnectionProvider - HHH010002: C3P0 using driver: com.mysql.cj.jdbc.Driver at URL: jdbc:mysql://localhost:3306/test_BookCollection
[INFO ] 2021-03-22 13:10:02.894 [main] C3P0ConnectionProvider - HHH10001001: Connection properties: {password=****, user=root}
[INFO ] 2021-03-22 13:10:02.895 [main] C3P0ConnectionProvider - HHH10001003: Autocommit mode: false
[INFO ] 2021-03-22 13:10:03.301 [main] C3P0ConnectionProvider - HHH10001007: JDBC isolation level: <unknown>
[DEBUG] 2021-03-22 13:10:03.735 [main] JdbcEnvironmentInitiator - Database ->
       name : MySQL
    version : 8.0.22
      major : 8
      minor : 0
[DEBUG] 2021-03-22 13:10:03.736 [main] JdbcEnvironmentInitiator - Driver ->
       name : MySQL Connector/J
    version : mysql-connector-java-8.0.22 (Revision: d64b664fa93e81296a377de031b8123a67e6def2)
      major : 8
      minor : 0
[DEBUG] 2021-03-22 13:10:03.736 [main] JdbcEnvironmentInitiator - JDBC version : 4.2
[INFO ] 2021-03-22 13:10:03.900 [main] Dialect - HHH000400: Using dialect: org.hibernate.dialect.MySQL8Dialect
[DEBUG] 2021-03-22 13:10:03.975 [main] IdentifierHelperBuilder - JDBC driver metadata reported database stores quoted identifiers in more than one case
[DEBUG] 2021-03-22 13:10:04.058 [main] IdentifierHelperBuilder - IdentifierCaseStrategy for both quoted and unquoted identifiers was set to the same strategy [MIXED]; that will likely lead to problems in schema update and validation if using quoted identifiers
[DEBUG] 2021-03-22 13:10:04.203 [main] Namespace - Created database namespace [logicalName=Name{catalog=null, schema=null}, physicalName=Name{catalog=null, schema=null}]
[DEBUG] 2021-03-22 13:10:04.232 [main] TypeConfiguration$Scope - Scoping TypeConfiguration [org.hibernate.type.spi.TypeConfiguration@2cd62003] to MetadataBuildingContext [org.hibernate.boot.internal.MetadataBuildingContextRootImpl@61ab89b0]
[DEBUG] 2021-03-22 13:10:04.494 [main] AnnotationBinder - Binding entity from annotated class: Author
[DEBUG] 2021-03-22 13:10:04.552 [main] Ejb3Column - Binding column: Ejb3DiscriminatorColumn{logicalColumnName'DTYPE', discriminatorTypeName='string'}
[DEBUG] 2021-03-22 13:10:04.581 [main] EntityBinder - Import with entity name Author
[DEBUG] 2021-03-22 13:10:04.587 [main] EntityBinder - Bind entity Author on table author
[DEBUG] 2021-03-22 13:10:04.657 [main] Ejb3Column - Binding column: Ejb3Column{table=org.hibernate.mapping.Table(author), mappingColumn=id, insertable=true, updatable=true, unique=false}
[DEBUG] 2021-03-22 13:10:04.668 [main] PropertyBinder - MetadataSourceProcessor property id with lazy=false
[DEBUG] 2021-03-22 13:10:04.675 [main] AbstractPropertyHolder - Attempting to locate auto-apply AttributeConverter for property [Author:id]
[DEBUG] 2021-03-22 13:10:04.692 [main] SimpleValueBinder - building SimpleValue for id
[DEBUG] 2021-03-22 13:10:04.701 [main] PropertyBinder - Building property id
[DEBUG] 2021-03-22 13:10:04.718 [main] BinderHelper - #makeIdGenerator(org.hibernate.mapping.SimpleValue([org.hibernate.mapping.Column(id)]), id, org.hibernate.id.enhanced.SequenceStyleGenerator, native, ...)
[DEBUG] 2021-03-22 13:10:04.726 [main] Ejb3Column - Binding column: Ejb3Column{table=org.hibernate.mapping.Table(author), mappingColumn=first_name, insertable=true, updatable=true, unique=false}
[DEBUG] 2021-03-22 13:10:04.726 [main] PropertyBinder - MetadataSourceProcessor property firstName with lazy=false
[DEBUG] 2021-03-22 13:10:04.729 [main] AbstractPropertyHolder - Attempting to locate auto-apply AttributeConverter for property [Author:firstName]
[DEBUG] 2021-03-22 13:10:04.730 [main] SimpleValueBinder - building SimpleValue for firstName
[DEBUG] 2021-03-22 13:10:04.731 [main] PropertyBinder - Building property firstName
[DEBUG] 2021-03-22 13:10:04.731 [main] Ejb3Column - Binding column: Ejb3Column{table=org.hibernate.mapping.Table(author), mappingColumn=last_name, insertable=true, updatable=true, unique=false}
[DEBUG] 2021-03-22 13:10:04.731 [main] PropertyBinder - MetadataSourceProcessor property lastName with lazy=false
[DEBUG] 2021-03-22 13:10:04.731 [main] AbstractPropertyHolder - Attempting to locate auto-apply AttributeConverter for property [Author:lastName]
[DEBUG] 2021-03-22 13:10:04.732 [main] SimpleValueBinder - building SimpleValue for lastName
[DEBUG] 2021-03-22 13:10:04.732 [main] PropertyBinder - Building property lastName
[DEBUG] 2021-03-22 13:10:04.744 [main] AnnotationBinder - Binding entity from annotated class: Book
[DEBUG] 2021-03-22 13:10:04.744 [main] Ejb3Column - Binding column: Ejb3DiscriminatorColumn{logicalColumnName'DTYPE', discriminatorTypeName='string'}
[DEBUG] 2021-03-22 13:10:04.746 [main] EntityBinder - Import with entity name Book
[DEBUG] 2021-03-22 13:10:04.746 [main] EntityBinder - Bind entity Book on table book
[DEBUG] 2021-03-22 13:10:04.762 [main] Ejb3Column - Binding column: Ejb3Column{table=org.hibernate.mapping.Table(book), mappingColumn=id, insertable=true, updatable=true, unique=false}
[DEBUG] 2021-03-22 13:10:04.763 [main] PropertyBinder - MetadataSourceProcessor property id with lazy=false
[DEBUG] 2021-03-22 13:10:04.763 [main] AbstractPropertyHolder - Attempting to locate auto-apply AttributeConverter for property [Book:id]
[DEBUG] 2021-03-22 13:10:04.763 [main] SimpleValueBinder - building SimpleValue for id
[DEBUG] 2021-03-22 13:10:04.764 [main] PropertyBinder - Building property id
[DEBUG] 2021-03-22 13:10:04.764 [main] BinderHelper - #makeIdGenerator(org.hibernate.mapping.SimpleValue([org.hibernate.mapping.Column(id)]), id, org.hibernate.id.enhanced.SequenceStyleGenerator, native, ...)
[DEBUG] 2021-03-22 13:10:04.772 [main] Ejb3Column - Binding column: Ejb3JoinColumn{logicalColumnName='null', referencedColumn='null', mappedBy='null'}
[DEBUG] 2021-03-22 13:10:04.772 [main] Ejb3Column - Binding column: Ejb3Column{table=org.hibernate.mapping.Table(book), mappingColumn=author, insertable=true, updatable=true, unique=false}
[DEBUG] 2021-03-22 13:10:04.782 [main] PropertyBinder - Building property author
[DEBUG] 2021-03-22 13:10:04.789 [main] Ejb3Column - Binding column: Ejb3JoinColumn{logicalColumnName='null', referencedColumn='null', mappedBy='null'}
[DEBUG] 2021-03-22 13:10:04.789 [main] Ejb3Column - Binding column: Ejb3Column{table=org.hibernate.mapping.Table(book), mappingColumn=genre, insertable=true, updatable=true, unique=false}
[DEBUG] 2021-03-22 13:10:04.790 [main] PropertyBinder - Building property genre
[DEBUG] 2021-03-22 13:10:04.790 [main] Ejb3Column - Binding column: Ejb3Column{table=org.hibernate.mapping.Table(book), mappingColumn=isbn, insertable=true, updatable=true, unique=false}
[DEBUG] 2021-03-22 13:10:04.790 [main] PropertyBinder - MetadataSourceProcessor property isbn with lazy=false
[DEBUG] 2021-03-22 13:10:04.793 [main] AbstractPropertyHolder - Attempting to locate auto-apply AttributeConverter for property [Book:isbn]
[DEBUG] 2021-03-22 13:10:04.793 [main] SimpleValueBinder - building SimpleValue for isbn
[DEBUG] 2021-03-22 13:10:04.794 [main] PropertyBinder - Building property isbn
[DEBUG] 2021-03-22 13:10:04.794 [main] Ejb3Column - Binding column: Ejb3Column{table=org.hibernate.mapping.Table(book), mappingColumn=title, insertable=true, updatable=true, unique=false}
[DEBUG] 2021-03-22 13:10:04.794 [main] PropertyBinder - MetadataSourceProcessor property title with lazy=false
[DEBUG] 2021-03-22 13:10:04.794 [main] AbstractPropertyHolder - Attempting to locate auto-apply AttributeConverter for property [Book:title]
[DEBUG] 2021-03-22 13:10:04.794 [main] SimpleValueBinder - building SimpleValue for title
[DEBUG] 2021-03-22 13:10:04.794 [main] PropertyBinder - Building property title
[DEBUG] 2021-03-22 13:10:04.795 [main] Ejb3Column - Binding column: Ejb3JoinColumn{logicalColumnName='null', referencedColumn='null', mappedBy='null'}
[DEBUG] 2021-03-22 13:10:04.795 [main] Ejb3Column - Binding column: Ejb3Column{table=org.hibernate.mapping.Table(book), mappingColumn=user, insertable=true, updatable=true, unique=false}
[DEBUG] 2021-03-22 13:10:04.801 [main] PropertyBinder - Building property user
[DEBUG] 2021-03-22 13:10:04.801 [main] AnnotationBinder - Binding entity from annotated class: Genre
[DEBUG] 2021-03-22 13:10:04.803 [main] Ejb3Column - Binding column: Ejb3DiscriminatorColumn{logicalColumnName'DTYPE', discriminatorTypeName='string'}
[DEBUG] 2021-03-22 13:10:04.805 [main] EntityBinder - Import with entity name Genre
[DEBUG] 2021-03-22 13:10:04.805 [main] EntityBinder - Bind entity Genre on table genre
[DEBUG] 2021-03-22 13:10:04.812 [main] Ejb3Column - Binding column: Ejb3Column{table=org.hibernate.mapping.Table(genre), mappingColumn=id, insertable=true, updatable=true, unique=false}
[DEBUG] 2021-03-22 13:10:04.812 [main] PropertyBinder - MetadataSourceProcessor property id with lazy=false
[DEBUG] 2021-03-22 13:10:04.812 [main] AbstractPropertyHolder - Attempting to locate auto-apply AttributeConverter for property [Genre:id]
[DEBUG] 2021-03-22 13:10:04.812 [main] SimpleValueBinder - building SimpleValue for id
[DEBUG] 2021-03-22 13:10:04.812 [main] PropertyBinder - Building property id
[DEBUG] 2021-03-22 13:10:04.817 [main] BinderHelper - #makeIdGenerator(org.hibernate.mapping.SimpleValue([org.hibernate.mapping.Column(id)]), id, org.hibernate.id.enhanced.SequenceStyleGenerator, native, ...)
[DEBUG] 2021-03-22 13:10:04.818 [main] Ejb3Column - Binding column: Ejb3Column{table=org.hibernate.mapping.Table(genre), mappingColumn=name, insertable=true, updatable=true, unique=false}
[DEBUG] 2021-03-22 13:10:04.818 [main] PropertyBinder - MetadataSourceProcessor property name with lazy=false
[DEBUG] 2021-03-22 13:10:04.819 [main] AbstractPropertyHolder - Attempting to locate auto-apply AttributeConverter for property [Genre:name]
[DEBUG] 2021-03-22 13:10:04.819 [main] SimpleValueBinder - building SimpleValue for name
[DEBUG] 2021-03-22 13:10:04.819 [main] PropertyBinder - Building property name
[DEBUG] 2021-03-22 13:10:04.827 [main] AnnotationBinder - Binding entity from annotated class: User
[DEBUG] 2021-03-22 13:10:04.828 [main] Ejb3Column - Binding column: Ejb3DiscriminatorColumn{logicalColumnName'DTYPE', discriminatorTypeName='string'}
[DEBUG] 2021-03-22 13:10:04.828 [main] EntityBinder - Import with entity name User
[DEBUG] 2021-03-22 13:10:04.836 [main] EntityBinder - Bind entity User on table user
[DEBUG] 2021-03-22 13:10:04.848 [main] Ejb3Column - Binding column: Ejb3Column{table=org.hibernate.mapping.Table(user), mappingColumn=id, insertable=true, updatable=true, unique=false}
[DEBUG] 2021-03-22 13:10:04.851 [main] PropertyBinder - MetadataSourceProcessor property id with lazy=false
[DEBUG] 2021-03-22 13:10:04.855 [main] AbstractPropertyHolder - Attempting to locate auto-apply AttributeConverter for property [User:id]
[DEBUG] 2021-03-22 13:10:04.855 [main] SimpleValueBinder - building SimpleValue for id
[DEBUG] 2021-03-22 13:10:04.855 [main] PropertyBinder - Building property id
[DEBUG] 2021-03-22 13:10:04.856 [main] BinderHelper - #makeIdGenerator(org.hibernate.mapping.SimpleValue([org.hibernate.mapping.Column(id)]), id, org.hibernate.id.enhanced.SequenceStyleGenerator, native, ...)
[DEBUG] 2021-03-22 13:10:04.860 [main] Ejb3Column - Binding column: Ejb3Column{table=org.hibernate.mapping.Table(user), mappingColumn=email, insertable=true, updatable=true, unique=false}
[DEBUG] 2021-03-22 13:10:04.861 [main] PropertyBinder - MetadataSourceProcessor property email with lazy=false
[DEBUG] 2021-03-22 13:10:04.861 [main] AbstractPropertyHolder - Attempting to locate auto-apply AttributeConverter for property [User:email]
[DEBUG] 2021-03-22 13:10:04.861 [main] SimpleValueBinder - building SimpleValue for email
[DEBUG] 2021-03-22 13:10:04.862 [main] PropertyBinder - Building property email
[DEBUG] 2021-03-22 13:10:04.862 [main] Ejb3Column - Binding column: Ejb3Column{table=org.hibernate.mapping.Table(user), mappingColumn=first_name, insertable=true, updatable=true, unique=false}
[DEBUG] 2021-03-22 13:10:04.865 [main] PropertyBinder - MetadataSourceProcessor property firstName with lazy=false
[DEBUG] 2021-03-22 13:10:04.865 [main] AbstractPropertyHolder - Attempting to locate auto-apply AttributeConverter for property [User:firstName]
[DEBUG] 2021-03-22 13:10:04.866 [main] SimpleValueBinder - building SimpleValue for firstName
[DEBUG] 2021-03-22 13:10:04.866 [main] PropertyBinder - Building property firstName
[DEBUG] 2021-03-22 13:10:04.873 [main] Ejb3Column - Binding column: Ejb3Column{table=org.hibernate.mapping.Table(user), mappingColumn=last_name, insertable=true, updatable=true, unique=false}
[DEBUG] 2021-03-22 13:10:04.874 [main] PropertyBinder - MetadataSourceProcessor property lastName with lazy=false
[DEBUG] 2021-03-22 13:10:04.875 [main] AbstractPropertyHolder - Attempting to locate auto-apply AttributeConverter for property [User:lastName]
[DEBUG] 2021-03-22 13:10:04.875 [main] SimpleValueBinder - building SimpleValue for lastName
[DEBUG] 2021-03-22 13:10:04.876 [main] PropertyBinder - Building property lastName
[DEBUG] 2021-03-22 13:10:04.876 [main] Ejb3Column - Binding column: Ejb3Column{table=org.hibernate.mapping.Table(user), mappingColumn=password, insertable=true, updatable=true, unique=false}
[DEBUG] 2021-03-22 13:10:04.877 [main] PropertyBinder - MetadataSourceProcessor property password with lazy=false
[DEBUG] 2021-03-22 13:10:04.878 [main] AbstractPropertyHolder - Attempting to locate auto-apply AttributeConverter for property [User:password]
[DEBUG] 2021-03-22 13:10:04.879 [main] SimpleValueBinder - building SimpleValue for password
[DEBUG] 2021-03-22 13:10:04.879 [main] PropertyBinder - Building property password
[DEBUG] 2021-03-22 13:10:04.882 [main] Ejb3Column - Binding column: Ejb3Column{table=org.hibernate.mapping.Table(user), mappingColumn=username, insertable=true, updatable=true, unique=false}
[DEBUG] 2021-03-22 13:10:04.882 [main] PropertyBinder - MetadataSourceProcessor property userName with lazy=false
[DEBUG] 2021-03-22 13:10:04.882 [main] AbstractPropertyHolder - Attempting to locate auto-apply AttributeConverter for property [User:userName]
[DEBUG] 2021-03-22 13:10:04.883 [main] SimpleValueBinder - building SimpleValue for userName
[DEBUG] 2021-03-22 13:10:04.883 [main] PropertyBinder - Building property userName
[DEBUG] 2021-03-22 13:10:04.896 [main] SimpleValueBinder - Starting fillSimpleValue for id
[DEBUG] 2021-03-22 13:10:04.896 [main] SimpleValueBinder - Starting fillSimpleValue for firstName
[DEBUG] 2021-03-22 13:10:04.897 [main] SimpleValueBinder - Starting fillSimpleValue for lastName
[DEBUG] 2021-03-22 13:10:04.901 [main] SimpleValueBinder - Starting fillSimpleValue for id
[DEBUG] 2021-03-22 13:10:04.902 [main] SimpleValueBinder - Starting fillSimpleValue for isbn
[DEBUG] 2021-03-22 13:10:04.903 [main] SimpleValueBinder - Starting fillSimpleValue for title
[DEBUG] 2021-03-22 13:10:04.903 [main] SimpleValueBinder - Starting fillSimpleValue for id
[DEBUG] 2021-03-22 13:10:04.903 [main] SimpleValueBinder - Starting fillSimpleValue for name
[DEBUG] 2021-03-22 13:10:04.909 [main] SimpleValueBinder - Starting fillSimpleValue for id
[DEBUG] 2021-03-22 13:10:04.911 [main] SimpleValueBinder - Starting fillSimpleValue for email
[DEBUG] 2021-03-22 13:10:04.912 [main] SimpleValueBinder - Starting fillSimpleValue for firstName
[DEBUG] 2021-03-22 13:10:04.912 [main] SimpleValueBinder - Starting fillSimpleValue for lastName
[DEBUG] 2021-03-22 13:10:04.912 [main] SimpleValueBinder - Starting fillSimpleValue for password
[DEBUG] 2021-03-22 13:10:04.912 [main] SimpleValueBinder - Starting fillSimpleValue for userName
[DEBUG] 2021-03-22 13:10:04.969 [main] PrimaryKey - Forcing column [id] to be non-null as it is part of the primary key for table [author]
[DEBUG] 2021-03-22 13:10:04.969 [main] PrimaryKey - Forcing column [id] to be non-null as it is part of the primary key for table [book]
[DEBUG] 2021-03-22 13:10:04.970 [main] PrimaryKey - Forcing column [id] to be non-null as it is part of the primary key for table [genre]
[DEBUG] 2021-03-22 13:10:04.970 [main] PrimaryKey - Forcing column [id] to be non-null as it is part of the primary key for table [user]
[DEBUG] 2021-03-22 13:10:04.971 [main] InFlightMetadataCollectorImpl - Resolving reference to class: Author
[DEBUG] 2021-03-22 13:10:04.984 [main] InFlightMetadataCollectorImpl - Resolving reference to class: Genre
[DEBUG] 2021-03-22 13:10:04.985 [main] InFlightMetadataCollectorImpl - Resolving reference to class: User
[DEBUG] 2021-03-22 13:10:04.998 [main] InFlightMetadataCollectorImpl - Resolving reference to class: Author
[DEBUG] 2021-03-22 13:10:04.999 [main] InFlightMetadataCollectorImpl - Resolving reference to class: Genre
[DEBUG] 2021-03-22 13:10:04.999 [main] InFlightMetadataCollectorImpl - Resolving reference to class: User
[DEBUG] 2021-03-22 13:10:05.152 [main] SessionFactoryImpl - Building session factory
[DEBUG] 2021-03-22 13:10:05.158 [main] Settings - SessionFactory name : null
[DEBUG] 2021-03-22 13:10:05.158 [main] Settings - Automatic flush during beforeCompletion(): enabled
[DEBUG] 2021-03-22 13:10:05.158 [main] Settings - Automatic session close at end of transaction: disabled
[DEBUG] 2021-03-22 13:10:05.158 [main] Settings - Statistics: disabled
[DEBUG] 2021-03-22 13:10:05.159 [main] Settings - Deleted entity synthetic identifier rollback: disabled
[DEBUG] 2021-03-22 13:10:05.159 [main] Settings - Default entity-mode: pojo
[DEBUG] 2021-03-22 13:10:05.159 [main] Settings - Check Nullability in Core (should be disabled when Bean Validation is on): enabled
[DEBUG] 2021-03-22 13:10:05.159 [main] Settings - Allow initialization of lazy state outside session : disabled
[DEBUG] 2021-03-22 13:10:05.159 [main] Settings - Using BatchFetchStyle : LEGACY
[DEBUG] 2021-03-22 13:10:05.159 [main] Settings - Default batch fetch size: -1
[DEBUG] 2021-03-22 13:10:05.159 [main] Settings - Maximum outer join fetch depth: 2
[DEBUG] 2021-03-22 13:10:05.159 [main] Settings - Default null ordering: NONE
[DEBUG] 2021-03-22 13:10:05.159 [main] Settings - Order SQL updates by primary key: disabled
[DEBUG] 2021-03-22 13:10:05.159 [main] Settings - Order SQL inserts for batching: disabled
[DEBUG] 2021-03-22 13:10:05.159 [main] Settings - multi-tenancy strategy : NONE
[DEBUG] 2021-03-22 13:10:05.160 [main] Settings - JTA Track by Thread: enabled
[DEBUG] 2021-03-22 13:10:05.160 [main] Settings - Query language substitutions: {}
[DEBUG] 2021-03-22 13:10:05.160 [main] Settings - Named query checking : enabled
[DEBUG] 2021-03-22 13:10:05.160 [main] Settings - Second-level cache: disabled
[DEBUG] 2021-03-22 13:10:05.160 [main] Settings - Second-level query cache: disabled
[DEBUG] 2021-03-22 13:10:05.160 [main] Settings - Second-level query cache factory: null
[DEBUG] 2021-03-22 13:10:05.160 [main] Settings - Second-level cache region prefix: null
[DEBUG] 2021-03-22 13:10:05.160 [main] Settings - Optimize second-level cache for minimal puts: disabled
[DEBUG] 2021-03-22 13:10:05.160 [main] Settings - Structured second-level cache entries: disabled
[DEBUG] 2021-03-22 13:10:05.160 [main] Settings - Second-level cache direct-reference entries: disabled
[DEBUG] 2021-03-22 13:10:05.161 [main] Settings - Automatic eviction of collection cache: disabled
[DEBUG] 2021-03-22 13:10:05.161 [main] Settings - JDBC batch size: 15
[DEBUG] 2021-03-22 13:10:05.161 [main] Settings - JDBC batch updates for versioned data: enabled
[DEBUG] 2021-03-22 13:10:05.162 [main] Settings - Scrollable result sets: enabled
[DEBUG] 2021-03-22 13:10:05.162 [main] Settings - Wrap result sets: disabled
[DEBUG] 2021-03-22 13:10:05.162 [main] Settings - JDBC3 getGeneratedKeys(): enabled
[DEBUG] 2021-03-22 13:10:05.162 [main] Settings - JDBC result set fetch size: null
[DEBUG] 2021-03-22 13:10:05.162 [main] Settings - Connection release mode: AFTER_TRANSACTION
[DEBUG] 2021-03-22 13:10:05.162 [main] Settings - Generate SQL with comments: disabled
[DEBUG] 2021-03-22 13:10:05.162 [main] Settings - JPA compliance - query : 
[DEBUG] 2021-03-22 13:10:05.162 [main] Settings - JPA compliance - closed-handling : 
[DEBUG] 2021-03-22 13:10:05.162 [main] Settings - JPA compliance - lists : 
[DEBUG] 2021-03-22 13:10:05.162 [main] Settings - JPA compliance - transactions : 
[INFO ] 2021-03-22 13:10:05.337 [main] beans - HHH10005002: No explicit CDI BeanManager reference was passed to Hibernate, but CDI is available on the Hibernate ClassLoader.
[DEBUG] 2021-03-22 13:10:05.377 [main] SessionFactoryImpl - Session factory constructed with filter configurations : {}
[DEBUG] 2021-03-22 13:10:05.377 [main] SessionFactoryImpl - Instantiating session factory with properties: {sun.desktop=gnome, awt.toolkit=sun.awt.X11.XToolkit, java.specification.version=11, sun.cpu.isalist=, hibernate.c3p0.idle_test_period=3000, sun.jnu.encoding=UTF-8, hibernate.c3p0.min_size=5, java.class.path=/home/student/intellij/lib/idea_rt.jar:/home/student/intellij/plugins/junit/lib/junit5-rt.jar:/home/student/intellij/plugins/junit/lib/junit-rt.jar:/home/student/IdeaProjects/BookCollection/target/test-classes:/home/student/IdeaProjects/BookCollection/target/classes:/home/student/.m2/repository/junit/junit/4.12/junit-4.12.jar:/home/student/.m2/repository/org/hamcrest/hamcrest-core/1.3/hamcrest-core-1.3.jar:/home/student/.m2/repository/javax/javaee-web-api/7.0/javaee-web-api-7.0.jar:/home/student/.m2/repository/mysql/mysql-connector-java/8.0.22/mysql-connector-java-8.0.22.jar:/home/student/.m2/repository/com/google/protobuf/protobuf-java/3.11.4/protobuf-java-3.11.4.jar:/home/student/.m2/repository/javax/servlet/jsp/jstl/jstl-api/1.2/jstl-api-1.2.jar:/home/student/.m2/repository/javax/servlet/servlet-api/2.5/servlet-api-2.5.jar:/home/student/.m2/repository/javax/servlet/jsp/jsp-api/2.1/jsp-api-2.1.jar:/home/student/.m2/repository/javax/servlet/jstl/1.2/jstl-1.2.jar:/home/student/.m2/repository/taglibs/standard/1.1.2/standard-1.1.2.jar:/home/student/.m2/repository/org/apache/logging/log4j/log4j-api/2.10.0/log4j-api-2.10.0.jar:/home/student/.m2/repository/org/apache/logging/log4j/log4j-core/2.10.0/log4j-core-2.10.0.jar:/home/student/.m2/repository/org/junit/platform/junit-platform-runner/1.0.0/junit-platform-runner-1.0.0.jar:/home/student/.m2/repository/org/apiguardian/apiguardian-api/1.0.0/apiguardian-api-1.0.0.jar:/home/student/.m2/repository/org/junit/platform/junit-platform-launcher/1.0.0/junit-platform-launcher-1.0.0.jar:/home/student/.m2/repository/org/junit/platform/junit-platform-suite-api/1.0.0/junit-platform-suite-api-1.0.0.jar:/home/student/.m2/repository/org/junit/platform/junit-platform-commons/1.0.0/junit-platform-commons-1.0.0.jar:/home/student/.m2/repository/org/junit/vintage/junit-vintage-engine/4.12.0/junit-vintage-engine-4.12.0.jar:/home/student/.m2/repository/org/junit/platform/junit-platform-engine/1.0.0/junit-platform-engine-1.0.0.jar:/home/student/.m2/repository/org/opentest4j/opentest4j/1.0.0/opentest4j-1.0.0.jar:/home/student/.m2/repository/org/junit/jupiter/junit-jupiter-engine/5.0.0/junit-jupiter-engine-5.0.0.jar:/home/student/.m2/repository/org/junit/jupiter/junit-jupiter-api/5.0.0/junit-jupiter-api-5.0.0.jar:/home/student/.m2/repository/org/hibernate/hibernate-core/5.4.4.Final/hibernate-core-5.4.4.Final.jar:/home/student/.m2/repository/org/jboss/logging/jboss-logging/3.3.2.Final/jboss-logging-3.3.2.Final.jar:/home/student/.m2/repository/javax/persistence/javax.persistence-api/2.2/javax.persistence-api-2.2.jar:/home/student/.m2/repository/org/javassist/javassist/3.24.0-GA/javassist-3.24.0-GA.jar:/home/student/.m2/repository/net/bytebuddy/byte-buddy/1.9.11/byte-buddy-1.9.11.jar:/home/student/.m2/repository/antlr/antlr/2.7.7/antlr-2.7.7.jar:/home/student/.m2/repository/org/jboss/spec/javax/transaction/jboss-transaction-api_1.2_spec/1.1.1.Final/jboss-transaction-api_1.2_spec-1.1.1.Final.jar:/home/student/.m2/repository/org/jboss/jandex/2.0.5.Final/jandex-2.0.5.Final.jar:/home/student/.m2/repository/com/fasterxml/classmate/1.3.4/classmate-1.3.4.jar:/home/student/.m2/repository/javax/activation/javax.activation-api/1.2.0/javax.activation-api-1.2.0.jar:/home/student/.m2/repository/org/dom4j/dom4j/2.1.1/dom4j-2.1.1.jar:/home/student/.m2/repository/org/hibernate/common/hibernate-commons-annotations/5.1.0.Final/hibernate-commons-annotations-5.1.0.Final.jar:/home/student/.m2/repository/javax/xml/bind/jaxb-api/2.3.1/jaxb-api-2.3.1.jar:/home/student/.m2/repository/org/glassfish/jaxb/jaxb-runtime/2.3.1/jaxb-runtime-2.3.1.jar:/home/student/.m2/repository/org/glassfish/jaxb/txw2/2.3.1/txw2-2.3.1.jar:/home/student/.m2/repository/com/sun/istack/istack-commons-runtime/3.0.7/istack-commons-runtime-3.0.7.jar:/home/student/.m2/repository/org/jvnet/staxex/stax-ex/1.8/stax-ex-1.8.jar:/home/student/.m2/repository/com/sun/xml/fastinfoset/FastInfoset/1.2.15/FastInfoset-1.2.15.jar:/home/student/.m2/repository/org/hibernate/hibernate-c3p0/5.4.4.Final/hibernate-c3p0-5.4.4.Final.jar:/home/student/.m2/repository/com/mchange/c3p0/0.9.5.3/c3p0-0.9.5.3.jar:/home/student/.m2/repository/com/mchange/mchange-commons-java/0.2.15/mchange-commons-java-0.2.15.jar:/home/student/.m2/repository/org/glassfish/jersey/core/jersey-client/2.29.1/jersey-client-2.29.1.jar:/home/student/.m2/repository/jakarta/ws/rs/jakarta.ws.rs-api/2.1.6/jakarta.ws.rs-api-2.1.6.jar:/home/student/.m2/repository/org/glassfish/jersey/core/jersey-common/2.29.1/jersey-common-2.29.1.jar:/home/student/.m2/repository/jakarta/annotation/jakarta.annotation-api/1.3.5/jakarta.annotation-api-1.3.5.jar:/home/student/.m2/repository/org/glassfish/hk2/osgi-resource-locator/1.0.3/osgi-resource-locator-1.0.3.jar:/home/student/.m2/repository/com/sun/activation/jakarta.activation/1.2.1/jakarta.activation-1.2.1.jar:/home/student/.m2/repository/org/glassfish/hk2/external/jakarta.inject/2.6.1/jakarta.inject-2.6.1.jar:/home/student/.m2/repository/org/glassfish/jersey/inject/jersey-hk2/2.29.1/jersey-hk2-2.29.1.jar:/home/student/.m2/repository/org/glassfish/hk2/hk2-locator/2.6.1/hk2-locator-2.6.1.jar:/home/student/.m2/repository/org/glassfish/hk2/external/aopalliance-repackaged/2.6.1/aopalliance-repackaged-2.6.1.jar:/home/student/.m2/repository/org/glassfish/hk2/hk2-api/2.6.1/hk2-api-2.6.1.jar:/home/student/.m2/repository/org/glassfish/hk2/hk2-utils/2.6.1/hk2-utils-2.6.1.jar:/home/student/.m2/repository/com/fasterxml/jackson/core/jackson-core/2.10.0/jackson-core-2.10.0.jar:/home/student/.m2/repository/com/fasterxml/jackson/core/jackson-annotations/2.10.0/jackson-annotations-2.10.0.jar:/home/student/.m2/repository/com/fasterxml/jackson/core/jackson-databind/2.10.0/jackson-databind-2.10.0.jar, java.vm.vendor=Ubuntu, sun.arch.data.model=64, idea.test.cyclic.buffer.size=1048576, java.vendor.url=https://ubuntu.com/, user.timezone=America/Chicago, os.name=Linux, java.vm.specification.version=11, sun.java.launcher=SUN_STANDARD, user.country=US, sun.boot.library.path=/usr/lib/jvm/java-11-openjdk-amd64/lib, sun.java.command=com.intellij.rt.junit.JUnitStarter -ideVersion5 -junit5 test.persistence.BookDaoTest,getBooksByUserSuccess, jdk.debug=release, sun.cpu.endian=little, user.home=/home/student, hibernate.c3p0.max_statements=50, user.language=en, java.specification.vendor=Oracle Corporation, java.version.date=2021-01-19, java.home=/usr/lib/jvm/java-11-openjdk-amd64, file.separator=/, java.vm.compressedOopsMode=32-bit, line.separator=
, hibernate.c3p0.timeout=300, java.specification.name=Java Platform API Specification, java.vm.specification.vendor=Oracle Corporation, java.awt.graphicsenv=sun.awt.X11GraphicsEnvironment, connection.password=student, sun.management.compiler=HotSpot 64-Bit Tiered Compilers, hibernate.c3p0.max_size=20, java.runtime.version=11.0.10+9-Ubuntu-0ubuntu1.20.04, user.name=student, path.separator=:, hibernate.connection.username=****, os.version=5.4.0-67-generic, java.runtime.name=OpenJDK Runtime Environment, hibernate.connection.url=jdbc:mysql://localhost:3306/test_BookCollection, file.encoding=UTF-8, java.vm.name=OpenJDK 64-Bit Server VM, hibernate.connection.driver_class=com.mysql.cj.jdbc.Driver, java.vendor.url.bug=https://bugs.launchpad.net/ubuntu/+source/openjdk-lts, java.io.tmpdir=/tmp, java.version=11.0.10, user.dir=/home/student/IdeaProjects/BookCollection, os.arch=amd64, connection.username=root, java.vm.specification.name=Java Virtual Machine Specification, java.awt.printerjob=sun.print.PSPrinterJob, hibernate.connection.password=****, sun.os.patch.level=unknown, connection.driver_class=com.mysql.cj.jdbc.Driver, hibernate.boot.CfgXmlAccessService.key=org.hibernate.boot.cfgxml.spi.LoadedConfig@d611f1c, java.library.path=/usr/java/packages/lib:/usr/lib/x86_64-linux-gnu/jni:/lib/x86_64-linux-gnu:/usr/lib/x86_64-linux-gnu:/usr/lib/jni:/lib:/usr/lib, java.vendor=Ubuntu, java.vm.info=mixed mode, sharing, java.vm.version=11.0.10+9-Ubuntu-0ubuntu1.20.04, hibernate.bytecode.use_reflection_optimizer=false, sun.io.unicode.encoding=UnicodeLittle, connection.url=jdbc:mysql://localhost:3306/test_BookCollection, java.class.version=55.0}
[DEBUG] 2021-03-22 13:10:05.442 [main] TypeSafeActivator - Unable to acquire Bean Validation ValidatorFactory, skipping activation
[DEBUG] 2021-03-22 13:10:05.443 [main] JaccIntegrator - Skipping JACC integration as it was not enabled
[DEBUG] 2021-03-22 13:10:05.444 [main] SessionFactoryImpl - Instantiated session factory
[DEBUG] 2021-03-22 13:10:05.444 [main] TypeConfiguration$Scope - Scoping TypeConfiguration [org.hibernate.type.spi.TypeConfiguration@2cd62003] to SessionFactoryImpl [org.hibernate.internal.SessionFactoryImpl@144ab983]
[DEBUG] 2021-03-22 13:10:05.883 [main] ClassLoaderAccessImpl - Not known whether passed class name [User] is safe
[DEBUG] 2021-03-22 13:10:05.886 [main] ClassLoaderAccessImpl - No temp ClassLoader provided; using live ClassLoader for loading potentially unsafe class : User
[DEBUG] 2021-03-22 13:10:05.937 [main] ClassLoaderAccessImpl - Not known whether passed class name [User] is safe
[DEBUG] 2021-03-22 13:10:05.937 [main] ClassLoaderAccessImpl - No temp ClassLoader provided; using live ClassLoader for loading potentially unsafe class : User
[DEBUG] 2021-03-22 13:10:06.888 [main] ClassLoaderAccessImpl - Not known whether passed class name [Genre] is safe
[DEBUG] 2021-03-22 13:10:06.889 [main] ClassLoaderAccessImpl - No temp ClassLoader provided; using live ClassLoader for loading potentially unsafe class : Genre
[DEBUG] 2021-03-22 13:10:06.890 [main] ClassLoaderAccessImpl - Not known whether passed class name [Genre] is safe
[DEBUG] 2021-03-22 13:10:06.890 [main] ClassLoaderAccessImpl - No temp ClassLoader provided; using live ClassLoader for loading potentially unsafe class : Genre
[DEBUG] 2021-03-22 13:10:06.937 [main] ClassLoaderAccessImpl - Not known whether passed class name [Author] is safe
[DEBUG] 2021-03-22 13:10:06.938 [main] ClassLoaderAccessImpl - No temp ClassLoader provided; using live ClassLoader for loading potentially unsafe class : Author
[DEBUG] 2021-03-22 13:10:06.938 [main] ClassLoaderAccessImpl - Not known whether passed class name [Author] is safe
[DEBUG] 2021-03-22 13:10:06.938 [main] ClassLoaderAccessImpl - No temp ClassLoader provided; using live ClassLoader for loading potentially unsafe class : Author
[DEBUG] 2021-03-22 13:10:07.005 [main] ClassLoaderAccessImpl - Not known whether passed class name [Book] is safe
[DEBUG] 2021-03-22 13:10:07.006 [main] ClassLoaderAccessImpl - No temp ClassLoader provided; using live ClassLoader for loading potentially unsafe class : Book
[DEBUG] 2021-03-22 13:10:07.013 [main] ClassLoaderAccessImpl - Not known whether passed class name [Book] is safe
[DEBUG] 2021-03-22 13:10:07.014 [main] ClassLoaderAccessImpl - No temp ClassLoader provided; using live ClassLoader for loading potentially unsafe class : Book
[DEBUG] 2021-03-22 13:10:07.113 [main] AbstractEntityPersister - Static SQL for entity: User
[DEBUG] 2021-03-22 13:10:07.117 [main] AbstractEntityPersister -  Version select: select id from user where id =?
[DEBUG] 2021-03-22 13:10:07.118 [main] AbstractEntityPersister -  Snapshot select: select user_.id, user_.email as email2_3_, user_.first_name as first_na3_3_, user_.last_name as last_nam4_3_, user_.password as password5_3_, user_.username as username6_3_ from user user_ where user_.id=?
[DEBUG] 2021-03-22 13:10:07.118 [main] AbstractEntityPersister -  Insert 0: insert into user (email, first_name, last_name, password, username, id) values (?, ?, ?, ?, ?, ?)
[DEBUG] 2021-03-22 13:10:07.120 [main] AbstractEntityPersister -  Update 0: update user set email=?, first_name=?, last_name=?, password=?, username=? where id=?
[DEBUG] 2021-03-22 13:10:07.120 [main] AbstractEntityPersister -  Delete 0: delete from user where id=?
[DEBUG] 2021-03-22 13:10:07.120 [main] AbstractEntityPersister -  Identity insert: insert into user (email, first_name, last_name, password, username) values (?, ?, ?, ?, ?)
[DEBUG] 2021-03-22 13:10:07.227 [main] QuerySpacesImpl - Adding QuerySpace : uid = <gen:0> -> org.hibernate.loader.plan.build.internal.spaces.EntityQuerySpaceImpl@2801827a]
[DEBUG] 2021-03-22 13:10:07.231 [main] MetamodelGraphWalker - Visiting attribute path : email
[DEBUG] 2021-03-22 13:10:07.231 [main] MetamodelGraphWalker - Visiting attribute path : firstName
[DEBUG] 2021-03-22 13:10:07.231 [main] MetamodelGraphWalker - Visiting attribute path : lastName
[DEBUG] 2021-03-22 13:10:07.231 [main] MetamodelGraphWalker - Visiting attribute path : password
[DEBUG] 2021-03-22 13:10:07.231 [main] MetamodelGraphWalker - Visiting attribute path : userName
[DEBUG] 2021-03-22 13:10:07.232 [main] FetchStyleLoadPlanBuildingAssociationVisitationStrategy - Building LoadPlan...
[DEBUG] 2021-03-22 13:10:07.291 [main] LoadQueryJoinAndFetchProcessor - processing queryspace <gen:0>
[DEBUG] 2021-03-22 13:10:07.314 [main] LoadPlanTreePrinter - LoadPlan(entity=User)
    - Returns
       - EntityReturnImpl(entity=User, querySpaceUid=<gen:0>, path=User)
    - QuerySpaces
       - EntityQuerySpaceImpl(uid=<gen:0>, entity=User)
          - SQL table alias mapping - user0_
          - alias suffix - 0_
          - suffixed key columns - {id1_3_0_}

[DEBUG] 2021-03-22 13:10:07.321 [main] EntityLoader - Static select for entity User [NONE]: select user0_.id as id1_3_0_, user0_.email as email2_3_0_, user0_.first_name as first_na3_3_0_, user0_.last_name as last_nam4_3_0_, user0_.password as password5_3_0_, user0_.username as username6_3_0_ from user user0_ where user0_.id=?
[DEBUG] 2021-03-22 13:10:07.322 [main] QuerySpacesImpl - Adding QuerySpace : uid = <gen:0> -> org.hibernate.loader.plan.build.internal.spaces.EntityQuerySpaceImpl@686cf8ad]
[DEBUG] 2021-03-22 13:10:07.322 [main] MetamodelGraphWalker - Visiting attribute path : email
[DEBUG] 2021-03-22 13:10:07.322 [main] MetamodelGraphWalker - Visiting attribute path : firstName
[DEBUG] 2021-03-22 13:10:07.322 [main] MetamodelGraphWalker - Visiting attribute path : lastName
[DEBUG] 2021-03-22 13:10:07.322 [main] MetamodelGraphWalker - Visiting attribute path : password
[DEBUG] 2021-03-22 13:10:07.322 [main] MetamodelGraphWalker - Visiting attribute path : userName
[DEBUG] 2021-03-22 13:10:07.322 [main] FetchStyleLoadPlanBuildingAssociationVisitationStrategy - Building LoadPlan...
[DEBUG] 2021-03-22 13:10:07.322 [main] LoadQueryJoinAndFetchProcessor - processing queryspace <gen:0>
[DEBUG] 2021-03-22 13:10:07.323 [main] LoadPlanTreePrinter - LoadPlan(entity=User)
    - Returns
       - EntityReturnImpl(entity=User, querySpaceUid=<gen:0>, path=User)
    - QuerySpaces
       - EntityQuerySpaceImpl(uid=<gen:0>, entity=User)
          - SQL table alias mapping - user0_
          - alias suffix - 0_
          - suffixed key columns - {id1_3_0_}

[DEBUG] 2021-03-22 13:10:07.323 [main] EntityLoader - Static select for entity User [READ]: select user0_.id as id1_3_0_, user0_.email as email2_3_0_, user0_.first_name as first_na3_3_0_, user0_.last_name as last_nam4_3_0_, user0_.password as password5_3_0_, user0_.username as username6_3_0_ from user user0_ where user0_.id=?
[DEBUG] 2021-03-22 13:10:07.367 [main] Loader - Static select for action ACTION_MERGE on entity User: select user0_.id as id1_3_0_, user0_.email as email2_3_0_, user0_.first_name as first_na3_3_0_, user0_.last_name as last_nam4_3_0_, user0_.password as password5_3_0_, user0_.username as username6_3_0_ from user user0_ where user0_.id=?
[DEBUG] 2021-03-22 13:10:07.370 [main] Loader - Static select for action ACTION_REFRESH on entity User: select user0_.id as id1_3_0_, user0_.email as email2_3_0_, user0_.first_name as first_na3_3_0_, user0_.last_name as last_nam4_3_0_, user0_.password as password5_3_0_, user0_.username as username6_3_0_ from user user0_ where user0_.id=?
[DEBUG] 2021-03-22 13:10:07.371 [main] AbstractEntityPersister - Static SQL for entity: Genre
[DEBUG] 2021-03-22 13:10:07.371 [main] AbstractEntityPersister -  Version select: select id from genre where id =?
[DEBUG] 2021-03-22 13:10:07.371 [main] AbstractEntityPersister -  Snapshot select: select genre_.id, genre_.name as name2_2_ from genre genre_ where genre_.id=?
[DEBUG] 2021-03-22 13:10:07.371 [main] AbstractEntityPersister -  Insert 0: insert into genre (name, id) values (?, ?)
[DEBUG] 2021-03-22 13:10:07.371 [main] AbstractEntityPersister -  Update 0: update genre set name=? where id=?
[DEBUG] 2021-03-22 13:10:07.371 [main] AbstractEntityPersister -  Delete 0: delete from genre where id=?
[DEBUG] 2021-03-22 13:10:07.372 [main] AbstractEntityPersister -  Identity insert: insert into genre (name) values (?)
[DEBUG] 2021-03-22 13:10:07.372 [main] QuerySpacesImpl - Adding QuerySpace : uid = <gen:0> -> org.hibernate.loader.plan.build.internal.spaces.EntityQuerySpaceImpl@3f5dfe69]
[DEBUG] 2021-03-22 13:10:07.372 [main] MetamodelGraphWalker - Visiting attribute path : name
[DEBUG] 2021-03-22 13:10:07.372 [main] FetchStyleLoadPlanBuildingAssociationVisitationStrategy - Building LoadPlan...
[DEBUG] 2021-03-22 13:10:07.372 [main] LoadQueryJoinAndFetchProcessor - processing queryspace <gen:0>
[DEBUG] 2021-03-22 13:10:07.377 [main] LoadPlanTreePrinter - LoadPlan(entity=Genre)
    - Returns
       - EntityReturnImpl(entity=Genre, querySpaceUid=<gen:0>, path=Genre)
    - QuerySpaces
       - EntityQuerySpaceImpl(uid=<gen:0>, entity=Genre)
          - SQL table alias mapping - genre0_
          - alias suffix - 0_
          - suffixed key columns - {id1_2_0_}

[DEBUG] 2021-03-22 13:10:07.377 [main] EntityLoader - Static select for entity Genre [NONE]: select genre0_.id as id1_2_0_, genre0_.name as name2_2_0_ from genre genre0_ where genre0_.id=?
[DEBUG] 2021-03-22 13:10:07.377 [main] QuerySpacesImpl - Adding QuerySpace : uid = <gen:0> -> org.hibernate.loader.plan.build.internal.spaces.EntityQuerySpaceImpl@3a788fe0]
[DEBUG] 2021-03-22 13:10:07.377 [main] MetamodelGraphWalker - Visiting attribute path : name
[DEBUG] 2021-03-22 13:10:07.378 [main] FetchStyleLoadPlanBuildingAssociationVisitationStrategy - Building LoadPlan...
[DEBUG] 2021-03-22 13:10:07.378 [main] LoadQueryJoinAndFetchProcessor - processing queryspace <gen:0>
[DEBUG] 2021-03-22 13:10:07.379 [main] LoadPlanTreePrinter - LoadPlan(entity=Genre)
    - Returns
       - EntityReturnImpl(entity=Genre, querySpaceUid=<gen:0>, path=Genre)
    - QuerySpaces
       - EntityQuerySpaceImpl(uid=<gen:0>, entity=Genre)
          - SQL table alias mapping - genre0_
          - alias suffix - 0_
          - suffixed key columns - {id1_2_0_}

[DEBUG] 2021-03-22 13:10:07.381 [main] EntityLoader - Static select for entity Genre [READ]: select genre0_.id as id1_2_0_, genre0_.name as name2_2_0_ from genre genre0_ where genre0_.id=?
[DEBUG] 2021-03-22 13:10:07.383 [main] Loader - Static select for action ACTION_MERGE on entity Genre: select genre0_.id as id1_2_0_, genre0_.name as name2_2_0_ from genre genre0_ where genre0_.id=?
[DEBUG] 2021-03-22 13:10:07.384 [main] Loader - Static select for action ACTION_REFRESH on entity Genre: select genre0_.id as id1_2_0_, genre0_.name as name2_2_0_ from genre genre0_ where genre0_.id=?
[DEBUG] 2021-03-22 13:10:07.384 [main] AbstractEntityPersister - Static SQL for entity: Author
[DEBUG] 2021-03-22 13:10:07.392 [main] AbstractEntityPersister -  Version select: select id from author where id =?
[DEBUG] 2021-03-22 13:10:07.393 [main] AbstractEntityPersister -  Snapshot select: select author_.id, author_.first_name as first_na2_0_, author_.last_name as last_nam3_0_ from author author_ where author_.id=?
[DEBUG] 2021-03-22 13:10:07.393 [main] AbstractEntityPersister -  Insert 0: insert into author (first_name, last_name, id) values (?, ?, ?)
[DEBUG] 2021-03-22 13:10:07.393 [main] AbstractEntityPersister -  Update 0: update author set first_name=?, last_name=? where id=?
[DEBUG] 2021-03-22 13:10:07.393 [main] AbstractEntityPersister -  Delete 0: delete from author where id=?
[DEBUG] 2021-03-22 13:10:07.393 [main] AbstractEntityPersister -  Identity insert: insert into author (first_name, last_name) values (?, ?)
[DEBUG] 2021-03-22 13:10:07.393 [main] QuerySpacesImpl - Adding QuerySpace : uid = <gen:0> -> org.hibernate.loader.plan.build.internal.spaces.EntityQuerySpaceImpl@1373e3ee]
[DEBUG] 2021-03-22 13:10:07.393 [main] MetamodelGraphWalker - Visiting attribute path : firstName
[DEBUG] 2021-03-22 13:10:07.393 [main] MetamodelGraphWalker - Visiting attribute path : lastName
[DEBUG] 2021-03-22 13:10:07.393 [main] FetchStyleLoadPlanBuildingAssociationVisitationStrategy - Building LoadPlan...
[DEBUG] 2021-03-22 13:10:07.394 [main] LoadQueryJoinAndFetchProcessor - processing queryspace <gen:0>
[DEBUG] 2021-03-22 13:10:07.394 [main] LoadPlanTreePrinter - LoadPlan(entity=Author)
    - Returns
       - EntityReturnImpl(entity=Author, querySpaceUid=<gen:0>, path=Author)
    - QuerySpaces
       - EntityQuerySpaceImpl(uid=<gen:0>, entity=Author)
          - SQL table alias mapping - author0_
          - alias suffix - 0_
          - suffixed key columns - {id1_0_0_}

[DEBUG] 2021-03-22 13:10:07.394 [main] EntityLoader - Static select for entity Author [NONE]: select author0_.id as id1_0_0_, author0_.first_name as first_na2_0_0_, author0_.last_name as last_nam3_0_0_ from author author0_ where author0_.id=?
[DEBUG] 2021-03-22 13:10:07.394 [main] QuerySpacesImpl - Adding QuerySpace : uid = <gen:0> -> org.hibernate.loader.plan.build.internal.spaces.EntityQuerySpaceImpl@69a5c6be]
[DEBUG] 2021-03-22 13:10:07.394 [main] MetamodelGraphWalker - Visiting attribute path : firstName
[DEBUG] 2021-03-22 13:10:07.395 [main] MetamodelGraphWalker - Visiting attribute path : lastName
[DEBUG] 2021-03-22 13:10:07.395 [main] FetchStyleLoadPlanBuildingAssociationVisitationStrategy - Building LoadPlan...
[DEBUG] 2021-03-22 13:10:07.396 [main] LoadQueryJoinAndFetchProcessor - processing queryspace <gen:0>
[DEBUG] 2021-03-22 13:10:07.396 [main] LoadPlanTreePrinter - LoadPlan(entity=Author)
    - Returns
       - EntityReturnImpl(entity=Author, querySpaceUid=<gen:0>, path=Author)
    - QuerySpaces
       - EntityQuerySpaceImpl(uid=<gen:0>, entity=Author)
          - SQL table alias mapping - author0_
          - alias suffix - 0_
          - suffixed key columns - {id1_0_0_}

[DEBUG] 2021-03-22 13:10:07.401 [main] EntityLoader - Static select for entity Author [READ]: select author0_.id as id1_0_0_, author0_.first_name as first_na2_0_0_, author0_.last_name as last_nam3_0_0_ from author author0_ where author0_.id=?
[DEBUG] 2021-03-22 13:10:07.402 [main] Loader - Static select for action ACTION_MERGE on entity Author: select author0_.id as id1_0_0_, author0_.first_name as first_na2_0_0_, author0_.last_name as last_nam3_0_0_ from author author0_ where author0_.id=?
[DEBUG] 2021-03-22 13:10:07.403 [main] Loader - Static select for action ACTION_REFRESH on entity Author: select author0_.id as id1_0_0_, author0_.first_name as first_na2_0_0_, author0_.last_name as last_nam3_0_0_ from author author0_ where author0_.id=?
[DEBUG] 2021-03-22 13:10:07.404 [main] AbstractEntityPersister - Static SQL for entity: Book
[DEBUG] 2021-03-22 13:10:07.404 [main] AbstractEntityPersister -  Version select: select id from book where id =?
[DEBUG] 2021-03-22 13:10:07.405 [main] AbstractEntityPersister -  Snapshot select: select book_.id, book_.author_id as author_i4_1_, book_.genre_id as genre_id5_1_, book_.isbn as isbn2_1_, book_.title as title3_1_, book_.user_id as user_id6_1_ from book book_ where book_.id=?
[DEBUG] 2021-03-22 13:10:07.405 [main] AbstractEntityPersister -  Insert 0: insert into book (author_id, genre_id, isbn, title, user_id, id) values (?, ?, ?, ?, ?, ?)
[DEBUG] 2021-03-22 13:10:07.405 [main] AbstractEntityPersister -  Update 0: update book set author_id=?, genre_id=?, isbn=?, title=?, user_id=? where id=?
[DEBUG] 2021-03-22 13:10:07.405 [main] AbstractEntityPersister -  Delete 0: delete from book where id=?
[DEBUG] 2021-03-22 13:10:07.405 [main] AbstractEntityPersister -  Identity insert: insert into book (author_id, genre_id, isbn, title, user_id) values (?, ?, ?, ?, ?)
[DEBUG] 2021-03-22 13:10:07.405 [main] QuerySpacesImpl - Adding QuerySpace : uid = <gen:0> -> org.hibernate.loader.plan.build.internal.spaces.EntityQuerySpaceImpl@497ed877]
[DEBUG] 2021-03-22 13:10:07.405 [main] MetamodelGraphWalker - Visiting attribute path : author
[DEBUG] 2021-03-22 13:10:07.430 [main] QuerySpacesImpl - Adding QuerySpace : uid = <gen:1> -> org.hibernate.loader.plan.build.internal.spaces.EntityQuerySpaceImpl@c568f91]
[DEBUG] 2021-03-22 13:10:07.436 [main] MetamodelGraphWalker - Visiting attribute path : author.firstName
[DEBUG] 2021-03-22 13:10:07.448 [main] MetamodelGraphWalker - Visiting attribute path : author.lastName
[DEBUG] 2021-03-22 13:10:07.452 [main] MetamodelGraphWalker - Visiting attribute path : genre
[DEBUG] 2021-03-22 13:10:07.455 [main] QuerySpacesImpl - Adding QuerySpace : uid = <gen:2> -> org.hibernate.loader.plan.build.internal.spaces.EntityQuerySpaceImpl@49232c6f]
[DEBUG] 2021-03-22 13:10:07.456 [main] MetamodelGraphWalker - Visiting attribute path : genre.name
[DEBUG] 2021-03-22 13:10:07.456 [main] MetamodelGraphWalker - Visiting attribute path : isbn
[DEBUG] 2021-03-22 13:10:07.456 [main] MetamodelGraphWalker - Visiting attribute path : title
[DEBUG] 2021-03-22 13:10:07.456 [main] MetamodelGraphWalker - Visiting attribute path : user
[DEBUG] 2021-03-22 13:10:07.456 [main] QuerySpacesImpl - Adding QuerySpace : uid = <gen:3> -> org.hibernate.loader.plan.build.internal.spaces.EntityQuerySpaceImpl@5396eeb1]
[DEBUG] 2021-03-22 13:10:07.457 [main] MetamodelGraphWalker - Visiting attribute path : user.email
[DEBUG] 2021-03-22 13:10:07.457 [main] MetamodelGraphWalker - Visiting attribute path : user.firstName
[DEBUG] 2021-03-22 13:10:07.457 [main] MetamodelGraphWalker - Visiting attribute path : user.lastName
[DEBUG] 2021-03-22 13:10:07.457 [main] MetamodelGraphWalker - Visiting attribute path : user.password
[DEBUG] 2021-03-22 13:10:07.457 [main] MetamodelGraphWalker - Visiting attribute path : user.userName
[DEBUG] 2021-03-22 13:10:07.457 [main] FetchStyleLoadPlanBuildingAssociationVisitationStrategy - Building LoadPlan...
[DEBUG] 2021-03-22 13:10:07.459 [main] LoadQueryJoinAndFetchProcessor - processing queryspace <gen:0>
[DEBUG] 2021-03-22 13:10:07.468 [main] LoadPlanTreePrinter - LoadPlan(entity=Book)
    - Returns
       - EntityReturnImpl(entity=Book, querySpaceUid=<gen:0>, path=Book)
          - EntityAttributeFetchImpl(entity=Author, querySpaceUid=<gen:1>, path=Book.author)
          - EntityAttributeFetchImpl(entity=Genre, querySpaceUid=<gen:2>, path=Book.genre)
          - EntityAttributeFetchImpl(entity=User, querySpaceUid=<gen:3>, path=Book.user)
    - QuerySpaces
       - EntityQuerySpaceImpl(uid=<gen:0>, entity=Book)
          - SQL table alias mapping - book0_
          - alias suffix - 0_
          - suffixed key columns - {id1_1_0_}
          - JOIN (JoinDefinedByMetadata(author)) : <gen:0> -> <gen:1>
             - EntityQuerySpaceImpl(uid=<gen:1>, entity=Author)
                - SQL table alias mapping - author1_
                - alias suffix - 1_
                - suffixed key columns - {id1_0_1_}
          - JOIN (JoinDefinedByMetadata(genre)) : <gen:0> -> <gen:2>
             - EntityQuerySpaceImpl(uid=<gen:2>, entity=Genre)
                - SQL table alias mapping - genre2_
                - alias suffix - 2_
                - suffixed key columns - {id1_2_2_}
          - JOIN (JoinDefinedByMetadata(user)) : <gen:0> -> <gen:3>
             - EntityQuerySpaceImpl(uid=<gen:3>, entity=User)
                - SQL table alias mapping - user3_
                - alias suffix - 3_
                - suffixed key columns - {id1_3_3_}

[DEBUG] 2021-03-22 13:10:07.468 [main] EntityLoader - Static select for entity Book [NONE]: select book0_.id as id1_1_0_, book0_.author_id as author_i4_1_0_, book0_.genre_id as genre_id5_1_0_, book0_.isbn as isbn2_1_0_, book0_.title as title3_1_0_, book0_.user_id as user_id6_1_0_, author1_.id as id1_0_1_, author1_.first_name as first_na2_0_1_, author1_.last_name as last_nam3_0_1_, genre2_.id as id1_2_2_, genre2_.name as name2_2_2_, user3_.id as id1_3_3_, user3_.email as email2_3_3_, user3_.first_name as first_na3_3_3_, user3_.last_name as last_nam4_3_3_, user3_.password as password5_3_3_, user3_.username as username6_3_3_ from book book0_ left outer join author author1_ on book0_.author_id=author1_.id left outer join genre genre2_ on book0_.genre_id=genre2_.id left outer join user user3_ on book0_.user_id=user3_.id where book0_.id=?
[DEBUG] 2021-03-22 13:10:07.471 [main] QuerySpacesImpl - Adding QuerySpace : uid = <gen:0> -> org.hibernate.loader.plan.build.internal.spaces.EntityQuerySpaceImpl@15d236fd]
[DEBUG] 2021-03-22 13:10:07.472 [main] MetamodelGraphWalker - Visiting attribute path : author
[DEBUG] 2021-03-22 13:10:07.473 [main] QuerySpacesImpl - Adding QuerySpace : uid = <gen:1> -> org.hibernate.loader.plan.build.internal.spaces.EntityQuerySpaceImpl@584ca390]
[DEBUG] 2021-03-22 13:10:07.477 [main] MetamodelGraphWalker - Visiting attribute path : author.firstName
[DEBUG] 2021-03-22 13:10:07.477 [main] MetamodelGraphWalker - Visiting attribute path : author.lastName
[DEBUG] 2021-03-22 13:10:07.477 [main] MetamodelGraphWalker - Visiting attribute path : genre
[DEBUG] 2021-03-22 13:10:07.477 [main] QuerySpacesImpl - Adding QuerySpace : uid = <gen:2> -> org.hibernate.loader.plan.build.internal.spaces.EntityQuerySpaceImpl@37d3e140]
[DEBUG] 2021-03-22 13:10:07.478 [main] MetamodelGraphWalker - Visiting attribute path : genre.name
[DEBUG] 2021-03-22 13:10:07.479 [main] MetamodelGraphWalker - Visiting attribute path : isbn
[DEBUG] 2021-03-22 13:10:07.479 [main] MetamodelGraphWalker - Visiting attribute path : title
[DEBUG] 2021-03-22 13:10:07.479 [main] MetamodelGraphWalker - Visiting attribute path : user
[DEBUG] 2021-03-22 13:10:07.480 [main] QuerySpacesImpl - Adding QuerySpace : uid = <gen:3> -> org.hibernate.loader.plan.build.internal.spaces.EntityQuerySpaceImpl@33eb0d4]
[DEBUG] 2021-03-22 13:10:07.482 [main] MetamodelGraphWalker - Visiting attribute path : user.email
[DEBUG] 2021-03-22 13:10:07.483 [main] MetamodelGraphWalker - Visiting attribute path : user.firstName
[DEBUG] 2021-03-22 13:10:07.483 [main] MetamodelGraphWalker - Visiting attribute path : user.lastName
[DEBUG] 2021-03-22 13:10:07.483 [main] MetamodelGraphWalker - Visiting attribute path : user.password
[DEBUG] 2021-03-22 13:10:07.483 [main] MetamodelGraphWalker - Visiting attribute path : user.userName
[DEBUG] 2021-03-22 13:10:07.483 [main] FetchStyleLoadPlanBuildingAssociationVisitationStrategy - Building LoadPlan...
[DEBUG] 2021-03-22 13:10:07.484 [main] LoadQueryJoinAndFetchProcessor - processing queryspace <gen:0>
[DEBUG] 2021-03-22 13:10:07.487 [main] LoadPlanTreePrinter - LoadPlan(entity=Book)
    - Returns
       - EntityReturnImpl(entity=Book, querySpaceUid=<gen:0>, path=Book)
          - EntityAttributeFetchImpl(entity=Author, querySpaceUid=<gen:1>, path=Book.author)
          - EntityAttributeFetchImpl(entity=Genre, querySpaceUid=<gen:2>, path=Book.genre)
          - EntityAttributeFetchImpl(entity=User, querySpaceUid=<gen:3>, path=Book.user)
    - QuerySpaces
       - EntityQuerySpaceImpl(uid=<gen:0>, entity=Book)
          - SQL table alias mapping - book0_
          - alias suffix - 0_
          - suffixed key columns - {id1_1_0_}
          - JOIN (JoinDefinedByMetadata(author)) : <gen:0> -> <gen:1>
             - EntityQuerySpaceImpl(uid=<gen:1>, entity=Author)
                - SQL table alias mapping - author1_
                - alias suffix - 1_
                - suffixed key columns - {id1_0_1_}
          - JOIN (JoinDefinedByMetadata(genre)) : <gen:0> -> <gen:2>
             - EntityQuerySpaceImpl(uid=<gen:2>, entity=Genre)
                - SQL table alias mapping - genre2_
                - alias suffix - 2_
                - suffixed key columns - {id1_2_2_}
          - JOIN (JoinDefinedByMetadata(user)) : <gen:0> -> <gen:3>
             - EntityQuerySpaceImpl(uid=<gen:3>, entity=User)
                - SQL table alias mapping - user3_
                - alias suffix - 3_
                - suffixed key columns - {id1_3_3_}

[DEBUG] 2021-03-22 13:10:07.487 [main] EntityLoader - Static select for entity Book [READ]: select book0_.id as id1_1_0_, book0_.author_id as author_i4_1_0_, book0_.genre_id as genre_id5_1_0_, book0_.isbn as isbn2_1_0_, book0_.title as title3_1_0_, book0_.user_id as user_id6_1_0_, author1_.id as id1_0_1_, author1_.first_name as first_na2_0_1_, author1_.last_name as last_nam3_0_1_, genre2_.id as id1_2_2_, genre2_.name as name2_2_2_, user3_.id as id1_3_3_, user3_.email as email2_3_3_, user3_.first_name as first_na3_3_3_, user3_.last_name as last_nam4_3_3_, user3_.password as password5_3_3_, user3_.username as username6_3_3_ from book book0_ left outer join author author1_ on book0_.author_id=author1_.id left outer join genre genre2_ on book0_.genre_id=genre2_.id left outer join user user3_ on book0_.user_id=user3_.id where book0_.id=?
[DEBUG] 2021-03-22 13:10:07.493 [main] Loader - Static select for action ACTION_MERGE on entity Book: select book0_.id as id1_1_0_, book0_.author_id as author_i4_1_0_, book0_.genre_id as genre_id5_1_0_, book0_.isbn as isbn2_1_0_, book0_.title as title3_1_0_, book0_.user_id as user_id6_1_0_ from book book0_ where book0_.id=?
[DEBUG] 2021-03-22 13:10:07.494 [main] Loader - Static select for action ACTION_REFRESH on entity Book: select book0_.id as id1_1_0_, book0_.author_id as author_i4_1_0_, book0_.genre_id as genre_id5_1_0_, book0_.isbn as isbn2_1_0_, book0_.title as title3_1_0_, book0_.user_id as user_id6_1_0_ from book book0_ where book0_.id=?
[DEBUG] 2021-03-22 13:10:07.581 [main] SchemaManagementToolCoordinator - No actions specified; doing nothing
[DEBUG] 2021-03-22 13:10:07.581 [main] JtaPlatformInitiator - No JtaPlatform was specified, checking resolver
[DEBUG] 2021-03-22 13:10:07.582 [main] JtaPlatformResolverInitiator - No JtaPlatformResolver was specified, using default [org.hibernate.engine.transaction.jta.platform.internal.StandardJtaPlatformResolver]
[DEBUG] 2021-03-22 13:10:07.594 [main] StandardJtaPlatformResolver - Could not resolve JtaPlatform, using default [org.hibernate.engine.transaction.jta.platform.internal.NoJtaPlatform]
[INFO ] 2021-03-22 13:10:07.594 [main] JtaPlatformInitiator - HHH000490: Using JtaPlatform implementation: [org.hibernate.engine.transaction.jta.platform.internal.NoJtaPlatform]
[DEBUG] 2021-03-22 13:10:07.597 [main] NamedQueryRepository - Checking 0 named HQL queries
[DEBUG] 2021-03-22 13:10:07.597 [main] NamedQueryRepository - Checking 0 named SQL queries
[DEBUG] 2021-03-22 13:10:07.600 [main] SessionFactoryRegistry - Initializing SessionFactoryRegistry : org.hibernate.internal.SessionFactoryRegistry@34009349
[DEBUG] 2021-03-22 13:10:07.607 [main] SessionFactoryRegistry - Registering SessionFactory: 42755f94-ed35-4d27-8db3-ed6c89c3c84b (<unnamed>)
[DEBUG] 2021-03-22 13:10:07.608 [main] SessionFactoryRegistry - Not binding SessionFactory to JNDI, no JNDI name configured
[DEBUG] 2021-03-22 13:10:07.805 [main] StatisticsInitiator - Statistics initialized [enabled=false]
[DEBUG] 2021-03-22 13:10:07.991 [main] CriteriaQueryImpl - Rendered criteria query -> select generatedAlias0 from Book as generatedAlias0 where generatedAlias0.user=:param0
[DEBUG] 2021-03-22 13:10:08.015 [main] QueryTranslatorFactoryInitiator - QueryTranslatorFactory: org.hibernate.hql.internal.ast.ASTQueryTranslatorFactory@8b41ad
[DEBUG] 2021-03-22 13:10:08.042 [main] QueryTranslatorImpl - parse() - HQL: select generatedAlias0 from Book as generatedAlias0 where generatedAlias0.user=:param0
[DEBUG] 2021-03-22 13:10:08.066 [main] ErrorTracker - throwQueryException() : no errors
[DEBUG] 2021-03-22 13:10:08.112 [main] QueryTranslatorImpl - --- HQL AST ---
 \-[QUERY] Node: 'query'
    +-[SELECT_FROM] Node: 'SELECT_FROM'
    |  +-[FROM] Node: 'from'
    |  |  \-[RANGE] Node: 'RANGE'
    |  |     +-[DOT] Node: '.'
    |  |     |  +-[IDENT] Node: 'entity'
    |  |     |  \-[IDENT] Node: 'Book'
    |  |     \-[ALIAS] Node: 'generatedAlias0'
    |  \-[SELECT] Node: 'select'
    |     \-[IDENT] Node: 'generatedAlias0'
    \-[WHERE] Node: 'where'
       \-[EQ] Node: '='
          +-[DOT] Node: '.'
          |  +-[IDENT] Node: 'generatedAlias0'
          |  \-[IDENT] Node: 'user'
          \-[COLON] Node: ':'
             \-[IDENT] Node: 'param0'

[DEBUG] 2021-03-22 13:10:08.247 [main] HqlSqlBaseWalker - select << begin [level=1, statement=select]
[DEBUG] 2021-03-22 13:10:08.285 [main] FromElement - FromClause{level=1} : Book (generatedAlias0) -> book0_
[DEBUG] 2021-03-22 13:10:08.287 [main] FromReferenceNode - Resolved : generatedAlias0 -> book0_.id
[DEBUG] 2021-03-22 13:10:08.294 [main] FromReferenceNode - Resolved : generatedAlias0 -> book0_.id
[DEBUG] 2021-03-22 13:10:08.295 [main] DotNode - getDataType() : user -> org.hibernate.type.ManyToOneType(User)
[DEBUG] 2021-03-22 13:10:08.295 [main] DotNode - dereferenceShortcut() : property user in Book does not require a join.
[DEBUG] 2021-03-22 13:10:08.300 [main] DotNode - Terminal getPropertyPath = [user]
[DEBUG] 2021-03-22 13:10:08.300 [main] FromReferenceNode - Resolved : generatedAlias0.user -> book0_.user_id
[DEBUG] 2021-03-22 13:10:08.306 [main] HqlSqlBaseWalker - select : finishing up [level=1, statement=select]
[DEBUG] 2021-03-22 13:10:08.309 [main] HqlSqlWalker - processQuery() :  ( SELECT ( {select clause} book0_.id ) ( FromClause{level=1} book book0_ ) ( where ( = ( book0_.user_id book0_.id user ) ? ) ) )
[DEBUG] 2021-03-22 13:10:08.328 [main] JoinProcessor - Using FROM fragment [book book0_]
[DEBUG] 2021-03-22 13:10:08.332 [main] HqlSqlBaseWalker - select >> end [level=1, statement=select]
[DEBUG] 2021-03-22 13:10:08.339 [main] QueryTranslatorImpl - --- SQL AST ---
 \-[SELECT] QueryNode: 'SELECT'  querySpaces (book)
    +-[SELECT_CLAUSE] SelectClause: '{select clause}'
    |  +-[ALIAS_REF] IdentNode: 'book0_.id as id1_1_' {alias=generatedAlias0, className=Book, tableAlias=book0_}
    |  \-[SQL_TOKEN] SqlFragment: 'book0_.author_id as author_i4_1_, book0_.genre_id as genre_id5_1_, book0_.isbn as isbn2_1_, book0_.title as title3_1_, book0_.user_id as user_id6_1_'
    +-[FROM] FromClause: 'from' FromClause{level=1, fromElementCounter=1, fromElements=1, fromElementByClassAlias=[generatedAlias0], fromElementByTableAlias=[book0_], fromElementsByPath=[], collectionJoinFromElementsByPath=[], impliedElements=[]}
    |  \-[FROM_FRAGMENT] FromElement: 'book book0_' FromElement{explicit,not a collection join,not a fetch join,fetch non-lazy properties,classAlias=generatedAlias0,role=null,tableName=book,tableAlias=book0_,origin=null,columns={,className=Book}}
    \-[WHERE] SqlNode: 'where'
       \-[EQ] BinaryLogicOperatorNode: '='
          +-[DOT] DotNode: 'book0_.user_id' {propertyName=user,dereferenceType=UNKNOWN,getPropertyPath=user,path=generatedAlias0.user,tableAlias=book0_,className=Book,classAlias=generatedAlias0}
          |  +-[ALIAS_REF] IdentNode: 'book0_.id' {alias=generatedAlias0, className=Book, tableAlias=book0_}
          |  \-[IDENT] IdentNode: 'user' {originalText=user}
          \-[NAMED_PARAM] ParameterNode: '?' {name=param0, expectedType=org.hibernate.type.ManyToOneType(User)}

[DEBUG] 2021-03-22 13:10:08.340 [main] ErrorTracker - throwQueryException() : no errors
[DEBUG] 2021-03-22 13:10:08.353 [main] QueryTranslatorImpl - HQL: select generatedAlias0 from Book as generatedAlias0 where generatedAlias0.user=:param0
[DEBUG] 2021-03-22 13:10:08.353 [main] QueryTranslatorImpl - SQL: select book0_.id as id1_1_, book0_.author_id as author_i4_1_, book0_.genre_id as genre_id5_1_, book0_.isbn as isbn2_1_, book0_.title as title3_1_, book0_.user_id as user_id6_1_ from book book0_ where book0_.user_id=?
[DEBUG] 2021-03-22 13:10:08.353 [main] ErrorTracker - throwQueryException() : no errors
[DEBUG] 2021-03-22 13:10:08.418 [main] SQL - select book0_.id as id1_1_, book0_.author_id as author_i4_1_, book0_.genre_id as genre_id5_1_, book0_.isbn as isbn2_1_, book0_.title as title3_1_, book0_.user_id as user_id6_1_ from book book0_ where book0_.user_id=?
[DEBUG] 2021-03-22 13:10:08.467 [main] LogicalConnectionManagedImpl - Initiating JDBC connection release from afterTransaction
[DEBUG] 2021-03-22 13:10:08.474 [main] TransactionImpl - On TransactionImpl creation, JpaCompliance#isJpaTransactionComplianceEnabled == false
