[DEBUG] 2021-03-01 17:08:25.852 [main] IntegratorServiceImpl - Adding Integrator [org.hibernate.cfg.beanvalidation.BeanValidationIntegrator].
[DEBUG] 2021-03-01 17:08:25.907 [main] IntegratorServiceImpl - Adding Integrator [org.hibernate.secure.spi.JaccIntegrator].
[DEBUG] 2021-03-01 17:08:25.932 [main] IntegratorServiceImpl - Adding Integrator [org.hibernate.cache.internal.CollectionCacheInvalidator].
[INFO ] 2021-03-01 17:08:26.583 [main] Version - HHH000412: Hibernate Core {5.4.4.Final}
[DEBUG] 2021-03-01 17:08:26.604 [main] Environment - HHH000206: hibernate.properties not found
[DEBUG] 2021-03-01 17:08:27.932 [main] LocalXmlResourceResolver - Interpreting public/system identifier : [-//Hibernate/Hibernate Configuration DTD//EN] - [http://www.hibernate.org/dtd/hibernate-configuration-3.0.dtd]
[DEBUG] 2021-03-01 17:08:27.945 [main] LocalXmlResourceResolver - Recognized hibernate-configuration identifier; attempting to resolve on classpath under org/hibernate/
[DEBUG] 2021-03-01 17:08:27.984 [main] JaxbCfgProcessor - cfg.xml document did not define namespaces; wrapping in custom event reader to introduce namespace information
[DEBUG] 2021-03-01 17:08:30.209 [main] ServiceBinding - Overriding existing service binding [org.hibernate.secure.spi.JaccService]
[DEBUG] 2021-03-01 17:08:30.390 [main] RegionFactoryInitiator - Cannot default RegionFactory based on registered strategies as `[]` RegionFactory strategies were registered
[DEBUG] 2021-03-01 17:08:30.397 [main] RegionFactoryInitiator - Cache region factory : org.hibernate.cache.internal.NoCachingRegionFactory
[INFO ] 2021-03-01 17:08:30.480 [main] Version - HCANN000001: Hibernate Commons Annotations {5.1.0.Final}
[DEBUG] 2021-03-01 17:08:30.685 [main] BasicTypeRegistry - Adding type registration boolean -> org.hibernate.type.BooleanType@773bd77b
[DEBUG] 2021-03-01 17:08:30.688 [main] BasicTypeRegistry - Adding type registration boolean -> org.hibernate.type.BooleanType@773bd77b
[DEBUG] 2021-03-01 17:08:30.688 [main] BasicTypeRegistry - Adding type registration java.lang.Boolean -> org.hibernate.type.BooleanType@773bd77b
[DEBUG] 2021-03-01 17:08:30.689 [main] BasicTypeRegistry - Adding type registration numeric_boolean -> org.hibernate.type.NumericBooleanType@47c64cfe
[DEBUG] 2021-03-01 17:08:30.689 [main] BasicTypeRegistry - Adding type registration true_false -> org.hibernate.type.TrueFalseType@6f8f8a80
[DEBUG] 2021-03-01 17:08:30.694 [main] BasicTypeRegistry - Adding type registration yes_no -> org.hibernate.type.YesNoType@27f1bbe0
[DEBUG] 2021-03-01 17:08:30.695 [main] BasicTypeRegistry - Adding type registration byte -> org.hibernate.type.ByteType@baf1bb3
[DEBUG] 2021-03-01 17:08:30.695 [main] BasicTypeRegistry - Adding type registration byte -> org.hibernate.type.ByteType@baf1bb3
[DEBUG] 2021-03-01 17:08:30.696 [main] BasicTypeRegistry - Adding type registration java.lang.Byte -> org.hibernate.type.ByteType@baf1bb3
[DEBUG] 2021-03-01 17:08:30.698 [main] BasicTypeRegistry - Adding type registration character -> org.hibernate.type.CharacterType@ddf20fd
[DEBUG] 2021-03-01 17:08:30.701 [main] BasicTypeRegistry - Adding type registration char -> org.hibernate.type.CharacterType@ddf20fd
[DEBUG] 2021-03-01 17:08:30.702 [main] BasicTypeRegistry - Adding type registration java.lang.Character -> org.hibernate.type.CharacterType@ddf20fd
[DEBUG] 2021-03-01 17:08:30.704 [main] BasicTypeRegistry - Adding type registration short -> org.hibernate.type.ShortType@40021799
[DEBUG] 2021-03-01 17:08:30.704 [main] BasicTypeRegistry - Adding type registration short -> org.hibernate.type.ShortType@40021799
[DEBUG] 2021-03-01 17:08:30.704 [main] BasicTypeRegistry - Adding type registration java.lang.Short -> org.hibernate.type.ShortType@40021799
[DEBUG] 2021-03-01 17:08:30.707 [main] BasicTypeRegistry - Adding type registration integer -> org.hibernate.type.IntegerType@264c5d07
[DEBUG] 2021-03-01 17:08:30.707 [main] BasicTypeRegistry - Adding type registration int -> org.hibernate.type.IntegerType@264c5d07
[DEBUG] 2021-03-01 17:08:30.707 [main] BasicTypeRegistry - Adding type registration java.lang.Integer -> org.hibernate.type.IntegerType@264c5d07
[DEBUG] 2021-03-01 17:08:30.708 [main] BasicTypeRegistry - Adding type registration long -> org.hibernate.type.LongType@5e742e4
[DEBUG] 2021-03-01 17:08:30.708 [main] BasicTypeRegistry - Adding type registration long -> org.hibernate.type.LongType@5e742e4
[DEBUG] 2021-03-01 17:08:30.713 [main] BasicTypeRegistry - Adding type registration java.lang.Long -> org.hibernate.type.LongType@5e742e4
[DEBUG] 2021-03-01 17:08:30.715 [main] BasicTypeRegistry - Adding type registration float -> org.hibernate.type.FloatType@1dab9dd6
[DEBUG] 2021-03-01 17:08:30.715 [main] BasicTypeRegistry - Adding type registration float -> org.hibernate.type.FloatType@1dab9dd6
[DEBUG] 2021-03-01 17:08:30.715 [main] BasicTypeRegistry - Adding type registration java.lang.Float -> org.hibernate.type.FloatType@1dab9dd6
[DEBUG] 2021-03-01 17:08:30.720 [main] BasicTypeRegistry - Adding type registration double -> org.hibernate.type.DoubleType@2f879bab
[DEBUG] 2021-03-01 17:08:30.721 [main] BasicTypeRegistry - Adding type registration double -> org.hibernate.type.DoubleType@2f879bab
[DEBUG] 2021-03-01 17:08:30.722 [main] BasicTypeRegistry - Adding type registration java.lang.Double -> org.hibernate.type.DoubleType@2f879bab
[DEBUG] 2021-03-01 17:08:30.723 [main] BasicTypeRegistry - Adding type registration big_decimal -> org.hibernate.type.BigDecimalType@1d207fad
[DEBUG] 2021-03-01 17:08:30.725 [main] BasicTypeRegistry - Adding type registration java.math.BigDecimal -> org.hibernate.type.BigDecimalType@1d207fad
[DEBUG] 2021-03-01 17:08:30.726 [main] BasicTypeRegistry - Adding type registration big_integer -> org.hibernate.type.BigIntegerType@488b50ec
[DEBUG] 2021-03-01 17:08:30.729 [main] BasicTypeRegistry - Adding type registration java.math.BigInteger -> org.hibernate.type.BigIntegerType@488b50ec
[DEBUG] 2021-03-01 17:08:30.730 [main] BasicTypeRegistry - Adding type registration string -> org.hibernate.type.StringType@6d2d99fc
[DEBUG] 2021-03-01 17:08:30.730 [main] BasicTypeRegistry - Adding type registration java.lang.String -> org.hibernate.type.StringType@6d2d99fc
[DEBUG] 2021-03-01 17:08:30.745 [main] BasicTypeRegistry - Adding type registration nstring -> org.hibernate.type.StringNVarcharType@201aa8c1
[DEBUG] 2021-03-01 17:08:30.750 [main] BasicTypeRegistry - Adding type registration ncharacter -> org.hibernate.type.CharacterNCharType@4f20a5e0
[DEBUG] 2021-03-01 17:08:30.752 [main] BasicTypeRegistry - Adding type registration url -> org.hibernate.type.UrlType@2fe88a09
[DEBUG] 2021-03-01 17:08:30.756 [main] BasicTypeRegistry - Adding type registration java.net.URL -> org.hibernate.type.UrlType@2fe88a09
[DEBUG] 2021-03-01 17:08:30.758 [main] BasicTypeRegistry - Adding type registration Duration -> org.hibernate.type.DurationType@30cecdca
[DEBUG] 2021-03-01 17:08:30.759 [main] BasicTypeRegistry - Adding type registration java.time.Duration -> org.hibernate.type.DurationType@30cecdca
[DEBUG] 2021-03-01 17:08:30.797 [main] BasicTypeRegistry - Adding type registration Instant -> org.hibernate.type.InstantType@3241713e
[DEBUG] 2021-03-01 17:08:30.803 [main] BasicTypeRegistry - Adding type registration java.time.Instant -> org.hibernate.type.InstantType@3241713e
[DEBUG] 2021-03-01 17:08:30.810 [main] BasicTypeRegistry - Adding type registration LocalDateTime -> org.hibernate.type.LocalDateTimeType@60723d6a
[DEBUG] 2021-03-01 17:08:30.811 [main] BasicTypeRegistry - Adding type registration java.time.LocalDateTime -> org.hibernate.type.LocalDateTimeType@60723d6a
[DEBUG] 2021-03-01 17:08:30.818 [main] BasicTypeRegistry - Adding type registration LocalDate -> org.hibernate.type.LocalDateType@9a7a808
[DEBUG] 2021-03-01 17:08:30.819 [main] BasicTypeRegistry - Adding type registration java.time.LocalDate -> org.hibernate.type.LocalDateType@9a7a808
[DEBUG] 2021-03-01 17:08:30.820 [main] BasicTypeRegistry - Adding type registration LocalTime -> org.hibernate.type.LocalTimeType@30135202
[DEBUG] 2021-03-01 17:08:30.820 [main] BasicTypeRegistry - Adding type registration java.time.LocalTime -> org.hibernate.type.LocalTimeType@30135202
[DEBUG] 2021-03-01 17:08:30.873 [main] BasicTypeRegistry - Adding type registration OffsetDateTime -> org.hibernate.type.OffsetDateTimeType@245a060f
[DEBUG] 2021-03-01 17:08:30.888 [main] BasicTypeRegistry - Adding type registration java.time.OffsetDateTime -> org.hibernate.type.OffsetDateTimeType@245a060f
[DEBUG] 2021-03-01 17:08:30.901 [main] BasicTypeRegistry - Adding type registration OffsetTime -> org.hibernate.type.OffsetTimeType@21ab988f
[DEBUG] 2021-03-01 17:08:30.902 [main] BasicTypeRegistry - Adding type registration java.time.OffsetTime -> org.hibernate.type.OffsetTimeType@21ab988f
[DEBUG] 2021-03-01 17:08:30.910 [main] BasicTypeRegistry - Adding type registration ZonedDateTime -> org.hibernate.type.ZonedDateTimeType@13a37e2a
[DEBUG] 2021-03-01 17:08:30.910 [main] BasicTypeRegistry - Adding type registration java.time.ZonedDateTime -> org.hibernate.type.ZonedDateTimeType@13a37e2a
[DEBUG] 2021-03-01 17:08:30.913 [main] BasicTypeRegistry - Adding type registration date -> org.hibernate.type.DateType@5ca1f591
[DEBUG] 2021-03-01 17:08:30.914 [main] BasicTypeRegistry - Adding type registration java.sql.Date -> org.hibernate.type.DateType@5ca1f591
[DEBUG] 2021-03-01 17:08:30.918 [main] BasicTypeRegistry - Adding type registration time -> org.hibernate.type.TimeType@7a18e8d
[DEBUG] 2021-03-01 17:08:30.919 [main] BasicTypeRegistry - Adding type registration java.sql.Time -> org.hibernate.type.TimeType@7a18e8d
[DEBUG] 2021-03-01 17:08:30.922 [main] BasicTypeRegistry - Adding type registration timestamp -> org.hibernate.type.TimestampType@5d1e09bc
[DEBUG] 2021-03-01 17:08:30.922 [main] BasicTypeRegistry - Adding type registration java.sql.Timestamp -> org.hibernate.type.TimestampType@5d1e09bc
[DEBUG] 2021-03-01 17:08:30.922 [main] BasicTypeRegistry - Adding type registration java.util.Date -> org.hibernate.type.TimestampType@5d1e09bc
[DEBUG] 2021-03-01 17:08:30.924 [main] BasicTypeRegistry - Adding type registration dbtimestamp -> org.hibernate.type.DbTimestampType@726a17c4
[DEBUG] 2021-03-01 17:08:30.925 [main] BasicTypeRegistry - Adding type registration calendar -> org.hibernate.type.CalendarType@6ff37443
[DEBUG] 2021-03-01 17:08:30.926 [main] BasicTypeRegistry - Adding type registration java.util.Calendar -> org.hibernate.type.CalendarType@6ff37443
[DEBUG] 2021-03-01 17:08:30.926 [main] BasicTypeRegistry - Adding type registration java.util.GregorianCalendar -> org.hibernate.type.CalendarType@6ff37443
[DEBUG] 2021-03-01 17:08:30.928 [main] BasicTypeRegistry - Adding type registration calendar_date -> org.hibernate.type.CalendarDateType@77ee25f1
[DEBUG] 2021-03-01 17:08:30.929 [main] BasicTypeRegistry - Adding type registration locale -> org.hibernate.type.LocaleType@6b3871d6
[DEBUG] 2021-03-01 17:08:30.930 [main] BasicTypeRegistry - Adding type registration java.util.Locale -> org.hibernate.type.LocaleType@6b3871d6
[DEBUG] 2021-03-01 17:08:30.931 [main] BasicTypeRegistry - Adding type registration currency -> org.hibernate.type.CurrencyType@7578e06a
[DEBUG] 2021-03-01 17:08:30.932 [main] BasicTypeRegistry - Adding type registration java.util.Currency -> org.hibernate.type.CurrencyType@7578e06a
[DEBUG] 2021-03-01 17:08:30.938 [main] BasicTypeRegistry - Adding type registration timezone -> org.hibernate.type.TimeZoneType@6050462a
[DEBUG] 2021-03-01 17:08:30.938 [main] BasicTypeRegistry - Adding type registration java.util.TimeZone -> org.hibernate.type.TimeZoneType@6050462a
[DEBUG] 2021-03-01 17:08:30.940 [main] BasicTypeRegistry - Adding type registration class -> org.hibernate.type.ClassType@34523d46
[DEBUG] 2021-03-01 17:08:30.941 [main] BasicTypeRegistry - Adding type registration java.lang.Class -> org.hibernate.type.ClassType@34523d46
[DEBUG] 2021-03-01 17:08:30.942 [main] BasicTypeRegistry - Adding type registration uuid-binary -> org.hibernate.type.UUIDBinaryType@3af356f
[DEBUG] 2021-03-01 17:08:30.958 [main] BasicTypeRegistry - Adding type registration java.util.UUID -> org.hibernate.type.UUIDBinaryType@3af356f
[DEBUG] 2021-03-01 17:08:30.960 [main] BasicTypeRegistry - Adding type registration uuid-char -> org.hibernate.type.UUIDCharType@2b0b4d53
[DEBUG] 2021-03-01 17:08:30.961 [main] BasicTypeRegistry - Adding type registration binary -> org.hibernate.type.BinaryType@6fca2a8f
[DEBUG] 2021-03-01 17:08:30.961 [main] BasicTypeRegistry - Adding type registration byte[] -> org.hibernate.type.BinaryType@6fca2a8f
[DEBUG] 2021-03-01 17:08:30.961 [main] BasicTypeRegistry - Adding type registration [B -> org.hibernate.type.BinaryType@6fca2a8f
[DEBUG] 2021-03-01 17:08:30.963 [main] BasicTypeRegistry - Adding type registration wrapper-binary -> org.hibernate.type.WrapperBinaryType@a7f0ab6
[DEBUG] 2021-03-01 17:08:30.963 [main] BasicTypeRegistry - Adding type registration Byte[] -> org.hibernate.type.WrapperBinaryType@a7f0ab6
[DEBUG] 2021-03-01 17:08:30.963 [main] BasicTypeRegistry - Adding type registration [Ljava.lang.Byte; -> org.hibernate.type.WrapperBinaryType@a7f0ab6
[DEBUG] 2021-03-01 17:08:30.964 [main] BasicTypeRegistry - Adding type registration row_version -> org.hibernate.type.RowVersionType@52fc5eb1
[DEBUG] 2021-03-01 17:08:30.965 [main] BasicTypeRegistry - Adding type registration image -> org.hibernate.type.ImageType@2a49fe
[DEBUG] 2021-03-01 17:08:30.966 [main] BasicTypeRegistry - Adding type registration characters -> org.hibernate.type.CharArrayType@7bef452c
[DEBUG] 2021-03-01 17:08:30.966 [main] BasicTypeRegistry - Adding type registration char[] -> org.hibernate.type.CharArrayType@7bef452c
[DEBUG] 2021-03-01 17:08:30.966 [main] BasicTypeRegistry - Adding type registration [C -> org.hibernate.type.CharArrayType@7bef452c
[DEBUG] 2021-03-01 17:08:30.967 [main] BasicTypeRegistry - Adding type registration wrapper-characters -> org.hibernate.type.CharacterArrayType@417d6615
[DEBUG] 2021-03-01 17:08:30.967 [main] BasicTypeRegistry - Adding type registration [Ljava.lang.Character; -> org.hibernate.type.CharacterArrayType@417d6615
[DEBUG] 2021-03-01 17:08:30.968 [main] BasicTypeRegistry - Adding type registration Character[] -> org.hibernate.type.CharacterArrayType@417d6615
[DEBUG] 2021-03-01 17:08:30.968 [main] BasicTypeRegistry - Adding type registration text -> org.hibernate.type.TextType@6272c96f
[DEBUG] 2021-03-01 17:08:30.974 [main] BasicTypeRegistry - Adding type registration ntext -> org.hibernate.type.NTextType@48c4245d
[DEBUG] 2021-03-01 17:08:30.976 [main] BasicTypeRegistry - Adding type registration blob -> org.hibernate.type.BlobType@b9dfc5a
[DEBUG] 2021-03-01 17:08:30.976 [main] BasicTypeRegistry - Adding type registration java.sql.Blob -> org.hibernate.type.BlobType@b9dfc5a
[DEBUG] 2021-03-01 17:08:30.985 [main] BasicTypeRegistry - Adding type registration materialized_blob -> org.hibernate.type.MaterializedBlobType@426e505c
[DEBUG] 2021-03-01 17:08:30.987 [main] BasicTypeRegistry - Adding type registration clob -> org.hibernate.type.ClobType@7dd00705
[DEBUG] 2021-03-01 17:08:30.991 [main] BasicTypeRegistry - Adding type registration java.sql.Clob -> org.hibernate.type.ClobType@7dd00705
[DEBUG] 2021-03-01 17:08:30.997 [main] BasicTypeRegistry - Adding type registration nclob -> org.hibernate.type.NClobType@392a04e7
[DEBUG] 2021-03-01 17:08:30.998 [main] BasicTypeRegistry - Adding type registration java.sql.NClob -> org.hibernate.type.NClobType@392a04e7
[DEBUG] 2021-03-01 17:08:30.999 [main] BasicTypeRegistry - Adding type registration materialized_clob -> org.hibernate.type.MaterializedClobType@6d3c232f
[DEBUG] 2021-03-01 17:08:31.030 [main] BasicTypeRegistry - Adding type registration materialized_nclob -> org.hibernate.type.MaterializedNClobType@53692008
[DEBUG] 2021-03-01 17:08:31.034 [main] BasicTypeRegistry - Adding type registration serializable -> org.hibernate.type.SerializableType@131fcb6f
[DEBUG] 2021-03-01 17:08:31.038 [main] BasicTypeRegistry - Adding type registration object -> org.hibernate.type.ObjectType@57540fd0
[DEBUG] 2021-03-01 17:08:31.038 [main] BasicTypeRegistry - Adding type registration java.lang.Object -> org.hibernate.type.ObjectType@57540fd0
[DEBUG] 2021-03-01 17:08:31.039 [main] BasicTypeRegistry - Adding type registration imm_date -> org.hibernate.type.AdaptedImmutableType@1542af63
[DEBUG] 2021-03-01 17:08:31.056 [main] BasicTypeRegistry - Adding type registration imm_time -> org.hibernate.type.AdaptedImmutableType@ecfbe91
[DEBUG] 2021-03-01 17:08:31.056 [main] BasicTypeRegistry - Adding type registration imm_timestamp -> org.hibernate.type.AdaptedImmutableType@20ed3303
[DEBUG] 2021-03-01 17:08:31.056 [main] BasicTypeRegistry - Adding type registration imm_dbtimestamp -> org.hibernate.type.AdaptedImmutableType@3adbe50f
[DEBUG] 2021-03-01 17:08:31.056 [main] BasicTypeRegistry - Adding type registration imm_calendar -> org.hibernate.type.AdaptedImmutableType@3a627c80
[DEBUG] 2021-03-01 17:08:31.067 [main] BasicTypeRegistry - Adding type registration imm_calendar_date -> org.hibernate.type.AdaptedImmutableType@49aa766b
[DEBUG] 2021-03-01 17:08:31.068 [main] BasicTypeRegistry - Adding type registration imm_binary -> org.hibernate.type.AdaptedImmutableType@963176
[DEBUG] 2021-03-01 17:08:31.068 [main] BasicTypeRegistry - Adding type registration imm_serializable -> org.hibernate.type.AdaptedImmutableType@65004ff6
[DEBUG] 2021-03-01 17:08:31.123 [main] DefaultIdentifierGeneratorFactory - Registering IdentifierGenerator strategy [uuid2] -> [org.hibernate.id.UUIDGenerator]
[DEBUG] 2021-03-01 17:08:31.125 [main] DefaultIdentifierGeneratorFactory - Registering IdentifierGenerator strategy [guid] -> [org.hibernate.id.GUIDGenerator]
[DEBUG] 2021-03-01 17:08:31.128 [main] DefaultIdentifierGeneratorFactory - Registering IdentifierGenerator strategy [uuid] -> [org.hibernate.id.UUIDHexGenerator]
[DEBUG] 2021-03-01 17:08:31.129 [main] DefaultIdentifierGeneratorFactory - Registering IdentifierGenerator strategy [uuid.hex] -> [org.hibernate.id.UUIDHexGenerator]
[DEBUG] 2021-03-01 17:08:31.131 [main] DefaultIdentifierGeneratorFactory - Registering IdentifierGenerator strategy [assigned] -> [org.hibernate.id.Assigned]
[DEBUG] 2021-03-01 17:08:31.134 [main] DefaultIdentifierGeneratorFactory - Registering IdentifierGenerator strategy [identity] -> [org.hibernate.id.IdentityGenerator]
[DEBUG] 2021-03-01 17:08:31.135 [main] DefaultIdentifierGeneratorFactory - Registering IdentifierGenerator strategy [select] -> [org.hibernate.id.SelectGenerator]
[DEBUG] 2021-03-01 17:08:31.138 [main] DefaultIdentifierGeneratorFactory - Registering IdentifierGenerator strategy [sequence] -> [org.hibernate.id.enhanced.SequenceStyleGenerator]
[DEBUG] 2021-03-01 17:08:31.138 [main] DefaultIdentifierGeneratorFactory - Registering IdentifierGenerator strategy [seqhilo] -> [org.hibernate.id.SequenceHiLoGenerator]
[DEBUG] 2021-03-01 17:08:31.139 [main] DefaultIdentifierGeneratorFactory - Registering IdentifierGenerator strategy [increment] -> [org.hibernate.id.IncrementGenerator]
[DEBUG] 2021-03-01 17:08:31.140 [main] DefaultIdentifierGeneratorFactory - Registering IdentifierGenerator strategy [foreign] -> [org.hibernate.id.ForeignGenerator]
[DEBUG] 2021-03-01 17:08:31.141 [main] DefaultIdentifierGeneratorFactory - Registering IdentifierGenerator strategy [sequence-identity] -> [org.hibernate.id.SequenceIdentityGenerator]
[DEBUG] 2021-03-01 17:08:31.141 [main] DefaultIdentifierGeneratorFactory - Registering IdentifierGenerator strategy [enhanced-sequence] -> [org.hibernate.id.enhanced.SequenceStyleGenerator]
[DEBUG] 2021-03-01 17:08:31.142 [main] DefaultIdentifierGeneratorFactory - Registering IdentifierGenerator strategy [enhanced-table] -> [org.hibernate.id.enhanced.TableGenerator]
[INFO ] 2021-03-01 17:08:31.167 [main] C3P0ConnectionProvider - HHH010002: C3P0 using driver: com.mysql.cj.jdbc.Driver at URL: jdbc:mysql://localhost:3306/test_BookCollection
[INFO ] 2021-03-01 17:08:31.167 [main] C3P0ConnectionProvider - HHH10001001: Connection properties: {password=****, user=root}
[INFO ] 2021-03-01 17:08:31.167 [main] C3P0ConnectionProvider - HHH10001003: Autocommit mode: false
[INFO ] 2021-03-01 17:08:31.633 [main] C3P0ConnectionProvider - HHH10001007: JDBC isolation level: <unknown>
[DEBUG] 2021-03-01 17:08:33.528 [main] JdbcEnvironmentInitiator - Database ->
       name : MySQL
    version : 8.0.22
      major : 8
      minor : 0
[DEBUG] 2021-03-01 17:08:33.557 [main] JdbcEnvironmentInitiator - Driver ->
       name : MySQL Connector/J
    version : mysql-connector-java-8.0.22 (Revision: d64b664fa93e81296a377de031b8123a67e6def2)
      major : 8
      minor : 0
[DEBUG] 2021-03-01 17:08:33.557 [main] JdbcEnvironmentInitiator - JDBC version : 4.2
[INFO ] 2021-03-01 17:08:33.810 [main] Dialect - HHH000400: Using dialect: org.hibernate.dialect.MySQL8Dialect
[DEBUG] 2021-03-01 17:08:33.905 [main] IdentifierHelperBuilder - JDBC driver metadata reported database stores quoted identifiers in more than one case
[DEBUG] 2021-03-01 17:08:34.053 [main] IdentifierHelperBuilder - IdentifierCaseStrategy for both quoted and unquoted identifiers was set to the same strategy [MIXED]; that will likely lead to problems in schema update and validation if using quoted identifiers
[DEBUG] 2021-03-01 17:08:34.235 [main] Namespace - Created database namespace [logicalName=Name{catalog=null, schema=null}, physicalName=Name{catalog=null, schema=null}]
[DEBUG] 2021-03-01 17:08:34.249 [main] TypeConfiguration$Scope - Scoping TypeConfiguration [org.hibernate.type.spi.TypeConfiguration@6e33fcae] to MetadataBuildingContext [org.hibernate.boot.internal.MetadataBuildingContextRootImpl@66c38e51]
[DEBUG] 2021-03-01 17:08:34.460 [main] AnnotationBinder - Binding entity from annotated class: Author
[DEBUG] 2021-03-01 17:08:34.539 [main] Ejb3Column - Binding column: Ejb3DiscriminatorColumn{logicalColumnName'DTYPE', discriminatorTypeName='string'}
[DEBUG] 2021-03-01 17:08:34.555 [main] EntityBinder - Import with entity name Author
[DEBUG] 2021-03-01 17:08:34.564 [main] EntityBinder - Bind entity Author on table author
[DEBUG] 2021-03-01 17:08:34.640 [main] Ejb3Column - Binding column: Ejb3Column{table=org.hibernate.mapping.Table(author), mappingColumn=id, insertable=true, updatable=true, unique=false}
[DEBUG] 2021-03-01 17:08:34.642 [main] PropertyBinder - MetadataSourceProcessor property id with lazy=false
[DEBUG] 2021-03-01 17:08:34.644 [main] AbstractPropertyHolder - Attempting to locate auto-apply AttributeConverter for property [Author:id]
[DEBUG] 2021-03-01 17:08:34.653 [main] SimpleValueBinder - building SimpleValue for id
[DEBUG] 2021-03-01 17:08:34.660 [main] PropertyBinder - Building property id
[DEBUG] 2021-03-01 17:08:34.671 [main] BinderHelper - #makeIdGenerator(org.hibernate.mapping.SimpleValue([org.hibernate.mapping.Column(id)]), id, org.hibernate.id.enhanced.SequenceStyleGenerator, native, ...)
[DEBUG] 2021-03-01 17:08:34.675 [main] Ejb3Column - Binding column: Ejb3Column{table=org.hibernate.mapping.Table(author), mappingColumn=first_name, insertable=true, updatable=true, unique=false}
[DEBUG] 2021-03-01 17:08:34.676 [main] PropertyBinder - MetadataSourceProcessor property firstName with lazy=false
[DEBUG] 2021-03-01 17:08:34.676 [main] AbstractPropertyHolder - Attempting to locate auto-apply AttributeConverter for property [Author:firstName]
[DEBUG] 2021-03-01 17:08:34.677 [main] SimpleValueBinder - building SimpleValue for firstName
[DEBUG] 2021-03-01 17:08:34.677 [main] PropertyBinder - Building property firstName
[DEBUG] 2021-03-01 17:08:34.678 [main] Ejb3Column - Binding column: Ejb3Column{table=org.hibernate.mapping.Table(author), mappingColumn=last_name, insertable=true, updatable=true, unique=false}
[DEBUG] 2021-03-01 17:08:34.678 [main] PropertyBinder - MetadataSourceProcessor property lastName with lazy=false
[DEBUG] 2021-03-01 17:08:34.678 [main] AbstractPropertyHolder - Attempting to locate auto-apply AttributeConverter for property [Author:lastName]
[DEBUG] 2021-03-01 17:08:34.678 [main] SimpleValueBinder - building SimpleValue for lastName
[DEBUG] 2021-03-01 17:08:34.678 [main] PropertyBinder - Building property lastName
[DEBUG] 2021-03-01 17:08:34.684 [main] AnnotationBinder - Binding entity from annotated class: Book
[DEBUG] 2021-03-01 17:08:34.685 [main] Ejb3Column - Binding column: Ejb3DiscriminatorColumn{logicalColumnName'DTYPE', discriminatorTypeName='string'}
[DEBUG] 2021-03-01 17:08:34.685 [main] EntityBinder - Import with entity name Book
[DEBUG] 2021-03-01 17:08:34.685 [main] EntityBinder - Bind entity Book on table book
[DEBUG] 2021-03-01 17:08:34.688 [main] Ejb3Column - Binding column: Ejb3Column{table=org.hibernate.mapping.Table(book), mappingColumn=id, insertable=true, updatable=true, unique=false}
[DEBUG] 2021-03-01 17:08:34.688 [main] PropertyBinder - MetadataSourceProcessor property id with lazy=false
[DEBUG] 2021-03-01 17:08:34.688 [main] AbstractPropertyHolder - Attempting to locate auto-apply AttributeConverter for property [Book:id]
[DEBUG] 2021-03-01 17:08:34.688 [main] SimpleValueBinder - building SimpleValue for id
[DEBUG] 2021-03-01 17:08:34.708 [main] PropertyBinder - Building property id
[DEBUG] 2021-03-01 17:08:34.708 [main] BinderHelper - #makeIdGenerator(org.hibernate.mapping.SimpleValue([org.hibernate.mapping.Column(id)]), id, org.hibernate.id.enhanced.SequenceStyleGenerator, native, ...)
[DEBUG] 2021-03-01 17:08:34.710 [main] Ejb3Column - Binding column: Ejb3JoinColumn{logicalColumnName='null', referencedColumn='null', mappedBy='null'}
[DEBUG] 2021-03-01 17:08:34.710 [main] Ejb3Column - Binding column: Ejb3Column{table=org.hibernate.mapping.Table(book), mappingColumn=author, insertable=true, updatable=true, unique=false}
[DEBUG] 2021-03-01 17:08:34.729 [main] PropertyBinder - Building property author
[DEBUG] 2021-03-01 17:08:34.730 [main] Ejb3Column - Binding column: Ejb3JoinColumn{logicalColumnName='null', referencedColumn='null', mappedBy='null'}
[DEBUG] 2021-03-01 17:08:34.731 [main] Ejb3Column - Binding column: Ejb3Column{table=org.hibernate.mapping.Table(book), mappingColumn=genre, insertable=true, updatable=true, unique=false}
[DEBUG] 2021-03-01 17:08:34.731 [main] PropertyBinder - Building property genre
[DEBUG] 2021-03-01 17:08:34.731 [main] Ejb3Column - Binding column: Ejb3Column{table=org.hibernate.mapping.Table(book), mappingColumn=isbn, insertable=true, updatable=true, unique=false}
[DEBUG] 2021-03-01 17:08:34.731 [main] PropertyBinder - MetadataSourceProcessor property isbn with lazy=false
[DEBUG] 2021-03-01 17:08:34.732 [main] AbstractPropertyHolder - Attempting to locate auto-apply AttributeConverter for property [Book:isbn]
[DEBUG] 2021-03-01 17:08:34.732 [main] SimpleValueBinder - building SimpleValue for isbn
[DEBUG] 2021-03-01 17:08:34.732 [main] PropertyBinder - Building property isbn
[DEBUG] 2021-03-01 17:08:34.732 [main] Ejb3Column - Binding column: Ejb3Column{table=org.hibernate.mapping.Table(book), mappingColumn=title, insertable=true, updatable=true, unique=false}
[DEBUG] 2021-03-01 17:08:34.733 [main] PropertyBinder - MetadataSourceProcessor property title with lazy=false
[DEBUG] 2021-03-01 17:08:34.733 [main] AbstractPropertyHolder - Attempting to locate auto-apply AttributeConverter for property [Book:title]
[DEBUG] 2021-03-01 17:08:34.737 [main] SimpleValueBinder - building SimpleValue for title
[DEBUG] 2021-03-01 17:08:34.737 [main] PropertyBinder - Building property title
[DEBUG] 2021-03-01 17:08:34.738 [main] Ejb3Column - Binding column: Ejb3JoinColumn{logicalColumnName='null', referencedColumn='null', mappedBy='null'}
[DEBUG] 2021-03-01 17:08:34.738 [main] Ejb3Column - Binding column: Ejb3Column{table=org.hibernate.mapping.Table(book), mappingColumn=user, insertable=true, updatable=true, unique=false}
[DEBUG] 2021-03-01 17:08:34.740 [main] PropertyBinder - Building property user
[DEBUG] 2021-03-01 17:08:34.740 [main] AnnotationBinder - Binding entity from annotated class: Genre
[DEBUG] 2021-03-01 17:08:34.741 [main] Ejb3Column - Binding column: Ejb3DiscriminatorColumn{logicalColumnName'DTYPE', discriminatorTypeName='string'}
[DEBUG] 2021-03-01 17:08:34.741 [main] EntityBinder - Import with entity name Genre
[DEBUG] 2021-03-01 17:08:34.741 [main] EntityBinder - Bind entity Genre on table genre
[DEBUG] 2021-03-01 17:08:34.744 [main] Ejb3Column - Binding column: Ejb3Column{table=org.hibernate.mapping.Table(genre), mappingColumn=id, insertable=true, updatable=true, unique=false}
[DEBUG] 2021-03-01 17:08:34.748 [main] PropertyBinder - MetadataSourceProcessor property id with lazy=false
[DEBUG] 2021-03-01 17:08:34.748 [main] AbstractPropertyHolder - Attempting to locate auto-apply AttributeConverter for property [Genre:id]
[DEBUG] 2021-03-01 17:08:34.749 [main] SimpleValueBinder - building SimpleValue for id
[DEBUG] 2021-03-01 17:08:34.749 [main] PropertyBinder - Building property id
[DEBUG] 2021-03-01 17:08:34.749 [main] BinderHelper - #makeIdGenerator(org.hibernate.mapping.SimpleValue([org.hibernate.mapping.Column(id)]), id, org.hibernate.id.enhanced.SequenceStyleGenerator, native, ...)
[DEBUG] 2021-03-01 17:08:34.750 [main] Ejb3Column - Binding column: Ejb3Column{table=org.hibernate.mapping.Table(genre), mappingColumn=name, insertable=true, updatable=true, unique=false}
[DEBUG] 2021-03-01 17:08:34.750 [main] PropertyBinder - MetadataSourceProcessor property name with lazy=false
[DEBUG] 2021-03-01 17:08:34.750 [main] AbstractPropertyHolder - Attempting to locate auto-apply AttributeConverter for property [Genre:name]
[DEBUG] 2021-03-01 17:08:34.750 [main] SimpleValueBinder - building SimpleValue for name
[DEBUG] 2021-03-01 17:08:34.750 [main] PropertyBinder - Building property name
[DEBUG] 2021-03-01 17:08:34.750 [main] AnnotationBinder - Binding entity from annotated class: User
[DEBUG] 2021-03-01 17:08:34.750 [main] Ejb3Column - Binding column: Ejb3DiscriminatorColumn{logicalColumnName'DTYPE', discriminatorTypeName='string'}
[DEBUG] 2021-03-01 17:08:34.750 [main] EntityBinder - Import with entity name User
[DEBUG] 2021-03-01 17:08:34.751 [main] EntityBinder - Bind entity User on table user
[DEBUG] 2021-03-01 17:08:34.752 [main] Ejb3Column - Binding column: Ejb3Column{table=org.hibernate.mapping.Table(user), mappingColumn=id, insertable=true, updatable=true, unique=false}
[DEBUG] 2021-03-01 17:08:34.752 [main] PropertyBinder - MetadataSourceProcessor property id with lazy=false
[DEBUG] 2021-03-01 17:08:34.757 [main] AbstractPropertyHolder - Attempting to locate auto-apply AttributeConverter for property [User:id]
[DEBUG] 2021-03-01 17:08:34.758 [main] SimpleValueBinder - building SimpleValue for id
[DEBUG] 2021-03-01 17:08:34.758 [main] PropertyBinder - Building property id
[DEBUG] 2021-03-01 17:08:34.758 [main] BinderHelper - #makeIdGenerator(org.hibernate.mapping.SimpleValue([org.hibernate.mapping.Column(id)]), id, org.hibernate.id.enhanced.SequenceStyleGenerator, native, ...)
[DEBUG] 2021-03-01 17:08:34.758 [main] Ejb3Column - Binding column: Ejb3Column{table=org.hibernate.mapping.Table(user), mappingColumn=email, insertable=true, updatable=true, unique=false}
[DEBUG] 2021-03-01 17:08:34.759 [main] PropertyBinder - MetadataSourceProcessor property email with lazy=false
[DEBUG] 2021-03-01 17:08:34.759 [main] AbstractPropertyHolder - Attempting to locate auto-apply AttributeConverter for property [User:email]
[DEBUG] 2021-03-01 17:08:34.759 [main] SimpleValueBinder - building SimpleValue for email
[DEBUG] 2021-03-01 17:08:34.759 [main] PropertyBinder - Building property email
[DEBUG] 2021-03-01 17:08:34.759 [main] Ejb3Column - Binding column: Ejb3Column{table=org.hibernate.mapping.Table(user), mappingColumn=first_name, insertable=true, updatable=true, unique=false}
[DEBUG] 2021-03-01 17:08:34.760 [main] PropertyBinder - MetadataSourceProcessor property firstName with lazy=false
[DEBUG] 2021-03-01 17:08:34.760 [main] AbstractPropertyHolder - Attempting to locate auto-apply AttributeConverter for property [User:firstName]
[DEBUG] 2021-03-01 17:08:34.760 [main] SimpleValueBinder - building SimpleValue for firstName
[DEBUG] 2021-03-01 17:08:34.760 [main] PropertyBinder - Building property firstName
[DEBUG] 2021-03-01 17:08:34.761 [main] Ejb3Column - Binding column: Ejb3Column{table=org.hibernate.mapping.Table(user), mappingColumn=last_name, insertable=true, updatable=true, unique=false}
[DEBUG] 2021-03-01 17:08:34.762 [main] PropertyBinder - MetadataSourceProcessor property lastName with lazy=false
[DEBUG] 2021-03-01 17:08:34.762 [main] AbstractPropertyHolder - Attempting to locate auto-apply AttributeConverter for property [User:lastName]
[DEBUG] 2021-03-01 17:08:34.762 [main] SimpleValueBinder - building SimpleValue for lastName
[DEBUG] 2021-03-01 17:08:34.762 [main] PropertyBinder - Building property lastName
[DEBUG] 2021-03-01 17:08:34.762 [main] Ejb3Column - Binding column: Ejb3Column{table=org.hibernate.mapping.Table(user), mappingColumn=password, insertable=true, updatable=true, unique=false}
[DEBUG] 2021-03-01 17:08:34.763 [main] PropertyBinder - MetadataSourceProcessor property password with lazy=false
[DEBUG] 2021-03-01 17:08:34.763 [main] AbstractPropertyHolder - Attempting to locate auto-apply AttributeConverter for property [User:password]
[DEBUG] 2021-03-01 17:08:34.763 [main] SimpleValueBinder - building SimpleValue for password
[DEBUG] 2021-03-01 17:08:34.763 [main] PropertyBinder - Building property password
[DEBUG] 2021-03-01 17:08:34.764 [main] Ejb3Column - Binding column: Ejb3Column{table=org.hibernate.mapping.Table(user), mappingColumn=username, insertable=true, updatable=true, unique=false}
[DEBUG] 2021-03-01 17:08:34.764 [main] PropertyBinder - MetadataSourceProcessor property userName with lazy=false
[DEBUG] 2021-03-01 17:08:34.764 [main] AbstractPropertyHolder - Attempting to locate auto-apply AttributeConverter for property [User:userName]
[DEBUG] 2021-03-01 17:08:34.764 [main] SimpleValueBinder - building SimpleValue for userName
[DEBUG] 2021-03-01 17:08:34.764 [main] PropertyBinder - Building property userName
[DEBUG] 2021-03-01 17:08:34.766 [main] SimpleValueBinder - Starting fillSimpleValue for id
[DEBUG] 2021-03-01 17:08:34.766 [main] SimpleValueBinder - Starting fillSimpleValue for firstName
[DEBUG] 2021-03-01 17:08:34.769 [main] SimpleValueBinder - Starting fillSimpleValue for lastName
[DEBUG] 2021-03-01 17:08:34.773 [main] SimpleValueBinder - Starting fillSimpleValue for id
[DEBUG] 2021-03-01 17:08:34.774 [main] SimpleValueBinder - Starting fillSimpleValue for isbn
[DEBUG] 2021-03-01 17:08:34.776 [main] SimpleValueBinder - Starting fillSimpleValue for title
[DEBUG] 2021-03-01 17:08:34.777 [main] SimpleValueBinder - Starting fillSimpleValue for id
[DEBUG] 2021-03-01 17:08:34.777 [main] SimpleValueBinder - Starting fillSimpleValue for name
[DEBUG] 2021-03-01 17:08:34.777 [main] SimpleValueBinder - Starting fillSimpleValue for id
[DEBUG] 2021-03-01 17:08:34.777 [main] SimpleValueBinder - Starting fillSimpleValue for email
[DEBUG] 2021-03-01 17:08:34.778 [main] SimpleValueBinder - Starting fillSimpleValue for firstName
[DEBUG] 2021-03-01 17:08:34.778 [main] SimpleValueBinder - Starting fillSimpleValue for lastName
[DEBUG] 2021-03-01 17:08:34.778 [main] SimpleValueBinder - Starting fillSimpleValue for password
[DEBUG] 2021-03-01 17:08:34.778 [main] SimpleValueBinder - Starting fillSimpleValue for userName
[DEBUG] 2021-03-01 17:08:34.788 [main] PrimaryKey - Forcing column [id] to be non-null as it is part of the primary key for table [author]
[DEBUG] 2021-03-01 17:08:34.790 [main] PrimaryKey - Forcing column [id] to be non-null as it is part of the primary key for table [book]
[DEBUG] 2021-03-01 17:08:34.791 [main] PrimaryKey - Forcing column [id] to be non-null as it is part of the primary key for table [genre]
[DEBUG] 2021-03-01 17:08:34.791 [main] PrimaryKey - Forcing column [id] to be non-null as it is part of the primary key for table [user]
[DEBUG] 2021-03-01 17:08:34.791 [main] InFlightMetadataCollectorImpl - Resolving reference to class: Author
[DEBUG] 2021-03-01 17:08:34.803 [main] InFlightMetadataCollectorImpl - Resolving reference to class: Genre
[DEBUG] 2021-03-01 17:08:34.804 [main] InFlightMetadataCollectorImpl - Resolving reference to class: User
[DEBUG] 2021-03-01 17:08:34.816 [main] InFlightMetadataCollectorImpl - Resolving reference to class: Author
[DEBUG] 2021-03-01 17:08:34.816 [main] InFlightMetadataCollectorImpl - Resolving reference to class: Genre
[DEBUG] 2021-03-01 17:08:34.816 [main] InFlightMetadataCollectorImpl - Resolving reference to class: User
[DEBUG] 2021-03-01 17:08:34.968 [main] SessionFactoryImpl - Building session factory
[DEBUG] 2021-03-01 17:08:34.971 [main] Settings - SessionFactory name : null
[DEBUG] 2021-03-01 17:08:34.971 [main] Settings - Automatic flush during beforeCompletion(): enabled
[DEBUG] 2021-03-01 17:08:34.971 [main] Settings - Automatic session close at end of transaction: disabled
[DEBUG] 2021-03-01 17:08:34.971 [main] Settings - Statistics: disabled
[DEBUG] 2021-03-01 17:08:34.972 [main] Settings - Deleted entity synthetic identifier rollback: disabled
[DEBUG] 2021-03-01 17:08:34.972 [main] Settings - Default entity-mode: pojo
[DEBUG] 2021-03-01 17:08:34.972 [main] Settings - Check Nullability in Core (should be disabled when Bean Validation is on): enabled
[DEBUG] 2021-03-01 17:08:34.972 [main] Settings - Allow initialization of lazy state outside session : disabled
[DEBUG] 2021-03-01 17:08:34.972 [main] Settings - Using BatchFetchStyle : LEGACY
[DEBUG] 2021-03-01 17:08:34.972 [main] Settings - Default batch fetch size: -1
[DEBUG] 2021-03-01 17:08:34.972 [main] Settings - Maximum outer join fetch depth: 2
[DEBUG] 2021-03-01 17:08:34.972 [main] Settings - Default null ordering: NONE
[DEBUG] 2021-03-01 17:08:34.973 [main] Settings - Order SQL updates by primary key: disabled
[DEBUG] 2021-03-01 17:08:34.973 [main] Settings - Order SQL inserts for batching: disabled
[DEBUG] 2021-03-01 17:08:34.973 [main] Settings - multi-tenancy strategy : NONE
[DEBUG] 2021-03-01 17:08:34.973 [main] Settings - JTA Track by Thread: enabled
[DEBUG] 2021-03-01 17:08:34.973 [main] Settings - Query language substitutions: {}
[DEBUG] 2021-03-01 17:08:34.973 [main] Settings - Named query checking : enabled
[DEBUG] 2021-03-01 17:08:34.976 [main] Settings - Second-level cache: disabled
[DEBUG] 2021-03-01 17:08:34.976 [main] Settings - Second-level query cache: disabled
[DEBUG] 2021-03-01 17:08:34.977 [main] Settings - Second-level query cache factory: null
[DEBUG] 2021-03-01 17:08:34.977 [main] Settings - Second-level cache region prefix: null
[DEBUG] 2021-03-01 17:08:34.977 [main] Settings - Optimize second-level cache for minimal puts: disabled
[DEBUG] 2021-03-01 17:08:34.977 [main] Settings - Structured second-level cache entries: disabled
[DEBUG] 2021-03-01 17:08:34.977 [main] Settings - Second-level cache direct-reference entries: disabled
[DEBUG] 2021-03-01 17:08:34.977 [main] Settings - Automatic eviction of collection cache: disabled
[DEBUG] 2021-03-01 17:08:34.977 [main] Settings - JDBC batch size: 15
[DEBUG] 2021-03-01 17:08:34.977 [main] Settings - JDBC batch updates for versioned data: enabled
[DEBUG] 2021-03-01 17:08:34.980 [main] Settings - Scrollable result sets: enabled
[DEBUG] 2021-03-01 17:08:34.980 [main] Settings - Wrap result sets: disabled
[DEBUG] 2021-03-01 17:08:34.981 [main] Settings - JDBC3 getGeneratedKeys(): enabled
[DEBUG] 2021-03-01 17:08:34.981 [main] Settings - JDBC result set fetch size: null
[DEBUG] 2021-03-01 17:08:34.981 [main] Settings - Connection release mode: AFTER_TRANSACTION
[DEBUG] 2021-03-01 17:08:34.981 [main] Settings - Generate SQL with comments: disabled
[DEBUG] 2021-03-01 17:08:34.981 [main] Settings - JPA compliance - query : 
[DEBUG] 2021-03-01 17:08:34.981 [main] Settings - JPA compliance - closed-handling : 
[DEBUG] 2021-03-01 17:08:34.981 [main] Settings - JPA compliance - lists : 
[DEBUG] 2021-03-01 17:08:34.981 [main] Settings - JPA compliance - transactions : 
[INFO ] 2021-03-01 17:08:35.272 [main] beans - HHH10005002: No explicit CDI BeanManager reference was passed to Hibernate, but CDI is available on the Hibernate ClassLoader.
[DEBUG] 2021-03-01 17:08:35.358 [main] SessionFactoryImpl - Session factory constructed with filter configurations : {}
[DEBUG] 2021-03-01 17:08:35.358 [main] SessionFactoryImpl - Instantiating session factory with properties: {sun.desktop=gnome, awt.toolkit=sun.awt.X11.XToolkit, java.specification.version=11, sun.cpu.isalist=, hibernate.c3p0.idle_test_period=3000, sun.jnu.encoding=UTF-8, hibernate.c3p0.min_size=5, java.class.path=/home/student/intellij/lib/idea_rt.jar:/home/student/intellij/plugins/junit/lib/junit5-rt.jar:/home/student/intellij/plugins/junit/lib/junit-rt.jar:/home/student/IdeaProjects/BookCollection/target/test-classes:/home/student/IdeaProjects/BookCollection/target/classes:/home/student/.m2/repository/junit/junit/4.12/junit-4.12.jar:/home/student/.m2/repository/org/hamcrest/hamcrest-core/1.3/hamcrest-core-1.3.jar:/home/student/.m2/repository/javax/javaee-web-api/7.0/javaee-web-api-7.0.jar:/home/student/.m2/repository/mysql/mysql-connector-java/8.0.22/mysql-connector-java-8.0.22.jar:/home/student/.m2/repository/com/google/protobuf/protobuf-java/3.11.4/protobuf-java-3.11.4.jar:/home/student/.m2/repository/javax/servlet/jsp/jstl/jstl-api/1.2/jstl-api-1.2.jar:/home/student/.m2/repository/javax/servlet/servlet-api/2.5/servlet-api-2.5.jar:/home/student/.m2/repository/javax/servlet/jsp/jsp-api/2.1/jsp-api-2.1.jar:/home/student/.m2/repository/javax/servlet/jstl/1.2/jstl-1.2.jar:/home/student/.m2/repository/taglibs/standard/1.1.2/standard-1.1.2.jar:/home/student/.m2/repository/org/apache/logging/log4j/log4j-api/2.10.0/log4j-api-2.10.0.jar:/home/student/.m2/repository/org/apache/logging/log4j/log4j-core/2.10.0/log4j-core-2.10.0.jar:/home/student/.m2/repository/org/junit/platform/junit-platform-runner/1.0.0/junit-platform-runner-1.0.0.jar:/home/student/.m2/repository/org/apiguardian/apiguardian-api/1.0.0/apiguardian-api-1.0.0.jar:/home/student/.m2/repository/org/junit/platform/junit-platform-launcher/1.0.0/junit-platform-launcher-1.0.0.jar:/home/student/.m2/repository/org/junit/platform/junit-platform-suite-api/1.0.0/junit-platform-suite-api-1.0.0.jar:/home/student/.m2/repository/org/junit/platform/junit-platform-commons/1.0.0/junit-platform-commons-1.0.0.jar:/home/student/.m2/repository/org/junit/vintage/junit-vintage-engine/4.12.0/junit-vintage-engine-4.12.0.jar:/home/student/.m2/repository/org/junit/platform/junit-platform-engine/1.0.0/junit-platform-engine-1.0.0.jar:/home/student/.m2/repository/org/opentest4j/opentest4j/1.0.0/opentest4j-1.0.0.jar:/home/student/.m2/repository/org/junit/jupiter/junit-jupiter-engine/5.0.0/junit-jupiter-engine-5.0.0.jar:/home/student/.m2/repository/org/junit/jupiter/junit-jupiter-api/5.0.0/junit-jupiter-api-5.0.0.jar:/home/student/.m2/repository/org/hibernate/hibernate-core/5.4.4.Final/hibernate-core-5.4.4.Final.jar:/home/student/.m2/repository/org/jboss/logging/jboss-logging/3.3.2.Final/jboss-logging-3.3.2.Final.jar:/home/student/.m2/repository/javax/persistence/javax.persistence-api/2.2/javax.persistence-api-2.2.jar:/home/student/.m2/repository/org/javassist/javassist/3.24.0-GA/javassist-3.24.0-GA.jar:/home/student/.m2/repository/net/bytebuddy/byte-buddy/1.9.11/byte-buddy-1.9.11.jar:/home/student/.m2/repository/antlr/antlr/2.7.7/antlr-2.7.7.jar:/home/student/.m2/repository/org/jboss/spec/javax/transaction/jboss-transaction-api_1.2_spec/1.1.1.Final/jboss-transaction-api_1.2_spec-1.1.1.Final.jar:/home/student/.m2/repository/org/jboss/jandex/2.0.5.Final/jandex-2.0.5.Final.jar:/home/student/.m2/repository/com/fasterxml/classmate/1.3.4/classmate-1.3.4.jar:/home/student/.m2/repository/javax/activation/javax.activation-api/1.2.0/javax.activation-api-1.2.0.jar:/home/student/.m2/repository/org/dom4j/dom4j/2.1.1/dom4j-2.1.1.jar:/home/student/.m2/repository/org/hibernate/common/hibernate-commons-annotations/5.1.0.Final/hibernate-commons-annotations-5.1.0.Final.jar:/home/student/.m2/repository/javax/xml/bind/jaxb-api/2.3.1/jaxb-api-2.3.1.jar:/home/student/.m2/repository/org/glassfish/jaxb/jaxb-runtime/2.3.1/jaxb-runtime-2.3.1.jar:/home/student/.m2/repository/org/glassfish/jaxb/txw2/2.3.1/txw2-2.3.1.jar:/home/student/.m2/repository/com/sun/istack/istack-commons-runtime/3.0.7/istack-commons-runtime-3.0.7.jar:/home/student/.m2/repository/org/jvnet/staxex/stax-ex/1.8/stax-ex-1.8.jar:/home/student/.m2/repository/com/sun/xml/fastinfoset/FastInfoset/1.2.15/FastInfoset-1.2.15.jar:/home/student/.m2/repository/org/hibernate/hibernate-c3p0/5.4.4.Final/hibernate-c3p0-5.4.4.Final.jar:/home/student/.m2/repository/com/mchange/c3p0/0.9.5.3/c3p0-0.9.5.3.jar:/home/student/.m2/repository/com/mchange/mchange-commons-java/0.2.15/mchange-commons-java-0.2.15.jar, java.vm.vendor=Ubuntu, sun.arch.data.model=64, idea.test.cyclic.buffer.size=1048576, java.vendor.url=https://ubuntu.com/, user.timezone=America/Chicago, os.name=Linux, java.vm.specification.version=11, sun.java.launcher=SUN_STANDARD, user.country=US, sun.boot.library.path=/usr/lib/jvm/java-11-openjdk-amd64/lib, sun.java.command=com.intellij.rt.junit.JUnitStarter -ideVersion5 -junit5 test.persistence.BookDaoTest,getBooksByGenre, jdk.debug=release, sun.cpu.endian=little, user.home=/home/student, hibernate.c3p0.max_statements=50, user.language=en, java.specification.vendor=Oracle Corporation, java.version.date=2021-01-19, java.home=/usr/lib/jvm/java-11-openjdk-amd64, file.separator=/, java.vm.compressedOopsMode=32-bit, line.separator=
, hibernate.c3p0.timeout=300, java.specification.name=Java Platform API Specification, java.vm.specification.vendor=Oracle Corporation, java.awt.graphicsenv=sun.awt.X11GraphicsEnvironment, connection.password=student, sun.management.compiler=HotSpot 64-Bit Tiered Compilers, hibernate.c3p0.max_size=20, java.runtime.version=11.0.10+9-Ubuntu-0ubuntu1.20.04, user.name=student, path.separator=:, hibernate.connection.username=****, os.version=5.4.0-66-generic, java.runtime.name=OpenJDK Runtime Environment, hibernate.connection.url=jdbc:mysql://localhost:3306/test_BookCollection, file.encoding=UTF-8, java.vm.name=OpenJDK 64-Bit Server VM, hibernate.connection.driver_class=com.mysql.cj.jdbc.Driver, java.vendor.url.bug=https://bugs.launchpad.net/ubuntu/+source/openjdk-lts, java.io.tmpdir=/tmp, java.version=11.0.10, user.dir=/home/student/IdeaProjects/BookCollection, os.arch=amd64, connection.username=root, java.vm.specification.name=Java Virtual Machine Specification, java.awt.printerjob=sun.print.PSPrinterJob, hibernate.connection.password=****, sun.os.patch.level=unknown, connection.driver_class=com.mysql.cj.jdbc.Driver, hibernate.boot.CfgXmlAccessService.key=org.hibernate.boot.cfgxml.spi.LoadedConfig@303f1234, java.library.path=/usr/java/packages/lib:/usr/lib/x86_64-linux-gnu/jni:/lib/x86_64-linux-gnu:/usr/lib/x86_64-linux-gnu:/usr/lib/jni:/lib:/usr/lib, java.vendor=Ubuntu, java.vm.info=mixed mode, sharing, java.vm.version=11.0.10+9-Ubuntu-0ubuntu1.20.04, hibernate.bytecode.use_reflection_optimizer=false, sun.io.unicode.encoding=UnicodeLittle, connection.url=jdbc:mysql://localhost:3306/test_BookCollection, java.class.version=55.0}
[DEBUG] 2021-03-01 17:08:35.470 [main] TypeSafeActivator - Unable to acquire Bean Validation ValidatorFactory, skipping activation
[DEBUG] 2021-03-01 17:08:35.470 [main] JaccIntegrator - Skipping JACC integration as it was not enabled
[DEBUG] 2021-03-01 17:08:35.480 [main] SessionFactoryImpl - Instantiated session factory
[DEBUG] 2021-03-01 17:08:35.480 [main] TypeConfiguration$Scope - Scoping TypeConfiguration [org.hibernate.type.spi.TypeConfiguration@6e33fcae] to SessionFactoryImpl [org.hibernate.internal.SessionFactoryImpl@7e72a6cc]
[DEBUG] 2021-03-01 17:08:35.808 [main] ClassLoaderAccessImpl - Not known whether passed class name [User] is safe
[DEBUG] 2021-03-01 17:08:35.809 [main] ClassLoaderAccessImpl - No temp ClassLoader provided; using live ClassLoader for loading potentially unsafe class : User
[DEBUG] 2021-03-01 17:08:35.913 [main] ClassLoaderAccessImpl - Not known whether passed class name [User] is safe
[DEBUG] 2021-03-01 17:08:35.914 [main] ClassLoaderAccessImpl - No temp ClassLoader provided; using live ClassLoader for loading potentially unsafe class : User
[DEBUG] 2021-03-01 17:08:36.517 [main] ClassLoaderAccessImpl - Not known whether passed class name [Genre] is safe
[DEBUG] 2021-03-01 17:08:36.517 [main] ClassLoaderAccessImpl - No temp ClassLoader provided; using live ClassLoader for loading potentially unsafe class : Genre
[DEBUG] 2021-03-01 17:08:36.517 [main] ClassLoaderAccessImpl - Not known whether passed class name [Genre] is safe
[DEBUG] 2021-03-01 17:08:36.517 [main] ClassLoaderAccessImpl - No temp ClassLoader provided; using live ClassLoader for loading potentially unsafe class : Genre
[DEBUG] 2021-03-01 17:08:36.540 [main] ClassLoaderAccessImpl - Not known whether passed class name [Author] is safe
[DEBUG] 2021-03-01 17:08:36.540 [main] ClassLoaderAccessImpl - No temp ClassLoader provided; using live ClassLoader for loading potentially unsafe class : Author
[DEBUG] 2021-03-01 17:08:36.540 [main] ClassLoaderAccessImpl - Not known whether passed class name [Author] is safe
[DEBUG] 2021-03-01 17:08:36.540 [main] ClassLoaderAccessImpl - No temp ClassLoader provided; using live ClassLoader for loading potentially unsafe class : Author
[DEBUG] 2021-03-01 17:08:36.610 [main] ClassLoaderAccessImpl - Not known whether passed class name [Book] is safe
[DEBUG] 2021-03-01 17:08:36.611 [main] ClassLoaderAccessImpl - No temp ClassLoader provided; using live ClassLoader for loading potentially unsafe class : Book
[DEBUG] 2021-03-01 17:08:36.615 [main] ClassLoaderAccessImpl - Not known whether passed class name [Book] is safe
[DEBUG] 2021-03-01 17:08:36.616 [main] ClassLoaderAccessImpl - No temp ClassLoader provided; using live ClassLoader for loading potentially unsafe class : Book
[DEBUG] 2021-03-01 17:08:36.734 [main] AbstractEntityPersister - Static SQL for entity: User
[DEBUG] 2021-03-01 17:08:36.735 [main] AbstractEntityPersister -  Version select: select id from user where id =?
[DEBUG] 2021-03-01 17:08:36.735 [main] AbstractEntityPersister -  Snapshot select: select user_.id, user_.email as email2_3_, user_.first_name as first_na3_3_, user_.last_name as last_nam4_3_, user_.password as password5_3_, user_.username as username6_3_ from user user_ where user_.id=?
[DEBUG] 2021-03-01 17:08:36.735 [main] AbstractEntityPersister -  Insert 0: insert into user (email, first_name, last_name, password, username, id) values (?, ?, ?, ?, ?, ?)
[DEBUG] 2021-03-01 17:08:36.736 [main] AbstractEntityPersister -  Update 0: update user set email=?, first_name=?, last_name=?, password=?, username=? where id=?
[DEBUG] 2021-03-01 17:08:36.737 [main] AbstractEntityPersister -  Delete 0: delete from user where id=?
[DEBUG] 2021-03-01 17:08:36.737 [main] AbstractEntityPersister -  Identity insert: insert into user (email, first_name, last_name, password, username) values (?, ?, ?, ?, ?)
[DEBUG] 2021-03-01 17:08:36.817 [main] QuerySpacesImpl - Adding QuerySpace : uid = <gen:0> -> org.hibernate.loader.plan.build.internal.spaces.EntityQuerySpaceImpl@39941489]
[DEBUG] 2021-03-01 17:08:36.818 [main] MetamodelGraphWalker - Visiting attribute path : email
[DEBUG] 2021-03-01 17:08:36.818 [main] MetamodelGraphWalker - Visiting attribute path : firstName
[DEBUG] 2021-03-01 17:08:36.819 [main] MetamodelGraphWalker - Visiting attribute path : lastName
[DEBUG] 2021-03-01 17:08:36.819 [main] MetamodelGraphWalker - Visiting attribute path : password
[DEBUG] 2021-03-01 17:08:36.819 [main] MetamodelGraphWalker - Visiting attribute path : userName
[DEBUG] 2021-03-01 17:08:36.819 [main] FetchStyleLoadPlanBuildingAssociationVisitationStrategy - Building LoadPlan...
[DEBUG] 2021-03-01 17:08:36.848 [main] LoadQueryJoinAndFetchProcessor - processing queryspace <gen:0>
[DEBUG] 2021-03-01 17:08:36.855 [main] LoadPlanTreePrinter - LoadPlan(entity=User)
    - Returns
       - EntityReturnImpl(entity=User, querySpaceUid=<gen:0>, path=User)
    - QuerySpaces
       - EntityQuerySpaceImpl(uid=<gen:0>, entity=User)
          - SQL table alias mapping - user0_
          - alias suffix - 0_
          - suffixed key columns - {id1_3_0_}

[DEBUG] 2021-03-01 17:08:36.860 [main] EntityLoader - Static select for entity User [NONE]: select user0_.id as id1_3_0_, user0_.email as email2_3_0_, user0_.first_name as first_na3_3_0_, user0_.last_name as last_nam4_3_0_, user0_.password as password5_3_0_, user0_.username as username6_3_0_ from user user0_ where user0_.id=?
[DEBUG] 2021-03-01 17:08:36.860 [main] QuerySpacesImpl - Adding QuerySpace : uid = <gen:0> -> org.hibernate.loader.plan.build.internal.spaces.EntityQuerySpaceImpl@6dce59e]
[DEBUG] 2021-03-01 17:08:36.862 [main] MetamodelGraphWalker - Visiting attribute path : email
[DEBUG] 2021-03-01 17:08:36.862 [main] MetamodelGraphWalker - Visiting attribute path : firstName
[DEBUG] 2021-03-01 17:08:36.862 [main] MetamodelGraphWalker - Visiting attribute path : lastName
[DEBUG] 2021-03-01 17:08:36.863 [main] MetamodelGraphWalker - Visiting attribute path : password
[DEBUG] 2021-03-01 17:08:36.863 [main] MetamodelGraphWalker - Visiting attribute path : userName
[DEBUG] 2021-03-01 17:08:36.863 [main] FetchStyleLoadPlanBuildingAssociationVisitationStrategy - Building LoadPlan...
[DEBUG] 2021-03-01 17:08:36.865 [main] LoadQueryJoinAndFetchProcessor - processing queryspace <gen:0>
[DEBUG] 2021-03-01 17:08:36.867 [main] LoadPlanTreePrinter - LoadPlan(entity=User)
    - Returns
       - EntityReturnImpl(entity=User, querySpaceUid=<gen:0>, path=User)
    - QuerySpaces
       - EntityQuerySpaceImpl(uid=<gen:0>, entity=User)
          - SQL table alias mapping - user0_
          - alias suffix - 0_
          - suffixed key columns - {id1_3_0_}

[DEBUG] 2021-03-01 17:08:36.867 [main] EntityLoader - Static select for entity User [READ]: select user0_.id as id1_3_0_, user0_.email as email2_3_0_, user0_.first_name as first_na3_3_0_, user0_.last_name as last_nam4_3_0_, user0_.password as password5_3_0_, user0_.username as username6_3_0_ from user user0_ where user0_.id=?
[DEBUG] 2021-03-01 17:08:36.898 [main] Loader - Static select for action ACTION_MERGE on entity User: select user0_.id as id1_3_0_, user0_.email as email2_3_0_, user0_.first_name as first_na3_3_0_, user0_.last_name as last_nam4_3_0_, user0_.password as password5_3_0_, user0_.username as username6_3_0_ from user user0_ where user0_.id=?
[DEBUG] 2021-03-01 17:08:36.899 [main] Loader - Static select for action ACTION_REFRESH on entity User: select user0_.id as id1_3_0_, user0_.email as email2_3_0_, user0_.first_name as first_na3_3_0_, user0_.last_name as last_nam4_3_0_, user0_.password as password5_3_0_, user0_.username as username6_3_0_ from user user0_ where user0_.id=?
[DEBUG] 2021-03-01 17:08:36.899 [main] AbstractEntityPersister - Static SQL for entity: Genre
[DEBUG] 2021-03-01 17:08:36.900 [main] AbstractEntityPersister -  Version select: select id from genre where id =?
[DEBUG] 2021-03-01 17:08:36.900 [main] AbstractEntityPersister -  Snapshot select: select genre_.id, genre_.name as name2_2_ from genre genre_ where genre_.id=?
[DEBUG] 2021-03-01 17:08:36.900 [main] AbstractEntityPersister -  Insert 0: insert into genre (name, id) values (?, ?)
[DEBUG] 2021-03-01 17:08:36.900 [main] AbstractEntityPersister -  Update 0: update genre set name=? where id=?
[DEBUG] 2021-03-01 17:08:36.900 [main] AbstractEntityPersister -  Delete 0: delete from genre where id=?
[DEBUG] 2021-03-01 17:08:36.905 [main] AbstractEntityPersister -  Identity insert: insert into genre (name) values (?)
[DEBUG] 2021-03-01 17:08:36.905 [main] QuerySpacesImpl - Adding QuerySpace : uid = <gen:0> -> org.hibernate.loader.plan.build.internal.spaces.EntityQuerySpaceImpl@577536e0]
[DEBUG] 2021-03-01 17:08:36.905 [main] MetamodelGraphWalker - Visiting attribute path : name
[DEBUG] 2021-03-01 17:08:36.905 [main] FetchStyleLoadPlanBuildingAssociationVisitationStrategy - Building LoadPlan...
[DEBUG] 2021-03-01 17:08:36.906 [main] LoadQueryJoinAndFetchProcessor - processing queryspace <gen:0>
[DEBUG] 2021-03-01 17:08:36.906 [main] LoadPlanTreePrinter - LoadPlan(entity=Genre)
    - Returns
       - EntityReturnImpl(entity=Genre, querySpaceUid=<gen:0>, path=Genre)
    - QuerySpaces
       - EntityQuerySpaceImpl(uid=<gen:0>, entity=Genre)
          - SQL table alias mapping - genre0_
          - alias suffix - 0_
          - suffixed key columns - {id1_2_0_}

[DEBUG] 2021-03-01 17:08:36.906 [main] EntityLoader - Static select for entity Genre [NONE]: select genre0_.id as id1_2_0_, genre0_.name as name2_2_0_ from genre genre0_ where genre0_.id=?
[DEBUG] 2021-03-01 17:08:36.906 [main] QuerySpacesImpl - Adding QuerySpace : uid = <gen:0> -> org.hibernate.loader.plan.build.internal.spaces.EntityQuerySpaceImpl@52d3fafd]
[DEBUG] 2021-03-01 17:08:36.906 [main] MetamodelGraphWalker - Visiting attribute path : name
[DEBUG] 2021-03-01 17:08:36.907 [main] FetchStyleLoadPlanBuildingAssociationVisitationStrategy - Building LoadPlan...
[DEBUG] 2021-03-01 17:08:36.910 [main] LoadQueryJoinAndFetchProcessor - processing queryspace <gen:0>
[DEBUG] 2021-03-01 17:08:36.913 [main] LoadPlanTreePrinter - LoadPlan(entity=Genre)
    - Returns
       - EntityReturnImpl(entity=Genre, querySpaceUid=<gen:0>, path=Genre)
    - QuerySpaces
       - EntityQuerySpaceImpl(uid=<gen:0>, entity=Genre)
          - SQL table alias mapping - genre0_
          - alias suffix - 0_
          - suffixed key columns - {id1_2_0_}

[DEBUG] 2021-03-01 17:08:36.913 [main] EntityLoader - Static select for entity Genre [READ]: select genre0_.id as id1_2_0_, genre0_.name as name2_2_0_ from genre genre0_ where genre0_.id=?
[DEBUG] 2021-03-01 17:08:36.917 [main] Loader - Static select for action ACTION_MERGE on entity Genre: select genre0_.id as id1_2_0_, genre0_.name as name2_2_0_ from genre genre0_ where genre0_.id=?
[DEBUG] 2021-03-01 17:08:36.917 [main] Loader - Static select for action ACTION_REFRESH on entity Genre: select genre0_.id as id1_2_0_, genre0_.name as name2_2_0_ from genre genre0_ where genre0_.id=?
[DEBUG] 2021-03-01 17:08:36.918 [main] AbstractEntityPersister - Static SQL for entity: Author
[DEBUG] 2021-03-01 17:08:36.918 [main] AbstractEntityPersister -  Version select: select id from author where id =?
[DEBUG] 2021-03-01 17:08:36.918 [main] AbstractEntityPersister -  Snapshot select: select author_.id, author_.first_name as first_na2_0_, author_.last_name as last_nam3_0_ from author author_ where author_.id=?
[DEBUG] 2021-03-01 17:08:36.918 [main] AbstractEntityPersister -  Insert 0: insert into author (first_name, last_name, id) values (?, ?, ?)
[DEBUG] 2021-03-01 17:08:36.918 [main] AbstractEntityPersister -  Update 0: update author set first_name=?, last_name=? where id=?
[DEBUG] 2021-03-01 17:08:36.918 [main] AbstractEntityPersister -  Delete 0: delete from author where id=?
[DEBUG] 2021-03-01 17:08:36.918 [main] AbstractEntityPersister -  Identity insert: insert into author (first_name, last_name) values (?, ?)
[DEBUG] 2021-03-01 17:08:36.918 [main] QuerySpacesImpl - Adding QuerySpace : uid = <gen:0> -> org.hibernate.loader.plan.build.internal.spaces.EntityQuerySpaceImpl@1376883]
[DEBUG] 2021-03-01 17:08:36.918 [main] MetamodelGraphWalker - Visiting attribute path : firstName
[DEBUG] 2021-03-01 17:08:36.918 [main] MetamodelGraphWalker - Visiting attribute path : lastName
[DEBUG] 2021-03-01 17:08:36.919 [main] FetchStyleLoadPlanBuildingAssociationVisitationStrategy - Building LoadPlan...
[DEBUG] 2021-03-01 17:08:36.919 [main] LoadQueryJoinAndFetchProcessor - processing queryspace <gen:0>
[DEBUG] 2021-03-01 17:08:36.919 [main] LoadPlanTreePrinter - LoadPlan(entity=Author)
    - Returns
       - EntityReturnImpl(entity=Author, querySpaceUid=<gen:0>, path=Author)
    - QuerySpaces
       - EntityQuerySpaceImpl(uid=<gen:0>, entity=Author)
          - SQL table alias mapping - author0_
          - alias suffix - 0_
          - suffixed key columns - {id1_0_0_}

[DEBUG] 2021-03-01 17:08:36.919 [main] EntityLoader - Static select for entity Author [NONE]: select author0_.id as id1_0_0_, author0_.first_name as first_na2_0_0_, author0_.last_name as last_nam3_0_0_ from author author0_ where author0_.id=?
[DEBUG] 2021-03-01 17:08:36.919 [main] QuerySpacesImpl - Adding QuerySpace : uid = <gen:0> -> org.hibernate.loader.plan.build.internal.spaces.EntityQuerySpaceImpl@523a7801]
[DEBUG] 2021-03-01 17:08:36.919 [main] MetamodelGraphWalker - Visiting attribute path : firstName
[DEBUG] 2021-03-01 17:08:36.919 [main] MetamodelGraphWalker - Visiting attribute path : lastName
[DEBUG] 2021-03-01 17:08:36.919 [main] FetchStyleLoadPlanBuildingAssociationVisitationStrategy - Building LoadPlan...
[DEBUG] 2021-03-01 17:08:36.919 [main] LoadQueryJoinAndFetchProcessor - processing queryspace <gen:0>
[DEBUG] 2021-03-01 17:08:36.920 [main] LoadPlanTreePrinter - LoadPlan(entity=Author)
    - Returns
       - EntityReturnImpl(entity=Author, querySpaceUid=<gen:0>, path=Author)
    - QuerySpaces
       - EntityQuerySpaceImpl(uid=<gen:0>, entity=Author)
          - SQL table alias mapping - author0_
          - alias suffix - 0_
          - suffixed key columns - {id1_0_0_}

[DEBUG] 2021-03-01 17:08:36.920 [main] EntityLoader - Static select for entity Author [READ]: select author0_.id as id1_0_0_, author0_.first_name as first_na2_0_0_, author0_.last_name as last_nam3_0_0_ from author author0_ where author0_.id=?
[DEBUG] 2021-03-01 17:08:36.920 [main] Loader - Static select for action ACTION_MERGE on entity Author: select author0_.id as id1_0_0_, author0_.first_name as first_na2_0_0_, author0_.last_name as last_nam3_0_0_ from author author0_ where author0_.id=?
[DEBUG] 2021-03-01 17:08:36.920 [main] Loader - Static select for action ACTION_REFRESH on entity Author: select author0_.id as id1_0_0_, author0_.first_name as first_na2_0_0_, author0_.last_name as last_nam3_0_0_ from author author0_ where author0_.id=?
[DEBUG] 2021-03-01 17:08:36.920 [main] AbstractEntityPersister - Static SQL for entity: Book
[DEBUG] 2021-03-01 17:08:36.920 [main] AbstractEntityPersister -  Version select: select id from book where id =?
[DEBUG] 2021-03-01 17:08:36.920 [main] AbstractEntityPersister -  Snapshot select: select book_.id, book_.author_id as author_i4_1_, book_.genre_id as genre_id5_1_, book_.isbn as isbn2_1_, book_.title as title3_1_, book_.user_id as user_id6_1_ from book book_ where book_.id=?
[DEBUG] 2021-03-01 17:08:36.920 [main] AbstractEntityPersister -  Insert 0: insert into book (author_id, genre_id, isbn, title, user_id, id) values (?, ?, ?, ?, ?, ?)
[DEBUG] 2021-03-01 17:08:36.920 [main] AbstractEntityPersister -  Update 0: update book set author_id=?, genre_id=?, isbn=?, title=?, user_id=? where id=?
[DEBUG] 2021-03-01 17:08:36.920 [main] AbstractEntityPersister -  Delete 0: delete from book where id=?
[DEBUG] 2021-03-01 17:08:36.921 [main] AbstractEntityPersister -  Identity insert: insert into book (author_id, genre_id, isbn, title, user_id) values (?, ?, ?, ?, ?)
[DEBUG] 2021-03-01 17:08:36.921 [main] QuerySpacesImpl - Adding QuerySpace : uid = <gen:0> -> org.hibernate.loader.plan.build.internal.spaces.EntityQuerySpaceImpl@4bc6da03]
[DEBUG] 2021-03-01 17:08:36.921 [main] MetamodelGraphWalker - Visiting attribute path : author
[DEBUG] 2021-03-01 17:08:36.944 [main] QuerySpacesImpl - Adding QuerySpace : uid = <gen:1> -> org.hibernate.loader.plan.build.internal.spaces.EntityQuerySpaceImpl@8f40022]
[DEBUG] 2021-03-01 17:08:36.946 [main] MetamodelGraphWalker - Visiting attribute path : author.firstName
[DEBUG] 2021-03-01 17:08:36.946 [main] MetamodelGraphWalker - Visiting attribute path : author.lastName
[DEBUG] 2021-03-01 17:08:36.947 [main] MetamodelGraphWalker - Visiting attribute path : genre
[DEBUG] 2021-03-01 17:08:36.947 [main] QuerySpacesImpl - Adding QuerySpace : uid = <gen:2> -> org.hibernate.loader.plan.build.internal.spaces.EntityQuerySpaceImpl@151732fb]
[DEBUG] 2021-03-01 17:08:36.947 [main] MetamodelGraphWalker - Visiting attribute path : genre.name
[DEBUG] 2021-03-01 17:08:36.947 [main] MetamodelGraphWalker - Visiting attribute path : isbn
[DEBUG] 2021-03-01 17:08:36.947 [main] MetamodelGraphWalker - Visiting attribute path : title
[DEBUG] 2021-03-01 17:08:36.947 [main] MetamodelGraphWalker - Visiting attribute path : user
[DEBUG] 2021-03-01 17:08:36.947 [main] QuerySpacesImpl - Adding QuerySpace : uid = <gen:3> -> org.hibernate.loader.plan.build.internal.spaces.EntityQuerySpaceImpl@40ed1802]
[DEBUG] 2021-03-01 17:08:36.947 [main] MetamodelGraphWalker - Visiting attribute path : user.email
[DEBUG] 2021-03-01 17:08:36.947 [main] MetamodelGraphWalker - Visiting attribute path : user.firstName
[DEBUG] 2021-03-01 17:08:36.948 [main] MetamodelGraphWalker - Visiting attribute path : user.lastName
[DEBUG] 2021-03-01 17:08:36.948 [main] MetamodelGraphWalker - Visiting attribute path : user.password
[DEBUG] 2021-03-01 17:08:36.948 [main] MetamodelGraphWalker - Visiting attribute path : user.userName
[DEBUG] 2021-03-01 17:08:36.948 [main] FetchStyleLoadPlanBuildingAssociationVisitationStrategy - Building LoadPlan...
[DEBUG] 2021-03-01 17:08:36.948 [main] LoadQueryJoinAndFetchProcessor - processing queryspace <gen:0>
[DEBUG] 2021-03-01 17:08:36.953 [main] LoadPlanTreePrinter - LoadPlan(entity=Book)
    - Returns
       - EntityReturnImpl(entity=Book, querySpaceUid=<gen:0>, path=Book)
          - EntityAttributeFetchImpl(entity=Author, querySpaceUid=<gen:1>, path=Book.author)
          - EntityAttributeFetchImpl(entity=Genre, querySpaceUid=<gen:2>, path=Book.genre)
          - EntityAttributeFetchImpl(entity=User, querySpaceUid=<gen:3>, path=Book.user)
    - QuerySpaces
       - EntityQuerySpaceImpl(uid=<gen:0>, entity=Book)
          - SQL table alias mapping - book0_
          - alias suffix - 0_
          - suffixed key columns - {id1_1_0_}
          - JOIN (JoinDefinedByMetadata(author)) : <gen:0> -> <gen:1>
             - EntityQuerySpaceImpl(uid=<gen:1>, entity=Author)
                - SQL table alias mapping - author1_
                - alias suffix - 1_
                - suffixed key columns - {id1_0_1_}
          - JOIN (JoinDefinedByMetadata(genre)) : <gen:0> -> <gen:2>
             - EntityQuerySpaceImpl(uid=<gen:2>, entity=Genre)
                - SQL table alias mapping - genre2_
                - alias suffix - 2_
                - suffixed key columns - {id1_2_2_}
          - JOIN (JoinDefinedByMetadata(user)) : <gen:0> -> <gen:3>
             - EntityQuerySpaceImpl(uid=<gen:3>, entity=User)
                - SQL table alias mapping - user3_
                - alias suffix - 3_
                - suffixed key columns - {id1_3_3_}

[DEBUG] 2021-03-01 17:08:36.954 [main] EntityLoader - Static select for entity Book [NONE]: select book0_.id as id1_1_0_, book0_.author_id as author_i4_1_0_, book0_.genre_id as genre_id5_1_0_, book0_.isbn as isbn2_1_0_, book0_.title as title3_1_0_, book0_.user_id as user_id6_1_0_, author1_.id as id1_0_1_, author1_.first_name as first_na2_0_1_, author1_.last_name as last_nam3_0_1_, genre2_.id as id1_2_2_, genre2_.name as name2_2_2_, user3_.id as id1_3_3_, user3_.email as email2_3_3_, user3_.first_name as first_na3_3_3_, user3_.last_name as last_nam4_3_3_, user3_.password as password5_3_3_, user3_.username as username6_3_3_ from book book0_ left outer join author author1_ on book0_.author_id=author1_.id left outer join genre genre2_ on book0_.genre_id=genre2_.id left outer join user user3_ on book0_.user_id=user3_.id where book0_.id=?
[DEBUG] 2021-03-01 17:08:36.954 [main] QuerySpacesImpl - Adding QuerySpace : uid = <gen:0> -> org.hibernate.loader.plan.build.internal.spaces.EntityQuerySpaceImpl@29079032]
[DEBUG] 2021-03-01 17:08:36.954 [main] MetamodelGraphWalker - Visiting attribute path : author
[DEBUG] 2021-03-01 17:08:36.954 [main] QuerySpacesImpl - Adding QuerySpace : uid = <gen:1> -> org.hibernate.loader.plan.build.internal.spaces.EntityQuerySpaceImpl@776015fc]
[DEBUG] 2021-03-01 17:08:36.955 [main] MetamodelGraphWalker - Visiting attribute path : author.firstName
[DEBUG] 2021-03-01 17:08:36.956 [main] MetamodelGraphWalker - Visiting attribute path : author.lastName
[DEBUG] 2021-03-01 17:08:36.956 [main] MetamodelGraphWalker - Visiting attribute path : genre
[DEBUG] 2021-03-01 17:08:36.956 [main] QuerySpacesImpl - Adding QuerySpace : uid = <gen:2> -> org.hibernate.loader.plan.build.internal.spaces.EntityQuerySpaceImpl@6ad179b4]
[DEBUG] 2021-03-01 17:08:36.957 [main] MetamodelGraphWalker - Visiting attribute path : genre.name
[DEBUG] 2021-03-01 17:08:36.957 [main] MetamodelGraphWalker - Visiting attribute path : isbn
[DEBUG] 2021-03-01 17:08:36.957 [main] MetamodelGraphWalker - Visiting attribute path : title
[DEBUG] 2021-03-01 17:08:36.957 [main] MetamodelGraphWalker - Visiting attribute path : user
[DEBUG] 2021-03-01 17:08:36.957 [main] QuerySpacesImpl - Adding QuerySpace : uid = <gen:3> -> org.hibernate.loader.plan.build.internal.spaces.EntityQuerySpaceImpl@59c500f7]
[DEBUG] 2021-03-01 17:08:36.958 [main] MetamodelGraphWalker - Visiting attribute path : user.email
[DEBUG] 2021-03-01 17:08:36.958 [main] MetamodelGraphWalker - Visiting attribute path : user.firstName
[DEBUG] 2021-03-01 17:08:36.958 [main] MetamodelGraphWalker - Visiting attribute path : user.lastName
[DEBUG] 2021-03-01 17:08:36.958 [main] MetamodelGraphWalker - Visiting attribute path : user.password
[DEBUG] 2021-03-01 17:08:36.958 [main] MetamodelGraphWalker - Visiting attribute path : user.userName
[DEBUG] 2021-03-01 17:08:36.958 [main] FetchStyleLoadPlanBuildingAssociationVisitationStrategy - Building LoadPlan...
[DEBUG] 2021-03-01 17:08:36.959 [main] LoadQueryJoinAndFetchProcessor - processing queryspace <gen:0>
[DEBUG] 2021-03-01 17:08:36.960 [main] LoadPlanTreePrinter - LoadPlan(entity=Book)
    - Returns
       - EntityReturnImpl(entity=Book, querySpaceUid=<gen:0>, path=Book)
          - EntityAttributeFetchImpl(entity=Author, querySpaceUid=<gen:1>, path=Book.author)
          - EntityAttributeFetchImpl(entity=Genre, querySpaceUid=<gen:2>, path=Book.genre)
          - EntityAttributeFetchImpl(entity=User, querySpaceUid=<gen:3>, path=Book.user)
    - QuerySpaces
       - EntityQuerySpaceImpl(uid=<gen:0>, entity=Book)
          - SQL table alias mapping - book0_
          - alias suffix - 0_
          - suffixed key columns - {id1_1_0_}
          - JOIN (JoinDefinedByMetadata(author)) : <gen:0> -> <gen:1>
             - EntityQuerySpaceImpl(uid=<gen:1>, entity=Author)
                - SQL table alias mapping - author1_
                - alias suffix - 1_
                - suffixed key columns - {id1_0_1_}
          - JOIN (JoinDefinedByMetadata(genre)) : <gen:0> -> <gen:2>
             - EntityQuerySpaceImpl(uid=<gen:2>, entity=Genre)
                - SQL table alias mapping - genre2_
                - alias suffix - 2_
                - suffixed key columns - {id1_2_2_}
          - JOIN (JoinDefinedByMetadata(user)) : <gen:0> -> <gen:3>
             - EntityQuerySpaceImpl(uid=<gen:3>, entity=User)
                - SQL table alias mapping - user3_
                - alias suffix - 3_
                - suffixed key columns - {id1_3_3_}

[DEBUG] 2021-03-01 17:08:36.964 [main] EntityLoader - Static select for entity Book [READ]: select book0_.id as id1_1_0_, book0_.author_id as author_i4_1_0_, book0_.genre_id as genre_id5_1_0_, book0_.isbn as isbn2_1_0_, book0_.title as title3_1_0_, book0_.user_id as user_id6_1_0_, author1_.id as id1_0_1_, author1_.first_name as first_na2_0_1_, author1_.last_name as last_nam3_0_1_, genre2_.id as id1_2_2_, genre2_.name as name2_2_2_, user3_.id as id1_3_3_, user3_.email as email2_3_3_, user3_.first_name as first_na3_3_3_, user3_.last_name as last_nam4_3_3_, user3_.password as password5_3_3_, user3_.username as username6_3_3_ from book book0_ left outer join author author1_ on book0_.author_id=author1_.id left outer join genre genre2_ on book0_.genre_id=genre2_.id left outer join user user3_ on book0_.user_id=user3_.id where book0_.id=?
[DEBUG] 2021-03-01 17:08:36.966 [main] Loader - Static select for action ACTION_MERGE on entity Book: select book0_.id as id1_1_0_, book0_.author_id as author_i4_1_0_, book0_.genre_id as genre_id5_1_0_, book0_.isbn as isbn2_1_0_, book0_.title as title3_1_0_, book0_.user_id as user_id6_1_0_ from book book0_ where book0_.id=?
[DEBUG] 2021-03-01 17:08:36.969 [main] Loader - Static select for action ACTION_REFRESH on entity Book: select book0_.id as id1_1_0_, book0_.author_id as author_i4_1_0_, book0_.genre_id as genre_id5_1_0_, book0_.isbn as isbn2_1_0_, book0_.title as title3_1_0_, book0_.user_id as user_id6_1_0_ from book book0_ where book0_.id=?
[DEBUG] 2021-03-01 17:08:37.035 [main] SchemaManagementToolCoordinator - No actions specified; doing nothing
[DEBUG] 2021-03-01 17:08:37.035 [main] JtaPlatformInitiator - No JtaPlatform was specified, checking resolver
[DEBUG] 2021-03-01 17:08:37.036 [main] JtaPlatformResolverInitiator - No JtaPlatformResolver was specified, using default [org.hibernate.engine.transaction.jta.platform.internal.StandardJtaPlatformResolver]
[DEBUG] 2021-03-01 17:08:37.043 [main] StandardJtaPlatformResolver - Could not resolve JtaPlatform, using default [org.hibernate.engine.transaction.jta.platform.internal.NoJtaPlatform]
[INFO ] 2021-03-01 17:08:37.043 [main] JtaPlatformInitiator - HHH000490: Using JtaPlatform implementation: [org.hibernate.engine.transaction.jta.platform.internal.NoJtaPlatform]
[DEBUG] 2021-03-01 17:08:37.045 [main] NamedQueryRepository - Checking 0 named HQL queries
[DEBUG] 2021-03-01 17:08:37.045 [main] NamedQueryRepository - Checking 0 named SQL queries
[DEBUG] 2021-03-01 17:08:37.048 [main] SessionFactoryRegistry - Initializing SessionFactoryRegistry : org.hibernate.internal.SessionFactoryRegistry@1283ca23
[DEBUG] 2021-03-01 17:08:37.050 [main] SessionFactoryRegistry - Registering SessionFactory: 80d20f6e-2da8-48a0-8c90-e21557285049 (<unnamed>)
[DEBUG] 2021-03-01 17:08:37.051 [main] SessionFactoryRegistry - Not binding SessionFactory to JNDI, no JNDI name configured
[DEBUG] 2021-03-01 17:08:38.265 [main] StatisticsInitiator - Statistics initialized [enabled=false]
[DEBUG] 2021-03-01 17:08:38.316 [main] SQL - select genre0_.id as id1_2_0_, genre0_.name as name2_2_0_ from genre genre0_ where genre0_.id=?
[DEBUG] 2021-03-01 17:08:38.386 [main] ResultSetProcessorImpl - Starting ResultSet row #0
[DEBUG] 2021-03-01 17:08:38.388 [main] EntityReferenceInitializerImpl - On call to EntityIdentifierReaderImpl#resolve, EntityKey was already known; should only happen on root returns with an optional identifier specified
[DEBUG] 2021-03-01 17:08:38.402 [main] TwoPhaseLoad - Resolving attributes for [Genre#1]
[DEBUG] 2021-03-01 17:08:38.404 [main] TwoPhaseLoad - Processing attribute `name` : value = Young Adult
[DEBUG] 2021-03-01 17:08:38.404 [main] TwoPhaseLoad - Attribute (`name`)  - enhanced for lazy-loading? - false
[DEBUG] 2021-03-01 17:08:38.405 [main] TwoPhaseLoad - Done materializing entity [Genre#1]
[DEBUG] 2021-03-01 17:08:38.406 [main] ResourceRegistryStandardImpl - HHH000387: ResultSet's statement was not registered
[DEBUG] 2021-03-01 17:08:38.407 [main] AbstractLoadPlanBasedEntityLoader - Done entity load : Genre#1
[DEBUG] 2021-03-01 17:08:38.407 [main] LogicalConnectionManagedImpl - Initiating JDBC connection release from afterTransaction
[DEBUG] 2021-03-01 17:08:38.488 [main] CriteriaQueryImpl - Rendered criteria query -> select generatedAlias0 from Book as generatedAlias0 where generatedAlias0.genre=1
[DEBUG] 2021-03-01 17:08:38.672 [main] QueryTranslatorFactoryInitiator - QueryTranslatorFactory: org.hibernate.hql.internal.ast.ASTQueryTranslatorFactory@6986f93e
[DEBUG] 2021-03-01 17:08:38.803 [main] QueryTranslatorImpl - parse() - HQL: select generatedAlias0 from Book as generatedAlias0 where generatedAlias0.genre=1
[DEBUG] 2021-03-01 17:08:38.853 [main] ErrorTracker - throwQueryException() : no errors
[DEBUG] 2021-03-01 17:08:38.942 [main] QueryTranslatorImpl - --- HQL AST ---
 \-[QUERY] Node: 'query'
    +-[SELECT_FROM] Node: 'SELECT_FROM'
    |  +-[FROM] Node: 'from'
    |  |  \-[RANGE] Node: 'RANGE'
    |  |     +-[DOT] Node: '.'
    |  |     |  +-[IDENT] Node: 'entity'
    |  |     |  \-[IDENT] Node: 'Book'
    |  |     \-[ALIAS] Node: 'generatedAlias0'
    |  \-[SELECT] Node: 'select'
    |     \-[IDENT] Node: 'generatedAlias0'
    \-[WHERE] Node: 'where'
       \-[EQ] Node: '='
          +-[DOT] Node: '.'
          |  +-[IDENT] Node: 'generatedAlias0'
          |  \-[IDENT] Node: 'genre'
          \-[NUM_INT] Node: '1'

[DEBUG] 2021-03-01 17:08:39.026 [main] HqlSqlBaseWalker - select << begin [level=1, statement=select]
[DEBUG] 2021-03-01 17:08:39.062 [main] FromElement - FromClause{level=1} : Book (generatedAlias0) -> book0_
[DEBUG] 2021-03-01 17:08:39.070 [main] FromReferenceNode - Resolved : generatedAlias0 -> book0_.id
[DEBUG] 2021-03-01 17:08:39.074 [main] FromReferenceNode - Resolved : generatedAlias0 -> book0_.id
[DEBUG] 2021-03-01 17:08:39.078 [main] DotNode - getDataType() : genre -> org.hibernate.type.ManyToOneType(Genre)
[DEBUG] 2021-03-01 17:08:39.079 [main] DotNode - dereferenceShortcut() : property genre in Book does not require a join.
[DEBUG] 2021-03-01 17:08:39.079 [main] DotNode - Terminal getPropertyPath = [genre]
[DEBUG] 2021-03-01 17:08:39.079 [main] FromReferenceNode - Resolved : generatedAlias0.genre -> book0_.genre_id
[DEBUG] 2021-03-01 17:08:39.084 [main] HqlSqlBaseWalker - select : finishing up [level=1, statement=select]
[DEBUG] 2021-03-01 17:08:39.085 [main] HqlSqlWalker - processQuery() :  ( SELECT ( {select clause} book0_.id ) ( FromClause{level=1} book book0_ ) ( where ( = ( book0_.genre_id book0_.id genre ) 1 ) ) )
[DEBUG] 2021-03-01 17:08:39.109 [main] JoinProcessor - Using FROM fragment [book book0_]
[DEBUG] 2021-03-01 17:08:39.109 [main] HqlSqlBaseWalker - select >> end [level=1, statement=select]
[DEBUG] 2021-03-01 17:08:39.110 [main] QueryTranslatorImpl - --- SQL AST ---
 \-[SELECT] QueryNode: 'SELECT'  querySpaces (book)
    +-[SELECT_CLAUSE] SelectClause: '{select clause}'
    |  +-[ALIAS_REF] IdentNode: 'book0_.id as id1_1_' {alias=generatedAlias0, className=Book, tableAlias=book0_}
    |  \-[SQL_TOKEN] SqlFragment: 'book0_.author_id as author_i4_1_, book0_.genre_id as genre_id5_1_, book0_.isbn as isbn2_1_, book0_.title as title3_1_, book0_.user_id as user_id6_1_'
    +-[FROM] FromClause: 'from' FromClause{level=1, fromElementCounter=1, fromElements=1, fromElementByClassAlias=[generatedAlias0], fromElementByTableAlias=[book0_], fromElementsByPath=[], collectionJoinFromElementsByPath=[], impliedElements=[]}
    |  \-[FROM_FRAGMENT] FromElement: 'book book0_' FromElement{explicit,not a collection join,not a fetch join,fetch non-lazy properties,classAlias=generatedAlias0,role=null,tableName=book,tableAlias=book0_,origin=null,columns={,className=Book}}
    \-[WHERE] SqlNode: 'where'
       \-[EQ] BinaryLogicOperatorNode: '='
          +-[DOT] DotNode: 'book0_.genre_id' {propertyName=genre,dereferenceType=UNKNOWN,getPropertyPath=genre,path=generatedAlias0.genre,tableAlias=book0_,className=Book,classAlias=generatedAlias0}
          |  +-[ALIAS_REF] IdentNode: 'book0_.id' {alias=generatedAlias0, className=Book, tableAlias=book0_}
          |  \-[IDENT] IdentNode: 'genre' {originalText=genre}
          \-[NUM_INT] LiteralNode: '1'

[DEBUG] 2021-03-01 17:08:39.110 [main] ErrorTracker - throwQueryException() : no errors
[DEBUG] 2021-03-01 17:08:39.138 [main] QueryTranslatorImpl - HQL: select generatedAlias0 from Book as generatedAlias0 where generatedAlias0.genre=1
[DEBUG] 2021-03-01 17:08:39.138 [main] QueryTranslatorImpl - SQL: select book0_.id as id1_1_, book0_.author_id as author_i4_1_, book0_.genre_id as genre_id5_1_, book0_.isbn as isbn2_1_, book0_.title as title3_1_, book0_.user_id as user_id6_1_ from book book0_ where book0_.genre_id=1
[DEBUG] 2021-03-01 17:08:39.138 [main] ErrorTracker - throwQueryException() : no errors
[DEBUG] 2021-03-01 17:08:39.178 [main] SQL - select book0_.id as id1_1_, book0_.author_id as author_i4_1_, book0_.genre_id as genre_id5_1_, book0_.isbn as isbn2_1_, book0_.title as title3_1_, book0_.user_id as user_id6_1_ from book book0_ where book0_.genre_id=1
[DEBUG] 2021-03-01 17:08:39.215 [main] Loader - Result set row: 0
[DEBUG] 2021-03-01 17:08:39.232 [main] Loader - Result row: EntityKey[Book#1]
[DEBUG] 2021-03-01 17:08:39.234 [main] TwoPhaseLoad - Resolving attributes for [Book#1]
[DEBUG] 2021-03-01 17:08:39.235 [main] TwoPhaseLoad - Processing attribute `author` : value = 1
[DEBUG] 2021-03-01 17:08:39.235 [main] TwoPhaseLoad - Attribute (`author`)  - enhanced for lazy-loading? - false
[DEBUG] 2021-03-01 17:08:39.235 [main] SQL - select author0_.id as id1_0_0_, author0_.first_name as first_na2_0_0_, author0_.last_name as last_nam3_0_0_ from author author0_ where author0_.id=?
[DEBUG] 2021-03-01 17:08:39.240 [main] ResultSetProcessorImpl - Starting ResultSet row #0
[DEBUG] 2021-03-01 17:08:39.241 [main] EntityReferenceInitializerImpl - On call to EntityIdentifierReaderImpl#resolve, EntityKey was already known; should only happen on root returns with an optional identifier specified
[DEBUG] 2021-03-01 17:08:39.241 [main] TwoPhaseLoad - Resolving attributes for [Author#1]
[DEBUG] 2021-03-01 17:08:39.243 [main] TwoPhaseLoad - Processing attribute `firstName` : value = Sarah J.
[DEBUG] 2021-03-01 17:08:39.243 [main] TwoPhaseLoad - Attribute (`firstName`)  - enhanced for lazy-loading? - false
[DEBUG] 2021-03-01 17:08:39.243 [main] TwoPhaseLoad - Processing attribute `lastName` : value = Maas
[DEBUG] 2021-03-01 17:08:39.243 [main] TwoPhaseLoad - Attribute (`lastName`)  - enhanced for lazy-loading? - false
[DEBUG] 2021-03-01 17:08:39.243 [main] TwoPhaseLoad - Done materializing entity [Author#1]
[DEBUG] 2021-03-01 17:08:39.243 [main] ResourceRegistryStandardImpl - HHH000387: ResultSet's statement was not registered
[DEBUG] 2021-03-01 17:08:39.243 [main] AbstractLoadPlanBasedEntityLoader - Done entity load : Author#1
[DEBUG] 2021-03-01 17:08:39.244 [main] TwoPhaseLoad - Processing attribute `genre` : value = 1
[DEBUG] 2021-03-01 17:08:39.244 [main] TwoPhaseLoad - Attribute (`genre`)  - enhanced for lazy-loading? - false
[DEBUG] 2021-03-01 17:08:39.244 [main] SQL - select genre0_.id as id1_2_0_, genre0_.name as name2_2_0_ from genre genre0_ where genre0_.id=?
[DEBUG] 2021-03-01 17:08:39.257 [main] ResultSetProcessorImpl - Starting ResultSet row #0
[DEBUG] 2021-03-01 17:08:39.257 [main] EntityReferenceInitializerImpl - On call to EntityIdentifierReaderImpl#resolve, EntityKey was already known; should only happen on root returns with an optional identifier specified
[DEBUG] 2021-03-01 17:08:39.257 [main] TwoPhaseLoad - Resolving attributes for [Genre#1]
[DEBUG] 2021-03-01 17:08:39.257 [main] TwoPhaseLoad - Processing attribute `name` : value = Young Adult
[DEBUG] 2021-03-01 17:08:39.258 [main] TwoPhaseLoad - Attribute (`name`)  - enhanced for lazy-loading? - false
[DEBUG] 2021-03-01 17:08:39.258 [main] TwoPhaseLoad - Done materializing entity [Genre#1]
[DEBUG] 2021-03-01 17:08:39.260 [main] ResourceRegistryStandardImpl - HHH000387: ResultSet's statement was not registered
[DEBUG] 2021-03-01 17:08:39.260 [main] AbstractLoadPlanBasedEntityLoader - Done entity load : Genre#1
[DEBUG] 2021-03-01 17:08:39.260 [main] TwoPhaseLoad - Processing attribute `isbn` : value = 978-1408857861
[DEBUG] 2021-03-01 17:08:39.260 [main] TwoPhaseLoad - Attribute (`isbn`)  - enhanced for lazy-loading? - false
[DEBUG] 2021-03-01 17:08:39.261 [main] TwoPhaseLoad - Processing attribute `title` : value = A Court Of Thorns and Roses
[DEBUG] 2021-03-01 17:08:39.261 [main] TwoPhaseLoad - Attribute (`title`)  - enhanced for lazy-loading? - false
[DEBUG] 2021-03-01 17:08:39.261 [main] TwoPhaseLoad - Processing attribute `user` : value = 1
[DEBUG] 2021-03-01 17:08:39.261 [main] TwoPhaseLoad - Attribute (`user`)  - enhanced for lazy-loading? - false
[DEBUG] 2021-03-01 17:08:39.261 [main] SQL - select user0_.id as id1_3_0_, user0_.email as email2_3_0_, user0_.first_name as first_na3_3_0_, user0_.last_name as last_nam4_3_0_, user0_.password as password5_3_0_, user0_.username as username6_3_0_ from user user0_ where user0_.id=?
[DEBUG] 2021-03-01 17:08:39.267 [main] ResultSetProcessorImpl - Starting ResultSet row #0
[DEBUG] 2021-03-01 17:08:39.267 [main] EntityReferenceInitializerImpl - On call to EntityIdentifierReaderImpl#resolve, EntityKey was already known; should only happen on root returns with an optional identifier specified
[DEBUG] 2021-03-01 17:08:39.268 [main] TwoPhaseLoad - Resolving attributes for [User#1]
[DEBUG] 2021-03-01 17:08:39.268 [main] TwoPhaseLoad - Processing attribute `email` : value = email@something.com
[DEBUG] 2021-03-01 17:08:39.268 [main] TwoPhaseLoad - Attribute (`email`)  - enhanced for lazy-loading? - false
[DEBUG] 2021-03-01 17:08:39.268 [main] TwoPhaseLoad - Processing attribute `firstName` : value = LeeAnn
[DEBUG] 2021-03-01 17:08:39.268 [main] TwoPhaseLoad - Attribute (`firstName`)  - enhanced for lazy-loading? - false
[DEBUG] 2021-03-01 17:08:39.268 [main] TwoPhaseLoad - Processing attribute `lastName` : value = Jakel
[DEBUG] 2021-03-01 17:08:39.268 [main] TwoPhaseLoad - Attribute (`lastName`)  - enhanced for lazy-loading? - false
[DEBUG] 2021-03-01 17:08:39.268 [main] TwoPhaseLoad - Processing attribute `password` : value = password
[DEBUG] 2021-03-01 17:08:39.268 [main] TwoPhaseLoad - Attribute (`password`)  - enhanced for lazy-loading? - false
[DEBUG] 2021-03-01 17:08:39.268 [main] TwoPhaseLoad - Processing attribute `userName` : value = ljakel
[DEBUG] 2021-03-01 17:08:39.268 [main] TwoPhaseLoad - Attribute (`userName`)  - enhanced for lazy-loading? - false
[DEBUG] 2021-03-01 17:08:39.268 [main] TwoPhaseLoad - Done materializing entity [User#1]
[DEBUG] 2021-03-01 17:08:39.268 [main] ResourceRegistryStandardImpl - HHH000387: ResultSet's statement was not registered
[DEBUG] 2021-03-01 17:08:39.268 [main] AbstractLoadPlanBasedEntityLoader - Done entity load : User#1
[DEBUG] 2021-03-01 17:08:39.268 [main] TwoPhaseLoad - Done materializing entity [Book#1]
[DEBUG] 2021-03-01 17:08:39.290 [main] LogicalConnectionManagedImpl - Initiating JDBC connection release from afterTransaction
